Project        ImType Object           ExpTime Filter  LST      UTDate     UTC        JD           Filename               [Logged@UT]
ALL            BIAS   BIASES               0.0 I       06:13:54 2014-06-09 17:45:04.2 2456818.2396 ccd140609.0001         [17:45:49.0
ALL            BIAS   BIASES               0.0 I       06:14:41 2014-06-09 17:45:51.1 2456818.2402 ccd140609.0002         [17:46:34.9
ALL            BIAS   BIASES               0.0 I       06:15:28 2014-06-09 17:46:37.6 2456818.2407 ccd140609.0003         [17:47:22.1
ALL            BIAS   BIASES               0.0 I       06:16:15 2014-06-09 17:47:24.6 2456818.2413 ccd140609.0004         [17:48:51.6
ALL            BIAS   BIASES               0.0 I       06:17:02 2014-06-09 17:48:11.0 2456818.2418 ccd140609.0005         [17:48:55.6
ALL            BIAS   BIASES               0.0 I       06:17:48 2014-06-09 17:48:57.4 2456818.2423 ccd140609.0006         [17:49:41.2
ALL            BIAS   BIASES               0.0 I       06:18:35 2014-06-09 17:49:43.9 2456818.2429 ccd140609.0007         [17:50:28.5
ALL            BIAS   BIASES               0.0 I       06:19:21 2014-06-09 17:50:30.3 2456818.2434 ccd140609.0008         [17:52:40.5
ALL            BIAS   BIASES               0.0 K       06:18:35 2014-06-09 17:49:43.9 2456818.2429 ccd140609.0007         [17:52:41.9
ALL            BIAS   BIASES               0.0 I       06:21:36 2014-06-09 17:52:44.3 2456818.2450 ccd140609.0010         [17:54:21.0
ALL            OBJECT focus                7.0 H       11:15:31 2014-06-09 22:45:51.5 2456818.4485 irfoco.0001            [22:46:15.7
ALL            OBJECT focus               10.0 V       11:15:33 2014-06-09 22:45:54.1 2456818.4485 ccdfoco.0001           [22:46:48.3
MCSS-14A-0001  OBJECT sn2010jl           150.0 H       11:20:36 2014-06-09 22:50:55.6 2456818.4520 ir140609.0001          [22:53:43.0
MCSS-14A-0001  OBJECT sn2010jl           120.0 B       11:20:38 2014-06-09 22:50:58.2 2456818.4521 ccd140609.0001         [22:54:27.2
MCSS-14A-0001  OBJECT sn2010jl           150.0 H       11:23:23 2014-06-09 22:53:42.5 2456818.4540 ir140609.0002          [22:56:29.9
MCSS-14A-0001  OBJECT sn2010jl           120.0 B       11:23:27 2014-06-09 22:53:46.0 2456818.4540 ccd140609.0002         [22:56:31.0
MCSS-14A-0001  OBJECT sn2010jl           150.0 H       11:26:11 2014-06-09 22:56:29.5 2456818.4559 ir140609.0003          [22:59:17.0
MCSS-14A-0001  OBJECT sn2010jl           120.0 B       11:26:14 2014-06-09 22:56:33.0 2456818.4559 ccd140609.0003         [22:59:18.1
MCSS-14A-0001  OBJECT sn2010jl           150.0 H       11:28:58 2014-06-09 22:59:16.5 2456818.4578 ir140609.0004          [23:02:04.0
MCSS-14A-0001  OBJECT sn2010jl           120.0 B       11:29:02 2014-06-09 22:59:20.0 2456818.4579 ccd140609.0004         [23:02:05.0
MCSS-14A-0001  OBJECT sn2010jl           150.0 H       11:31:46 2014-06-09 23:02:03.5 2456818.4598 ir140609.0005          [23:04:50.9
MCSS-14A-0001  OBJECT sn2010jl           120.0 B       11:31:49 2014-06-09 23:02:07.0 2456818.4598 ccd140609.0005         [23:04:52.2
MCSS-14A-0001  OBJECT sn2010jl           150.0 H       11:31:46 2014-06-09 23:02:03.5 2456818.4598 ir140609.0006          [23:07:47.7
MCSS-14A-0001  OBJECT sn2010jl           150.0 H       11:37:30 2014-06-09 23:07:46.7 2456818.4637 ir140609.0007          [23:10:33.2
MCSS-14A-0001  OBJECT sn2010jl           120.0 J       11:40:22 2014-06-09 23:10:38.9 2456818.4657 ir140609.0008          [23:12:56.2
MCSS-14A-0001  OBJECT sn2010jl           120.0 J       11:42:39 2014-06-09 23:12:54.9 2456818.4673 ir140609.0009          [23:15:11.3
MCSS-14A-0001  OBJECT sn2010jl           120.0 J       11:44:56 2014-06-09 23:15:11.4 2456818.4689 ir140609.0010          [23:17:28.5
MCSS-14A-0001  OBJECT sn2010jl           120.0 J       11:47:12 2014-06-09 23:17:27.4 2456818.4704 ir140609.0011          [23:19:43.8
MCSS-14A-0001  OBJECT sn2010jl           120.0 J       11:49:28 2014-06-09 23:19:43.5 2456818.4720 ir140609.0012          [23:22:00.8
MCSS-14A-0001  OBJECT sn2010jl           120.0 J       11:51:45 2014-06-09 23:21:59.7 2456818.4736 ir140609.0013          [23:24:16.1
MCSS-14A-0001  OBJECT sn2010jl           120.0 J       11:54:02 2014-06-09 23:24:15.9 2456818.4752 ir140609.0014          [23:26:33.2
MCSS-14A-0001  OBJECT sn2010jl           100.0 K       11:57:02 2014-06-09 23:27:16.0 2456818.4773 ir140609.0015          [23:29:12.3
MCSS-14A-0001  OBJECT sn2010jl           100.0 K       11:58:59 2014-06-09 23:29:12.1 2456818.4786 ir140609.0016          [23:31:09.5
MCSS-14A-0001  OBJECT sn2010jl           100.0 K       12:00:55 2014-06-09 23:31:08.4 2456818.4800 ir140609.0017          [23:33:48.0
MCSS-14A-0001  OBJECT sn2010jl           100.0 K       12:02:52 2014-06-09 23:33:04.6 2456818.4813 ir140609.0018          [23:35:03.6
MCSS-14A-0001  OBJECT sn2010jl           100.0 K       12:04:48 2014-06-09 23:35:00.7 2456818.4826 ir140609.0019          [23:37:40.2
MCSS-14A-0001  OBJECT sn2010jl           100.0 K       12:06:45 2014-06-09 23:36:57.0 2456818.4840 ir140609.0020          [23:38:54.2
MCSS-14A-0001  OBJECT sn2010jl           100.0 K       12:08:42 2014-06-09 23:38:53.6 2456818.4853 ir140609.0021          [23:41:42.7
OSU-03B-0001   OBJECT HE1104             150.0 J       12:27:57 2014-06-09 23:58:06.1 2456818.4987 ir140609.0022          [00:00:53.7
OSU-03B-0001   OBJECT HE1104             150.0 J       12:30:44 2014-06-10 00:00:52.2 2456818.5006 ir140609.0023          [00:03:38.7
OSU-03B-0001   OBJECT HE1104             300.0 R       12:28:00 2014-06-09 23:58:08.6 2456818.4987 ccd140609.0006         [00:03:53.4
OSU-03B-0001   OBJECT HE1104             150.0 J       12:33:31 2014-06-10 00:03:38.5 2456818.5025 ir140609.0024          [00:06:24.8
OSU-03B-0001   OBJECT HE1104             150.0 J       12:36:17 2014-06-10 00:06:24.9 2456818.5044 ir140609.0025          [00:09:12.6
OSU-03B-0001   OBJECT HE1104             300.0 R       12:33:47 2014-06-10 00:03:55.1 2456818.5027 ccd140609.0007         [00:09:38.9
OSU-03B-0001   OBJECT HE1104             150.0 J       12:39:04 2014-06-10 00:09:10.9 2456818.5064 ir140609.0026          [00:11:58.4
OSU-03B-0001   OBJECT HE1104             150.0 J       12:41:51 2014-06-10 00:11:57.1 2456818.5083 ir140609.0027          [00:14:43.4
OSU-03B-0001   OBJECT HE1104             300.0 R       12:39:35 2014-06-10 00:09:41.8 2456818.5067 ccd140609.0008         [00:15:26.4
OSU-03B-0001   OBJECT HE1104             150.0 J       12:45:28 2014-06-10 00:15:34.4 2456818.5108 ir140609.0028          [00:18:20.7
OSU-03B-0001   OBJECT HE1104             150.0 J       12:48:15 2014-06-10 00:18:20.3 2456818.5127 ir140609.0029          [00:21:07.6
OSU-03B-0001   OBJECT HE1104             300.0 I       12:45:31 2014-06-10 00:15:36.8 2456818.5108 ccd140609.0009         [00:21:20.6
OSU-03B-0001   OBJECT HE1104             150.0 J       12:51:02 2014-06-10 00:21:06.7 2456818.5147 ir140609.0030          [00:23:54.0
OSU-03B-0001   OBJECT HE1104             150.0 J       12:53:49 2014-06-10 00:23:53.1 2456818.5166 ir140609.0031          [00:26:39.5
OSU-03B-0001   OBJECT HE1104             300.0 I       12:51:18 2014-06-10 00:21:23.2 2456818.5148 ccd140609.0010         [00:27:07.7
OSU-03B-0001   OBJECT HE1104             150.0 J       12:56:35 2014-06-10 00:26:39.3 2456818.5185 ir140609.0032          [00:29:25.7
OSU-03B-0001   OBJECT HE1104             150.0 J       12:59:22 2014-06-10 00:29:25.6 2456818.5204 ir140609.0033          [00:32:12.9
OSU-03B-0001   OBJECT HE1104             300.0 I       12:57:06 2014-06-10 00:27:10.1 2456818.5189 ccd140609.0011         [00:32:53.9
CHILE-13B-0039 OBJECT V365 Car            90.0 V       13:05:03 2014-06-10 00:35:05.8 2456818.5244 ccd140609.0012         [00:37:20.5
CHILE-13B-0039 OBJECT V365 Car            45.0 V       13:07:24 2014-06-10 00:37:26.7 2456818.5260 ccd140609.0013         [00:38:55.5
DUBLIN-11B-000 OBJECT TWA30AB             30.1 J       13:10:56 2014-06-10 00:40:57.4 2456818.5284 ir140609.0034          [00:42:19.3
DUBLIN-11B-000 OBJECT TWA30AB            110.0 I       13:10:58 2014-06-10 00:40:59.8 2456818.5285 ccd140609.0014         [00:43:33.6
DUBLIN-11B-000 OBJECT TWA30AB             30.1 J       13:12:16 2014-06-10 00:42:17.7 2456818.5294 ir140609.0035          [00:43:39.9
DUBLIN-11B-000 OBJECT TWA30AB             30.0 J       13:13:37 2014-06-10 00:43:38.7 2456818.5303 ir140609.0036          [00:44:59.4
DUBLIN-11B-000 OBJECT TWA30AB            110.0 I       13:13:35 2014-06-10 00:43:36.5 2456818.5303 ccd140609.0015         [00:46:11.0
DUBLIN-11B-000 OBJECT TWA30AB             30.0 J       13:14:58 2014-06-10 00:44:59.5 2456818.5312 ir140609.0037          [00:46:20.2
DUBLIN-11B-000 OBJECT TWA30AB             30.1 J       13:16:19 2014-06-10 00:46:19.8 2456818.5322 ir140609.0038          [00:47:41.4
DUBLIN-11B-000 OBJECT TWA30AB            110.0 I       13:16:12 2014-06-10 00:46:13.4 2456818.5321 ccd140609.0016         [00:48:47.2
DUBLIN-11B-000 OBJECT TWA30AB             30.0 K       13:18:56 2014-06-10 00:48:56.7 2456818.5340 ir140609.0039          [00:50:18.3
DUBLIN-11B-000 OBJECT TWA30AB            110.0 R       13:18:59 2014-06-10 00:48:59.2 2456818.5340 ccd140609.0017         [00:51:33.0
DUBLIN-11B-000 OBJECT TWA30AB             30.0 K       13:20:17 2014-06-10 00:50:17.0 2456818.5349 ir140609.0040          [00:51:39.7
DUBLIN-11B-000 OBJECT TWA30AB             30.0 K       13:21:38 2014-06-10 00:51:37.6 2456818.5359 ir140609.0041          [00:52:58.4
DUBLIN-11B-000 OBJECT TWA30AB            110.0 R       13:21:36 2014-06-10 00:51:35.8 2456818.5358 ccd140609.0018         [00:54:10.5
DUBLIN-11B-000 OBJECT TWA30AB             30.1 K       13:22:58 2014-06-10 00:52:58.2 2456818.5368 ir140609.0042          [00:54:18.9
DUBLIN-11B-000 OBJECT TWA30AB             30.0 K       13:24:19 2014-06-10 00:54:18.6 2456818.5377 ir140609.0043          [00:55:40.1
DUBLIN-11B-000 OBJECT TWA30AB            110.0 R       13:24:13 2014-06-10 00:54:12.9 2456818.5376 ccd140609.0019         [00:56:46.7
YALE-08A-0001  OBJECT 3C279               30.0 J       13:28:41 2014-06-10 00:58:40.0 2456818.5407 ir140609.0044          [00:59:27.4
YALE-08A-0001  OBJECT 3C279               30.0 J       13:29:27 2014-06-10 00:59:26.0 2456818.5413 ir140609.0045          [01:00:12.3
YALE-08A-0001  OBJECT 3C279               70.0 R       13:28:44 2014-06-10 00:58:42.4 2456818.5408 ccd140609.0020         [01:00:37.0
YALE-08A-0001  OBJECT 3C279               30.1 J       13:30:14 2014-06-10 01:00:12.4 2456818.5418 ir140609.0046          [01:00:58.8
YALE-08A-0001  OBJECT 3C279               30.0 J       13:31:00 2014-06-10 01:00:58.7 2456818.5423 ir140609.0047          [01:01:46.5
YALE-08A-0001  OBJECT 3C279               30.1 J       13:31:46 2014-06-10 01:01:44.6 2456818.5429 ir140609.0048          [01:02:31.1
YALE-08A-0001  OBJECT 3C279               30.0 K       13:32:40 2014-06-10 01:02:38.0 2456818.5435 ir140609.0049          [01:03:26.1
YALE-08A-0001  OBJECT 3C279               30.1 K       13:33:26 2014-06-10 01:03:23.9 2456818.5440 ir140609.0050          [01:04:10.2
YALE-08A-0001  OBJECT 3C279               70.0 B       13:32:42 2014-06-10 01:02:40.5 2456818.5435 ccd140609.0021         [01:04:35.2
YALE-08A-0001  OBJECT 3C279               30.0 K       13:34:12 2014-06-10 01:04:10.1 2456818.5446 ir140609.0051          [01:04:56.5
YALE-08A-0001  OBJECT 3C279               30.1 K       13:34:59 2014-06-10 01:04:56.3 2456818.5451 ir140609.0052          [01:05:43.9
YALE-08A-0001  OBJECT 3C279               30.1 K       13:35:45 2014-06-10 01:05:42.4 2456818.5456 ir140609.0053          [01:06:28.8
YALE-08A-0001  OBJECT 3C279               30.0 K       13:36:36 2014-06-10 01:06:33.3 2456818.5462 ir140609.0054          [01:07:20.9
YALE-08A-0001  OBJECT 3C279               30.1 K       13:37:22 2014-06-10 01:07:19.3 2456818.5468 ir140609.0055          [01:08:05.8
YALE-08A-0001  OBJECT 3C279               70.0 V       13:36:38 2014-06-10 01:06:35.9 2456818.5462 ccd140609.0022         [01:08:30.5
YALE-08A-0001  OBJECT 3C279               30.0 K       13:38:08 2014-06-10 01:08:05.6 2456818.5473 ir140609.0056          [01:08:52.0
YALE-08A-0001  OBJECT 3C279               30.1 K       13:38:55 2014-06-10 01:08:51.9 2456818.5478 ir140609.0057          [01:09:39.2
YALE-08A-0001  OBJECT 3C279               30.0 K       13:39:41 2014-06-10 01:09:37.8 2456818.5483 ir140609.0058          [01:10:24.6
OSU-03B-0001   OBJECT RXJ1131            150.0 J       13:42:04 2014-06-10 01:12:00.8 2456818.5500 ir140609.0059          [01:14:48.0
OSU-03B-0001   OBJECT RXJ1131            150.0 J       13:44:51 2014-06-10 01:14:46.9 2456818.5519 ir140609.0060          [01:17:33.2
OSU-03B-0001   OBJECT RXJ1131            300.0 R       13:42:07 2014-06-10 01:12:03.2 2456818.5500 ccd140609.0023         [01:17:47.9
OSU-03B-0001   OBJECT RXJ1131            150.0 J       13:44:51 2014-06-10 01:14:46.9 2456818.5519 ir140609.0061          [01:20:29.2
OSU-03B-0001   OBJECT RXJ1131            150.0 J       13:50:34 2014-06-10 01:20:29.1 2456818.5559 ir140609.0062          [01:23:16.5
OSU-03B-0001   OBJECT RXJ1131            300.0 R       13:47:54 2014-06-10 01:17:49.7 2456818.5540 ccd140609.0024         [01:23:33.5
OSU-03B-0001   OBJECT RXJ1131            150.0 J       13:53:20 2014-06-10 01:23:15.0 2456818.5578 ir140609.0063          [01:26:02.6
OSU-03B-0001   OBJECT RXJ1131            150.0 J       13:56:07 2014-06-10 01:26:01.2 2456818.5597 ir140609.0064          [01:28:47.5
OSU-03B-0001   OBJECT RXJ1131            300.0 R       13:53:41 2014-06-10 01:23:36.2 2456818.5581 ccd140609.0025         [01:29:21.1
OSU-03B-0001   OBJECT RXJ1131            150.0 J       13:59:35 2014-06-10 01:29:28.7 2456818.5621 ir140609.0065          [01:32:15.0
OSU-03B-0001   OBJECT RXJ1131            150.0 J       14:02:21 2014-06-10 01:32:14.5 2456818.5641 ir140609.0066          [01:35:01.9
OSU-03B-0001   OBJECT RXJ1131            300.0 I       13:59:38 2014-06-10 01:29:31.2 2456818.5622 ccd140609.0026         [01:35:15.1
OSU-03B-0001   OBJECT RXJ1131            150.0 J       14:05:08 2014-06-10 01:35:00.9 2456818.5660 ir140609.0067          [01:37:48.1
OSU-03B-0001   OBJECT RXJ1131            150.0 J       14:07:55 2014-06-10 01:37:47.3 2456818.5679 ir140609.0068          [01:40:33.6
OSU-03B-0001   OBJECT RXJ1131            300.0 I       14:05:25 2014-06-10 01:35:17.7 2456818.5662 ccd140609.0027         [01:41:02.2
OSU-03B-0001   OBJECT RXJ1131            150.0 J       14:10:41 2014-06-10 01:40:33.2 2456818.5698 ir140609.0069          [01:43:19.4
OSU-03B-0001   OBJECT RXJ1131            150.0 J       14:13:28 2014-06-10 01:43:19.2 2456818.5718 ir140609.0070          [01:46:06.6
OSU-03B-0001   OBJECT RXJ1131            300.0 I       14:11:13 2014-06-10 01:41:04.7 2456818.5702 ccd140609.0028         [01:46:48.4
YALE-03A-0001  OBJECT NovaMusca           70.0 J       14:19:16 2014-06-10 01:49:06.9 2456818.5758 ir140609.0071          [01:50:34.3
YALE-03A-0001  OBJECT NovaMusca           70.0 J       14:20:43 2014-06-10 01:50:32.8 2456818.5768 ir140609.0072          [01:51:59.1
YALE-03A-0001  OBJECT NovaMusca           70.0 J       14:22:09 2014-06-10 01:51:59.1 2456818.5778 ir140609.0073          [01:53:26.4
YALE-03A-0001  OBJECT NovaMusca           70.0 J       14:23:36 2014-06-10 01:53:25.4 2456818.5788 ir140609.0074          [01:54:51.7
YALE-03A-0001  OBJECT NovaMusca           70.0 J       14:25:02 2014-06-10 01:54:51.3 2456818.5798 ir140609.0075          [01:56:18.6
YALE-03A-0001  OBJECT NovaMusca           70.0 J       14:26:28 2014-06-10 01:56:17.3 2456818.5808 ir140609.0076          [01:57:43.6
YALE-03A-0001  OBJECT NovaMusca           70.0 J       14:27:54 2014-06-10 01:57:43.3 2456818.5817 ir140609.0077          [01:59:10.7
YALE-03A-0001  OBJECT NovaMusca          600.0 I       14:19:19 2014-06-10 01:49:09.4 2456818.5758 ccd140609.0029         [01:59:53.2
YALE-03A-0001  OBJECT NovaMusca           70.0 J       14:30:12 2014-06-10 02:00:00.5 2456818.5833 ir140609.0078          [02:01:28.5
YALE-03A-0001  OBJECT NovaMusca           70.0 J       14:31:38 2014-06-10 02:01:26.4 2456818.5843 ir140609.0079          [02:02:52.7
YALE-03A-0001  OBJECT NovaMusca           70.0 J       14:33:04 2014-06-10 02:02:52.7 2456818.5853 ir140609.0080          [02:04:20.0
YALE-03A-0001  OBJECT NovaMusca           70.0 J       14:34:31 2014-06-10 02:04:19.0 2456818.5863 ir140609.0081          [02:05:45.3
YALE-03A-0001  OBJECT NovaMusca           70.0 J       14:35:57 2014-06-10 02:05:44.8 2456818.5873 ir140609.0082          [02:07:12.1
YALE-03A-0001  OBJECT NovaMusca           70.0 J       14:37:23 2014-06-10 02:07:10.9 2456818.5883 ir140609.0083          [02:08:37.2
YALE-03A-0001  OBJECT NovaMusca           70.0 J       14:38:50 2014-06-10 02:08:37.1 2456818.5893 ir140609.0084          [02:10:04.4
YALE-03A-0001  OBJECT NovaMusca          600.0 V       14:30:14 2014-06-10 02:00:03.1 2456818.5834 ccd140609.0030         [02:10:46.8
YALE-08A-0001  OBJECT 1424-41             30.1 J       14:42:56 2014-06-10 02:12:42.2 2456818.5921 ir140609.0085          [02:13:29.6
YALE-08A-0001  OBJECT 1424-41             30.0 J       14:43:42 2014-06-10 02:13:28.2 2456818.5927 ir140609.0086          [02:14:14.5
YALE-08A-0001  OBJECT 1424-41             70.0 R       14:42:58 2014-06-10 02:12:44.7 2456818.5922 ccd140609.0031         [02:14:39.3
YALE-08A-0001  OBJECT 1424-41             30.0 J       14:44:28 2014-06-10 02:14:14.4 2456818.5932 ir140609.0087          [02:15:00.8
YALE-08A-0001  OBJECT 1424-41             30.1 J       14:45:15 2014-06-10 02:15:01.1 2456818.5938 ir140609.0088          [02:15:48.4
YALE-08A-0001  OBJECT 1424-41             30.1 J       14:46:01 2014-06-10 02:15:47.0 2456818.5943 ir140609.0089          [02:16:33.4
YALE-08A-0001  OBJECT 1424-41             30.0 K       14:46:55 2014-06-10 02:16:40.7 2456818.5949 ir140609.0090          [02:17:28.5
YALE-08A-0001  OBJECT 1424-41             30.0 K       14:47:41 2014-06-10 02:17:26.5 2456818.5954 ir140609.0091          [02:18:12.8
YALE-08A-0001  OBJECT 1424-41             90.0 B       14:46:57 2014-06-10 02:16:43.0 2456818.5949 ccd140609.0032         [02:18:57.6
YALE-08A-0001  OBJECT 1424-41             30.1 K       14:48:27 2014-06-10 02:18:12.7 2456818.5960 ir140609.0092          [02:18:59.4
YALE-08A-0001  OBJECT 1424-41             30.0 K       14:48:27 2014-06-10 02:18:12.7 2456818.5960 ir140609.0093          [02:19:57.0
YALE-08A-0001  OBJECT 1424-41             30.1 K       14:50:16 2014-06-10 02:20:01.4 2456818.5972 ir140609.0094          [02:20:47.6
YALE-08A-0001  OBJECT 1424-41             30.1 K       14:51:02 2014-06-10 02:20:47.3 2456818.5978 ir140609.0095          [02:21:34.6
YALE-08A-0001  OBJECT 1424-41             70.0 V       14:50:18 2014-06-10 02:20:03.8 2456818.5973 ccd140609.0033         [02:21:57.5
YALE-08A-0001  OBJECT 1424-41             30.1 K       14:51:48 2014-06-10 02:21:33.6 2456818.5983 ir140609.0096          [02:22:21.0
YALE-08A-0001  OBJECT 1424-41             30.1 K       14:52:35 2014-06-10 02:22:19.8 2456818.5988 ir140609.0097          [02:23:06.2
OSU-03A-0001   OBJECT OB140805            50.0 H       14:55:26 2014-06-10 02:25:10.6 2456818.6008 ir140609.0098          [02:26:17.8
OSU-03A-0001   OBJECT OB140805            50.0 H       14:56:32 2014-06-10 02:26:16.5 2456818.6016 ir140609.0099          [02:27:22.8
OSU-03A-0001   OBJECT OB140805            50.0 H       14:57:38 2014-06-10 02:27:22.6 2456818.6023 ir140609.0100          [02:28:29.9
OSU-03A-0001   OBJECT OB140805            50.0 H       14:58:45 2014-06-10 02:28:28.9 2456818.6031 ir140609.0101          [02:29:35.2
OSU-03A-0001   OBJECT OB140805            50.0 H       14:59:51 2014-06-10 02:29:34.9 2456818.6039 ir140609.0102          [02:30:42.1
OSU-03A-0001   OBJECT OB140805           300.0 I       14:55:28 2014-06-10 02:25:13.0 2456818.6008 ccd140609.0034         [02:30:56.9
OSU-03A-0001   OBJECT OB141021            50.0 H       15:06:09 2014-06-10 02:35:51.5 2456818.6082 ir140609.0103          [02:36:59.4
OSU-03A-0001   OBJECT OB141021            50.0 H       15:07:15 2014-06-10 02:36:57.4 2456818.6090 ir140609.0104          [02:38:03.7
OSU-03A-0001   OBJECT OB141021            50.0 H       15:08:21 2014-06-10 02:38:03.5 2456818.6098 ir140609.0105          [02:39:10.8
OSU-03A-0001   OBJECT OB141021            50.0 H       15:09:27 2014-06-10 02:39:09.5 2456818.6105 ir140609.0106          [02:40:15.7
OSU-03A-0001   OBJECT OB141021            50.0 H       15:10:33 2014-06-10 02:40:15.4 2456818.6113 ir140609.0107          [02:41:22.9
OSU-03A-0001   OBJECT OB141021           300.0 I       15:06:11 2014-06-10 02:35:54.1 2456818.6083 ccd140609.0035         [02:41:37.8
OSU-03A-0001   OBJECT OB140807            50.0 H       15:13:49 2014-06-10 02:43:30.8 2456818.6135 ir140609.0108          [02:44:38.6
OSU-03A-0001   OBJECT OB140807            50.0 H       15:14:55 2014-06-10 02:44:36.6 2456818.6143 ir140609.0109          [02:45:43.0
OSU-03A-0001   OBJECT OB140807            50.0 H       15:16:02 2014-06-10 02:45:42.8 2456818.6151 ir140609.0110          [02:46:50.0
OSU-03A-0001   OBJECT OB140807            50.0 H       15:17:08 2014-06-10 02:46:49.1 2456818.6158 ir140609.0111          [02:47:55.4
OSU-03A-0001   OBJECT OB140807            50.0 H       15:18:14 2014-06-10 02:47:55.1 2456818.6166 ir140609.0112          [02:49:02.4
OSU-03A-0001   OBJECT OB140807           300.0 I       15:13:52 2014-06-10 02:43:33.4 2456818.6136 ccd140609.0036         [02:49:17.3
OSU-03A-0001   OBJECT OB140772            50.0 H       15:23:19 2014-06-10 02:52:58.9 2456818.6201 ir140609.0113          [02:54:06.2
OSU-03A-0001   OBJECT OB140772            50.0 H       15:24:25 2014-06-10 02:54:04.8 2456818.6209 ir140609.0114          [02:55:11.1
OSU-03A-0001   OBJECT OB140772            50.0 H       15:25:31 2014-06-10 02:55:10.9 2456818.6217 ir140609.0115          [02:56:18.1
OSU-03A-0001   OBJECT OB140772            50.0 H       15:26:38 2014-06-10 02:56:17.3 2456818.6224 ir140609.0116          [02:57:24.4
OSU-03A-0001   OBJECT OB140772            50.0 H       15:27:45 2014-06-10 02:57:23.8 2456818.6232 ir140609.0117          [02:58:31.1
OSU-03A-0001   OBJECT OB140772           300.0 I       15:23:22 2014-06-10 02:53:01.5 2456818.6201 ccd140609.0037         [02:58:45.2
OSU-03A-0001   OBJECT OB140650            50.0 H       15:30:14 2014-06-10 02:59:52.7 2456818.6249 ir140609.0118          [03:01:00.5
OSU-03A-0001   OBJECT OB140650            50.0 H       15:31:20 2014-06-10 03:00:58.5 2456818.6257 ir140609.0119          [03:02:04.6
OSU-03A-0001   OBJECT OB140650            50.0 H       15:32:26 2014-06-10 03:02:04.4 2456818.6264 ir140609.0120          [03:03:13.6
OSU-03A-0001   OBJECT OB140650            50.0 H       15:33:32 2014-06-10 03:03:10.7 2456818.6272 ir140609.0121          [03:04:16.9
OSU-03A-0001   OBJECT OB140650            50.0 H       15:34:38 2014-06-10 03:04:16.4 2456818.6280 ir140609.0122          [03:05:24.5
OSU-03A-0001   OBJECT OB140650           300.0 I       15:30:16 2014-06-10 02:59:55.3 2456818.6249 ccd140609.0038         [03:05:39.0
NOAO-14A-0257  OBJECT PHR1408-6106       420.0 V       15:42:09 2014-06-10 03:11:45.7 2456818.6332 ccd140609.0039         [03:19:30.3
NOAO-14A-0257  OBJECT PHR1408-6106       420.0 V       15:49:57 2014-06-10 03:19:32.7 2456818.6386 ccd140609.0040         [03:27:16.5
NOAO-14A-0257  OBJECT PHR1408-6106       420.0 H       15:49:57 2014-06-10 03:19:32.7 2456818.6386 ccd140609.0040         [03:27:22.7
NOAO-14A-0257  OBJECT PHR1408-6106       420.0 V       15:57:46 2014-06-10 03:27:20.0 2456818.6440 ccd140609.0041         [03:35:03.9
NOAO-14A-0257  OBJECT PHR1408-6106       420.0 V       16:05:34 2014-06-10 03:35:06.6 2456818.6494 ccd140609.0042         [03:42:51.2
NOAO-14A-0257  OBJECT PHR1408-6106       420.0 V       16:13:22 2014-06-10 03:42:53.6 2456818.6548 ccd140609.0043         [03:50:37.3
NOAO-14A-0257  OBJECT PHR1408-6106       420.0 V       16:21:10 2014-06-10 03:50:40.2 2456818.6602 ccd140609.0044         [03:58:24.8
OSU-03A-0001   OBJECT OB140962            50.0 H       16:39:25 2014-06-10 04:08:52.5 2456818.6728 ir140609.0123          [04:09:58.6
OSU-03A-0001   OBJECT OB140962            50.0 H       16:40:31 2014-06-10 04:09:58.1 2456818.6736 ir140609.0124          [04:11:05.3
OSU-03A-0001   OBJECT OB140962            50.0 H       16:41:37 2014-06-10 04:11:04.2 2456818.6743 ir140609.0125          [04:12:10.5
OSU-03A-0001   OBJECT OB140962            50.0 H       16:42:43 2014-06-10 04:12:10.2 2456818.6751 ir140609.0126          [04:13:17.5
OSU-03A-0001   OBJECT OB140962            50.0 H       16:43:49 2014-06-10 04:13:16.1 2456818.6759 ir140609.0127          [04:14:22.2
OSU-03A-0001   OBJECT OB140962           300.0 I       16:39:28 2014-06-10 04:08:55.1 2456818.6729 ccd140609.0045         [04:14:39.6
OSU-03A-0001   OBJECT OB140962            50.0 H       16:45:17 2014-06-10 04:14:43.4 2456818.6769 ir140609.0128          [04:15:49.6
OSU-03A-0001   OBJECT OB140962            50.0 H       16:46:23 2014-06-10 04:15:49.2 2456818.6776 ir140609.0129          [04:16:57.0
OSU-03A-0001   OBJECT OB140962            50.0 H       16:47:29 2014-06-10 04:16:55.2 2456818.6784 ir140609.0130          [04:18:01.4
OSU-03A-0001   OBJECT OB140962            50.0 H       16:48:35 2014-06-10 04:18:01.2 2456818.6792 ir140609.0131          [04:19:08.5
OSU-03A-0001   OBJECT OB140962            50.0 H       16:49:41 2014-06-10 04:19:06.9 2456818.6799 ir140609.0132          [04:20:13.1
OSU-03A-0001   OBJECT OB140962           300.0 I       16:45:19 2014-06-10 04:14:46.0 2456818.6769 ccd140609.0046         [04:20:31.1
OSU-03A-0001   OBJECT OB140962            50.0 H       16:51:09 2014-06-10 04:20:34.6 2456818.6809 ir140609.0133          [04:21:41.0
OSU-03A-0001   OBJECT OB140962            50.0 H       16:52:15 2014-06-10 04:21:40.4 2456818.6817 ir140609.0134          [04:22:48.1
OSU-03A-0001   OBJECT OB140962            50.0 H       16:53:23 2014-06-10 04:22:47.8 2456818.6825 ir140609.0135          [04:23:54.1
OSU-03A-0001   OBJECT OB140962            50.0 H       16:54:29 2014-06-10 04:23:53.9 2456818.6833 ir140609.0136          [04:25:01.3
OSU-03A-0001   OBJECT OB140962            50.0 H       16:55:35 2014-06-10 04:24:59.8 2456818.6840 ir140609.0137          [04:26:06.1
OSU-03A-0001   OBJECT OB140962           300.0 I       16:51:11 2014-06-10 04:20:37.2 2456818.6810 ccd140609.0047         [04:26:22.0
OSU-03A-0001   OBJECT OB140962            50.0 H       16:57:01 2014-06-10 04:26:25.7 2456818.6850 ir140609.0138          [04:27:31.9
OSU-03A-0001   OBJECT OB140962            50.0 H       16:58:07 2014-06-10 04:27:31.4 2456818.6858 ir140609.0139          [04:28:39.5
OSU-03A-0001   OBJECT OB140962            50.0 H       16:59:13 2014-06-10 04:28:37.4 2456818.6865 ir140609.0140          [04:29:43.7
OSU-03A-0001   OBJECT OB140962            50.0 H       17:00:19 2014-06-10 04:29:43.5 2456818.6873 ir140609.0141          [04:30:50.7
OSU-03A-0001   OBJECT OB140962            50.0 H       17:01:25 2014-06-10 04:30:49.3 2456818.6881 ir140609.0142          [04:31:55.6
OSU-03A-0001   OBJECT OB140962           300.0 I       16:57:04 2014-06-10 04:26:28.2 2456818.6850 ccd140609.0048         [04:32:12.9
OSU-03A-0001   OBJECT OB140962            50.0 H       17:02:53 2014-06-10 04:32:16.5 2456818.6891 ir140609.0143          [04:33:23.0
OSU-03A-0001   OBJECT OB140962            50.0 H       17:03:59 2014-06-10 04:33:22.1 2456818.6898 ir140609.0144          [04:34:29.5
OSU-03A-0001   OBJECT OB140962            50.0 H       17:05:05 2014-06-10 04:34:28.2 2456818.6906 ir140609.0145          [04:35:34.5
OSU-03A-0001   OBJECT OB140962            50.0 H       17:06:11 2014-06-10 04:35:34.3 2456818.6914 ir140609.0146          [04:36:42.1
OSU-03A-0001   OBJECT OB140962            50.0 H       17:07:17 2014-06-10 04:36:40.0 2456818.6921 ir140609.0147          [04:37:46.3
OSU-03A-0001   OBJECT OB140962           300.0 I       17:02:55 2014-06-10 04:32:19.1 2456818.6891 ccd140609.0049         [04:38:04.5
OSU-03A-0001   OBJECT OB140962            50.0 H       17:08:45 2014-06-10 04:38:07.7 2456818.6931 ir140609.0148          [04:39:14.1
OSU-03A-0001   OBJECT OB140962            50.0 H       17:09:51 2014-06-10 04:39:13.6 2456818.6939 ir140609.0149          [04:40:20.8
OSU-03A-0001   OBJECT OB140962            50.0 H       17:10:57 2014-06-10 04:40:19.7 2456818.6947 ir140609.0150          [04:41:26.0
OSU-03A-0001   OBJECT OB140962            50.0 H       17:12:03 2014-06-10 04:41:25.7 2456818.6954 ir140609.0151          [04:42:34.1
OSU-03A-0001   OBJECT OB140962            50.0 H       17:13:09 2014-06-10 04:42:31.5 2456818.6962 ir140609.0152          [04:43:37.8
OSU-03A-0001   OBJECT OB140962           300.0 I       17:08:48 2014-06-10 04:38:10.4 2456818.6932 ccd140609.0050         [04:43:55.1
OSU-03A-0001   OBJECT OB140962            50.0 H       17:14:37 2014-06-10 04:43:59.3 2456818.6972 ir140609.0153          [04:45:05.6
OSU-03A-0001   OBJECT OB140962            50.0 H       17:15:44 2014-06-10 04:45:05.3 2456818.6980 ir140609.0154          [04:46:13.6
OSU-03A-0001   OBJECT OB140962            50.0 H       17:16:51 2014-06-10 04:46:12.6 2456818.6987 ir140609.0155          [04:47:18.9
OSU-03A-0001   OBJECT OB140962            50.0 H       17:17:58 2014-06-10 04:47:18.8 2456818.6995 ir140609.0156          [04:48:26.3
OSU-03A-0001   OBJECT OB140962            50.0 H       17:19:04 2014-06-10 04:48:24.7 2456818.7003 ir140609.0157          [04:49:31.0
OSU-03A-0001   OBJECT OB140962           300.0 I       17:14:40 2014-06-10 04:44:01.8 2456818.6972 ccd140609.0051         [04:49:46.5
OSU-03A-0001   OBJECT OB140962            50.0 H       17:20:30 2014-06-10 04:49:50.2 2456818.7013 ir140609.0158          [04:50:56.5
OSU-03A-0001   OBJECT OB140962            50.0 H       17:21:36 2014-06-10 04:50:56.1 2456818.7020 ir140609.0159          [04:52:03.5
OSU-03A-0001   OBJECT OB140962            50.0 H       17:22:42 2014-06-10 04:52:02.3 2456818.7028 ir140609.0160          [04:53:08.6
OSU-03A-0001   OBJECT OB140962            50.0 H       17:23:48 2014-06-10 04:53:08.5 2456818.7036 ir140609.0161          [04:54:15.8
OSU-03A-0001   OBJECT OB140962            50.0 H       17:24:54 2014-06-10 04:54:14.5 2456818.7043 ir140609.0162          [04:55:20.8
OSU-03A-0001   OBJECT OB140962           300.0 I       17:20:32 2014-06-10 04:49:52.8 2456818.7013 ccd140609.0052         [04:55:37.3
OSU-03A-0001   OBJECT OB140962            50.0 H       17:26:21 2014-06-10 04:55:41.2 2456818.7053 ir140609.0163          [04:56:47.5
OSU-03A-0001   OBJECT OB140962            50.0 H       17:27:28 2014-06-10 04:56:47.7 2456818.7061 ir140609.0164          [04:57:55.2
OSU-03A-0001   OBJECT OB140962            50.0 H       17:28:34 2014-06-10 04:57:53.9 2456818.7069 ir140609.0165          [04:59:00.2
OSU-03A-0001   OBJECT OB140962            50.0 H       17:29:41 2014-06-10 04:59:00.1 2456818.7076 ir140609.0166          [05:00:07.9
OSU-03A-0001   OBJECT OB140962            50.0 H       17:30:47 2014-06-10 05:00:05.9 2456818.7084 ir140609.0167          [05:01:12.1
OSU-03A-0001   OBJECT OB140962           300.0 I       17:26:24 2014-06-10 04:55:43.9 2456818.7054 ccd140609.0053         [05:01:28.5
OSU-03A-0001   OBJECT OB140962            50.0 H       17:32:17 2014-06-10 05:01:35.4 2456818.7094 ir140609.0168          [05:02:41.7
OSU-03A-0001   OBJECT OB140962            50.0 H       17:33:22 2014-06-10 05:02:41.3 2456818.7102 ir140609.0169          [05:03:48.5
OSU-03A-0001   OBJECT OB140962            50.0 H       17:34:29 2014-06-10 05:03:47.3 2456818.7110 ir140609.0170          [05:04:53.7
OSU-03A-0001   OBJECT OB140962            50.0 H       17:35:35 2014-06-10 05:04:53.4 2456818.7117 ir140609.0171          [05:06:02.8
OSU-03A-0001   OBJECT OB140962            50.0 H       17:36:41 2014-06-10 05:05:59.2 2456818.7125 ir140609.0172          [05:07:05.3
OSU-03A-0001   OBJECT OB140962           300.0 V       17:32:19 2014-06-10 05:01:37.9 2456818.7095 ccd140609.0054         [05:07:22.7
GSU-03A-0006   OBJECT j1644+2619          35.0 J       17:40:01 2014-06-10 05:09:18.7 2456818.7148 ir140609.0173          [05:10:10.0
GSU-03A-0006   OBJECT j1644+2619          35.0 J       17:40:52 2014-06-10 05:10:09.6 2456818.7154 ir140609.0174          [05:11:02.0
GSU-03A-0006   OBJECT j1644+2619          35.0 J       17:41:44 2014-06-10 05:11:01.0 2456818.7160 ir140609.0175          [05:12:35.5
GSU-03A-0006   OBJECT j1644+2619          35.0 J       17:42:35 2014-06-10 05:11:52.4 2456818.7166 ir140609.0176          [05:12:44.8
GSU-03A-0006   OBJECT j1644+2619         180.0 R       17:40:04 2014-06-10 05:09:21.3 2456818.7148 ccd140609.0055         [05:13:05.2
YALE-03A-0001  OBJECT 4U1543-47           30.1 J       17:47:19 2014-06-10 05:16:35.8 2456818.7199 ir140609.0177          [05:17:23.6
YALE-03A-0001  OBJECT 4U1543-47           30.1 J       17:48:06 2014-06-10 05:17:22.1 2456818.7204 ir140609.0178          [05:18:08.4
YALE-03A-0001  OBJECT 4U1543-47           30.1 J       17:48:52 2014-06-10 05:18:08.4 2456818.7209 ir140609.0179          [05:18:56.1
YALE-03A-0001  OBJECT 4U1543-47           30.0 J       17:49:38 2014-06-10 05:18:54.6 2456818.7215 ir140609.0180          [05:19:40.9
YALE-03A-0001  OBJECT 4U1543-47          180.0 V       17:47:22 2014-06-10 05:16:38.5 2456818.7199 ccd140609.0056         [05:20:23.1
YALE-03A-0001  OBJECT 4U1543-47           30.0 J       17:50:25 2014-06-10 05:19:40.6 2456818.7220 ir140609.0181          [05:20:27.0
YALE-03A-0001  OBJECT 4U1543-47           30.0 H       17:51:18 2014-06-10 05:20:34.1 2456818.7226 ir140609.0182          [05:21:21.3
YALE-03A-0001  OBJECT 4U1543-47           30.1 H       17:52:04 2014-06-10 05:21:19.9 2456818.7231 ir140609.0183          [05:22:06.2
YALE-03A-0001  OBJECT 4U1543-47           30.0 H       17:52:51 2014-06-10 05:22:06.2 2456818.7237 ir140609.0184          [05:22:53.6
YALE-03A-0001  OBJECT 4U1543-47           30.0 H       17:53:37 2014-06-10 05:22:52.4 2456818.7242 ir140609.0185          [05:23:38.9
YALE-03A-0001  OBJECT 4U1543-47          180.0 I       17:51:21 2014-06-10 05:20:36.5 2456818.7226 ccd140609.0057         [05:24:21.1
YALE-03A-0001  OBJECT 4U1543-47           30.0 H       17:54:23 2014-06-10 05:23:38.5 2456818.7248 ir140609.0186          [05:24:24.9
SUNY-04A-0011  OBJECT Sz 102              35.0 J       17:56:22 2014-06-10 05:25:36.6 2456818.7261 ir140609.0187          [05:26:28.9
SUNY-04A-0011  OBJECT Sz 102              35.0 J       17:57:13 2014-06-10 05:26:27.5 2456818.7267 ir140609.0188          [05:27:18.8
SUNY-04A-0011  OBJECT Sz 102              35.0 J       17:58:04 2014-06-10 05:27:18.7 2456818.7273 ir140609.0189          [05:28:11.0
SUNY-04A-0011  OBJECT Sz 102             124.0 I       17:56:24 2014-06-10 05:25:39.2 2456818.7261 ccd140609.0058         [05:28:26.9
SUNY-04A-0011  OBJECT Sz 102              35.0 H       17:59:20 2014-06-10 05:28:34.3 2456818.7282 ir140609.0190          [05:29:26.7
SUNY-04A-0011  OBJECT Sz 102              35.0 H       18:00:11 2014-06-10 05:29:25.2 2456818.7288 ir140609.0191          [05:30:16.3
SUNY-04A-0011  OBJECT Sz 102              35.0 H       18:01:03 2014-06-10 05:30:17.0 2456818.7294 ir140609.0192          [05:31:09.2
SUNY-04A-0011  OBJECT Sz 102             124.0 B       17:59:23 2014-06-10 05:28:36.9 2456818.7282 ccd140609.0059         [05:32:07.8
SUNY-04A-0011  OBJECT Sz 102              35.0 K       18:02:17 2014-06-10 05:31:31.0 2456818.7302 ir140609.0193          [05:32:23.6
SUNY-04A-0011  OBJECT Sz 102              35.0 K       18:03:08 2014-06-10 05:32:22.2 2456818.7308 ir140609.0194          [05:33:13.5
SUNY-04A-0011  OBJECT Sz 102              35.0 K       18:03:59 2014-06-10 05:33:13.2 2456818.7314 ir140609.0195          [05:34:05.5
SUNY-04A-0011  OBJECT Sz 102             124.0 V       18:02:20 2014-06-10 05:31:33.5 2456818.7303 ccd140609.0060         [05:35:04.4
SUNY-04A-0011  OBJECT Sz 102              35.0 K       18:05:13 2014-06-10 05:34:26.8 2456818.7322 ir140609.0196          [05:35:19.6
SUNY-04A-0011  OBJECT Sz 102              35.0 K       18:06:04 2014-06-10 05:35:17.6 2456818.7328 ir140609.0197          [05:36:08.9
SUNY-04A-0011  OBJECT Sz 102              35.0 K       18:06:55 2014-06-10 05:36:08.7 2456818.7334 ir140609.0198          [05:37:01.1
SUNY-04A-0011  OBJECT Sz 102             124.0 R       18:05:16 2014-06-10 05:34:29.3 2456818.7323 ccd140609.0061         [05:37:17.1
CHILE-13B-0039 OBJECT OY Ara             160.0 V       18:10:03 2014-06-10 05:39:16.1 2456818.7356 ccd140609.0062         [05:42:40.7
CHILE-13B-0039 OBJECT OY Ara              80.0 V       18:13:35 2014-06-10 05:42:46.9 2456818.7380 ccd140609.0063         [05:44:50.7
SUNY-04A-0011  OBJECT V1280 Sco           10.0 J       18:17:08 2014-06-10 05:46:19.1 2456818.7405 ir140609.0199          [05:46:46.4
SUNY-04A-0011  OBJECT V1280 Sco           10.0 J       18:17:34 2014-06-10 05:46:44.9 2456818.7408 ir140609.0200          [05:47:11.0
SUNY-04A-0011  OBJECT V1280 Sco           10.0 I       18:17:10 2014-06-10 05:46:21.7 2456818.7405 ccd140609.0064         [05:47:16.4
SUNY-04A-0011  OBJECT V1280 Sco           10.0 J       18:17:59 2014-06-10 05:47:10.9 2456818.7411 ir140609.0201          [05:47:37.1
SUNY-04A-0011  OBJECT V1280 Sco           10.1 H       18:18:32 2014-06-10 05:47:43.7 2456818.7415 ir140609.0202          [05:48:11.8
SUNY-04A-0011  OBJECT V1280 Sco           10.0 H       18:18:59 2014-06-10 05:48:09.8 2456818.7418 ir140609.0203          [05:48:35.9
SUNY-04A-0011  OBJECT V1280 Sco           20.0 B       18:18:35 2014-06-10 05:47:46.3 2456818.7415 ccd140609.0065         [05:48:51.0
SUNY-04A-0011  OBJECT V1280 Sco           10.0 H       18:19:25 2014-06-10 05:48:35.7 2456818.7421 ir140609.0204          [05:49:02.0
SUNY-04A-0011  OBJECT V1280 Sco           10.0 K       18:19:57 2014-06-10 05:49:07.8 2456818.7424 ir140609.0205          [05:49:35.2
SUNY-04A-0011  OBJECT V1280 Sco           10.1 K       18:20:23 2014-06-10 05:49:33.7 2456818.7428 ir140609.0206          [05:50:00.0
SUNY-04A-0011  OBJECT V1280 Sco           10.0 V       18:19:59 2014-06-10 05:49:10.3 2456818.7425 ccd140609.0066         [05:50:04.8
SUNY-04A-0011  OBJECT V1280 Sco           10.1 K       18:20:49 2014-06-10 05:49:59.9 2456818.7431 ir140609.0207          [05:50:26.4
SUNY-04A-0011  OBJECT V1280 Sco           10.1 K       18:21:20 2014-06-10 05:50:31.1 2456818.7434 ir140609.0208          [05:50:58.5
SUNY-04A-0011  OBJECT V1280 Sco           10.1 K       18:21:46 2014-06-10 05:50:56.9 2456818.7437 ir140609.0209          [05:52:15.9
OSU-03A-0001   OBJECT OB140670            50.0 H       18:41:39 2014-06-10 06:10:46.3 2456818.7575 ir140609.0210          [06:11:54.4
OSU-03A-0001   OBJECT OB140670            50.0 H       18:42:45 2014-06-10 06:11:52.3 2456818.7582 ir140609.0211          [06:12:58.5
OSU-03A-0001   OBJECT OB140670            50.0 H       18:43:51 2014-06-10 06:12:58.1 2456818.7590 ir140609.0212          [06:14:05.4
OSU-03A-0001   OBJECT OB140670            50.0 H       18:44:57 2014-06-10 06:14:04.0 2456818.7598 ir140609.0213          [06:15:10.4
OSU-03A-0001   OBJECT OB140670            50.0 H       18:46:03 2014-06-10 06:15:09.8 2456818.7605 ir140609.0214          [06:16:18.4
OSU-03A-0001   OBJECT OB140670           300.0 I       18:41:41 2014-06-10 06:10:48.9 2456818.7575 ccd140609.0067         [06:16:32.8
OSU-03A-0001   OBJECT OB140500            50.0 H       18:49:24 2014-06-10 06:18:29.8 2456818.7628 ir140609.0215          [06:19:37.7
OSU-03A-0001   OBJECT OB140500            50.0 H       18:50:30 2014-06-10 06:19:35.7 2456818.7636 ir140609.0216          [06:20:42.1
OSU-03A-0001   OBJECT OB140500            50.0 H       18:51:36 2014-06-10 06:20:41.8 2456818.7644 ir140609.0217          [06:21:49.4
OSU-03A-0001   OBJECT OB140500            50.0 H       18:52:42 2014-06-10 06:21:48.0 2456818.7651 ir140609.0218          [06:22:54.3
OSU-03A-0001   OBJECT OB140500            50.0 H       18:53:48 2014-06-10 06:22:53.7 2456818.7659 ir140609.0219          [06:24:01.2
OSU-03A-0001   OBJECT OB140500           300.0 I       18:49:26 2014-06-10 06:18:32.4 2456818.7629 ccd140609.0068         [06:24:16.2
OSU-03A-0001   OBJECT OB140923            50.0 H       18:58:18 2014-06-10 06:27:23.0 2456818.7690 ir140609.0220          [06:28:30.5
OSU-03A-0001   OBJECT OB140923            50.0 H       18:59:24 2014-06-10 06:28:28.9 2456818.7698 ir140609.0221          [06:29:35.3
OSU-03A-0001   OBJECT OB140923            50.0 H       19:00:31 2014-06-10 06:29:35.0 2456818.7705 ir140609.0222          [06:30:42.5
OSU-03A-0001   OBJECT OB140923            50.0 H       19:01:37 2014-06-10 06:30:41.3 2456818.7713 ir140609.0223          [06:31:48.2
OSU-03A-0001   OBJECT OB140923            50.0 H       19:02:43 2014-06-10 06:31:47.6 2456818.7721 ir140609.0224          [06:32:54.9
OSU-03A-0001   OBJECT OB140923           300.0 I       18:58:21 2014-06-10 06:27:25.5 2456818.7690 ccd140609.0069         [06:33:09.4
OSU-03A-0001   OBJECT OB140866            50.0 H       19:05:26 2014-06-10 06:34:29.4 2456818.7739 ir140609.0225          [06:35:36.7
OSU-03A-0001   OBJECT OB140866            50.0 H       19:06:32 2014-06-10 06:35:35.3 2456818.7747 ir140609.0226          [06:36:41.7
OSU-03A-0001   OBJECT OB140866            50.0 H       19:07:38 2014-06-10 06:36:41.4 2456818.7755 ir140609.0227          [06:37:48.8
OSU-03A-0001   OBJECT OB140866            50.0 H       19:08:44 2014-06-10 06:37:47.6 2456818.7762 ir140609.0228          [06:38:53.9
OSU-03A-0001   OBJECT OB140866            50.0 H       19:09:51 2014-06-10 06:38:53.6 2456818.7770 ir140609.0229          [06:40:01.0
OSU-03A-0001   OBJECT OB140866           300.0 I       19:05:28 2014-06-10 06:34:31.9 2456818.7740 ccd140609.0070         [06:40:15.7
OSU-03A-0001   OBJECT OB140896            50.0 H       19:15:38 2014-06-10 06:44:40.4 2456818.7810 ir140609.0230          [06:45:48.2
OSU-03A-0001   OBJECT OB140896            50.0 H       19:16:44 2014-06-10 06:45:46.2 2456818.7818 ir140609.0231          [06:46:52.5
OSU-03A-0001   OBJECT OB140896            50.0 H       19:17:51 2014-06-10 06:46:52.3 2456818.7826 ir140609.0232          [06:47:59.7
OSU-03A-0001   OBJECT OB140896            50.0 H       19:18:57 2014-06-10 06:47:58.5 2456818.7833 ir140609.0233          [06:49:04.9
OSU-03A-0001   OBJECT OB140896            50.0 H       19:20:03 2014-06-10 06:49:04.3 2456818.7841 ir140609.0234          [06:50:11.6
OSU-03A-0001   OBJECT OB140896           300.0 I       19:15:41 2014-06-10 06:44:42.9 2456818.7810 ccd140609.0071         [06:50:26.6
SUNY-04A-0011  OBJECT N Sco 2013          27.0 J       19:22:42 2014-06-10 06:51:42.4 2456818.7859 ir140609.0235          [06:52:26.6
SUNY-04A-0011  OBJECT N Sco 2013          27.0 J       19:23:25 2014-06-10 06:52:25.3 2456818.7864 ir140609.0236          [06:53:08.6
SUNY-04A-0011  OBJECT N Sco 2013          27.0 J       19:24:08 2014-06-10 06:53:08.4 2456818.7869 ir140609.0237          [06:53:52.8
SUNY-04A-0011  OBJECT N Sco 2013         100.0 I       19:22:44 2014-06-10 06:51:44.9 2456818.7859 ccd140609.0072         [06:54:51.9
SUNY-04A-0011  OBJECT N Sco 2013          27.0 H       19:25:15 2014-06-10 06:54:15.8 2456818.7877 ir140609.0238          [06:55:00.7
SUNY-04A-0011  OBJECT N Sco 2013          27.0 H       19:25:58 2014-06-10 06:54:58.6 2456818.7882 ir140609.0239          [06:55:41.9
SUNY-04A-0011  OBJECT N Sco 2013          27.0 H       19:26:42 2014-06-10 06:55:41.7 2456818.7887 ir140609.0240          [06:56:25.8
SUNY-04A-0011  OBJECT N Sco 2013         100.0 B       19:25:18 2014-06-10 06:54:18.4 2456818.7877 ccd140609.0073         [06:56:42.2
SUNY-04A-0011  OBJECT N Sco 2013          27.0 K       19:27:48 2014-06-10 06:56:48.3 2456818.7895 ir140609.0241          [06:57:32.6
SUNY-04A-0011  OBJECT N Sco 2013          27.0 K       19:28:31 2014-06-10 06:57:31.2 2456818.7899 ir140609.0242          [06:58:14.6
SUNY-04A-0011  OBJECT N Sco 2013          27.0 K       19:29:15 2014-06-10 06:58:14.3 2456818.7904 ir140609.0243          [06:58:58.5
SUNY-04A-0011  OBJECT N Sco 2013         100.0 V       19:27:51 2014-06-10 06:56:50.9 2456818.7895 ccd140609.0074         [06:59:58.0
SUNY-04A-0011  OBJECT N Sco 2013          27.0 K       19:30:20 2014-06-10 06:59:20.0 2456818.7912 ir140609.0244          [07:00:04.2
SUNY-04A-0011  OBJECT N Sco 2013          27.0 K       19:31:04 2014-06-10 07:00:03.0 2456818.7917 ir140609.0245          [07:01:29.5
SUNY-04A-0011  OBJECT N Sco 2013          27.0 K       19:31:47 2014-06-10 07:00:46.1 2456818.7922 ir140609.0246          [07:01:31.1
SUNY-04A-0011  OBJECT N Sco 2013         100.0 R       19:30:23 2014-06-10 06:59:22.7 2456818.7912 ccd140609.0075         [07:01:46.5
SUNY-04A-0011  OBJECT N Sgr 2012          27.0 J       19:34:30 2014-06-10 07:03:28.7 2456818.7941 ir140609.0247          [07:04:12.9
SUNY-04A-0011  OBJECT N Sgr 2012          27.0 J       19:35:13 2014-06-10 07:04:11.6 2456818.7946 ir140609.0248          [07:04:55.0
SUNY-04A-0011  OBJECT N Sgr 2012          27.0 J       19:35:56 2014-06-10 07:04:54.7 2456818.7951 ir140609.0249          [07:05:39.1
SUNY-04A-0011  OBJECT N Sgr 2012         100.0 I       19:34:32 2014-06-10 07:03:31.1 2456818.7941 ccd140609.0076         [07:06:47.9
OSU-03A-0001   OBJECT OB140419            50.0 H       19:59:10 2014-06-10 07:28:05.0 2456818.8112 ir140609.0250          [07:29:13.2
OSU-03A-0001   OBJECT OB140419            50.0 H       20:00:16 2014-06-10 07:29:10.9 2456818.8119 ir140609.0251          [07:30:17.3
OSU-03A-0001   OBJECT OB140419            50.0 H       20:01:23 2014-06-10 07:30:17.1 2456818.8127 ir140609.0252          [07:31:24.5
OSU-03A-0001   OBJECT OB140419            50.0 H       20:02:29 2014-06-10 07:31:23.2 2456818.8135 ir140609.0253          [07:32:29.7
OSU-03A-0001   OBJECT OB140419            50.0 H       20:03:35 2014-06-10 07:32:29.3 2456818.8142 ir140609.0254          [07:33:36.6
OSU-03A-0001   OBJECT OB140419           300.0 I       19:59:13 2014-06-10 07:28:07.5 2456818.8112 ccd140609.0077         [07:33:51.4
OSU-03A-0001   OBJECT OB140914            50.0 H       20:06:29 2014-06-10 07:35:22.7 2456818.8162 ir140609.0255          [07:36:30.1
OSU-03A-0001   OBJECT OB140914            50.0 H       20:07:35 2014-06-10 07:36:28.8 2456818.8170 ir140609.0256          [07:37:35.2
OSU-03A-0001   OBJECT OB140914            50.0 H       20:08:42 2014-06-10 07:37:34.9 2456818.8178 ir140609.0257          [07:38:42.3
OSU-03A-0001   OBJECT OB140914            50.0 H       20:09:48 2014-06-10 07:38:41.0 2456818.8185 ir140609.0258          [07:39:47.4
OSU-03A-0001   OBJECT OB140914            50.0 H       20:10:54 2014-06-10 07:39:46.9 2456818.8193 ir140609.0259          [07:40:54.9
OSU-03A-0001   OBJECT OB140914           300.0 I       20:06:31 2014-06-10 07:35:25.1 2456818.8163 ccd140609.0078         [07:41:09.0
OSU-03A-0001   OBJECT OB140987            50.0 H       20:14:31 2014-06-10 07:43:23.7 2456818.8218 ir140609.0260          [07:44:31.0
OSU-03A-0001   OBJECT OB140987            50.0 H       20:15:37 2014-06-10 07:44:29.7 2456818.8226 ir140609.0261          [07:45:36.0
OSU-03A-0001   OBJECT OB140987            50.0 H       20:16:45 2014-06-10 07:45:36.7 2456818.8233 ir140609.0262          [07:46:44.0
OSU-03A-0001   OBJECT OB140987            50.0 H       20:17:51 2014-06-10 07:46:42.9 2456818.8241 ir140609.0263          [07:47:49.3
OSU-03A-0001   OBJECT OB140987            50.0 H       20:18:57 2014-06-10 07:47:49.1 2456818.8249 ir140609.0264          [07:48:56.5
OSU-03A-0001   OBJECT OB140987           300.0 I       20:14:34 2014-06-10 07:43:26.1 2456818.8218 ccd140609.0079         [07:49:10.0
OSU-03A-0001   OBJECT OB141049            50.0 H       20:23:37 2014-06-10 07:52:27.9 2456818.8281 ir140609.0265          [07:53:34.8
OSU-03A-0001   OBJECT OB141049            50.0 H       20:24:43 2014-06-10 07:53:33.6 2456818.8289 ir140609.0266          [07:54:40.0
OSU-03A-0001   OBJECT OB141049            50.0 H       20:25:49 2014-06-10 07:54:39.8 2456818.8296 ir140609.0267          [07:55:47.1
OSU-03A-0001   OBJECT OB141049            50.0 H       20:26:56 2014-06-10 07:55:45.9 2456818.8304 ir140609.0268          [07:56:52.3
OSU-03A-0001   OBJECT OB141049            50.0 H       20:28:02 2014-06-10 07:56:51.8 2456818.8311 ir140609.0269          [07:57:59.1
OSU-03A-0001   OBJECT OB141049           300.0 I       20:23:39 2014-06-10 07:52:30.3 2456818.8281 ccd140609.0080         [07:58:13.9
SUNY-04A-0011  OBJECT V1309 Sco           45.0 J       20:31:05 2014-06-10 07:59:54.6 2456818.8333 ir140609.0270          [08:00:56.9
SUNY-04A-0011  OBJECT V1309 Sco           45.0 J       20:32:06 2014-06-10 08:00:55.6 2456818.8340 ir140609.0271          [08:01:57.0
SUNY-04A-0011  OBJECT V1309 Sco           45.0 J       20:33:07 2014-06-10 08:01:56.7 2456818.8347 ir140609.0272          [08:02:59.0
SUNY-04A-0011  OBJECT V1309 Sco          154.0 I       20:31:08 2014-06-10 07:59:57.1 2456818.8333 ccd140609.0081         [08:03:15.1
SUNY-04A-0011  OBJECT V1309 Sco           45.0 H       20:34:33 2014-06-10 08:03:22.3 2456818.8357 ir140609.0273          [08:04:24.6
SUNY-04A-0011  OBJECT V1309 Sco           45.0 H       20:35:35 2014-06-10 08:04:23.3 2456818.8364 ir140609.0274          [08:05:24.7
SUNY-04A-0011  OBJECT V1309 Sco           45.0 H       20:36:36 2014-06-10 08:05:24.6 2456818.8371 ir140609.0275          [08:06:27.0
SUNY-04A-0011  OBJECT V1309 Sco          154.0 B       20:34:36 2014-06-10 08:03:24.8 2456818.8357 ccd140609.0082         [08:06:42.6
SUNY-04A-0011  OBJECT V1309 Sco           10.0 J       20:38:01 2014-06-10 08:06:49.4 2456818.8381 ir140609.0276          [08:07:16.6
SUNY-04A-0011  OBJECT V1309 Sco           10.0 J       20:38:27 2014-06-10 08:07:15.2 2456818.8384 ir140609.0277          [08:07:41.5
SUNY-04A-0011  OBJECT V1309 Sco           10.0 J       20:38:53 2014-06-10 08:07:41.3 2456818.8387 ir140609.0278          [08:08:08.4
SUNY-04A-0011  OBJECT V1309 Sco           45.0 V       20:38:04 2014-06-10 08:06:52.0 2456818.8381 ccd140609.0083         [08:08:20.9
SUNY-04A-0011  OBJECT V1309 Sco           45.0 K       20:39:40 2014-06-10 08:08:28.2 2456818.8392 ir140609.0279          [08:09:30.5
SUNY-04A-0011  OBJECT V1309 Sco           45.0 K       20:40:41 2014-06-10 08:09:29.2 2456818.8399 ir140609.0280          [08:10:30.6
SUNY-04A-0011  OBJECT V1309 Sco           45.0 K       20:41:43 2014-06-10 08:10:31.2 2456818.8406 ir140609.0281          [08:11:33.6
SUNY-04A-0011  OBJECT V1309 Sco          154.0 R       20:39:43 2014-06-10 08:08:30.7 2456818.8392 ccd140609.0084         [08:11:48.6
SUNY-04A-0011  OBJECT V5558 Sgr           27.0 J       20:44:46 2014-06-10 08:13:33.4 2456818.8427 ir140609.0282          [08:14:18.3
SUNY-04A-0011  OBJECT V5558 Sgr           27.0 J       20:45:29 2014-06-10 08:14:16.4 2456818.8432 ir140609.0283          [08:14:59.6
SUNY-04A-0011  OBJECT V5558 Sgr           27.0 J       20:46:12 2014-06-10 08:14:59.4 2456818.8437 ir140609.0284          [08:15:43.7
SUNY-04A-0011  OBJECT V5558 Sgr          100.0 I       20:44:49 2014-06-10 08:13:35.8 2456818.8428 ccd140609.0085         [08:15:59.9
SUNY-04A-0011  OBJECT V5558 Sgr           27.0 H       20:47:20 2014-06-10 08:16:07.3 2456818.8445 ir140609.0285          [08:16:51.7
SUNY-04A-0011  OBJECT V5558 Sgr           27.0 H       20:48:04 2014-06-10 08:16:50.4 2456818.8450 ir140609.0286          [08:17:33.7
SUNY-04A-0011  OBJECT V5558 Sgr           27.0 H       20:48:47 2014-06-10 08:17:33.6 2456818.8455 ir140609.0287          [08:18:17.8
SUNY-04A-0011  OBJECT V5558 Sgr          100.0 B       20:47:23 2014-06-10 08:16:09.7 2456818.8446 ccd140609.0086         [08:18:33.8
SUNY-04A-0011  OBJECT V5558 Sgr           27.0 K       20:49:54 2014-06-10 08:18:40.1 2456818.8463 ir140609.0288          [08:19:24.3
SUNY-04A-0011  OBJECT V5558 Sgr           27.0 K       20:50:37 2014-06-10 08:19:23.0 2456818.8468 ir140609.0289          [08:20:06.4
SUNY-04A-0011  OBJECT V5558 Sgr           27.0 K       20:51:20 2014-06-10 08:20:06.2 2456818.8473 ir140609.0290          [08:20:50.5
SUNY-04A-0011  OBJECT V5558 Sgr          100.0 V       20:49:56 2014-06-10 08:18:42.6 2456818.8463 ccd140609.0087         [08:21:06.5
SUNY-04A-0011  OBJECT V5558 Sgr           27.0 K       20:52:26 2014-06-10 08:21:12.0 2456818.8481 ir140609.0291          [08:21:56.2
SUNY-04A-0011  OBJECT V5558 Sgr           27.0 K       20:53:09 2014-06-10 08:21:54.9 2456818.8486 ir140609.0292          [08:22:38.1
SUNY-04A-0011  OBJECT V5558 Sgr           27.0 K       20:53:52 2014-06-10 08:22:38.0 2456818.8490 ir140609.0293          [08:23:22.2
SUNY-04A-0011  OBJECT V5558 Sgr          100.0 R       20:52:29 2014-06-10 08:21:14.6 2456818.8481 ccd140609.0088         [08:23:38.4
YALE-03A-0001  OBJECT V4641               20.1 K       20:57:45 2014-06-10 08:26:30.3 2456818.8517 ir140609.0294          [08:27:07.6
YALE-03A-0001  OBJECT V4641               20.0 B       20:57:48 2014-06-10 08:26:33.0 2456818.8518 ccd140609.0089         [08:27:36.8
YALE-03A-0001  OBJECT V4641               20.1 K       20:58:21 2014-06-10 08:27:06.3 2456818.8522 ir140609.0295          [08:27:43.6
YALE-03A-0001  OBJECT V4641               20.1 K       20:58:58 2014-06-10 08:27:42.7 2456818.8526 ir140609.0296          [08:28:19.1
YALE-03A-0001  OBJECT V4641               20.0 B       20:58:54 2014-06-10 08:27:39.4 2456818.8525 ccd140609.0090         [08:28:44.0
YALE-03A-0001  OBJECT V4641               20.0 K       20:58:58 2014-06-10 08:27:42.7 2456818.8526 ir140609.0297          [08:29:05.1
YALE-03A-0001  OBJECT V4641               20.0 K       21:00:20 2014-06-10 08:29:04.7 2456818.8535 ir140609.0298          [08:29:42.0
YALE-03A-0001  OBJECT V4641               20.0 B       21:00:01 2014-06-10 08:28:45.8 2456818.8533 ccd140609.0091         [08:29:49.5
YALE-03A-0001  OBJECT V4641               15.1 J       21:01:13 2014-06-10 08:29:57.8 2456818.8541 ir140609.0299          [08:30:30.3
YALE-03A-0001  OBJECT V4641               15.0 I       21:01:16 2014-06-10 08:30:00.4 2456818.8542 ccd140609.0092         [08:30:59.2
YALE-03A-0001  OBJECT V4641               15.1 J       21:01:13 2014-06-10 08:29:57.8 2456818.8541 ir140609.0300          [08:31:12.4
YALE-03A-0001  OBJECT V4641               15.1 J       21:02:27 2014-06-10 08:31:11.6 2456818.8550 ir140609.0301          [08:31:43.0
YALE-03A-0001  OBJECT V4641               15.0 J       21:02:59 2014-06-10 08:31:42.9 2456818.8554 ir140609.0302          [08:32:15.1
YALE-03A-0001  OBJECT V4641               15.1 J       21:03:30 2014-06-10 08:32:14.2 2456818.8557 ir140609.0303          [08:32:45.5
YALE-03A-0001  OBJECT V4641               15.0 H       21:04:26 2014-06-10 08:33:10.0 2456818.8564 ir140609.0304          [08:33:43.9
YALE-03A-0001  OBJECT V4641               15.0 H       21:04:57 2014-06-10 08:33:41.0 2456818.8567 ir140609.0305          [08:34:12.4
YALE-03A-0001  OBJECT V4641               15.0 H       21:05:28 2014-06-10 08:34:12.3 2456818.8571 ir140609.0306          [08:34:45.1
YALE-03A-0001  OBJECT V4641               15.0 H       21:06:00 2014-06-10 08:34:43.6 2456818.8575 ir140609.0307          [08:35:15.0
YALE-03A-0001  OBJECT V4641               15.1 H       21:06:00 2014-06-10 08:34:43.6 2456818.8575 ir140609.0308          [08:35:56.9
LSU-11B-0003   OBJECT V3890 Sgr          100.0 J       21:10:25 2014-06-10 08:39:08.4 2456818.8605 ir140609.0309          [08:41:04.8
LSU-11B-0003   OBJECT V3890 Sgr          100.0 J       21:12:21 2014-06-10 08:41:04.2 2456818.8618 ir140609.0310          [08:43:01.5
LSU-14A-0001   OBJECT V1017 Sgr           60.0 J       21:16:16 2014-06-10 08:44:58.3 2456818.8646 ir140609.0311          [08:49:27.3
GSU-03A-0006   OBJECT pks2142-75          35.0 K       21:51:57 2014-06-10 09:20:32.9 2456818.8893 ir140609.0312          [09:21:25.1
GSU-03A-0006   OBJECT pks2142-75          35.0 K       21:52:48 2014-06-10 09:21:24.0 2456818.8899 ir140609.0313          [09:22:15.4
GSU-03A-0006   OBJECT pks2142-75          35.0 K       21:53:39 2014-06-10 09:22:15.4 2456818.8905 ir140609.0314          [09:23:07.8
GSU-03A-0006   OBJECT pks2142-75          35.0 K       21:54:31 2014-06-10 09:23:06.8 2456818.8911 ir140609.0315          [09:23:58.1
CHILE-14A-0077 OBJECT ASASSN-14az         60.0 J       21:58:32 2014-06-10 09:27:07.4 2456818.8938 ir140609.0316          [09:28:24.7
CHILE-14A-0077 OBJECT ASASSN-14az         60.0 J       21:59:48 2014-06-10 09:28:23.5 2456818.8947 ir140609.0317          [09:29:39.8
CHILE-14A-0077 OBJECT ASASSN-14az         60.0 J       22:01:05 2014-06-10 09:29:39.8 2456818.8956 ir140609.0318          [09:30:57.3
CHILE-14A-0077 OBJECT ASASSN-14az         60.0 H       22:02:28 2014-06-10 09:31:02.4 2456818.8966 ir140609.0319          [09:32:18.7
CHILE-14A-0077 OBJECT ASASSN-14az         60.0 H       22:03:44 2014-06-10 09:32:18.5 2456818.8974 ir140609.0320          [09:33:35.7
CHILE-14A-0077 OBJECT ASASSN-14az         60.0 H       22:05:01 2014-06-10 09:33:34.9 2456818.8983 ir140609.0321          [09:34:51.3
CHILE-14A-0077 OBJECT ASASSN-14az         30.0 K       22:06:25 2014-06-10 09:34:59.2 2456818.8993 ir140609.0322          [09:35:46.5
CHILE-14A-0077 OBJECT ASASSN-14az         30.1 K       22:07:11 2014-06-10 09:35:45.1 2456818.8998 ir140609.0323          [09:36:31.7
CHILE-14A-0077 OBJECT ASASSN-14az         30.1 K       22:07:58 2014-06-10 09:36:31.6 2456818.9004 ir140609.0324          [09:37:18.8
CHILE-14A-0077 OBJECT ASASSN-14az         30.0 K       22:08:44 2014-06-10 09:37:17.9 2456818.9009 ir140609.0325          [09:38:04.3
