Project        ImType Object           ExpTime Filter  LST      UTDate     UTC        JD           Filename               [Logged@UT]
ALL            OBJECT JUNK                 5.0 J       09:44:15 2014-06-05 21:30:33.9 2456814.3962 ir140605junk.0001      [21:30:56.8
ALL            OBJECT JUNK                 5.0 J       09:44:35 2014-06-05 21:30:54.6 2456814.3965 ir140605junk.0002      [21:31:15.9
ALL            OBJECT JUNK                 1.0 I       09:44:17 2014-06-05 21:30:36.4 2456814.3963 ccd140605junk.0001     [21:31:22.0
ALL            OBJECT JUNK                 5.0 J       09:44:56 2014-06-05 21:31:14.9 2456814.3967 ir140605junk.0003      [21:31:36.2
ALL            OBJECT JUNK                 5.0 J       09:45:16 2014-06-05 21:31:35.1 2456814.3969 ir140605junk.0004      [21:31:57.9
ALL            OBJECT JUNK                 5.0 J       09:45:37 2014-06-05 21:31:55.9 2456814.3972 ir140605junk.0005      [21:32:17.3
ALL            BIAS   BIASES               0.0 I       09:46:05 2014-06-05 21:32:23.8 2456814.3975 ccd140605bias.0001     [21:33:08.4
ALL            BIAS   BIASES               0.0 I       09:46:52 2014-06-05 21:33:10.7 2456814.3980 ccd140605bias.0002     [21:33:54.5
ALL            BIAS   BIASES               0.0 I       09:47:39 2014-06-05 21:33:57.3 2456814.3986 ccd140605bias.0003     [21:34:41.8
ALL            FLAT   BJ Dome Flat        49.0 J       09:58:29 2014-06-05 21:44:46.0 2456814.4061 ir140605domeJ.0001     [21:48:09.9
ALL            FLAT   VJ Dome Flat        49.0 J       10:54:24 2014-06-05 22:40:31.4 2456814.4448 ir140605domeJ.0002     [22:41:37.8
ALL            FLAT   VJ Dome Flat        55.0 V       10:54:26 2014-06-05 22:40:33.3 2456814.4448 ccd140605domeV.0001    [22:42:12.2
ALL            FLAT   VJ Dome Flat        49.0 J       10:55:29 2014-06-05 22:41:36.3 2456814.4455 ir140605domeJ.0003     [22:42:42.5
ALL            FLAT   VJ Dome Flat        49.0 J       10:56:34 2014-06-05 22:42:41.6 2456814.4463 ir140605domeJ.0004     [22:43:46.9
ALL            FLAT   VJ Dome Flat        55.0 V       10:56:07 2014-06-05 22:42:14.8 2456814.4460 ccd140605domeV.0002    [22:43:54.4
ALL            FLAT   VJ Dome Flat        49.0 J       10:56:34 2014-06-05 22:42:41.6 2456814.4463 ir140605domeJ.0005     [22:45:02.0
ALL            FLAT   VJ Dome Flat        55.0 V       10:57:49 2014-06-05 22:43:56.2 2456814.4472 ccd140605domeV.0003    [22:45:35.9
ALL            FLAT   VJ Dome Flat        49.0 J       10:58:54 2014-06-05 22:45:01.5 2456814.4479 ir140605domeJ.0006     [22:46:06.9
ALL            FLAT   VJ Dome Flat        49.0 J       11:00:00 2014-06-05 22:46:06.8 2456814.4487 ir140605domeJ.0007     [22:47:13.0
ALL            FLAT   VJ Dome Flat        55.0 V       10:59:31 2014-06-05 22:45:37.5 2456814.4484 ccd140605domeV.0004    [22:47:16.4
ALL            FLAT   VJ Dome Flat        49.0 J       11:01:05 2014-06-05 22:47:11.9 2456814.4494 ir140605domeJ.0008     [22:48:18.2
ALL            FLAT   VJ Dome Flat        55.0 V       11:01:12 2014-06-05 22:47:18.9 2456814.4495 ccd140605domeV.0005    [22:48:57.8
ALL            FLAT   VJ Dome Flat        49.0 J       11:02:11 2014-06-05 22:48:17.0 2456814.4502 ir140605domeJ.0009     [22:49:24.0
ALL            FLAT   VJ Dome Flat        49.0 J       11:03:16 2014-06-05 22:49:22.0 2456814.4509 ir140605domeJ.0010     [22:50:27.3
ALL            FLAT   VJ Dome Flat        49.0 J       11:04:21 2014-06-05 22:50:27.4 2456814.4517 ir140605domeJ.0011     [22:51:33.8
ALL            FLAT   VJ Dome Flat        49.0 J       11:05:27 2014-06-05 22:51:32.6 2456814.4525 ir140605domeJ.0012     [22:52:38.0
ALL            FLAT   VJ Dome Flat        49.0 J       11:06:32 2014-06-05 22:52:37.6 2456814.4532 ir140605domeJ.0013     [22:53:43.8
ALL            FLAT   VJ Dome Flat        49.0 J       11:07:37 2014-06-05 22:53:42.6 2456814.4540 ir140605domeJ.0014     [22:54:48.0
ALL            FLAT   VJ Dome Flat        49.0 J       11:08:43 2014-06-05 22:54:47.8 2456814.4547 ir140605domeJ.0015     [22:55:54.0
ALL            FLAT   VJ Dome Flat        49.0 J       11:09:48 2014-06-05 22:55:52.7 2456814.4555 ir140605domeJ.0016     [22:56:57.9
ALL            FLAT   VJ Dome Flat        49.0 J       11:10:52 2014-06-05 22:56:57.5 2456814.4562 ir140605domeJ.0017     [22:58:03.8
ALL            FLAT   VJ Dome Flat        49.0 J       11:11:58 2014-06-05 22:58:02.8 2456814.4570 ir140605domeJ.0018     [22:59:08.1
ALL            FLAT   VJ Dome Flat        49.0 J       11:13:03 2014-06-05 22:59:08.0 2456814.4577 ir140605domeJ.0019     [23:00:14.3
ALL            FLAT   VJ Dome Flat        49.0 J       11:14:08 2014-06-05 23:00:12.9 2456814.4585 ir140605domeJ.0020     [23:01:18.4
ALL            FLAT   VJ Dome Flat        49.0 J       11:15:14 2014-06-05 23:01:18.2 2456814.4592 ir140605domeJ.0021     [23:02:24.4
ALL            FLAT   VJ Dome Flat        49.0 J       11:16:19 2014-06-05 23:02:23.3 2456814.4600 ir140605domeJ.0022     [23:03:29.1
ALL            FLAT   RJ Dome Flat        49.0 J       11:19:40 2014-06-05 23:05:44.0 2456814.4623 ir140605domeJ.0023     [23:06:50.3
ALL            FLAT   RJ Dome Flat        37.0 R       11:19:43 2014-06-05 23:05:46.6 2456814.4623 ccd140605domeR.0001    [23:07:07.4
ALL            FLAT   RJ Dome Flat        49.0 J       11:20:46 2014-06-05 23:06:49.0 2456814.4631 ir140605domeJ.0024     [23:07:55.3
ALL            FLAT   RJ Dome Flat        37.0 R       11:21:07 2014-06-05 23:07:10.2 2456814.4633 ccd140605domeR.0002    [23:08:31.1
ALL            FLAT   RJ Dome Flat        49.0 J       11:21:51 2014-06-05 23:07:54.3 2456814.4638 ir140605domeJ.0025     [23:09:00.7
ALL            FLAT   RJ Dome Flat        37.0 R       11:22:31 2014-06-05 23:08:33.8 2456814.4643 ccd140605domeR.0003    [23:09:54.6
ALL            FLAT   RJ Dome Flat        49.0 J       11:22:57 2014-06-05 23:08:59.7 2456814.4646 ir140605domeJ.0026     [23:10:05.9
ALL            FLAT   RJ Dome Flat        49.0 J       11:24:02 2014-06-05 23:10:04.6 2456814.4653 ir140605domeJ.0027     [23:11:09.8
ALL            FLAT   RJ Dome Flat        37.0 R       11:23:55 2014-06-05 23:09:57.5 2456814.4652 ccd140605domeR.0004    [23:11:19.1
ALL            FLAT   RJ Dome Flat        49.0 J       11:25:07 2014-06-05 23:11:09.5 2456814.4661 ir140605domeJ.0028     [23:12:14.9
ALL            FLAT   RJ Dome Flat        37.0 R       11:25:18 2014-06-05 23:11:20.9 2456814.4662 ccd140605domeR.0005    [23:12:42.5
ALL            FLAT   RJ Dome Flat        49.0 J       11:26:12 2014-06-05 23:12:14.7 2456814.4668 ir140605domeJ.0029     [23:13:20.1
ALL            FLAT   RJ Dome Flat        37.0 R       11:26:42 2014-06-05 23:12:44.8 2456814.4672 ccd140605domeR.0006    [23:14:06.4
ALL            FLAT   RJ Dome Flat        49.0 J       11:27:17 2014-06-05 23:13:19.6 2456814.4676 ir140605domeJ.0030     [23:14:25.0
ALL            FLAT   RJ Dome Flat        49.0 J       11:28:22 2014-06-05 23:14:24.6 2456814.4683 ir140605domeJ.0031     [23:15:31.0
ALL            FLAT   RJ Dome Flat        37.0 R       11:28:07 2014-06-05 23:14:08.8 2456814.4682 ccd140605domeR.0007    [23:15:32.1
ALL            FLAT   RJ Dome Flat        49.0 J       11:29:29 2014-06-05 23:15:30.6 2456814.4691 ir140605domeJ.0032     [23:16:36.8
ALL            FLAT   RJ Dome Flat        49.0 J       11:30:34 2014-06-05 23:16:35.9 2456814.4699 ir140605domeJ.0033     [23:17:41.1
ALL            FLAT   RJ Dome Flat        49.0 J       11:31:39 2014-06-05 23:17:40.5 2456814.4706 ir140605domeJ.0034     [23:18:46.9
ALL            FLAT   RJ Dome Flat        49.0 J       11:32:44 2014-06-05 23:18:45.6 2456814.4714 ir140605domeJ.0035     [23:19:50.9
ALL            FLAT   RJ Dome Flat        49.0 J       11:33:50 2014-06-05 23:19:50.8 2456814.4721 ir140605domeJ.0036     [23:20:57.2
ALL            FLAT   IJ Dome Flat        49.0 J       11:37:28 2014-06-05 23:23:29.0 2456814.4746 ir140605domeJ.0037     [23:24:34.2
ALL            FLAT   IJ Dome Flat        49.0 J       11:38:33 2014-06-05 23:24:33.9 2456814.4754 ir140605domeJ.0038     [23:25:40.5
ALL            FLAT   IJ Dome Flat        86.0 I       11:37:31 2014-06-05 23:23:31.6 2456814.4747 ccd140605domeI.0001    [23:25:41.6
ALL            FLAT   IJ Dome Flat        49.0 J       11:39:39 2014-06-05 23:25:39.0 2456814.4761 ir140605domeJ.0039     [23:26:46.2
ALL            FLAT   IJ Dome Flat        49.0 J       11:40:44 2014-06-05 23:26:44.5 2456814.4769 ir140605domeJ.0040     [23:27:49.7
ALL            FLAT   IJ Dome Flat        86.0 I       11:39:44 2014-06-05 23:25:44.1 2456814.4762 ccd140605domeI.0002    [23:27:54.6
ALL            FLAT   IJ Dome Flat        49.0 J       11:41:49 2014-06-05 23:27:49.4 2456814.4776 ir140605domeJ.0041     [23:28:55.0
ALL            FLAT   IJ Dome Flat        49.0 J       11:42:55 2014-06-05 23:28:54.9 2456814.4784 ir140605domeJ.0042     [23:30:01.1
ALL            FLAT   IJ Dome Flat        86.0 I       11:41:57 2014-06-05 23:27:57.1 2456814.4777 ccd140605domeI.0003    [23:30:06.8
ALL            FLAT   IJ Dome Flat        49.0 J       11:44:00 2014-06-05 23:29:59.9 2456814.4792 ir140605domeJ.0043     [23:31:06.1
ALL            FLAT   IJ Dome Flat        49.0 J       11:45:05 2014-06-05 23:31:04.8 2456814.4799 ir140605domeJ.0044     [23:32:10.1
ALL            FLAT   IJ Dome Flat        86.0 I       11:44:10 2014-06-05 23:30:09.7 2456814.4793 ccd140605domeI.0004    [23:32:20.3
ALL            FLAT   IJ Dome Flat        49.0 J       11:46:11 2014-06-05 23:32:09.8 2456814.4807 ir140605domeJ.0045     [23:33:15.4
ALL            FLAT   IJ Dome Flat        49.0 J       11:47:16 2014-06-05 23:33:15.0 2456814.4814 ir140605domeJ.0046     [23:34:21.1
ALL            FLAT   IJ Dome Flat        86.0 I       11:46:24 2014-06-05 23:32:22.8 2456814.4808 ccd140605domeI.0005    [23:34:32.7
ALL            FLAT   IJ Dome Flat        49.0 J       11:48:21 2014-06-05 23:34:20.1 2456814.4822 ir140605domeJ.0047     [23:35:26.7
ALL            FLAT   IJ Dome Flat        49.0 J       11:49:26 2014-06-05 23:35:25.1 2456814.4829 ir140605domeJ.0048     [23:36:30.7
ALL            FLAT   IJ Dome Flat        86.0 I       11:48:36 2014-06-05 23:34:35.2 2456814.4824 ccd140605domeI.0006    [23:36:46.2
ALL            FLAT   IJ Dome Flat        49.0 J       11:50:32 2014-06-05 23:36:30.4 2456814.4837 ir140605domeJ.0049     [23:37:36.7
ALL            FLAT   IJ Dome Flat        49.0 J       11:51:37 2014-06-05 23:37:35.8 2456814.4844 ir140605domeJ.0050     [23:38:42.0
ALL            FLAT   IJ Dome Flat        86.0 I       11:50:49 2014-06-05 23:36:47.6 2456814.4839 ccd140605domeI.0007    [23:38:57.5
ALL            FLAT   IJ Dome Flat        49.0 J       11:52:42 2014-06-05 23:38:40.5 2456814.4852 ir140605domeJ.0051     [23:39:46.9
ALL            FLAT   IJ Dome Flat        49.0 J       11:53:47 2014-06-05 23:39:45.5 2456814.4859 ir140605domeJ.0052     [23:40:50.8
ALL            FLAT   IJ Dome Flat        86.0 I       11:53:02 2014-06-05 23:39:00.5 2456814.4854 ccd140605domeI.0008    [23:41:11.1
ALL            FLAT   IJ Dome Flat        49.0 J       11:54:54 2014-06-05 23:40:51.2 2456814.4867 ir140605domeJ.0053     [23:41:56.6
ALL            FLAT   IJ Dome Flat        49.0 J       11:55:59 2014-06-05 23:41:56.6 2456814.4875 ir140605domeJ.0054     [23:43:03.0
ALL            FLAT   IJ Dome Flat        86.0 I       11:55:16 2014-06-05 23:41:13.4 2456814.4870 ccd140605domeI.0009    [23:43:23.2
ALL            FLAT   IJ Dome Flat        49.0 J       11:57:04 2014-06-05 23:43:01.6 2456814.4882 ir140605domeJ.0055     [23:44:07.8
ALL            FLAT   IJ Dome Flat        49.0 J       11:58:09 2014-06-05 23:44:06.6 2456814.4890 ir140605domeJ.0056     [23:45:11.9
ALL            FLAT   IJ Dome Flat        86.0 I       11:57:29 2014-06-05 23:43:26.0 2456814.4885 ccd140605domeI.0010    [23:45:38.4
ALL            FLAT   IJ Dome Flat        49.0 J       11:59:15 2014-06-05 23:45:11.7 2456814.4897 ir140605domeJ.0057     [23:46:17.1
ALL            OBJECT JUNK                 5.0 J       12:08:01 2014-06-05 23:53:56.1 2456814.4958 ir140605junk2.0001     [23:54:18.7
ALL            OBJECT JUNK                 5.0 J       12:08:21 2014-06-05 23:54:16.7 2456814.4960 ir140605junk2.0002     [23:54:37.9
ALL            OBJECT JUNK                 1.0 I       12:08:03 2014-06-05 23:53:58.7 2456814.4958 ccd140605junk2.0001    [23:54:44.3
ALL            OBJECT JUNK                 5.0 J       12:08:41 2014-06-05 23:54:37.0 2456814.4963 ir140605junk2.0003     [23:54:58.2
ALL            OBJECT JUNK                 5.0 J       12:09:02 2014-06-05 23:54:57.5 2456814.4965 ir140605junk2.0004     [23:55:20.1
ALL            OBJECT JUNK                 5.0 J       12:09:23 2014-06-05 23:55:18.1 2456814.4967 ir140605junk2.0005     [23:55:39.4
ALL            OBJECT J Dome LampOff      49.0 J       12:11:39 2014-06-05 23:57:33.6 2456814.4983 ir140605domeoffJ.0001  [23:58:39.9
ALL            OBJECT J Dome LampOff      49.0 J       12:12:44 2014-06-05 23:58:38.5 2456814.4991 ir140605domeoffJ.0002  [23:59:43.9
ALL            OBJECT J Dome LampOff      49.0 J       12:13:49 2014-06-05 23:59:43.8 2456814.4998 ir140605domeoffJ.0003  [00:00:50.1
ALL            OBJECT J Dome LampOff      49.0 J       12:14:54 2014-06-06 00:00:49.0 2456814.5006 ir140605domeoffJ.0004  [00:01:54.3
ALL            OBJECT J Dome LampOff      49.0 J       12:16:00 2014-06-06 00:01:53.9 2456814.5013 ir140605domeoffJ.0005  [00:03:00.2
ALL            OBJECT J Dome LampOff      49.0 J       12:17:05 2014-06-06 00:02:59.1 2456814.5021 ir140605domeoffJ.0006  [00:04:04.4
ALL            OBJECT J Dome LampOff      49.0 J       12:18:10 2014-06-06 00:04:04.2 2456814.5028 ir140605domeoffJ.0007  [00:05:10.5
ALL            OBJECT J Dome LampOff      49.0 J       12:19:16 2014-06-06 00:05:09.8 2456814.5036 ir140605domeoffJ.0008  [00:06:15.1
ALL            OBJECT J Dome LampOff      49.0 J       12:20:21 2014-06-06 00:06:14.7 2456814.5043 ir140605domeoffJ.0009  [00:07:21.0
ALL            OBJECT J Dome LampOff      49.0 J       12:21:27 2014-06-06 00:07:20.0 2456814.5051 ir140605domeoffJ.0010  [00:08:25.4
ALL            OBJECT J Dome LampOff      49.0 J       12:22:32 2014-06-06 00:08:25.3 2456814.5058 ir140605domeoffJ.0011  [00:09:31.5
ALL            OBJECT J Dome LampOff      49.0 J       12:23:37 2014-06-06 00:09:30.2 2456814.5066 ir140605domeoffJ.0012  [00:10:35.5
ALL            OBJECT J Dome LampOff      49.0 J       12:24:42 2014-06-06 00:10:35.2 2456814.5074 ir140605domeoffJ.0013  [00:11:41.4
ALL            OBJECT J Dome LampOff      49.0 J       12:25:48 2014-06-06 00:11:40.3 2456814.5081 ir140605domeoffJ.0014  [00:12:45.8
ALL            OBJECT J Dome LampOff      49.0 J       12:27:17 2014-06-06 00:13:09.1 2456814.5091 ir140605domeoffJ.0015  [00:14:15.6
ALL            OBJECT J Dome LampOff      49.0 J       12:28:22 2014-06-06 00:14:14.0 2456814.5099 ir140605domeoffJ.0016  [00:15:19.3
ALL            OBJECT J Dome LampOff      49.0 J       12:29:27 2014-06-06 00:15:19.3 2456814.5106 ir140605domeoffJ.0017  [00:16:25.5
ALL            OBJECT J Dome LampOff      49.0 J       12:30:33 2014-06-06 00:16:24.5 2456814.5114 ir140605domeoffJ.0018  [00:17:29.8
ALL            OBJECT J Dome LampOff      49.0 J       12:31:38 2014-06-06 00:17:29.4 2456814.5121 ir140605domeoffJ.0019  [00:18:35.6
ALL            OBJECT J Dome LampOff      49.0 J       12:32:43 2014-06-06 00:18:34.6 2456814.5129 ir140605domeoffJ.0020  [00:19:39.9
ALL            OBJECT J Dome LampOff      49.0 J       12:33:48 2014-06-06 00:19:39.8 2456814.5137 ir140605domeoffJ.0021  [00:20:46.1
ALL            OBJECT J Dome LampOff      49.0 J       12:34:54 2014-06-06 00:20:44.8 2456814.5144 ir140605domeoffJ.0022  [00:21:50.1
ALL            OBJECT J Dome LampOff      49.0 J       12:35:59 2014-06-06 00:21:49.7 2456814.5151 ir140605domeoffJ.0023  [00:22:55.8
ALL            OBJECT J Dome LampOff      49.0 J       12:37:04 2014-06-06 00:22:54.9 2456814.5159 ir140605domeoffJ.0024  [00:24:00.1
ALL            OBJECT J Dome LampOff      49.0 J       12:38:09 2014-06-06 00:24:00.2 2456814.5167 ir140605domeoffJ.0025  [00:25:06.4
ALL            OBJECT J Dome LampOff      49.0 J       12:39:15 2014-06-06 00:25:05.0 2456814.5174 ir140605domeoffJ.0026  [00:26:10.5
ALL            OBJECT J Dome LampOff      49.0 J       12:40:20 2014-06-06 00:26:10.4 2456814.5182 ir140605domeoffJ.0027  [00:27:16.7
ALL            OBJECT J Dome LampOff      49.0 J       12:41:25 2014-06-06 00:27:15.5 2456814.5189 ir140605domeoffJ.0028  [00:28:20.9
ALL            OBJECT J Dome LampOff      49.0 J       12:42:50 2014-06-06 00:28:40.1 2456814.5199 ir140605domeoffJ.0029  [00:29:46.2
ALL            OBJECT J Dome LampOff      49.0 J       12:43:55 2014-06-06 00:29:44.9 2456814.5206 ir140605domeoffJ.0030  [00:30:50.1
ALL            OBJECT J Dome LampOff      49.0 J       12:45:00 2014-06-06 00:30:50.1 2456814.5214 ir140605domeoffJ.0031  [00:31:56.4
ALL            OBJECT J Dome LampOff      49.0 J       12:46:06 2014-06-06 00:31:55.4 2456814.5222 ir140605domeoffJ.0032  [00:33:00.7
ALL            OBJECT J Dome LampOff      49.0 J       12:47:11 2014-06-06 00:33:00.5 2456814.5229 ir140605domeoffJ.0033  [00:34:06.7
ALL            OBJECT J Dome LampOff      49.0 J       12:48:17 2014-06-06 00:34:05.7 2456814.5237 ir140605domeoffJ.0034  [00:35:11.0
ALL            OBJECT J Dome LampOff      49.0 J       12:49:22 2014-06-06 00:35:10.8 2456814.5244 ir140605domeoffJ.0035  [00:36:17.1
ALL            OBJECT J Dome LampOff      49.0 J       12:50:27 2014-06-06 00:36:15.7 2456814.5252 ir140605domeoffJ.0036  [00:37:21.0
ALL            OBJECT J Dome LampOff      49.0 J       12:51:32 2014-06-06 00:37:20.8 2456814.5259 ir140605domeoffJ.0037  [00:38:27.7
ALL            OBJECT J Dome LampOff      49.0 J       12:52:38 2014-06-06 00:38:26.1 2456814.5267 ir140605domeoffJ.0038  [00:39:31.3
ALL            OBJECT J Dome LampOff      49.0 J       12:53:43 2014-06-06 00:39:31.4 2456814.5274 ir140605domeoffJ.0039  [00:40:37.8
ALL            OBJECT J Dome LampOff      49.0 J       12:54:48 2014-06-06 00:40:36.3 2456814.5282 ir140605domeoffJ.0040  [00:41:41.6
ALL            OBJECT J Dome LampOff      49.0 J       12:55:54 2014-06-06 00:41:41.3 2456814.5290 ir140605domeoffJ.0041  [00:42:47.6
ALL            OBJECT J Dome LampOff      49.0 J       12:56:59 2014-06-06 00:42:46.7 2456814.5297 ir140605domeoffJ.0042  [00:43:52.1
ALL            OBJECT J Dome LampOff      49.0 J       12:58:25 2014-06-06 00:44:12.6 2456814.5307 ir140605domeoffJ.0043  [00:45:18.9
ALL            OBJECT J Dome LampOff      49.0 J       12:59:30 2014-06-06 00:45:17.5 2456814.5315 ir140605domeoffJ.0044  [00:46:22.9
ALL            OBJECT J Dome LampOff      49.0 J       13:00:36 2014-06-06 00:46:22.7 2456814.5322 ir140605domeoffJ.0045  [00:47:29.0
ALL            OBJECT J Dome LampOff      49.0 J       13:01:41 2014-06-06 00:47:28.1 2456814.5330 ir140605domeoffJ.0046  [00:48:33.5
ALL            OBJECT J Dome LampOff      49.0 J       13:02:46 2014-06-06 00:48:33.2 2456814.5337 ir140605domeoffJ.0047  [00:49:39.5
ALL            OBJECT J Dome LampOff      49.0 J       13:03:52 2014-06-06 00:49:38.4 2456814.5345 ir140605domeoffJ.0048  [00:50:43.8
ALL            OBJECT J Dome LampOff      49.0 J       13:04:57 2014-06-06 00:50:43.6 2456814.5352 ir140605domeoffJ.0049  [00:51:49.9
ALL            OBJECT J Dome LampOff      49.0 J       13:06:03 2014-06-06 00:51:48.6 2456814.5360 ir140605domeoffJ.0050  [00:52:53.9
ALL            OBJECT J Dome LampOff      49.0 J       13:07:08 2014-06-06 00:52:53.6 2456814.5367 ir140605domeoffJ.0051  [00:53:59.8
ALL            OBJECT J Dome LampOff      49.0 J       13:08:13 2014-06-06 00:53:59.1 2456814.5375 ir140605domeoffJ.0052  [00:55:04.4
ALL            OBJECT J Dome LampOff      49.0 J       13:09:19 2014-06-06 00:55:04.3 2456814.5382 ir140605domeoffJ.0053  [00:56:10.5
ALL            OBJECT J Dome LampOff      49.0 J       13:10:24 2014-06-06 00:56:09.4 2456814.5390 ir140605domeoffJ.0054  [00:57:14.8
ALL            OBJECT J Dome LampOff      49.0 J       13:11:30 2014-06-06 00:57:14.7 2456814.5397 ir140605domeoffJ.0055  [00:58:20.9
ALL            OBJECT J Dome LampOff      49.0 J       13:12:35 2014-06-06 00:58:20.0 2456814.5405 ir140605domeoffJ.0056  [00:59:25.4
ALL            OBJECT J Dome LampOff      49.0 J       13:14:02 2014-06-06 00:59:46.5 2456814.5415 ir140605domeoffJ.0057  [01:00:52.8
ALL            OBJECT J Dome LampOff      49.0 J       13:15:07 2014-06-06 01:00:51.7 2456814.5423 ir140605domeoffJ.0058  [01:01:57.0
ALL            OBJECT J Dome LampOff      49.0 J       13:16:13 2014-06-06 01:01:57.0 2456814.5430 ir140605domeoffJ.0059  [01:03:03.3
ALL            OBJECT J Dome LampOff      49.0 J       13:17:18 2014-06-06 01:03:02.3 2456814.5438 ir140605domeoffJ.0060  [01:04:08.1
ALL            OBJECT J Dome LampOff      49.0 J       13:18:24 2014-06-06 01:04:07.8 2456814.5445 ir140605domeoffJ.0061  [01:05:14.0
ALL            OBJECT J Dome LampOff      49.0 J       13:19:29 2014-06-06 01:05:12.9 2456814.5453 ir140605domeoffJ.0062  [01:06:18.2
ALL            OBJECT J Dome LampOff      49.0 J       13:20:34 2014-06-06 01:06:18.2 2456814.5460 ir140605domeoffJ.0063  [01:07:24.4
ALL            OBJECT J Dome LampOff      49.0 J       13:21:40 2014-06-06 01:07:23.2 2456814.5468 ir140605domeoffJ.0064  [01:08:28.5
ALL            OBJECT J Dome LampOff      49.0 J       13:22:45 2014-06-06 01:08:28.2 2456814.5475 ir140605domeoffJ.0065  [01:09:34.4
ALL            OBJECT J Dome LampOff      49.0 J       13:23:50 2014-06-06 01:09:33.5 2456814.5483 ir140605domeoffJ.0066  [01:10:38.8
ALL            OBJECT J Dome LampOff      49.0 J       13:24:56 2014-06-06 01:10:38.8 2456814.5491 ir140605domeoffJ.0067  [01:11:45.1
ALL            OBJECT J Dome LampOff      49.0 J       13:26:01 2014-06-06 01:11:43.9 2456814.5498 ir140605domeoffJ.0068  [01:12:49.2
ALL            OBJECT J Dome LampOff      49.0 J       13:27:07 2014-06-06 01:12:49.2 2456814.5506 ir140605domeoffJ.0069  [01:13:55.3
ALL            OBJECT J Dome LampOff      49.0 J       13:28:12 2014-06-06 01:13:54.2 2456814.5513 ir140605domeoffJ.0070  [01:14:59.6
ALL            OBJECT Dark Monitor        20.1 DARK    13:29:58 2014-06-06 01:15:39.7 2456814.5525 ir140605dark.0001      [01:16:17.4
ALL            OBJECT Dark Monitor        20.0 DARK    13:30:33 2014-06-06 01:16:15.5 2456814.5529 ir140605dark.0002      [01:16:51.7
ALL            OBJECT Dark Monitor        20.0 DARK    13:31:09 2014-06-06 01:16:50.9 2456814.5534 ir140605dark.0003      [01:17:28.6
ALL            OBJECT Dark Monitor        20.0 DARK    13:31:45 2014-06-06 01:17:26.6 2456814.5538 ir140605dark.0004      [01:18:02.9
ALL            OBJECT Dark Monitor        20.0 DARK    13:32:20 2014-06-06 01:18:02.0 2456814.5542 ir140605dark.0005      [01:18:39.6
ALL            OBJECT Dark Monitor        20.0 DARK    13:32:56 2014-06-06 01:18:37.7 2456814.5546 ir140605dark.0006      [01:19:14.0
ALL            OBJECT Dark Monitor        20.0 DARK    13:33:32 2014-06-06 01:19:13.1 2456814.5550 ir140605dark.0007      [01:19:50.8
ALL            OBJECT Dark Monitor        20.1 DARK    13:34:07 2014-06-06 01:19:48.8 2456814.5554 ir140605dark.0008      [01:20:25.1
ALL            OBJECT Dark Monitor        20.1 DARK    13:34:43 2014-06-06 01:20:24.1 2456814.5558 ir140605dark.0009      [01:21:02.0
ALL            OBJECT Dark Monitor        20.0 DARK    13:35:19 2014-06-06 01:21:00.0 2456814.5562 ir140605dark.0010      [01:21:36.3
ALL            OBJECT focus                7.0 H       13:42:51 2014-06-06 01:28:30.7 2456814.5615 irfoco.0001            [01:28:54.8
ALL            OBJECT focus               10.0 V       13:42:53 2014-06-06 01:28:33.2 2456814.5615 ccd140605.0001         [01:29:27.0
ALL            OBJECT focus                7.0 H       13:45:36 2014-06-06 01:31:15.5 2456814.5634 irfoco.0001            [01:31:40.1
ALL            OBJECT focus               10.0 V       13:45:38 2014-06-06 01:31:18.0 2456814.5634 ccdfoco.0001           [01:32:11.8
ALL            OBJECT focus                7.0 H       13:47:24 2014-06-06 01:33:02.9 2456814.5646 irfoco.0001            [01:33:27.0
ALL            OBJECT focus               10.0 H       13:47:26 2014-06-06 01:33:05.4 2456814.5646 ccdfoco.0001           [01:33:59.3
ALL            OBJECT focus                7.0 H       13:48:20 2014-06-06 01:33:59.2 2456814.5653 irfoco.0002            [01:34:23.3
ALL            OBJECT focus               10.0 V       13:48:23 2014-06-06 01:34:01.8 2456814.5653 ccdfoco.0002           [01:34:55.7
ALL            OBJECT focus                7.0 H       13:50:31 2014-06-06 01:36:10.1 2456814.5668 irfoco.0003            [01:36:36.3
ALL            OBJECT focus               10.0 V       13:50:34 2014-06-06 01:36:12.7 2456814.5668 ccdfoco.0003           [01:37:06.5
OSU-03A-0001   OBJECT OB140953            50.0 H       13:57:24 2014-06-06 01:43:01.2 2456814.5715 ir140605.0001          [01:44:08.5
OSU-03A-0001   OBJECT OB140953            50.0 H       13:58:30 2014-06-06 01:44:07.1 2456814.5723 ir140605.0002          [01:45:13.4
OSU-03A-0001   OBJECT OB140953            50.0 H       13:59:36 2014-06-06 01:45:13.2 2456814.5731 ir140605.0003          [01:46:20.5
OSU-03A-0001   OBJECT OB140953            50.0 H       14:00:42 2014-06-06 01:46:19.4 2456814.5738 ir140605.0004          [01:47:25.8
OSU-03A-0001   OBJECT OB140953            50.0 H       14:01:49 2014-06-06 01:47:25.4 2456814.5746 ir140605.0005          [01:48:34.1
OSU-03A-0001   OBJECT OB140953           300.0 I       13:57:26 2014-06-06 01:43:03.7 2456814.5716 ccd140605.0001         [01:48:47.5
OSU-03A-0001   OBJECT OB140953            50.0 H       14:03:18 2014-06-06 01:48:55.1 2456814.5756 ir140605.0006          [01:50:02.7
OSU-03A-0001   OBJECT OB140953            50.0 H       14:04:24 2014-06-06 01:50:01.1 2456814.5764 ir140605.0007          [01:51:07.5
OSU-03A-0001   OBJECT OB140953            50.0 H       14:05:31 2014-06-06 01:51:07.1 2456814.5772 ir140605.0008          [01:52:14.5
OSU-03A-0001   OBJECT OB140953            50.0 H       14:06:37 2014-06-06 01:52:13.1 2456814.5779 ir140605.0009          [01:53:19.4
OSU-03A-0001   OBJECT OB140953            50.0 H       14:07:43 2014-06-06 01:53:18.9 2456814.5787 ir140605.0010          [01:54:26.3
OSU-03A-0001   OBJECT OB140953           300.0 V       14:03:21 2014-06-06 01:48:57.5 2456814.5757 ccd140605.0002         [01:54:41.3
ALL            OBJECT JUNK                 5.0 H       14:14:16 2014-06-06 01:59:50.8 2456814.5832 ir140605junk.0001      [02:00:13.5
ALL            OBJECT JUNK                 5.0 H       14:14:37 2014-06-06 02:00:11.4 2456814.5835 ir140605junk.0002      [02:00:32.7
ALL            OBJECT JUNK                 1.0 I       14:14:18 2014-06-06 01:59:53.2 2456814.5833 ccd140605.0003         [02:00:38.7
ALL            OBJECT JUNK                 5.0 H       14:14:57 2014-06-06 02:00:32.0 2456814.5837 ir140605junk.0003      [02:00:53.3
ALL            OBJECT JUNK                 5.0 H       14:15:18 2014-06-06 02:00:52.4 2456814.5839 ir140605junk.0004      [02:01:15.8
ALL            OBJECT JUNK                 5.0 H       14:15:38 2014-06-06 02:01:13.1 2456814.5842 ir140605junk.0005      [02:01:34.6
ALL            OBJECT H Dome Flat         22.0 H       14:16:50 2014-06-06 02:02:24.1 2456814.5850 ir140605domeH.0001     [02:03:03.3
ALL            OBJECT H Dome Flat         22.0 H       14:17:28 2014-06-06 02:03:02.1 2456814.5854 ir140605domeH.0002     [02:03:40.4
ALL            OBJECT H Dome Flat         22.0 H       14:18:06 2014-06-06 02:03:40.4 2456814.5859 ir140605domeH.0003     [02:04:20.0
ALL            OBJECT H Dome Flat         22.0 H       14:18:45 2014-06-06 02:04:18.7 2456814.5863 ir140605domeH.0004     [02:04:56.9
ALL            OBJECT H Dome Flat         22.0 H       14:19:23 2014-06-06 02:04:56.7 2456814.5868 ir140605domeH.0005     [02:05:36.9
ALL            OBJECT H Dome Flat         22.0 H       14:20:01 2014-06-06 02:05:34.9 2456814.5872 ir140605domeH.0006     [02:06:13.2
ALL            OBJECT H Dome Flat         22.0 H       14:20:39 2014-06-06 02:06:13.1 2456814.5877 ir140605domeH.0007     [02:06:52.4
ALL            OBJECT H Dome Flat         22.0 H       14:21:17 2014-06-06 02:06:51.2 2456814.5881 ir140605domeH.0008     [02:07:29.6
ALL            OBJECT H Dome Flat         22.0 H       14:21:56 2014-06-06 02:07:29.3 2456814.5885 ir140605domeH.0009     [02:08:08.7
ALL            OBJECT H Dome Flat         22.0 H       14:22:34 2014-06-06 02:08:07.8 2456814.5890 ir140605domeH.0010     [02:08:46.2
ALL            OBJECT H Dome Flat         22.0 H       14:23:13 2014-06-06 02:08:46.1 2456814.5894 ir140605domeH.0011     [02:09:25.5
ALL            OBJECT H Dome Flat         22.0 H       14:23:51 2014-06-06 02:09:24.1 2456814.5899 ir140605domeH.0012     [02:10:02.4
ALL            OBJECT H Dome Flat         22.0 H       14:24:29 2014-06-06 02:10:02.2 2456814.5903 ir140605domeH.0013     [02:10:41.4
ALL            OBJECT H Dome Flat         22.0 H       14:25:07 2014-06-06 02:10:40.5 2456814.5907 ir140605domeH.0014     [02:11:18.9
ALL            OBJECT H Dome Flat         22.0 H       14:25:49 2014-06-06 02:11:22.2 2456814.5912 ir140605domeH.0015     [02:12:01.4
ALL            OBJECT H Dome Flat         22.0 H       14:26:27 2014-06-06 02:12:00.3 2456814.5917 ir140605domeH.0016     [02:12:38.5
ALL            OBJECT H Dome Flat         22.0 H       14:26:27 2014-06-06 02:12:00.3 2456814.5917 ir140605domeH.0017     [02:13:27.5
ALL            OBJECT H Dome Flat         22.0 H       14:27:54 2014-06-06 02:13:26.5 2456814.5927 ir140605domeH.0018     [02:14:04.8
ALL            OBJECT H Dome Flat         22.0 H       14:28:32 2014-06-06 02:14:04.6 2456814.5931 ir140605domeH.0019     [02:14:43.7
ALL            OBJECT H Dome Flat         22.0 H       14:29:10 2014-06-06 02:14:42.6 2456814.5935 ir140605domeH.0020     [02:15:20.9
ALL            OBJECT H Dome Flat         22.0 H       14:29:48 2014-06-06 02:15:20.8 2456814.5940 ir140605domeH.0021     [02:16:00.1
ALL            OBJECT H Dome Flat         22.0 H       14:30:27 2014-06-06 02:15:58.9 2456814.5944 ir140605domeH.0022     [02:16:37.7
ALL            OBJECT H Dome Flat         22.0 H       14:31:05 2014-06-06 02:16:37.1 2456814.5949 ir140605domeH.0023     [02:17:16.4
ALL            OBJECT H Dome Flat         22.0 H       14:31:43 2014-06-06 02:17:15.4 2456814.5953 ir140605domeH.0024     [02:17:54.0
ALL            OBJECT H Dome Flat         22.0 H       14:32:22 2014-06-06 02:17:54.0 2456814.5958 ir140605domeH.0025     [02:18:33.1
ALL            OBJECT H Dome Flat         22.0 H       14:33:00 2014-06-06 02:18:32.1 2456814.5962 ir140605domeH.0026     [02:19:10.4
ALL            OBJECT H Dome Flat         22.0 H       14:33:39 2014-06-06 02:19:10.4 2456814.5967 ir140605domeH.0027     [02:19:49.6
ALL            OBJECT H Dome Flat         22.0 H       14:34:17 2014-06-06 02:19:48.5 2456814.5971 ir140605domeH.0028     [02:20:26.9
ALL            OBJECT H Dome Flat         22.0 H       14:34:59 2014-06-06 02:20:30.4 2456814.5976 ir140605domeH.0029     [02:21:09.6
ALL            OBJECT H Dome Flat         22.0 H       14:35:37 2014-06-06 02:21:08.2 2456814.5980 ir140605domeH.0030     [02:21:46.6
ALL            OBJECT H Dome Flat         22.0 H       14:36:15 2014-06-06 02:21:46.5 2456814.5984 ir140605domeH.0031     [02:22:25.7
ALL            OBJECT H Dome Flat         22.0 H       14:36:54 2014-06-06 02:22:24.9 2456814.5989 ir140605domeH.0032     [02:23:03.2
ALL            OBJECT H Dome Flat         22.0 H       14:37:32 2014-06-06 02:23:03.0 2456814.5993 ir140605domeH.0033     [02:23:42.2
ALL            OBJECT H Dome Flat         22.0 H       14:38:11 2014-06-06 02:23:41.5 2456814.5998 ir140605domeH.0034     [02:24:19.7
ALL            OBJECT H Dome Flat         22.0 H       14:38:49 2014-06-06 02:24:19.5 2456814.6002 ir140605domeH.0035     [02:24:58.7
ALL            OBJECT H Dome Flat         22.0 H       14:39:27 2014-06-06 02:24:57.4 2456814.6007 ir140605domeH.0036     [02:25:35.6
ALL            OBJECT H Dome Flat         22.0 H       14:40:05 2014-06-06 02:25:35.4 2456814.6011 ir140605domeH.0037     [02:26:14.5
ALL            OBJECT H Dome Flat         22.0 H       14:40:43 2014-06-06 02:26:14.1 2456814.6015 ir140605domeH.0038     [02:26:52.3
ALL            OBJECT H Dome Flat         22.0 H       14:41:22 2014-06-06 02:26:52.3 2456814.6020 ir140605domeH.0039     [02:27:31.6
ALL            OBJECT H Dome Flat         22.0 H       14:42:00 2014-06-06 02:27:30.2 2456814.6024 ir140605domeH.0040     [02:28:08.5
ALL            OBJECT H Dome Flat         22.0 H       14:42:38 2014-06-06 02:28:08.4 2456814.6029 ir140605domeH.0041     [02:28:47.6
ALL            OBJECT H Dome Flat         22.0 H       14:43:16 2014-06-06 02:28:46.6 2456814.6033 ir140605domeH.0042     [02:29:24.9
ALL            OBJECT H Dome Flat         22.0 H       14:43:58 2014-06-06 02:29:28.4 2456814.6038 ir140605domeH.0043     [02:30:07.6
ALL            OBJECT H Dome Flat         22.0 H       14:44:36 2014-06-06 02:30:06.5 2456814.6042 ir140605domeH.0044     [02:30:44.8
ALL            OBJECT H Dome Flat         22.0 H       14:45:15 2014-06-06 02:30:44.6 2456814.6047 ir140605domeH.0045     [02:31:23.8
ALL            OBJECT H Dome Flat         22.0 H       14:45:53 2014-06-06 02:31:23.0 2456814.6051 ir140605domeH.0046     [02:32:01.3
ALL            OBJECT H Dome Flat         22.0 H       14:46:31 2014-06-06 02:32:01.0 2456814.6056 ir140605domeH.0047     [02:32:40.2
ALL            OBJECT H Dome Flat         22.0 H       14:47:10 2014-06-06 02:32:39.2 2456814.6060 ir140605domeH.0048     [02:33:17.5
ALL            OBJECT H Dome Flat         22.0 H       14:47:48 2014-06-06 02:33:17.4 2456814.6064 ir140605domeH.0049     [02:33:56.6
ALL            OBJECT H Dome Flat         22.0 H       14:48:26 2014-06-06 02:33:55.3 2456814.6069 ir140605domeH.0050     [02:34:33.8
ALL            OBJECT H Dome Flat         22.0 H       14:49:04 2014-06-06 02:34:33.4 2456814.6073 ir140605domeH.0051     [02:35:12.7
ALL            OBJECT H Dome Flat         22.0 H       14:49:43 2014-06-06 02:35:11.8 2456814.6078 ir140605domeH.0052     [02:35:50.1
ALL            OBJECT H Dome Flat         22.0 H       14:50:21 2014-06-06 02:35:50.1 2456814.6082 ir140605domeH.0053     [02:36:29.8
ALL            OBJECT H Dome Flat         22.0 H       14:50:59 2014-06-06 02:36:27.9 2456814.6086 ir140605domeH.0054     [02:37:06.4
ALL            OBJECT H Dome Flat         22.0 H       14:51:38 2014-06-06 02:37:06.5 2456814.6091 ir140605domeH.0055     [02:37:45.7
ALL            OBJECT H Dome Flat         22.0 H       14:52:16 2014-06-06 02:37:44.7 2456814.6095 ir140605domeH.0056     [02:38:23.1
ALL            OBJECT H Dome Flat         22.0 H       14:52:58 2014-06-06 02:38:26.5 2456814.6100 ir140605domeH.0057     [02:39:05.8
ALL            OBJECT H Dome Flat         22.0 H       14:53:36 2014-06-06 02:39:04.5 2456814.6105 ir140605domeH.0058     [02:39:42.7
ALL            OBJECT H Dome Flat         22.0 H       14:54:14 2014-06-06 02:39:42.7 2456814.6109 ir140605domeH.0059     [02:40:22.2
ALL            OBJECT H Dome Flat         22.0 H       14:54:53 2014-06-06 02:40:20.9 2456814.6113 ir140605domeH.0060     [02:40:59.2
ALL            OBJECT H Dome Flat         22.0 H       14:55:31 2014-06-06 02:40:58.8 2456814.6118 ir140605domeH.0061     [02:41:38.0
ALL            OBJECT H Dome Flat         22.0 H       14:56:09 2014-06-06 02:41:37.0 2456814.6122 ir140605domeH.0062     [02:42:15.3
ALL            OBJECT H Dome Flat         22.0 H       14:56:47 2014-06-06 02:42:15.2 2456814.6127 ir140605domeH.0063     [02:42:54.5
ALL            OBJECT H Dome Flat         22.0 H       14:57:25 2014-06-06 02:42:53.1 2456814.6131 ir140605domeH.0064     [02:43:31.4
ALL            OBJECT H Dome Flat         22.0 H       14:58:04 2014-06-06 02:43:31.7 2456814.6136 ir140605domeH.0065     [02:44:11.1
ALL            OBJECT H Dome Flat         22.0 H       14:58:42 2014-06-06 02:44:09.9 2456814.6140 ir140605domeH.0066     [02:44:48.2
ALL            OBJECT H Dome Flat         22.0 H       14:59:21 2014-06-06 02:44:48.2 2456814.6145 ir140605domeH.0067     [02:45:27.2
ALL            OBJECT H Dome Flat         22.0 H       14:59:59 2014-06-06 02:45:25.9 2456814.6149 ir140605domeH.0068     [02:46:04.2
ALL            OBJECT H Dome Flat         22.0 H       15:00:37 2014-06-06 02:46:04.1 2456814.6153 ir140605domeH.0069     [02:46:43.2
ALL            OBJECT H Dome Flat         22.0 H       15:01:15 2014-06-06 02:46:42.1 2456814.6158 ir140605domeH.0070     [02:47:20.5
ALL            OBJECT JUNK                 5.0 H       15:02:26 2014-06-06 02:47:53.3 2456814.6166 ir140605junk2.0001     [02:48:15.9
ALL            OBJECT JUNK                 5.0 H       15:02:47 2014-06-06 02:48:13.9 2456814.6168 ir140605junk2.0002     [02:48:35.1
ALL            OBJECT JUNK                 1.0 I       15:02:29 2014-06-06 02:47:55.8 2456814.6166 ccd140605.0004         [02:48:41.4
ALL            OBJECT JUNK                 5.0 H       15:03:07 2014-06-06 02:48:34.2 2456814.6171 ir140605junk2.0003     [02:48:55.5
ALL            OBJECT JUNK                 5.0 H       15:03:28 2014-06-06 02:48:54.5 2456814.6173 ir140605junk2.0004     [02:49:17.1
ALL            OBJECT JUNK                 5.0 H       15:03:48 2014-06-06 02:49:15.1 2456814.6175 ir140605junk2.0005     [02:49:36.5
ALL            FLAT   H Dome LampOff      22.0 H       15:04:15 2014-06-06 02:49:42.0 2456814.6178 ir140605domeoffH.0001  [02:50:21.1
ALL            FLAT   H Dome LampOff      22.0 H       15:04:53 2014-06-06 02:50:20.0 2456814.6183 ir140605domeoffH.0002  [02:50:58.4
ALL            FLAT   H Dome LampOff      22.0 H       15:05:32 2014-06-06 02:50:58.3 2456814.6187 ir140605domeoffH.0003  [02:51:37.5
ALL            FLAT   H Dome LampOff      22.0 H       15:06:10 2014-06-06 02:51:36.7 2456814.6192 ir140605domeoffH.0004  [02:52:14.9
ALL            FLAT   H Dome LampOff      22.0 H       15:06:48 2014-06-06 02:52:14.5 2456814.6196 ir140605domeoffH.0005  [02:52:53.7
ALL            FLAT   H Dome LampOff      22.0 H       15:07:27 2014-06-06 02:52:52.7 2456814.6201 ir140605domeoffH.0006  [02:53:31.2
ALL            FLAT   H Dome LampOff      22.0 H       15:08:05 2014-06-06 02:53:31.1 2456814.6205 ir140605domeoffH.0007  [02:54:10.3
ALL            FLAT   H Dome LampOff      22.0 H       15:08:43 2014-06-06 02:54:09.0 2456814.6209 ir140605domeoffH.0008  [02:54:47.4
ALL            FLAT   H Dome LampOff      22.0 H       15:09:21 2014-06-06 02:54:47.1 2456814.6214 ir140605domeoffH.0009  [02:55:26.2
ALL            FLAT   H Dome LampOff      22.0 H       15:09:59 2014-06-06 02:55:25.2 2456814.6218 ir140605domeoffH.0010  [02:56:03.5
ALL            FLAT   H Dome LampOff      22.0 H       15:10:38 2014-06-06 02:56:03.4 2456814.6223 ir140605domeoffH.0011  [02:56:42.6
ALL            FLAT   H Dome LampOff      22.0 H       15:11:16 2014-06-06 02:56:41.3 2456814.6227 ir140605domeoffH.0012  [02:57:19.6
ALL            FLAT   H Dome LampOff      22.0 H       15:11:54 2014-06-06 02:57:19.5 2456814.6231 ir140605domeoffH.0013  [02:57:59.2
ALL            FLAT   H Dome LampOff      22.0 H       15:12:33 2014-06-06 02:57:58.2 2456814.6236 ir140605domeoffH.0014  [02:58:36.7
ALL            FLAT   H Dome LampOff      22.0 H       15:13:15 2014-06-06 02:58:40.0 2456814.6241 ir140605domeoffH.0015  [02:59:19.2
ALL            FLAT   H Dome LampOff      22.0 H       15:13:53 2014-06-06 02:59:17.9 2456814.6245 ir140605domeoffH.0016  [02:59:56.1
ALL            FLAT   H Dome LampOff      22.0 H       15:14:31 2014-06-06 02:59:56.2 2456814.6250 ir140605domeoffH.0017  [03:00:35.3
ALL            FLAT   H Dome LampOff      22.0 H       15:15:09 2014-06-06 03:00:34.4 2456814.6254 ir140605domeoffH.0018  [03:01:12.7
ALL            FLAT   H Dome LampOff      22.0 H       15:15:47 2014-06-06 03:01:12.2 2456814.6258 ir140605domeoffH.0019  [03:01:51.8
ALL            FLAT   H Dome LampOff      22.0 H       15:16:26 2014-06-06 03:01:50.3 2456814.6263 ir140605domeoffH.0020  [03:02:28.6
ALL            FLAT   H Dome LampOff      22.0 H       15:17:04 2014-06-06 03:02:28.5 2456814.6267 ir140605domeoffH.0021  [03:03:07.7
ALL            FLAT   H Dome LampOff      22.0 H       15:17:42 2014-06-06 03:03:06.4 2456814.6272 ir140605domeoffH.0022  [03:03:44.7
ALL            FLAT   H Dome LampOff      22.0 H       15:18:20 2014-06-06 03:03:44.1 2456814.6276 ir140605domeoffH.0023  [03:04:23.9
ALL            FLAT   H Dome LampOff      22.0 H       15:18:58 2014-06-06 03:04:22.5 2456814.6280 ir140605domeoffH.0024  [03:05:00.8
ALL            FLAT   H Dome LampOff      22.0 H       15:19:37 2014-06-06 03:05:00.7 2456814.6285 ir140605domeoffH.0025  [03:05:39.8
ALL            FLAT   H Dome LampOff      22.0 H       15:20:15 2014-06-06 03:05:38.6 2456814.6289 ir140605domeoffH.0026  [03:06:16.9
ALL            FLAT   H Dome LampOff      22.0 H       15:20:53 2014-06-06 03:06:16.9 2456814.6294 ir140605domeoffH.0027  [03:06:56.2
ALL            FLAT   H Dome LampOff      22.0 H       15:21:31 2014-06-06 03:06:55.3 2456814.6298 ir140605domeoffH.0028  [03:07:33.7
ALL            FLAT   H Dome LampOff      22.0 H       15:22:14 2014-06-06 03:07:37.4 2456814.6303 ir140605domeoffH.0029  [03:08:16.7
ALL            FLAT   H Dome LampOff      22.0 H       15:22:52 2014-06-06 03:08:16.0 2456814.6307 ir140605domeoffH.0030  [03:08:54.4
ALL            FLAT   H Dome LampOff      22.0 H       15:23:30 2014-06-06 03:08:54.1 2456814.6312 ir140605domeoffH.0031  [03:09:33.2
ALL            FLAT   H Dome LampOff      22.0 H       15:24:09 2014-06-06 03:09:32.3 2456814.6316 ir140605domeoffH.0032  [03:10:10.6
ALL            FLAT   H Dome LampOff      22.0 H       15:24:47 2014-06-06 03:10:10.2 2456814.6321 ir140605domeoffH.0033  [03:10:49.4
ALL            FLAT   H Dome LampOff      22.0 H       15:25:25 2014-06-06 03:10:48.2 2456814.6325 ir140605domeoffH.0034  [03:11:26.7
ALL            FLAT   H Dome LampOff      22.0 H       15:26:03 2014-06-06 03:11:26.3 2456814.6329 ir140605domeoffH.0035  [03:12:05.4
ALL            FLAT   H Dome LampOff      22.0 H       15:26:41 2014-06-06 03:12:04.3 2456814.6334 ir140605domeoffH.0036  [03:12:42.5
ALL            FLAT   H Dome LampOff      22.0 H       15:27:19 2014-06-06 03:12:42.0 2456814.6338 ir140605domeoffH.0037  [03:13:21.3
ALL            FLAT   H Dome LampOff      22.0 H       15:27:57 2014-06-06 03:13:20.3 2456814.6343 ir140605domeoffH.0038  [03:13:58.5
ALL            FLAT   H Dome LampOff      22.0 H       15:28:36 2014-06-06 03:13:58.5 2456814.6347 ir140605domeoffH.0039  [03:14:37.8
ALL            FLAT   H Dome LampOff      22.0 H       15:29:14 2014-06-06 03:14:36.4 2456814.6351 ir140605domeoffH.0040  [03:15:14.7
ALL            FLAT   H Dome LampOff      22.0 H       15:29:52 2014-06-06 03:15:14.6 2456814.6356 ir140605domeoffH.0041  [03:15:53.7
ALL            FLAT   H Dome LampOff      22.0 H       15:30:30 2014-06-06 03:15:52.6 2456814.6360 ir140605domeoffH.0042  [03:16:31.0
ALL            FLAT   H Dome LampOff      22.0 H       15:31:12 2014-06-06 03:16:34.2 2456814.6365 ir140605domeoffH.0043  [03:17:13.5
ALL            FLAT   H Dome LampOff      22.0 H       15:31:50 2014-06-06 03:17:12.1 2456814.6369 ir140605domeoffH.0044  [03:17:50.3
ALL            FLAT   H Dome LampOff      22.0 H       15:32:28 2014-06-06 03:17:50.3 2456814.6374 ir140605domeoffH.0045  [03:18:29.4
ALL            FLAT   H Dome LampOff      22.0 H       15:33:06 2014-06-06 03:18:28.5 2456814.6378 ir140605domeoffH.0046  [03:19:06.7
ALL            FLAT   H Dome LampOff      22.0 H       15:33:44 2014-06-06 03:19:06.4 2456814.6383 ir140605domeoffH.0047  [03:19:45.6
ALL            FLAT   H Dome LampOff      22.0 H       15:34:23 2014-06-06 03:19:44.6 2456814.6387 ir140605domeoffH.0048  [03:20:22.8
ALL            FLAT   H Dome LampOff      22.0 H       15:35:01 2014-06-06 03:20:22.6 2456814.6392 ir140605domeoffH.0049  [03:21:01.8
ALL            FLAT   H Dome LampOff      22.0 H       15:35:39 2014-06-06 03:21:00.7 2456814.6396 ir140605domeoffH.0050  [03:21:39.2
ALL            FLAT   H Dome LampOff      22.0 H       15:36:17 2014-06-06 03:21:38.8 2456814.6400 ir140605domeoffH.0051  [03:22:17.9
ALL            FLAT   H Dome LampOff      22.0 H       15:36:56 2014-06-06 03:22:17.1 2456814.6405 ir140605domeoffH.0052  [03:22:55.2
ALL            FLAT   H Dome LampOff      22.0 H       15:37:34 2014-06-06 03:22:55.1 2456814.6409 ir140605domeoffH.0053  [03:23:34.3
ALL            FLAT   H Dome LampOff      22.0 H       15:38:12 2014-06-06 03:23:32.9 2456814.6414 ir140605domeoffH.0054  [03:24:11.4
ALL            FLAT   H Dome LampOff      22.0 H       15:38:50 2014-06-06 03:24:11.1 2456814.6418 ir140605domeoffH.0055  [03:24:50.3
ALL            FLAT   H Dome LampOff      22.0 H       15:39:28 2014-06-06 03:24:49.2 2456814.6422 ir140605domeoffH.0056  [03:25:27.6
ALL            FLAT   H Dome LampOff      22.0 H       15:40:10 2014-06-06 03:25:30.8 2456814.6427 ir140605domeoffH.0057  [03:26:10.0
ALL            FLAT   H Dome LampOff      22.0 H       15:40:48 2014-06-06 03:26:08.5 2456814.6431 ir140605domeoffH.0058  [03:26:46.8
ALL            FLAT   H Dome LampOff      22.0 H       15:41:26 2014-06-06 03:26:46.9 2456814.6436 ir140605domeoffH.0059  [03:27:26.1
ALL            FLAT   H Dome LampOff      22.0 H       15:42:05 2014-06-06 03:27:25.3 2456814.6440 ir140605domeoffH.0060  [03:28:03.5
ALL            FLAT   H Dome LampOff      22.0 H       15:42:43 2014-06-06 03:28:03.3 2456814.6445 ir140605domeoffH.0061  [03:28:42.6
ALL            FLAT   H Dome LampOff      22.0 H       15:43:21 2014-06-06 03:28:41.4 2456814.6449 ir140605domeoffH.0062  [03:29:19.6
ALL            FLAT   H Dome LampOff      22.0 H       15:43:59 2014-06-06 03:29:19.4 2456814.6454 ir140605domeoffH.0063  [03:29:58.6
ALL            FLAT   H Dome LampOff      22.0 H       15:44:37 2014-06-06 03:29:57.3 2456814.6458 ir140605domeoffH.0064  [03:30:35.5
ALL            FLAT   H Dome LampOff      22.0 H       15:45:15 2014-06-06 03:30:35.1 2456814.6462 ir140605domeoffH.0065  [03:31:14.3
ALL            FLAT   H Dome LampOff      22.0 H       15:45:53 2014-06-06 03:31:13.3 2456814.6467 ir140605domeoffH.0066  [03:31:51.6
ALL            FLAT   H Dome LampOff      22.0 H       15:46:32 2014-06-06 03:31:51.5 2456814.6471 ir140605domeoffH.0067  [03:32:30.6
ALL            FLAT   H Dome LampOff      22.0 H       15:47:10 2014-06-06 03:32:29.3 2456814.6476 ir140605domeoffH.0068  [03:33:07.5
ALL            FLAT   H Dome LampOff      22.0 H       15:47:48 2014-06-06 03:33:07.4 2456814.6480 ir140605domeoffH.0069  [03:33:46.5
ALL            FLAT   H Dome LampOff      22.0 H       15:48:26 2014-06-06 03:33:45.4 2456814.6484 ir140605domeoffH.0070  [03:34:23.8
ALL            OBJECT JUNK                 5.0 K       15:50:02 2014-06-06 03:35:20.8 2456814.6495 ir140605junk.0001      [03:35:43.6
ALL            OBJECT JUNK                 5.0 K       15:50:22 2014-06-06 03:35:41.6 2456814.6498 ir140605junk.0002      [03:36:02.9
ALL            OBJECT JUNK                 1.0 I       15:50:04 2014-06-06 03:35:23.5 2456814.6496 ccd140605.0005         [03:36:09.1
ALL            OBJECT JUNK                 5.0 K       15:50:43 2014-06-06 03:36:01.9 2456814.6500 ir140605junk.0003      [03:36:23.1
ALL            OBJECT JUNK                 5.0 K       15:51:03 2014-06-06 03:36:22.3 2456814.6503 ir140605junk.0004      [03:36:45.0
ALL            OBJECT JUNK                 5.0 K       15:51:24 2014-06-06 03:36:43.0 2456814.6505 ir140605junk.0005      [03:37:04.2
ALL            OBJECT K Dome Flat         15.0 K       15:52:23 2014-06-06 03:37:41.8 2456814.6512 ir140605domeK.0001     [03:38:14.0
ALL            OBJECT K Dome Flat         15.0 K       15:52:54 2014-06-06 03:38:12.6 2456814.6515 ir140605domeK.0002     [03:38:43.9
ALL            OBJECT K Dome Flat         15.0 K       15:53:25 2014-06-06 03:38:43.8 2456814.6519 ir140605domeK.0003     [03:39:16.0
ALL            OBJECT K Dome Flat         15.0 K       15:53:56 2014-06-06 03:39:14.9 2456814.6522 ir140605domeK.0004     [03:39:46.1
ALL            OBJECT K Dome Flat         15.0 K       15:54:27 2014-06-06 03:39:45.7 2456814.6526 ir140605domeK.0005     [03:40:18.0
ALL            OBJECT K Dome Flat         15.1 K       15:54:58 2014-06-06 03:40:16.7 2456814.6530 ir140605domeK.0006     [03:40:48.0
ALL            OBJECT K Dome Flat         15.1 K       15:55:30 2014-06-06 03:40:47.8 2456814.6533 ir140605domeK.0007     [03:41:20.1
ALL            OBJECT K Dome Flat         15.0 K       15:56:01 2014-06-06 03:41:18.7 2456814.6537 ir140605domeK.0008     [03:41:50.0
ALL            OBJECT K Dome Flat         15.1 K       15:56:31 2014-06-06 03:41:49.5 2456814.6540 ir140605domeK.0009     [03:42:21.8
ALL            OBJECT K Dome Flat         15.0 K       15:57:03 2014-06-06 03:42:20.8 2456814.6544 ir140605domeK.0010     [03:42:52.0
ALL            OBJECT K Dome Flat         15.1 K       15:57:34 2014-06-06 03:42:51.7 2456814.6548 ir140605domeK.0011     [03:43:24.0
ALL            OBJECT K Dome Flat         15.1 K       15:58:05 2014-06-06 03:43:22.6 2456814.6551 ir140605domeK.0012     [03:43:53.9
ALL            OBJECT K Dome Flat         15.1 K       15:58:36 2014-06-06 03:43:53.7 2456814.6555 ir140605domeK.0013     [03:44:25.9
ALL            OBJECT K Dome Flat         15.0 K       15:59:07 2014-06-06 03:44:24.8 2456814.6558 ir140605domeK.0014     [03:44:56.2
ALL            OBJECT K Dome Flat         15.1 K       15:59:42 2014-06-06 03:44:59.6 2456814.6562 ir140605domeK.0015     [03:45:32.5
ALL            OBJECT K Dome Flat         15.0 K       16:00:13 2014-06-06 03:45:30.5 2456814.6566 ir140605domeK.0016     [03:46:01.7
ALL            OBJECT K Dome Flat         15.1 K       16:00:44 2014-06-06 03:46:01.5 2456814.6570 ir140605domeK.0017     [03:46:33.8
ALL            OBJECT K Dome Flat         15.0 K       16:01:16 2014-06-06 03:46:32.8 2456814.6573 ir140605domeK.0018     [03:47:04.1
ALL            OBJECT K Dome Flat         15.0 K       16:01:46 2014-06-06 03:47:03.5 2456814.6577 ir140605domeK.0019     [03:47:36.1
ALL            OBJECT K Dome Flat         15.1 K       16:02:18 2014-06-06 03:47:34.9 2456814.6580 ir140605domeK.0020     [03:48:06.2
ALL            OBJECT K Dome Flat         15.0 K       16:02:49 2014-06-06 03:48:05.9 2456814.6584 ir140605domeK.0021     [03:48:38.7
ALL            OBJECT K Dome Flat         15.1 K       16:03:20 2014-06-06 03:48:36.7 2456814.6588 ir140605domeK.0022     [03:49:08.0
ALL            OBJECT K Dome Flat         15.0 K       16:03:50 2014-06-06 03:49:07.4 2456814.6591 ir140605domeK.0023     [03:49:39.6
ALL            OBJECT K Dome Flat         15.0 K       16:04:22 2014-06-06 03:49:38.7 2456814.6595 ir140605domeK.0024     [03:50:10.0
ALL            OBJECT K Dome Flat         15.0 K       16:04:53 2014-06-06 03:50:09.9 2456814.6598 ir140605domeK.0025     [03:50:42.2
ALL            OBJECT K Dome Flat         15.0 K       16:05:24 2014-06-06 03:50:41.0 2456814.6602 ir140605domeK.0026     [03:51:12.3
ALL            OBJECT K Dome Flat         15.1 K       16:05:56 2014-06-06 03:51:12.2 2456814.6606 ir140605domeK.0027     [03:51:44.3
ALL            OBJECT K Dome Flat         15.1 K       16:06:27 2014-06-06 03:51:43.2 2456814.6609 ir140605domeK.0028     [03:52:14.7
ALL            OBJECT K Dome Flat         15.0 K       16:07:02 2014-06-06 03:52:17.9 2456814.6613 ir140605domeK.0029     [03:52:50.2
ALL            OBJECT K Dome Flat         15.0 K       16:07:33 2014-06-06 03:52:48.8 2456814.6617 ir140605domeK.0030     [03:53:20.3
ALL            OBJECT K Dome Flat         15.1 K       16:08:04 2014-06-06 03:53:20.2 2456814.6620 ir140605domeK.0031     [03:53:52.4
ALL            OBJECT K Dome Flat         15.1 K       16:08:35 2014-06-06 03:53:51.5 2456814.6624 ir140605domeK.0032     [03:54:22.8
ALL            OBJECT K Dome Flat         15.1 K       16:09:06 2014-06-06 03:54:22.5 2456814.6628 ir140605domeK.0033     [03:54:54.7
ALL            OBJECT K Dome Flat         15.1 K       16:09:38 2014-06-06 03:54:53.6 2456814.6631 ir140605domeK.0034     [03:55:25.0
ALL            OBJECT K Dome Flat         15.0 K       16:10:09 2014-06-06 03:55:24.8 2456814.6635 ir140605domeK.0035     [03:55:57.1
ALL            OBJECT K Dome Flat         15.1 K       16:10:40 2014-06-06 03:55:55.7 2456814.6638 ir140605domeK.0036     [03:56:27.0
ALL            OBJECT K Dome Flat         15.0 K       16:11:11 2014-06-06 03:56:26.7 2456814.6642 ir140605domeK.0037     [03:56:59.0
ALL            OBJECT K Dome Flat         15.1 K       16:11:42 2014-06-06 03:56:57.9 2456814.6646 ir140605domeK.0038     [03:57:29.2
ALL            OBJECT K Dome Flat         15.0 K       16:12:14 2014-06-06 03:57:29.1 2456814.6649 ir140605domeK.0039     [03:58:01.3
ALL            OBJECT K Dome Flat         15.1 K       16:12:45 2014-06-06 03:58:00.0 2456814.6653 ir140605domeK.0040     [03:58:31.3
ALL            OBJECT K Dome Flat         15.1 K       16:13:16 2014-06-06 03:58:31.2 2456814.6656 ir140605domeK.0041     [03:59:03.4
ALL            OBJECT K Dome Flat         15.1 K       16:13:47 2014-06-06 03:59:02.5 2456814.6660 ir140605domeK.0042     [03:59:34.0
ALL            OBJECT K Dome Flat         15.1 K       16:14:22 2014-06-06 03:59:37.3 2456814.6664 ir140605domeK.0043     [04:00:09.5
ALL            OBJECT K Dome Flat         15.1 K       16:14:53 2014-06-06 04:00:08.4 2456814.6668 ir140605domeK.0044     [04:00:39.7
ALL            OBJECT K Dome Flat         15.0 K       16:15:25 2014-06-06 04:00:39.7 2456814.6671 ir140605domeK.0045     [04:01:11.9
ALL            OBJECT K Dome Flat         15.1 K       16:15:56 2014-06-06 04:01:11.1 2456814.6675 ir140605domeK.0046     [04:01:42.5
ALL            OBJECT K Dome Flat         15.1 K       16:16:27 2014-06-06 04:01:42.1 2456814.6678 ir140605domeK.0047     [04:02:14.3
ALL            OBJECT K Dome Flat         15.0 K       16:16:59 2014-06-06 04:02:13.2 2456814.6682 ir140605domeK.0048     [04:02:44.5
ALL            OBJECT K Dome Flat         15.0 K       16:17:30 2014-06-06 04:02:44.3 2456814.6686 ir140605domeK.0049     [04:03:16.4
ALL            OBJECT K Dome Flat         15.1 K       16:18:00 2014-06-06 04:03:15.0 2456814.6689 ir140605domeK.0050     [04:03:46.3
ALL            OBJECT K Dome Flat         15.1 K       16:18:31 2014-06-06 04:03:45.9 2456814.6693 ir140605domeK.0051     [04:04:18.2
ALL            OBJECT K Dome Flat         15.0 K       16:19:03 2014-06-06 04:04:17.2 2456814.6696 ir140605domeK.0052     [04:04:48.5
ALL            OBJECT K Dome Flat         15.1 K       16:19:34 2014-06-06 04:04:48.5 2456814.6700 ir140605domeK.0053     [04:05:20.8
ALL            OBJECT K Dome Flat         15.0 K       16:20:05 2014-06-06 04:05:19.4 2456814.6704 ir140605domeK.0054     [04:05:50.7
ALL            OBJECT K Dome Flat         15.1 K       16:20:37 2014-06-06 04:05:50.7 2456814.6707 ir140605domeK.0055     [04:06:22.9
ALL            OBJECT K Dome Flat         15.1 K       16:21:08 2014-06-06 04:06:22.1 2456814.6711 ir140605domeK.0056     [04:06:53.6
ALL            OBJECT K Dome Flat         15.1 K       16:21:43 2014-06-06 04:06:57.1 2456814.6715 ir140605domeK.0057     [04:07:29.3
ALL            OBJECT K Dome Flat         15.1 K       16:22:14 2014-06-06 04:07:28.3 2456814.6719 ir140605domeK.0058     [04:07:59.6
ALL            OBJECT K Dome Flat         15.1 K       16:22:46 2014-06-06 04:07:59.6 2456814.6722 ir140605domeK.0059     [04:08:31.9
ALL            OBJECT K Dome Flat         15.1 K       16:23:17 2014-06-06 04:08:31.0 2456814.6726 ir140605domeK.0060     [04:09:02.3
ALL            OBJECT K Dome Flat         15.0 K       16:23:48 2014-06-06 04:09:02.0 2456814.6729 ir140605domeK.0061     [04:09:34.4
ALL            OBJECT K Dome Flat         15.0 K       16:24:20 2014-06-06 04:09:33.2 2456814.6733 ir140605domeK.0062     [04:10:04.5
ALL            OBJECT K Dome Flat         15.0 K       16:24:51 2014-06-06 04:10:04.5 2456814.6737 ir140605domeK.0063     [04:10:38.8
ALL            OBJECT K Dome Flat         15.0 K       16:25:22 2014-06-06 04:10:35.5 2456814.6740 ir140605domeK.0064     [04:11:06.7
ALL            OBJECT K Dome Flat         15.1 K       16:25:53 2014-06-06 04:11:06.4 2456814.6744 ir140605domeK.0065     [04:11:38.6
ALL            OBJECT K Dome Flat         15.1 K       16:26:24 2014-06-06 04:11:37.7 2456814.6747 ir140605domeK.0066     [04:12:09.0
ALL            OBJECT K Dome Flat         15.1 K       16:26:56 2014-06-06 04:12:08.9 2456814.6751 ir140605domeK.0067     [04:12:41.3
ALL            OBJECT K Dome Flat         15.0 K       16:27:27 2014-06-06 04:12:39.9 2456814.6755 ir140605domeK.0068     [04:13:11.2
ALL            OBJECT K Dome Flat         15.1 K       16:27:58 2014-06-06 04:13:11.0 2456814.6758 ir140605domeK.0069     [04:13:43.2
ALL            OBJECT K Dome Flat         15.1 K       16:28:29 2014-06-06 04:13:42.2 2456814.6762 ir140605domeK.0070     [04:14:13.7
ALL            OBJECT JUNK                 5.0 K       16:29:34 2014-06-06 04:14:47.0 2456814.6769 ir140605junk2.0001     [04:15:09.7
ALL            OBJECT JUNK                 5.0 K       16:29:55 2014-06-06 04:15:07.7 2456814.6772 ir140605junk2.0002     [04:15:29.0
ALL            OBJECT JUNK                 1.0 I       16:29:37 2014-06-06 04:14:49.5 2456814.6770 ccd140605.0006         [04:15:35.1
ALL            OBJECT JUNK                 5.0 K       16:30:15 2014-06-06 04:15:28.1 2456814.6774 ir140605junk2.0003     [04:15:49.4
ALL            OBJECT JUNK                 5.0 K       16:30:36 2014-06-06 04:15:48.5 2456814.6776 ir140605junk2.0004     [04:16:11.8
ALL            OBJECT JUNK                 5.0 K       16:30:57 2014-06-06 04:16:09.3 2456814.6779 ir140605junk2.0005     [04:16:30.7
ALL            FLAT   K Dome LampOff      15.1 K       16:31:24 2014-06-06 04:16:36.0 2456814.6782 ir140605domeoffK.0001  [04:17:08.6
ALL            FLAT   K Dome LampOff      15.0 K       16:31:55 2014-06-06 04:17:06.9 2456814.6785 ir140605domeoffK.0002  [04:17:38.2
ALL            FLAT   K Dome LampOff      15.0 K       16:32:26 2014-06-06 04:17:38.1 2456814.6789 ir140605domeoffK.0003  [04:18:10.4
ALL            FLAT   K Dome LampOff      15.1 K       16:32:57 2014-06-06 04:18:09.4 2456814.6793 ir140605domeoffK.0004  [04:18:40.8
ALL            FLAT   K Dome LampOff      15.1 K       16:33:28 2014-06-06 04:18:40.5 2456814.6796 ir140605domeoffK.0005  [04:19:12.8
ALL            FLAT   K Dome LampOff      15.0 K       16:34:00 2014-06-06 04:19:11.8 2456814.6800 ir140605domeoffK.0006  [04:19:43.1
ALL            FLAT   K Dome LampOff      15.0 K       16:34:31 2014-06-06 04:19:43.0 2456814.6804 ir140605domeoffK.0007  [04:20:15.2
ALL            FLAT   K Dome LampOff      15.1 K       16:35:02 2014-06-06 04:20:14.1 2456814.6807 ir140605domeoffK.0008  [04:20:45.4
ALL            FLAT   K Dome LampOff      15.0 K       16:35:33 2014-06-06 04:20:45.1 2456814.6811 ir140605domeoffK.0009  [04:21:17.3
ALL            FLAT   K Dome LampOff      15.1 K       16:36:05 2014-06-06 04:21:16.5 2456814.6814 ir140605domeoffK.0010  [04:21:47.9
ALL            FLAT   K Dome LampOff      15.1 K       16:36:36 2014-06-06 04:21:47.7 2456814.6818 ir140605domeoffK.0011  [04:22:20.1
ALL            FLAT   K Dome LampOff      15.1 K       16:37:07 2014-06-06 04:22:18.7 2456814.6822 ir140605domeoffK.0012  [04:22:50.1
ALL            FLAT   K Dome LampOff      15.1 K       16:37:39 2014-06-06 04:22:50.0 2456814.6825 ir140605domeoffK.0013  [04:23:22.3
ALL            FLAT   K Dome LampOff      15.1 K       16:38:10 2014-06-06 04:23:21.3 2456814.6829 ir140605domeoffK.0014  [04:23:52.7
ALL            FLAT   K Dome LampOff      15.1 K       16:38:45 2014-06-06 04:23:56.2 2456814.6833 ir140605domeoffK.0015  [04:24:28.5
ALL            FLAT   K Dome LampOff      15.1 K       16:39:16 2014-06-06 04:24:27.3 2456814.6837 ir140605domeoffK.0016  [04:24:58.7
ALL            FLAT   K Dome LampOff      15.0 K       16:39:16 2014-06-06 04:24:27.3 2456814.6837 ir140605domeoffK.0017  [04:25:40.5
ALL            FLAT   K Dome LampOff      15.0 K       16:40:29 2014-06-06 04:25:39.6 2456814.6845 ir140605domeoffK.0018  [04:26:10.9
ALL            FLAT   K Dome LampOff      15.1 K       16:41:00 2014-06-06 04:26:10.5 2456814.6848 ir140605domeoffK.0019  [04:26:42.8
ALL            FLAT   K Dome LampOff      15.1 K       16:41:31 2014-06-06 04:26:41.8 2456814.6852 ir140605domeoffK.0020  [04:27:13.3
ALL            FLAT   K Dome LampOff      15.0 K       16:42:03 2014-06-06 04:27:13.2 2456814.6856 ir140605domeoffK.0021  [04:27:45.5
ALL            FLAT   K Dome LampOff      15.1 K       16:42:34 2014-06-06 04:27:44.1 2456814.6859 ir140605domeoffK.0022  [04:28:15.4
ALL            FLAT   K Dome LampOff      15.0 K       16:43:05 2014-06-06 04:28:15.1 2456814.6863 ir140605domeoffK.0023  [04:28:47.4
ALL            FLAT   K Dome LampOff      15.0 K       16:43:36 2014-06-06 04:28:46.4 2456814.6867 ir140605domeoffK.0024  [04:29:17.7
ALL            FLAT   K Dome LampOff      15.1 K       16:44:07 2014-06-06 04:29:17.7 2456814.6870 ir140605domeoffK.0025  [04:29:50.1
ALL            FLAT   K Dome LampOff      15.0 K       16:44:39 2014-06-06 04:29:48.9 2456814.6874 ir140605domeoffK.0026  [04:30:20.1
ALL            FLAT   K Dome LampOff      15.1 K       16:45:10 2014-06-06 04:30:20.1 2456814.6877 ir140605domeoffK.0027  [04:30:52.4
ALL            FLAT   K Dome LampOff      15.1 K       16:45:41 2014-06-06 04:30:51.4 2456814.6881 ir140605domeoffK.0028  [04:31:22.8
ALL            FLAT   K Dome LampOff      15.1 K       16:46:16 2014-06-06 04:31:26.2 2456814.6885 ir140605domeoffK.0029  [04:31:58.5
ALL            FLAT   K Dome LampOff      15.1 K       16:46:47 2014-06-06 04:31:57.2 2456814.6889 ir140605domeoffK.0030  [04:32:28.6
ALL            FLAT   K Dome LampOff      15.0 K       16:47:19 2014-06-06 04:32:28.7 2456814.6892 ir140605domeoffK.0031  [04:33:01.0
ALL            FLAT   K Dome LampOff      15.0 K       16:47:50 2014-06-06 04:33:00.2 2456814.6896 ir140605domeoffK.0032  [04:33:31.5
ALL            FLAT   K Dome LampOff      15.0 K       16:48:22 2014-06-06 04:33:31.1 2456814.6899 ir140605domeoffK.0033  [04:34:03.5
ALL            FLAT   K Dome LampOff      15.0 K       16:48:53 2014-06-06 04:34:02.4 2456814.6903 ir140605domeoffK.0034  [04:34:33.8
ALL            FLAT   K Dome LampOff      15.0 K       16:49:24 2014-06-06 04:34:33.7 2456814.6907 ir140605domeoffK.0035  [04:35:06.7
ALL            FLAT   K Dome LampOff      15.0 K       16:49:55 2014-06-06 04:35:04.6 2456814.6910 ir140605domeoffK.0036  [04:35:35.9
ALL            FLAT   K Dome LampOff      15.0 K       16:50:26 2014-06-06 04:35:35.7 2456814.6914 ir140605domeoffK.0037  [04:36:07.9
ALL            FLAT   K Dome LampOff      15.0 K       16:50:58 2014-06-06 04:36:07.1 2456814.6918 ir140605domeoffK.0038  [04:36:38.4
ALL            FLAT   K Dome LampOff      15.0 K       16:51:29 2014-06-06 04:36:38.5 2456814.6921 ir140605domeoffK.0039  [04:37:10.9
ALL            FLAT   K Dome LampOff      15.0 K       16:52:00 2014-06-06 04:37:09.5 2456814.6925 ir140605domeoffK.0040  [04:37:40.9
ALL            FLAT   K Dome LampOff      15.0 K       16:52:32 2014-06-06 04:37:40.8 2456814.6928 ir140605domeoffK.0041  [04:38:13.0
ALL            FLAT   K Dome LampOff      15.1 K       16:53:03 2014-06-06 04:38:12.2 2456814.6932 ir140605domeoffK.0042  [04:38:43.6
ALL            FLAT   K Dome LampOff      15.0 K       16:53:39 2014-06-06 04:38:47.2 2456814.6936 ir140605domeoffK.0043  [04:39:19.5
ALL            FLAT   K Dome LampOff      15.1 K       16:54:10 2014-06-06 04:39:18.4 2456814.6940 ir140605domeoffK.0044  [04:39:49.8
ALL            FLAT   K Dome LampOff      15.0 K       16:54:41 2014-06-06 04:39:49.8 2456814.6943 ir140605domeoffK.0045  [04:40:21.9
ALL            FLAT   K Dome LampOff      15.1 K       16:55:12 2014-06-06 04:40:21.0 2456814.6947 ir140605domeoffK.0046  [04:40:52.3
ALL            FLAT   K Dome LampOff      15.0 K       16:55:43 2014-06-06 04:40:51.9 2456814.6950 ir140605domeoffK.0047  [04:41:24.1
ALL            FLAT   K Dome LampOff      15.1 K       16:56:15 2014-06-06 04:41:23.1 2456814.6954 ir140605domeoffK.0048  [04:41:54.4
ALL            FLAT   K Dome LampOff      15.1 K       16:56:46 2014-06-06 04:41:54.5 2456814.6958 ir140605domeoffK.0049  [04:42:26.7
ALL            FLAT   K Dome LampOff      15.0 K       16:57:17 2014-06-06 04:42:25.4 2456814.6961 ir140605domeoffK.0050  [04:42:56.7
ALL            FLAT   K Dome LampOff      15.1 K       16:57:49 2014-06-06 04:42:56.6 2456814.6965 ir140605domeoffK.0051  [04:43:28.9
ALL            FLAT   K Dome LampOff      15.0 K       16:58:20 2014-06-06 04:43:28.1 2456814.6968 ir140605domeoffK.0052  [04:43:59.4
ALL            FLAT   K Dome LampOff      15.0 K       16:58:51 2014-06-06 04:43:59.4 2456814.6972 ir140605domeoffK.0053  [04:44:31.7
ALL            FLAT   K Dome LampOff      15.0 K       16:59:23 2014-06-06 04:44:30.5 2456814.6976 ir140605domeoffK.0054  [04:45:01.8
ALL            FLAT   K Dome LampOff      15.0 K       16:59:54 2014-06-06 04:45:01.8 2456814.6979 ir140605domeoffK.0055  [04:45:34.0
ALL            FLAT   K Dome LampOff      15.0 K       17:00:26 2014-06-06 04:45:33.2 2456814.6983 ir140605domeoffK.0056  [04:46:04.6
ALL            FLAT   K Dome LampOff      15.0 K       17:01:01 2014-06-06 04:46:08.3 2456814.6987 ir140605domeoffK.0057  [04:46:40.5
ALL            FLAT   K Dome LampOff      15.1 K       17:01:32 2014-06-06 04:46:39.3 2456814.6991 ir140605domeoffK.0058  [04:47:10.7
ALL            FLAT   K Dome LampOff      15.1 K       17:02:03 2014-06-06 04:47:10.6 2456814.6994 ir140605domeoffK.0059  [04:47:43.0
ALL            FLAT   K Dome LampOff      15.0 K       17:02:35 2014-06-06 04:47:42.1 2456814.6998 ir140605domeoffK.0060  [04:48:13.5
ALL            FLAT   K Dome LampOff      15.0 K       17:03:06 2014-06-06 04:48:13.1 2456814.7001 ir140605domeoffK.0061  [04:48:45.3
ALL            FLAT   K Dome LampOff      15.0 K       17:03:37 2014-06-06 04:48:44.3 2456814.7005 ir140605domeoffK.0062  [04:49:15.6
ALL            FLAT   K Dome LampOff      15.0 K       17:04:09 2014-06-06 04:49:15.7 2456814.7009 ir140605domeoffK.0063  [04:49:47.9
ALL            FLAT   K Dome LampOff      15.0 K       17:04:40 2014-06-06 04:49:46.6 2456814.7012 ir140605domeoffK.0064  [04:50:18.1
ALL            FLAT   K Dome LampOff      15.0 K       17:05:11 2014-06-06 04:50:17.7 2456814.7016 ir140605domeoffK.0065  [04:50:50.1
ALL            FLAT   K Dome LampOff      15.1 K       17:05:42 2014-06-06 04:50:49.1 2456814.7020 ir140605domeoffK.0066  [04:51:20.5
ALL            FLAT   K Dome LampOff      15.1 K       17:06:14 2014-06-06 04:51:20.6 2456814.7023 ir140605domeoffK.0067  [04:51:52.8
ALL            FLAT   K Dome LampOff      15.0 K       17:06:45 2014-06-06 04:51:51.5 2456814.7027 ir140605domeoffK.0068  [04:52:22.8
ALL            FLAT   K Dome LampOff      15.0 K       17:07:16 2014-06-06 04:52:22.7 2456814.7030 ir140605domeoffK.0069  [04:52:54.9
ALL            FLAT   K Dome LampOff      15.0 K       17:07:48 2014-06-06 04:52:53.9 2456814.7034 ir140605domeoffK.0070  [04:53:25.3
OSU-03A-0001   OBJECT OB140953            50.0 H       17:17:21 2014-06-06 05:02:26.3 2456814.7100 ir140605.0011          [05:03:33.7
OSU-03A-0001   OBJECT OB140953            50.0 H       17:18:28 2014-06-06 05:03:32.3 2456814.7108 ir140605.0012          [05:04:38.8
OSU-03A-0001   OBJECT OB140953            50.0 H       17:19:34 2014-06-06 05:04:38.5 2456814.7116 ir140605.0013          [05:05:45.8
OSU-03A-0001   OBJECT OB140953            50.0 H       17:20:40 2014-06-06 05:05:44.6 2456814.7123 ir140605.0014          [05:06:50.9
OSU-03A-0001   OBJECT OB140953            50.0 H       17:21:46 2014-06-06 05:06:50.4 2456814.7131 ir140605.0015          [05:07:58.3
OSU-03A-0001   OBJECT OB140953           300.0 I       17:17:24 2014-06-06 05:02:28.8 2456814.7101 ccd140605.0003         [05:08:12.7
OSU-03A-0001   OBJECT OB140953            50.0 H       17:23:16 2014-06-06 05:08:20.2 2456814.7141 ir140605.0016          [05:09:27.9
OSU-03A-0001   OBJECT OB140953            50.0 H       17:24:22 2014-06-06 05:09:26.0 2456814.7149 ir140605.0017          [05:10:32.2
OSU-03A-0001   OBJECT OB140953            50.0 H       17:25:28 2014-06-06 05:10:32.0 2456814.7157 ir140605.0018          [05:11:39.1
OSU-03A-0001   OBJECT OB140953            50.0 H       17:26:35 2014-06-06 05:11:38.3 2456814.7164 ir140605.0019          [05:12:44.6
OSU-03A-0001   OBJECT OB140953            50.0 H       17:27:41 2014-06-06 05:12:44.4 2456814.7172 ir140605.0020          [05:13:51.7
OSU-03A-0001   OBJECT OB140953           300.0 V       17:23:19 2014-06-06 05:08:22.8 2456814.7141 ccd140605.0004         [05:14:06.6
OSU-03A-0001   OBJECT OB140944            50.0 H       17:30:39 2014-06-06 05:15:41.3 2456814.7192 ir140605.0021          [05:16:49.1
OSU-03A-0001   OBJECT OB140944            50.0 H       17:31:45 2014-06-06 05:16:47.2 2456814.7200 ir140605.0022          [05:17:53.4
OSU-03A-0001   OBJECT OB140944            50.0 H       17:32:51 2014-06-06 05:17:53.2 2456814.7207 ir140605.0023          [05:19:00.5
OSU-03A-0001   OBJECT OB140944            50.0 H       17:33:57 2014-06-06 05:18:59.4 2456814.7215 ir140605.0024          [05:20:05.6
OSU-03A-0001   OBJECT OB140944            50.0 H       17:35:03 2014-06-06 05:20:05.2 2456814.7223 ir140605.0025          [05:21:12.4
OSU-03A-0001   OBJECT OB140944           300.0 I       17:30:41 2014-06-06 05:15:43.9 2456814.7193 ccd140605.0005         [05:21:27.7
OSU-03A-0001   OBJECT OB140977            50.0 H       17:37:37 2014-06-06 05:22:38.3 2456814.7240 ir140605.0026          [05:23:46.2
OSU-03A-0001   OBJECT OB140977            50.0 H       17:38:43 2014-06-06 05:23:44.2 2456814.7248 ir140605.0027          [05:24:50.5
OSU-03A-0001   OBJECT OB140977            50.0 H       17:39:49 2014-06-06 05:24:50.2 2456814.7256 ir140605.0028          [05:25:57.4
OSU-03A-0001   OBJECT OB140977            50.0 H       17:40:55 2014-06-06 05:25:56.5 2456814.7264 ir140605.0029          [05:27:02.7
OSU-03A-0001   OBJECT OB140977            50.0 H       17:42:01 2014-06-06 05:27:02.0 2456814.7271 ir140605.0030          [05:28:09.3
OSU-03A-0001   OBJECT OB140977           300.0 I       17:37:39 2014-06-06 05:22:40.9 2456814.7241 ccd140605.0006         [05:28:24.7
OSU-03A-0001   OBJECT OB140650            50.0 H       17:44:16 2014-06-06 05:29:16.7 2456814.7287 ir140605.0031          [05:30:24.1
OSU-03A-0001   OBJECT OB140650            50.0 H       17:45:22 2014-06-06 05:30:22.6 2456814.7294 ir140605.0032          [05:31:28.8
OSU-03A-0001   OBJECT OB140650            50.0 H       17:46:29 2014-06-06 05:31:28.6 2456814.7302 ir140605.0033          [05:32:35.8
OSU-03A-0001   OBJECT OB140650            50.0 H       17:47:35 2014-06-06 05:32:34.8 2456814.7310 ir140605.0034          [05:33:41.2
OSU-03A-0001   OBJECT OB140650            50.0 H       17:48:41 2014-06-06 05:33:40.7 2456814.7317 ir140605.0035          [05:34:48.0
OSU-03A-0001   OBJECT OB140650           300.0 I       17:44:19 2014-06-06 05:29:19.3 2456814.7287 ccd140605.0007         [05:35:03.1
GSU-03A-0006   OBJECT 1553+113            25.0 K       17:53:00 2014-06-06 05:37:59.1 2456814.7347 ir140605.0036          [05:38:41.8
GSU-03A-0006   OBJECT 1553+113            25.0 K       17:53:41 2014-06-06 05:38:39.9 2456814.7352 ir140605.0037          [05:39:21.2
GSU-03A-0006   OBJECT 1553+113            25.0 K       17:54:22 2014-06-06 05:39:21.0 2456814.7357 ir140605.0038          [05:40:03.2
GSU-03A-0006   OBJECT 1553+113            25.0 K       17:55:03 2014-06-06 05:40:02.1 2456814.7361 ir140605.0039          [05:40:43.3
GSU-03A-0006   OBJECT 1553+113           140.0 R       17:53:03 2014-06-06 05:38:01.7 2456814.7347 ccd140605.0008         [05:41:06.4
ALL            OBJECT focus                7.0 H       17:57:33 2014-06-06 05:42:31.3 2456814.7379 irfoco.0001            [05:42:54.5
ALL            OBJECT focus               10.0 V       17:57:36 2014-06-06 05:42:33.9 2456814.7379 ccdfoco.0001           [05:43:28.5
ALL            OBJECT focus                7.0 H       17:59:27 2014-06-06 05:44:24.8 2456814.7392 irfoco.0002            [05:44:47.9
ALL            OBJECT focus               10.0 V       17:59:29 2014-06-06 05:44:27.2 2456814.7392 ccdfoco.0002           [05:45:21.8
ALL            OBJECT focus                7.0 H       18:00:45 2014-06-06 05:45:42.9 2456814.7401 irfoco.0003            [05:46:07.3
ALL            OBJECT focus               10.0 V       18:00:48 2014-06-06 05:45:45.5 2456814.7401 ccdfoco.0003           [05:46:40.7
ALL            OBJECT focus                7.0 H       18:02:12 2014-06-06 05:47:09.8 2456814.7411 irfoco.0004            [05:47:33.8
ALL            OBJECT focus               10.0 V       18:02:15 2014-06-06 05:47:12.2 2456814.7411 ccdfoco.0004           [05:48:07.1
OSU-03A-0001   OBJECT OB140678            50.0 H       18:07:30 2014-06-06 05:52:27.1 2456814.7448 ir140605.0040          [05:53:33.4
OSU-03A-0001   OBJECT OB140678            50.0 H       18:08:37 2014-06-06 05:53:33.1 2456814.7455 ir140605.0041          [05:54:40.4
OSU-03A-0001   OBJECT OB140678            50.0 H       18:09:43 2014-06-06 05:54:39.2 2456814.7463 ir140605.0042          [05:55:45.5
OSU-03A-0001   OBJECT OB140678            50.0 H       18:10:49 2014-06-06 05:55:45.5 2456814.7470 ir140605.0043          [05:56:54.0
OSU-03A-0001   OBJECT OB140678            50.0 H       18:11:56 2014-06-06 05:56:51.8 2456814.7478 ir140605.0044          [05:57:58.1
OSU-03A-0001   OBJECT OB140678           300.0 I       18:07:33 2014-06-06 05:52:29.7 2456814.7448 ccd140605.0009         [05:58:16.2
OSU-03A-0001   OBJECT OB140337            50.0 H       18:13:56 2014-06-06 05:58:51.1 2456814.7492 ir140605.0045          [05:59:57.4
OSU-03A-0001   OBJECT OB140337            50.0 H       18:15:02 2014-06-06 05:59:57.0 2456814.7500 ir140605.0046          [06:01:04.8
OSU-03A-0001   OBJECT OB140337            50.0 H       18:16:08 2014-06-06 06:01:03.3 2456814.7507 ir140605.0047          [06:02:09.6
OSU-03A-0001   OBJECT OB140337            50.0 H       18:17:14 2014-06-06 06:02:09.4 2456814.7515 ir140605.0048          [06:03:16.7
OSU-03A-0001   OBJECT OB140337            50.0 H       18:18:20 2014-06-06 06:03:15.3 2456814.7523 ir140605.0049          [06:04:21.5
OSU-03A-0001   OBJECT OB140337           300.0 I       18:13:58 2014-06-06 05:58:53.8 2456814.7492 ccd140605.0010         [06:04:38.4
OSU-03A-0001   OBJECT OB140289            50.0 H       18:20:57 2014-06-06 06:05:51.6 2456814.7541 ir140605.0050          [06:06:57.9
OSU-03A-0001   OBJECT OB140289            50.0 H       18:22:03 2014-06-06 06:06:57.6 2456814.7548 ir140605.0051          [06:08:04.7
OSU-03A-0001   OBJECT OB140289            50.0 H       18:23:10 2014-06-06 06:08:03.7 2456814.7556 ir140605.0052          [06:09:10.1
OSU-03A-0001   OBJECT OB140289            50.0 H       18:24:16 2014-06-06 06:09:09.8 2456814.7564 ir140605.0053          [06:10:17.6
OSU-03A-0001   OBJECT OB140289            50.0 H       18:25:22 2014-06-06 06:10:15.7 2456814.7571 ir140605.0054          [06:11:21.9
OSU-03A-0001   OBJECT OB140289           300.0 I       18:21:00 2014-06-06 06:05:54.3 2456814.7541 ccd140605.0011         [06:11:38.9
OSU-03A-0001   OBJECT OB140953            50.0 H       18:27:20 2014-06-06 06:12:13.4 2456814.7585 ir140605.0055          [06:13:19.6
OSU-03A-0001   OBJECT OB140953            50.0 H       18:28:26 2014-06-06 06:13:19.3 2456814.7593 ir140605.0056          [06:14:26.5
OSU-03A-0001   OBJECT OB140953            50.0 H       18:29:32 2014-06-06 06:14:25.5 2456814.7600 ir140605.0057          [06:15:31.8
OSU-03A-0001   OBJECT OB140953            50.0 H       18:30:39 2014-06-06 06:15:31.5 2456814.7608 ir140605.0058          [06:16:38.8
OSU-03A-0001   OBJECT OB140953            50.0 H       18:31:45 2014-06-06 06:16:37.4 2456814.7615 ir140605.0059          [06:17:43.7
OSU-03A-0001   OBJECT OB140953           300.0 I       18:27:22 2014-06-06 06:12:16.0 2456814.7585 ccd140605.0012         [06:18:00.7
GSU-03A-0006   OBJECT 1510-089            35.0 H       18:35:12 2014-06-06 06:20:04.3 2456814.7639 ir140605.0060          [06:20:55.6
GSU-03A-0006   OBJECT 1510-089            35.0 H       18:36:04 2014-06-06 06:20:55.7 2456814.7645 ir140605.0061          [06:21:47.8
GSU-03A-0006   OBJECT 1510-089            35.0 H       18:36:55 2014-06-06 06:21:46.8 2456814.7651 ir140605.0062          [06:22:38.1
GSU-03A-0006   OBJECT 1510-089           120.0 R       18:35:15 2014-06-06 06:20:06.9 2456814.7640 ccd140605.0013         [06:22:51.6
NOAO-14A-0257  OBJECT PHR1408-6106       420.0 V       18:40:19 2014-06-06 06:25:10.6 2456814.7675 ccd140605.0014         [06:32:54.4
NOAO-14A-0257  OBJECT PHR1408-6106       420.0 V       18:48:07 2014-06-06 06:32:57.2 2456814.7729 ccd140605.0015         [06:40:42.2
NOAO-14A-0257  OBJECT PHR1408-6106       420.0 V       18:55:55 2014-06-06 06:40:43.7 2456814.7783 ccd140605.0016         [06:48:27.5
NOAO-14A-0257  OBJECT PHR1408-6106       420.0 V       19:03:43 2014-06-06 06:48:30.1 2456814.7837 ccd140605.0017         [06:56:14.6
GSU-03A-0006   OBJECT 1514-24             25.0 K       19:32:49 2014-06-06 07:17:31.8 2456814.8038 ir140605.0063          [07:18:13.2
GSU-03A-0006   OBJECT 1514-24             25.1 K       19:33:30 2014-06-06 07:18:12.8 2456814.8043 ir140605.0064          [07:18:55.0
GSU-03A-0006   OBJECT 1514-24             25.0 K       19:34:11 2014-06-06 07:18:53.9 2456814.8048 ir140605.0065          [07:19:35.4
GSU-03A-0006   OBJECT 1514-24             25.0 K       19:34:53 2014-06-06 07:19:35.2 2456814.8053 ir140605.0066          [07:20:17.5
GSU-03A-0006   OBJECT 1514-24            140.0 R       19:32:52 2014-06-06 07:17:34.4 2456814.8039 ccd140605.0018         [07:20:38.1
DUBLIN-11B-000 OBJECT Clust-1286          30.1 J       19:37:59 2014-06-06 07:22:40.9 2456814.8074 ir140605.0067          [07:24:02.3
DUBLIN-11B-000 OBJECT Clust-1286         110.0 I       19:38:02 2014-06-06 07:22:43.5 2456814.8075 ccd140605.0019         [07:25:17.3
DUBLIN-11B-000 OBJECT Clust-1286          30.1 J       19:39:19 2014-06-06 07:24:01.0 2456814.8083 ir140605.0068          [07:25:23.6
DUBLIN-11B-000 OBJECT Clust-1286          30.1 J       19:40:40 2014-06-06 07:25:21.7 2456814.8093 ir140605.0069          [07:26:42.3
DUBLIN-11B-000 OBJECT Clust-1286         110.0 I       19:40:39 2014-06-06 07:25:20.1 2456814.8093 ccd140605.0020         [07:27:54.6
DUBLIN-11B-000 OBJECT Clust-1286          30.0 J       19:42:01 2014-06-06 07:26:42.2 2456814.8102 ir140605.0070          [07:28:02.8
DUBLIN-11B-000 OBJECT Clust-1286          30.1 J       19:43:21 2014-06-06 07:28:02.4 2456814.8111 ir140605.0071          [07:29:23.9
DUBLIN-11B-000 OBJECT Clust-1286         110.0 I       19:43:16 2014-06-06 07:27:57.1 2456814.8111 ccd140605.0021         [07:30:30.9
DUBLIN-11B-000 OBJECT Clust-1286          30.1 K       19:46:00 2014-06-06 07:30:40.6 2456814.8130 ir140605.0072          [07:32:02.1
DUBLIN-11B-000 OBJECT Clust-1286         110.0 R       19:46:03 2014-06-06 07:30:43.0 2456814.8130 ccd140605.0022         [07:33:17.0
DUBLIN-11B-000 OBJECT Clust-1286          30.0 K       19:47:20 2014-06-06 07:32:00.7 2456814.8139 ir140605.0073          [07:33:23.7
DUBLIN-11B-000 OBJECT Clust-1286          30.1 K       19:48:41 2014-06-06 07:33:21.4 2456814.8148 ir140605.0074          [07:34:42.0
DUBLIN-11B-000 OBJECT Clust-1286         110.0 R       19:48:40 2014-06-06 07:33:19.7 2456814.8148 ccd140605.0023         [07:35:54.3
DUBLIN-11B-000 OBJECT Clust-1286          30.1 K       19:50:02 2014-06-06 07:34:41.8 2456814.8158 ir140605.0075          [07:36:02.4
DUBLIN-11B-000 OBJECT Clust-1286          30.1 K       19:51:23 2014-06-06 07:36:02.1 2456814.8167 ir140605.0076          [07:37:23.6
DUBLIN-11B-000 OBJECT Clust-1286         110.0 R       19:51:17 2014-06-06 07:35:56.6 2456814.8166 ccd140605.0024         [07:38:30.5
OSU-03A-0001   OBJECT OB140923            50.0 H       19:55:43 2014-06-06 07:40:21.7 2456814.8197 ir140605.0077          [07:41:28.9
OSU-03A-0001   OBJECT OB140923            50.0 H       19:56:49 2014-06-06 07:41:27.5 2456814.8205 ir140605.0078          [07:42:33.9
OSU-03A-0001   OBJECT OB140923            50.0 H       19:57:55 2014-06-06 07:42:33.7 2456814.8212 ir140605.0079          [07:43:41.0
OSU-03A-0001   OBJECT OB140923            50.0 H       19:59:01 2014-06-06 07:43:39.8 2456814.8220 ir140605.0080          [07:44:46.2
OSU-03A-0001   OBJECT OB140923            50.0 H       20:00:07 2014-06-06 07:44:45.7 2456814.8227 ir140605.0081          [07:45:53.0
OSU-03A-0001   OBJECT OB140923           300.0 I       19:55:45 2014-06-06 07:40:24.1 2456814.8197 ccd140605.0025         [07:46:07.9
OSU-03A-0001   OBJECT OB140419            50.0 H       20:03:16 2014-06-06 07:47:53.5 2456814.8249 ir140605.0082          [07:49:00.8
OSU-03A-0001   OBJECT OB140419            50.0 H       20:04:22 2014-06-06 07:48:59.4 2456814.8257 ir140605.0083          [07:50:05.8
OSU-03A-0001   OBJECT OB140419            50.0 H       20:05:28 2014-06-06 07:50:05.5 2456814.8265 ir140605.0084          [07:51:12.8
OSU-03A-0001   OBJECT OB140419            50.0 H       20:06:35 2014-06-06 07:51:11.6 2456814.8272 ir140605.0085          [07:52:18.0
OSU-03A-0001   OBJECT OB140419            50.0 H       20:07:41 2014-06-06 07:52:18.2 2456814.8280 ir140605.0086          [07:53:25.4
OSU-03A-0001   OBJECT OB140419           300.0 I       20:03:18 2014-06-06 07:47:56.2 2456814.8249 ccd140605.0026         [07:53:40.0
OSU-03A-0001   OBJECT OB140977            50.0 H       20:12:04 2014-06-06 07:56:40.7 2456814.8310 ir140605.0087          [07:57:48.0
OSU-03A-0001   OBJECT OB140977            50.0 H       20:13:10 2014-06-06 07:57:46.6 2456814.8318 ir140605.0088          [07:58:53.0
OSU-03A-0001   OBJECT OB140977            50.0 H       20:14:17 2014-06-06 07:58:52.5 2456814.8325 ir140605.0089          [07:59:59.8
OSU-03A-0001   OBJECT OB140977            50.0 H       20:15:23 2014-06-06 07:59:58.8 2456814.8333 ir140605.0090          [08:01:05.1
OSU-03A-0001   OBJECT OB140977            50.0 H       20:16:29 2014-06-06 08:01:04.6 2456814.8341 ir140605.0091          [08:02:11.7
OSU-03A-0001   OBJECT OB140977           300.0 I       20:12:07 2014-06-06 07:56:43.3 2456814.8311 ccd140605.0027         [08:02:27.1
OSU-03A-0001   OBJECT OB140953            50.0 H       20:21:03 2014-06-06 08:05:37.7 2456814.8372 ir140605.0092          [08:06:45.5
OSU-03A-0001   OBJECT OB140953            50.0 H       20:22:09 2014-06-06 08:06:43.5 2456814.8380 ir140605.0093          [08:07:49.8
OSU-03A-0001   OBJECT OB140953            50.0 H       20:23:15 2014-06-06 08:07:49.5 2456814.8388 ir140605.0094          [08:08:56.8
OSU-03A-0001   OBJECT OB140953            50.0 H       20:24:21 2014-06-06 08:08:55.6 2456814.8395 ir140605.0095          [08:10:01.9
OSU-03A-0001   OBJECT OB140953            50.0 H       20:25:27 2014-06-06 08:10:01.3 2456814.8403 ir140605.0096          [08:11:08.6
OSU-03A-0001   OBJECT OB140953           300.0 I       20:21:05 2014-06-06 08:05:40.1 2456814.8373 ccd140605.0028         [08:11:23.9
OSU-03A-0001   OBJECT OB140953            50.0 H       20:26:57 2014-06-06 08:11:31.2 2456814.8413 ir140605.0097          [08:12:38.8
OSU-03A-0001   OBJECT OB140953            50.0 H       20:28:04 2014-06-06 08:12:37.4 2456814.8421 ir140605.0098          [08:13:43.7
OSU-03A-0001   OBJECT OB140953            50.0 H       20:29:10 2014-06-06 08:13:43.4 2456814.8429 ir140605.0099          [08:14:50.7
OSU-03A-0001   OBJECT OB140953            50.0 H       20:30:16 2014-06-06 08:14:49.3 2456814.8436 ir140605.0100          [08:15:55.7
OSU-03A-0001   OBJECT OB140953            50.0 H       20:31:22 2014-06-06 08:15:55.3 2456814.8444 ir140605.0101          [08:17:02.6
OSU-03A-0001   OBJECT OB140953           300.0 V       20:27:00 2014-06-06 08:11:33.7 2456814.8414 ccd140605.0029         [08:17:17.6
OSU-03A-0001   OBJECT OB140494            50.0 H       20:35:10 2014-06-06 08:19:42.7 2456814.8470 ir140605.0102          [08:20:50.0
OSU-03A-0001   OBJECT OB140494            50.0 H       20:36:16 2014-06-06 08:20:48.6 2456814.8478 ir140605.0103          [08:21:54.9
OSU-03A-0001   OBJECT OB140494            50.0 H       20:37:23 2014-06-06 08:21:54.7 2456814.8486 ir140605.0104          [08:23:02.1
OSU-03A-0001   OBJECT OB140494            50.0 H       20:38:29 2014-06-06 08:23:00.7 2456814.8493 ir140605.0105          [08:24:07.0
OSU-03A-0001   OBJECT OB140494            50.0 H       20:39:36 2014-06-06 08:24:07.5 2456814.8501 ir140605.0106          [08:25:14.7
OSU-03A-0001   OBJECT OB140494           300.0 I       20:35:13 2014-06-06 08:19:45.1 2456814.8470 ccd140605.0030         [08:25:28.9
LSU-11B-0003   OBJECT V3890 Sgr          100.0 J       20:43:22 2014-06-06 08:27:53.1 2456814.8527 ir140605.0107          [08:29:50.4
LSU-11B-0003   OBJECT V3890 Sgr          100.0 J       20:45:18 2014-06-06 08:29:49.0 2456814.8540 ir140605.0108          [08:31:45.3
LSU-11B-0003   OBJECT V3890 Sgr          200.0 R       20:43:24 2014-06-06 08:27:55.5 2456814.8527 ccd140605.0031         [08:32:00.1
LSU-14A-0001   OBJECT V1017 Sgr           60.0 J       20:48:08 2014-06-06 08:32:38.8 2456814.8560 ir140605.0109          [08:37:07.8
LSU-14A-0001   OBJECT V1017 Sgr          300.0 V       20:48:11 2014-06-06 08:32:41.2 2456814.8560 ccd140605.0032         [08:38:25.8
YALE-08A-0001  OBJECT 2155-304            30.1 J       20:56:49 2014-06-06 08:41:17.9 2456814.8620 ir140605.0110          [08:42:04.3
YALE-08A-0001  OBJECT 2155-304            30.0 J       20:57:35 2014-06-06 08:42:03.9 2456814.8626 ir140605.0111          [08:42:51.3
YALE-08A-0001  OBJECT 2155-304            70.0 R       20:56:52 2014-06-06 08:41:20.4 2456814.8620 ccd140605.0033         [08:43:14.3
YALE-08A-0001  OBJECT 2155-304            30.0 J       20:58:21 2014-06-06 08:42:50.0 2456814.8631 ir140605.0112          [08:43:37.7
YALE-08A-0001  OBJECT 2155-304            30.1 J       20:59:08 2014-06-06 08:43:36.4 2456814.8636 ir140605.0113          [08:44:23.2
YALE-08A-0001  OBJECT 2155-304            30.1 J       20:59:55 2014-06-06 08:44:22.9 2456814.8642 ir140605.0114          [08:45:10.3
YALE-08A-0001  OBJECT 2155-304            30.1 K       21:00:49 2014-06-06 08:45:17.3 2456814.8648 ir140605.0115          [08:46:03.6
YALE-08A-0001  OBJECT 2155-304            30.0 K       21:01:35 2014-06-06 08:46:03.3 2456814.8653 ir140605.0116          [08:46:50.8
YALE-08A-0001  OBJECT 2155-304            90.0 B       21:00:52 2014-06-06 08:45:19.7 2456814.8648 ccd140605.0034         [08:47:33.5
YALE-08A-0001  OBJECT 2155-304            30.1 K       21:02:22 2014-06-06 08:46:49.8 2456814.8659 ir140605.0117          [08:47:37.0
YALE-08A-0001  OBJECT 2155-304            30.1 K       21:03:08 2014-06-06 08:47:36.1 2456814.8664 ir140605.0118          [08:48:22.6
YALE-08A-0001  OBJECT 2155-304            30.0 K       21:04:00 2014-06-06 08:48:27.3 2456814.8670 ir140605.0119          [08:49:14.5
YALE-08A-0001  OBJECT 2155-304            30.0 K       21:04:46 2014-06-06 08:49:13.4 2456814.8675 ir140605.0120          [08:49:59.7
YALE-08A-0001  OBJECT 2155-304            70.0 V       21:04:02 2014-06-06 08:48:29.9 2456814.8670 ccd140605.0035         [08:50:24.5
YALE-08A-0001  OBJECT 2155-304            30.1 K       21:05:32 2014-06-06 08:49:59.6 2456814.8681 ir140605.0121          [08:50:46.0
YALE-08A-0001  OBJECT 2155-304            30.0 K       21:05:32 2014-06-06 08:49:59.6 2456814.8681 ir140605.0122          [08:51:43.0
YALE-08A-0001  OBJECT 2345-1555           30.0 J       21:09:37 2014-06-06 08:54:03.2 2456814.8709 ir140605.0123          [08:54:49.6
YALE-08A-0001  OBJECT 2345-1555           30.0 J       21:10:23 2014-06-06 08:54:49.4 2456814.8714 ir140605.0124          [08:55:36.7
YALE-08A-0001  OBJECT 2345-1555           30.1 J       21:11:09 2014-06-06 08:55:35.7 2456814.8719 ir140605.0125          [08:56:21.8
YALE-08A-0001  OBJECT 2345-1555           30.0 J       21:11:55 2014-06-06 08:56:21.7 2456814.8725 ir140605.0126          [08:57:09.0
YALE-08A-0001  OBJECT 2345-1555          140.0 R       21:09:39 2014-06-06 08:54:05.8 2456814.8709 ccd140605.0036         [08:57:10.2
YALE-08A-0001  OBJECT 2345-1555           30.1 J       21:12:42 2014-06-06 08:57:08.8 2456814.8730 ir140605.0127          [08:57:56.2
YALE-08A-0001  OBJECT 2345-1555           30.0 K       21:13:37 2014-06-06 08:58:02.8 2456814.8736 ir140605.0128          [08:58:49.2
YALE-08A-0001  OBJECT 2345-1555           30.1 K       21:14:23 2014-06-06 08:58:48.9 2456814.8742 ir140605.0129          [08:59:36.2
YALE-08A-0001  OBJECT 2345-1555           30.0 K       21:15:09 2014-06-06 08:59:35.0 2456814.8747 ir140605.0130          [09:00:21.4
YALE-08A-0001  OBJECT 2345-1555           30.0 K       21:15:56 2014-06-06 09:00:21.3 2456814.8753 ir140605.0131          [09:01:09.3
YALE-08A-0001  OBJECT 2345-1555          180.0 B       21:13:39 2014-06-06 08:58:05.3 2456814.8737 ccd140605.0037         [09:01:49.1
YALE-08A-0001  OBJECT 2345-1555           30.1 K       21:16:42 2014-06-06 09:01:07.3 2456814.8758 ir140605.0132          [09:01:54.7
YALE-08A-0001  OBJECT 2345-1555           30.1 K       21:17:34 2014-06-06 09:01:59.0 2456814.8764 ir140605.0133          [09:02:45.4
YALE-08A-0001  OBJECT 2345-1555           30.1 K       21:18:20 2014-06-06 09:02:45.0 2456814.8769 ir140605.0134          [09:03:32.2
YALE-08A-0001  OBJECT 2345-1555           30.0 K       21:19:06 2014-06-06 09:03:31.3 2456814.8775 ir140605.0135          [09:04:17.6
YALE-08A-0001  OBJECT 2345-1555           30.1 K       21:19:52 2014-06-06 09:04:17.5 2456814.8780 ir140605.0136          [09:05:04.7
YALE-08A-0001  OBJECT 2345-1555          140.0 V       21:17:36 2014-06-06 09:02:01.6 2456814.8764 ccd140605.0038         [09:05:49.1
YALE-08A-0001  OBJECT 2345-1555           30.1 K       21:20:38 2014-06-06 09:05:03.4 2456814.8785 ir140605.0137          [09:05:51.1
CHILE-14A-0077 OBJECT ASASSN-14az         60.0 J       21:25:36 2014-06-06 09:09:59.8 2456814.8819 ir140605.0138          [09:11:59.3
CHILE-14A-0077 OBJECT ASASSN-14az         60.0 B       21:25:38 2014-06-06 09:10:02.3 2456814.8820 ccd140605.0039         [09:25:07.0
CHILE-14A-0077 OBJECT ASASSN-14az         60.0 J       21:26:52 2014-06-06 09:11:15.7 2456814.8828 ir140605.0139          [09:26:45.1
