Project        ImType Object           ExpTime Filter  LST      UTDate     UTC        JD           Filename               [Logged@UT]
ALL            OBJECT focus                7.0 H       10:35:30 2014-06-01 22:37:24.0 2456810.4426 irfoco.0001            [22:37:48.2
ALL            OBJECT focus               10.0 V       10:35:32 2014-06-01 22:37:26.6 2456810.4427 ccdfoco.0001           [22:38:20.7
ALL            OBJECT focus                7.0 H       10:36:36 2014-06-01 22:38:29.5 2456810.4434 irfoco.0002            [22:38:53.7
ALL            OBJECT focus               10.0 V       10:36:38 2014-06-01 22:38:32.0 2456810.4434 ccdfoco.0002           [22:39:26.0
NOAO-14A-0016  OBJECT WASP-19             30.0 V       10:41:00 2014-06-01 22:42:53.3 2456810.4465 ccd140601.0001         [22:44:08.2
NOAO-14A-0016  OBJECT WASP-19             30.0 V       10:42:17 2014-06-01 22:44:09.7 2456810.4473 ccd140601.0002         [22:45:23.6
NOAO-14A-0016  OBJECT WASP-19             30.0 V       10:43:33 2014-06-01 22:45:26.1 2456810.4482 ccd140601.0003         [22:46:40.8
NOAO-14A-0016  OBJECT WASP-19             30.0 V       10:44:50 2014-06-01 22:46:42.5 2456810.4491 ccd140601.0004         [22:47:56.4
NOAO-14A-0016  OBJECT WASP-19             30.0 V       10:46:06 2014-06-01 22:47:58.9 2456810.4500 ccd140601.0005         [22:49:13.7
NOAO-14A-0016  OBJECT WASP-19             30.0 V       10:47:23 2014-06-01 22:49:15.3 2456810.4509 ccd140601.0006         [22:50:29.3
CHILE-12B-0001 OBJECT V648 Car             5.0 B       10:51:04 2014-06-01 22:52:55.4 2456810.4534 ccd140601.0007         [22:53:46.4
CHILE-12B-0001 OBJECT V648 Car             5.0 V       10:52:01 2014-06-01 22:53:52.4 2456810.4541 ccd140601.0008         [22:54:41.4
CHILE-12B-0001 OBJECT V648 Car             3.0 R       10:52:58 2014-06-01 22:54:49.0 2456810.4547 ccd140601.0009         [22:55:36.7
CHILE-12B-0001 OBJECT V648 Car             2.0 I       10:53:56 2014-06-01 22:55:46.7 2456810.4554 ccd140601.0010         [22:56:32.7
STANDARD       OBJECT PERSSON-P9144       20.1 J       10:58:16 2014-06-01 23:00:06.5 2456810.4584 ir140601.0001          [23:00:43.8
STANDARD       OBJECT PERSSON-P9144       20.1 J       10:58:52 2014-06-01 23:00:42.4 2456810.4588 ir140601.0002          [23:01:18.8
STANDARD       OBJECT PERSSON-P9144       20.1 J       10:59:28 2014-06-01 23:01:18.5 2456810.4592 ir140601.0003          [23:01:57.4
STANDARD       OBJECT PERSSON-P9144       20.1 J       11:00:04 2014-06-01 23:01:54.5 2456810.4597 ir140601.0004          [23:02:31.0
STANDARD       OBJECT PERSSON-P9144       20.0 H       11:00:45 2014-06-01 23:02:35.1 2456810.4601 ir140601.0005          [23:03:13.1
STANDARD       OBJECT PERSSON-P9144       20.0 H       11:01:21 2014-06-01 23:03:11.0 2456810.4605 ir140601.0006          [23:03:47.4
STANDARD       OBJECT PERSSON-P9144       20.1 H       11:01:57 2014-06-01 23:03:47.1 2456810.4610 ir140601.0007          [23:04:24.3
STANDARD       OBJECT PERSSON-P9144       20.0 H       11:02:33 2014-06-01 23:04:23.0 2456810.4614 ir140601.0008          [23:04:59.4
STANDARD       OBJECT PERSSON-P9144       20.1 K       11:03:14 2014-06-01 23:05:03.4 2456810.4619 ir140601.0009          [23:05:41.1
STANDARD       OBJECT PERSSON-P9144       20.1 K       11:03:50 2014-06-01 23:05:39.1 2456810.4623 ir140601.0010          [23:06:15.5
STANDARD       OBJECT PERSSON-P9144       20.0 K       11:04:26 2014-06-01 23:06:15.2 2456810.4627 ir140601.0011          [23:06:52.5
STANDARD       OBJECT PERSSON-P9144       20.1 K       11:05:02 2014-06-01 23:06:51.1 2456810.4631 ir140601.0012          [23:07:27.5
STANDARD       OBJECT PERSSON-P9144       20.1 Y       11:05:44 2014-06-01 23:07:32.7 2456810.4636 ir140601.0013          [23:08:10.1
STANDARD       OBJECT PERSSON-P9144       20.0 Y       11:06:20 2014-06-01 23:08:08.7 2456810.4640 ir140601.0014          [23:08:45.0
STANDARD       OBJECT PERSSON-P9144       20.0 Y       11:06:56 2014-06-01 23:08:44.7 2456810.4644 ir140601.0015          [23:09:22.1
STANDARD       OBJECT PERSSON-P9144       20.0 Y       11:07:32 2014-06-01 23:09:20.9 2456810.4648 ir140601.0016          [23:09:57.3
STANDARDFIELD  OBJECT LANDOLT-PG1047      10.1 K       11:11:32 2014-06-01 23:13:20.0 2456810.4676 ir140601.0017          [23:13:47.9
STANDARDFIELD  OBJECT LANDOLT-PG1047      10.0 K       11:11:58 2014-06-01 23:13:45.7 2456810.4679 ir140601.0018          [23:14:12.0
STANDARDFIELD  OBJECT LANDOLT-PG1047      30.0 B       11:11:34 2014-06-01 23:13:22.6 2456810.4676 ccd140601.0011         [23:14:37.5
STANDARDFIELD  OBJECT LANDOLT-PG1047      10.1 K       11:12:24 2014-06-01 23:14:11.7 2456810.4682 ir140601.0019          [23:14:39.8
STANDARDFIELD  OBJECT LANDOLT-PG1047      10.1 K       11:12:50 2014-06-01 23:14:37.5 2456810.4685 ir140601.0020          [23:15:04.8
STANDARDFIELD  OBJECT LANDOLT-PG1047      10.0 H       11:13:23 2014-06-01 23:15:10.8 2456810.4689 ir140601.0021          [23:15:37.0
STANDARDFIELD  OBJECT LANDOLT-PG1047      10.0 H       11:13:49 2014-06-01 23:15:36.6 2456810.4692 ir140601.0022          [23:16:03.7
STANDARDFIELD  OBJECT LANDOLT-PG1047      20.0 I       11:13:26 2014-06-01 23:15:13.4 2456810.4689 ccd140601.0012         [23:16:17.3
STANDARDFIELD  OBJECT LANDOLT-PG1047      10.0 H       11:14:15 2014-06-01 23:16:02.4 2456810.4695 ir140601.0023          [23:16:29.9
STANDARDFIELD  OBJECT LANDOLT-PG1047      10.0 J       11:14:50 2014-06-01 23:16:37.5 2456810.4699 ir140601.0024          [23:17:03.9
STANDARDFIELD  OBJECT LANDOLT-PG1047      10.0 J       11:15:16 2014-06-01 23:17:03.4 2456810.4702 ir140601.0025          [23:17:30.4
STANDARDFIELD  OBJECT LANDOLT-PG1047      20.0 R       11:14:52 2014-06-01 23:16:40.1 2456810.4699 ccd140601.0013         [23:17:44.1
STANDARDFIELD  OBJECT LANDOLT-PG1047      10.0 J       11:15:42 2014-06-01 23:17:29.3 2456810.4705 ir140601.0026          [23:17:56.6
STANDARD       OBJECT LANDOLT-PG1047      10.0 K       11:16:15 2014-06-01 23:18:02.2 2456810.4709 ir140601.0027          [23:18:28.6
STANDARD       OBJECT LANDOLT-PG1047      10.0 K       11:16:41 2014-06-01 23:18:27.9 2456810.4712 ir140601.0028          [23:18:55.4
STANDARD       OBJECT LANDOLT-PG1047      20.0 V       11:16:17 2014-06-01 23:18:04.8 2456810.4709 ccd140601.0014         [23:19:08.8
STANDARD       OBJECT LANDOLT-PG1047      10.0 K       11:17:07 2014-06-01 23:18:53.8 2456810.4715 ir140601.0029          [23:19:21.0
STANDARD       OBJECT LANDOLT-PG1047      10.0 K       11:17:32 2014-06-01 23:19:19.7 2456810.4718 ir140601.0030          [23:19:46.3
CHILE-13B-0039 OBJECT RS Car             160.0 V       11:22:32 2014-06-01 23:24:18.7 2456810.4752 ccd140601.0015         [23:27:43.4
CHILE-13B-0039 OBJECT RS Car              80.0 V       11:26:04 2014-06-01 23:27:49.5 2456810.4776 ccd140601.0016         [23:29:53.5
STANDARD       OBJECT LCO-LHS2397a        30.0 J       11:32:57 2014-06-01 23:34:41.9 2456810.4824 ir140601.0031          [23:36:03.6
STANDARD       OBJECT LCO-LHS2397a        30.1 J       11:34:18 2014-06-01 23:36:02.1 2456810.4834 ir140601.0032          [23:37:22.7
STANDARD       OBJECT LCO-LHS2397a        30.1 J       11:35:38 2014-06-01 23:37:22.6 2456810.4843 ir140601.0033          [23:38:44.3
STANDARD       OBJECT LCO-LHS2397a        30.1 H       11:37:04 2014-06-01 23:38:47.9 2456810.4853 ir140601.0034          [23:40:08.5
STANDARD       OBJECT LCO-LHS2397a        30.0 H       11:38:24 2014-06-01 23:40:08.1 2456810.4862 ir140601.0035          [23:41:29.7
STANDARD       OBJECT LCO-LHS2397a        30.0 H       11:39:45 2014-06-01 23:41:28.8 2456810.4871 ir140601.0036          [23:42:49.4
STANDARD       OBJECT LCO-LHS2397a        30.0 K       11:41:10 2014-06-01 23:42:53.8 2456810.4881 ir140601.0037          [23:44:15.3
STANDARD       OBJECT LCO-LHS2397a        30.1 K       11:42:31 2014-06-01 23:44:14.1 2456810.4890 ir140601.0038          [23:45:34.7
STANDARD       OBJECT LCO-LHS2397a        30.1 K       11:43:52 2014-06-01 23:45:34.6 2456810.4900 ir140601.0039          [23:46:56.4
DUBLIN-11B-000 OBJECT 2M1207              30.0 J       11:49:05 2014-06-01 23:50:47.4 2456810.4936 ir140601.0040          [23:52:08.1
DUBLIN-11B-000 OBJECT 2M1207             110.0 I       11:49:08 2014-06-01 23:50:49.9 2456810.4936 ccd140601.0017         [23:53:24.6
DUBLIN-11B-000 OBJECT 2M1207              30.0 J       11:50:26 2014-06-01 23:52:07.8 2456810.4945 ir140601.0041          [23:53:29.1
DUBLIN-11B-000 OBJECT 2M1207              30.1 J       11:51:47 2014-06-01 23:53:29.0 2456810.4955 ir140601.0042          [23:54:50.5
DUBLIN-11B-000 OBJECT 2M1207             110.0 I       11:51:45 2014-06-01 23:53:26.7 2456810.4954 ccd140601.0018         [23:56:00.6
DUBLIN-11B-000 OBJECT 2M1207              30.0 J       11:53:08 2014-06-01 23:54:49.5 2456810.4964 ir140601.0043          [23:56:11.7
DUBLIN-11B-000 OBJECT 2M1207              30.0 J       11:54:29 2014-06-01 23:56:10.6 2456810.4973 ir140601.0044          [23:57:31.2
DUBLIN-11B-000 OBJECT 2M1207             110.0 I       11:54:22 2014-06-01 23:56:03.1 2456810.4973 ccd140601.0019         [23:58:37.9
DUBLIN-11B-000 OBJECT 2M1207              30.0 K       11:57:06 2014-06-01 23:58:46.7 2456810.4992 ir140601.0045          [00:00:07.3
DUBLIN-11B-000 OBJECT 2M1207             110.0 R       11:57:08 2014-06-01 23:58:49.1 2456810.4992 ccd140601.0020         [00:01:23.9
DUBLIN-11B-000 OBJECT 2M1207              30.0 K       11:58:26 2014-06-02 00:00:07.1 2456810.5001 ir140601.0046          [00:01:28.2
DUBLIN-11B-000 OBJECT 2M1207              30.1 K       11:59:48 2014-06-02 00:01:28.0 2456810.5010 ir140601.0047          [00:02:49.8
DUBLIN-11B-000 OBJECT 2M1207             110.0 R       11:59:46 2014-06-02 00:01:25.8 2456810.5010 ccd140601.0021         [00:03:59.7
DUBLIN-11B-000 OBJECT 2M1207              30.1 K       12:01:09 2014-06-02 00:02:48.7 2456810.5019 ir140601.0048          [00:04:10.9
DUBLIN-11B-000 OBJECT 2M1207              30.1 K       12:02:29 2014-06-02 00:04:09.0 2456810.5029 ir140601.0049          [00:05:29.5
DUBLIN-11B-000 OBJECT 2M1207             110.0 R       12:02:22 2014-06-02 00:04:02.4 2456810.5028 ccd140601.0022         [00:06:37.2
YALE-08A-0001  OBJECT 3C279               30.0 J       12:08:31 2014-06-02 00:10:10.2 2456810.5071 ir140601.0050          [00:10:56.5
YALE-08A-0001  OBJECT 3C279               30.0 J       12:09:17 2014-06-02 00:10:56.2 2456810.5076 ir140601.0051          [00:11:43.4
YALE-08A-0001  OBJECT 3C279               70.0 R       12:08:34 2014-06-02 00:10:12.8 2456810.5071 ccd140601.0023         [00:12:06.7
YALE-08A-0001  OBJECT 3C279               30.1 J       12:10:04 2014-06-02 00:11:42.3 2456810.5081 ir140601.0052          [00:12:29.4
YALE-08A-0001  OBJECT 3C279               30.1 J       12:10:50 2014-06-02 00:12:28.5 2456810.5087 ir140601.0053          [00:13:14.8
YALE-08A-0001  OBJECT 3C279               30.1 J       12:11:36 2014-06-02 00:13:14.2 2456810.5092 ir140601.0054          [00:14:01.6
YALE-08A-0001  OBJECT 3C279               30.0 K       12:12:30 2014-06-02 00:14:07.9 2456810.5098 ir140601.0055          [00:14:54.1
YALE-08A-0001  OBJECT 3C279               30.1 K       12:13:16 2014-06-02 00:14:53.9 2456810.5104 ir140601.0056          [00:15:41.0
YALE-08A-0001  OBJECT 3C279               70.0 B       12:12:32 2014-06-02 00:14:10.4 2456810.5098 ccd140601.0024         [00:16:04.3
YALE-08A-0001  OBJECT 3C279               30.0 K       12:14:02 2014-06-02 00:15:39.9 2456810.5109 ir140601.0057          [00:16:27.7
YALE-08A-0001  OBJECT 3C279               30.0 K       12:14:48 2014-06-02 00:16:26.1 2456810.5114 ir140601.0058          [00:17:12.3
YALE-08A-0001  OBJECT 3C279               30.0 K       12:15:34 2014-06-02 00:17:11.8 2456810.5119 ir140601.0059          [00:17:59.2
YALE-08A-0001  OBJECT 3C279               30.0 K       12:16:26 2014-06-02 00:18:03.6 2456810.5125 ir140601.0060          [00:18:49.9
YALE-08A-0001  OBJECT 3C279               30.0 K       12:17:12 2014-06-02 00:18:49.4 2456810.5131 ir140601.0061          [00:19:36.7
YALE-08A-0001  OBJECT 3C279               70.0 V       12:16:29 2014-06-02 00:18:06.1 2456810.5126 ccd140601.0025         [00:20:00.0
YALE-08A-0001  OBJECT 3C279               30.0 K       12:17:58 2014-06-02 00:19:35.4 2456810.5136 ir140601.0062          [00:20:22.7
YALE-08A-0001  OBJECT 3C279               30.1 K       12:18:45 2014-06-02 00:20:21.6 2456810.5141 ir140601.0063          [00:21:08.0
YALE-08A-0001  OBJECT 3C279               30.0 K       12:19:30 2014-06-02 00:21:07.4 2456810.5147 ir140601.0064          [00:21:54.7
YALE-08A-0001  OBJECT 1424-41             30.0 J       12:22:24 2014-06-02 00:24:00.7 2456810.5167 ir140601.0065          [00:24:47.0
YALE-08A-0001  OBJECT 1424-41             30.0 J       12:23:10 2014-06-02 00:24:46.5 2456810.5172 ir140601.0066          [00:25:33.7
YALE-08A-0001  OBJECT 1424-41             70.0 R       12:22:27 2014-06-02 00:24:03.1 2456810.5167 ccd140601.0026         [00:25:57.0
YALE-08A-0001  OBJECT 1424-41             30.0 J       12:23:56 2014-06-02 00:25:32.7 2456810.5177 ir140601.0067          [00:26:19.9
YALE-08A-0001  OBJECT 1424-41             30.0 J       12:24:43 2014-06-02 00:26:18.9 2456810.5183 ir140601.0068          [00:27:05.9
YALE-08A-0001  OBJECT 1424-41             30.1 J       12:25:29 2014-06-02 00:27:05.4 2456810.5188 ir140601.0069          [00:27:53.1
YALE-08A-0001  OBJECT 1424-41             30.0 K       12:26:24 2014-06-02 00:27:59.7 2456810.5194 ir140601.0070          [00:28:45.9
YALE-08A-0001  OBJECT 1424-41             30.0 K       12:27:10 2014-06-02 00:28:45.5 2456810.5200 ir140601.0071          [00:29:32.7
YALE-08A-0001  OBJECT 1424-41             90.0 B       12:26:26 2014-06-02 00:28:02.3 2456810.5195 ccd140601.0027         [00:30:16.3
YALE-08A-0001  OBJECT 1424-41             30.0 K       12:27:56 2014-06-02 00:29:31.6 2456810.5205 ir140601.0072          [00:30:19.5
YALE-08A-0001  OBJECT 1424-41             30.1 K       12:28:43 2014-06-02 00:30:18.2 2456810.5210 ir140601.0073          [00:31:04.5
YALE-08A-0001  OBJECT 1424-41             30.0 K       12:29:34 2014-06-02 00:31:09.6 2456810.5216 ir140601.0074          [00:31:56.9
YALE-08A-0001  OBJECT 1424-41             30.0 K       12:30:20 2014-06-02 00:31:55.5 2456810.5222 ir140601.0075          [00:32:41.9
YALE-08A-0001  OBJECT 1424-41             70.0 V       12:29:37 2014-06-02 00:31:12.1 2456810.5217 ccd140601.0028         [00:33:07.1
YALE-08A-0001  OBJECT 1424-41             30.1 K       12:31:07 2014-06-02 00:32:41.8 2456810.5227 ir140601.0076          [00:33:28.2
YALE-08A-0001  OBJECT 1424-41             30.0 K       12:31:53 2014-06-02 00:33:28.0 2456810.5232 ir140601.0077          [00:34:15.5
GSU-03A-0006   OBJECT 1510-089            35.0 H       12:34:34 2014-06-02 00:36:08.5 2456810.5251 ir140601.0078          [00:36:59.8
GSU-03A-0006   OBJECT 1510-089            35.0 H       12:35:25 2014-06-02 00:36:59.4 2456810.5257 ir140601.0079          [00:37:51.5
GSU-03A-0006   OBJECT 1510-089            35.0 H       12:36:16 2014-06-02 00:37:50.3 2456810.5263 ir140601.0080          [00:38:41.7
GSU-03A-0006   OBJECT 1510-089           120.0 R       12:34:36 2014-06-02 00:36:11.2 2456810.5251 ccd140601.0029         [00:38:55.8
YALE-08A-0001  OBJECT 1510-089            30.0 J       12:37:49 2014-06-02 00:39:22.8 2456810.5274 ir140601.0081          [00:40:09.1
YALE-08A-0001  OBJECT 1510-089            30.1 J       12:38:35 2014-06-02 00:40:08.7 2456810.5279 ir140601.0082          [00:40:55.9
YALE-08A-0001  OBJECT 1510-089            70.0 R       12:37:52 2014-06-02 00:39:25.5 2456810.5274 ccd140601.0030         [00:41:19.3
YALE-08A-0001  OBJECT 1510-089            30.0 J       12:39:21 2014-06-02 00:40:55.0 2456810.5284 ir140601.0083          [00:41:42.8
YALE-08A-0001  OBJECT 1510-089            30.0 J       12:40:07 2014-06-02 00:41:41.1 2456810.5290 ir140601.0084          [00:42:27.4
YALE-08A-0001  OBJECT 1510-089            30.1 J       12:40:53 2014-06-02 00:42:27.0 2456810.5295 ir140601.0085          [00:43:14.5
YALE-08A-0001  OBJECT 1510-089            30.0 K       12:41:48 2014-06-02 00:43:21.2 2456810.5301 ir140601.0086          [00:44:07.5
YALE-08A-0001  OBJECT 1510-089            30.0 K       12:42:34 2014-06-02 00:44:07.4 2456810.5306 ir140601.0087          [00:44:55.1
YALE-08A-0001  OBJECT 1510-089            90.0 B       12:41:50 2014-06-02 00:43:23.8 2456810.5301 ccd140601.0031         [00:45:37.7
YALE-08A-0001  OBJECT 1510-089            30.1 K       12:43:21 2014-06-02 00:44:54.1 2456810.5312 ir140601.0088          [00:45:41.2
YALE-08A-0001  OBJECT 1510-089            30.1 K       12:44:08 2014-06-02 00:45:40.7 2456810.5317 ir140601.0089          [00:46:27.1
YALE-08A-0001  OBJECT 1510-089            30.0 K       12:44:59 2014-06-02 00:46:31.9 2456810.5323 ir140601.0090          [00:47:19.3
YALE-08A-0001  OBJECT 1510-089            30.1 K       12:45:45 2014-06-02 00:47:17.7 2456810.5328 ir140601.0091          [00:48:03.9
YALE-08A-0001  OBJECT 1510-089            70.0 V       12:45:02 2014-06-02 00:46:34.5 2456810.5323 ccd140601.0032         [00:48:29.1
YALE-08A-0001  OBJECT 1510-089            30.1 K       12:46:31 2014-06-02 00:48:03.8 2456810.5334 ir140601.0092          [00:48:50.1
YALE-08A-0001  OBJECT 1510-089            30.1 K       12:47:17 2014-06-02 00:48:50.0 2456810.5339 ir140601.0093          [00:49:37.4
YALE-03A-0001  OBJECT GX339-4             30.1 K       12:50:27 2014-06-02 00:51:59.2 2456810.5361 ir140601.0094          [00:52:45.5
YALE-03A-0001  OBJECT GX339-4             30.0 K       12:51:13 2014-06-02 00:52:45.2 2456810.5366 ir140601.0095          [00:53:32.5
YALE-03A-0001  OBJECT GX339-4             30.1 K       12:52:00 2014-06-02 00:53:31.3 2456810.5372 ir140601.0096          [00:54:17.6
YALE-03A-0001  OBJECT GX339-4             30.0 K       12:52:46 2014-06-02 00:54:17.5 2456810.5377 ir140601.0097          [00:55:04.8
YALE-03A-0001  OBJECT GX339-4            180.0 B       12:50:30 2014-06-02 00:52:01.7 2456810.5361 ccd140601.0033         [00:55:45.6
YALE-03A-0001  OBJECT GX339-4             30.0 K       12:53:32 2014-06-02 00:55:03.4 2456810.5382 ir140601.0098          [00:55:50.8
YALE-03A-0001  OBJECT GX339-4             30.0 J       12:54:25 2014-06-02 00:55:56.3 2456810.5389 ir140601.0099          [00:56:42.5
YALE-03A-0001  OBJECT GX339-4             30.1 J       12:55:11 2014-06-02 00:56:42.2 2456810.5394 ir140601.0100          [00:57:29.4
YALE-03A-0001  OBJECT GX339-4             30.0 J       12:55:57 2014-06-02 00:57:28.4 2456810.5399 ir140601.0101          [00:58:14.7
YALE-03A-0001  OBJECT GX339-4             30.1 J       12:56:44 2014-06-02 00:58:14.6 2456810.5405 ir140601.0102          [00:59:01.9
YALE-03A-0001  OBJECT GX339-4             30.1 J       12:57:30 2014-06-02 00:59:00.5 2456810.5410 ir140601.0103          [00:59:46.8
YALE-03A-0001  OBJECT GX339-4             30.0 J       12:58:16 2014-06-02 00:59:46.7 2456810.5415 ir140601.0104          [01:00:34.1
YALE-03A-0001  OBJECT GX339-4             30.1 J       12:59:02 2014-06-02 01:00:32.9 2456810.5420 ir140601.0105          [01:01:19.2
YALE-03A-0001  OBJECT GX339-4            300.0 V       12:54:28 2014-06-02 00:55:59.0 2456810.5389 ccd140601.0034         [01:01:43.6
YALE-03A-0001  OBJECT GX339-4             30.1 J       12:59:48 2014-06-02 01:01:18.8 2456810.5426 ir140601.0106          [01:02:05.5
YALE-03A-0001  OBJECT GX339-4             30.0 H       13:00:42 2014-06-02 01:02:12.6 2456810.5432 ir140601.0107          [01:02:59.8
YALE-03A-0001  OBJECT GX339-4             30.1 H       13:01:28 2014-06-02 01:02:58.5 2456810.5437 ir140601.0108          [01:03:44.7
YALE-03A-0001  OBJECT GX339-4             30.1 H       13:02:14 2014-06-02 01:03:44.6 2456810.5443 ir140601.0109          [01:04:31.8
YALE-03A-0001  OBJECT GX339-4             30.0 H       13:03:01 2014-06-02 01:04:30.7 2456810.5448 ir140601.0110          [01:05:17.0
YALE-03A-0001  OBJECT GX339-4            180.0 I       13:00:45 2014-06-02 01:02:15.3 2456810.5432 ccd140601.0035         [01:06:00.1
YALE-03A-0001  OBJECT GX339-4             30.1 H       13:03:47 2014-06-02 01:05:16.6 2456810.5453 ir140601.0111          [01:06:03.0
YALE-03A-0001  OBJECT 4U1543-47           30.0 J       13:08:09 2014-06-02 01:09:38.2 2456810.5484 ir140601.0112          [01:10:25.5
YALE-03A-0001  OBJECT 4U1543-47           30.1 J       13:08:55 2014-06-02 01:10:24.1 2456810.5489 ir140601.0113          [01:11:10.4
YALE-03A-0001  OBJECT 4U1543-47           30.0 J       13:09:42 2014-06-02 01:11:10.4 2456810.5494 ir140601.0114          [01:11:58.4
YALE-03A-0001  OBJECT 4U1543-47           30.0 J       13:10:28 2014-06-02 01:11:56.6 2456810.5500 ir140601.0115          [01:12:42.9
YALE-03A-0001  OBJECT 4U1543-47          180.0 V       13:08:12 2014-06-02 01:09:40.8 2456810.5484 ccd140601.0036         [01:13:25.5
YALE-03A-0001  OBJECT 4U1543-47           30.0 J       13:11:14 2014-06-02 01:12:42.4 2456810.5505 ir140601.0116          [01:13:28.8
YALE-03A-0001  OBJECT 4U1543-47           30.1 H       13:12:08 2014-06-02 01:13:36.0 2456810.5511 ir140601.0117          [01:14:23.3
YALE-03A-0001  OBJECT 4U1543-47           30.0 H       13:12:54 2014-06-02 01:14:21.9 2456810.5516 ir140601.0118          [01:15:08.2
YALE-03A-0001  OBJECT 4U1543-47           30.0 H       13:13:40 2014-06-02 01:15:08.1 2456810.5522 ir140601.0119          [01:15:55.8
YALE-03A-0001  OBJECT 4U1543-47           30.0 H       13:14:26 2014-06-02 01:15:54.3 2456810.5527 ir140601.0120          [01:16:40.7
YALE-03A-0001  OBJECT 4U1543-47          180.0 I       13:12:10 2014-06-02 01:13:38.7 2456810.5511 ccd140601.0037         [01:17:23.5
YALE-03A-0001  OBJECT 4U1543-47           30.1 H       13:15:12 2014-06-02 01:16:40.3 2456810.5532 ir140601.0121          [01:17:27.2
OSU-03A-0001   OBJECT OB140805            50.0 H       13:17:50 2014-06-02 01:19:17.6 2456810.5551 ir140601.0122          [01:20:25.0
OSU-03A-0001   OBJECT OB140805            50.0 H       13:18:56 2014-06-02 01:20:23.5 2456810.5558 ir140601.0123          [01:21:29.9
OSU-03A-0001   OBJECT OB140805            50.0 H       13:20:03 2014-06-02 01:21:29.7 2456810.5566 ir140601.0124          [01:22:37.0
OSU-03A-0001   OBJECT OB140805            50.0 H       13:21:09 2014-06-02 01:22:35.8 2456810.5574 ir140601.0125          [01:23:42.1
OSU-03A-0001   OBJECT OB140805            50.0 H       13:22:15 2014-06-02 01:23:41.6 2456810.5581 ir140601.0126          [01:24:48.8
OSU-03A-0001   OBJECT OB140805           300.0 I       13:17:53 2014-06-02 01:19:20.2 2456810.5551 ccd140601.0038         [01:25:04.2
NOAO-13B-0270  OBJECT 2014 HS184_1        20.0 V       13:32:12 2014-06-02 01:33:36.8 2456810.5650 ccd140601.0039         [01:34:41.5
NOAO-13B-0270  OBJECT 2014 HS184_1        20.0 V       13:33:18 2014-06-02 01:34:43.2 2456810.5658 ccd140601.0040         [01:35:47.0
NOAO-13B-0270  OBJECT 2014 HS184_1        20.0 V       13:34:25 2014-06-02 01:35:49.5 2456810.5666 ccd140601.0041         [01:36:54.2
NOAO-13B-0270  OBJECT 2014 HS184_1        20.0 V       13:35:31 2014-06-02 01:36:56.0 2456810.5673 ccd140601.0042         [01:38:00.0
NOAO-13B-0270  OBJECT 2014 HS184_1        20.0 V       13:36:38 2014-06-02 01:38:02.6 2456810.5681 ccd140601.0043         [01:39:07.3
NOAO-13B-0270  OBJECT 2014 HS184_1        20.0 V       13:37:45 2014-06-02 01:39:09.0 2456810.5688 ccd140601.0044         [01:40:12.9
NOAO-13B-0270  OBJECT 2014 HS184_1        20.0 V       13:38:51 2014-06-02 01:40:15.4 2456810.5696 ccd140601.0045         [01:41:20.0
NOAO-13B-0270  OBJECT 2014 HS184_1        20.0 V       13:39:58 2014-06-02 01:41:21.8 2456810.5704 ccd140601.0046         [01:42:25.7
NOAO-13B-0270  OBJECT 2014 HS184_1        20.0 V       13:41:04 2014-06-02 01:42:28.2 2456810.5712 ccd140601.0047         [01:43:32.9
NOAO-13B-0270  OBJECT 2014 HS184_1        20.0 V       13:42:11 2014-06-02 01:43:34.6 2456810.5719 ccd140601.0048         [01:44:38.6
NOAO-13B-0270  OBJECT 2014 HS184_1        20.0 V       13:43:18 2014-06-02 01:44:41.0 2456810.5727 ccd140601.0049         [01:45:45.7
NOAO-13B-0270  OBJECT 2014 HS184_1        20.0 V       13:44:24 2014-06-02 01:45:47.5 2456810.5735 ccd140601.0050         [01:46:51.3
NOAO-13B-0270  OBJECT 2014 HS184_1        20.0 V       13:45:31 2014-06-02 01:46:53.9 2456810.5742 ccd140601.0051         [01:47:58.6
NOAO-13B-0270  OBJECT 2014 HS184_1        20.0 V       13:46:38 2014-06-02 01:48:00.3 2456810.5750 ccd140601.0052         [01:49:04.2
NOAO-13B-0270  OBJECT 2014 HS184_1        20.0 V       13:47:44 2014-06-02 01:49:06.7 2456810.5758 ccd140601.0053         [01:50:11.5
NOAO-13B-0270  OBJECT 2014 HS184_1        20.0 V       13:48:51 2014-06-02 01:50:13.2 2456810.5765 ccd140601.0054         [01:51:17.1
NOAO-13B-0270  OBJECT 2014 HS184_1        20.0 V       13:49:57 2014-06-02 01:51:19.6 2456810.5773 ccd140601.0055         [01:52:24.3
NOAO-13B-0270  OBJECT 2014 HS184_1        20.0 V       13:51:04 2014-06-02 01:52:26.0 2456810.5781 ccd140601.0056         [01:53:29.9
NOAO-13B-0270  OBJECT 2014 HS184_1        20.0 V       13:52:11 2014-06-02 01:53:32.4 2456810.5789 ccd140601.0057         [01:54:37.2
NOAO-13B-0270  OBJECT 2014 HS184_1        20.0 V       13:53:17 2014-06-02 01:54:38.8 2456810.5796 ccd140601.0058         [01:55:42.7
NOAO-13B-0270  OBJECT 2014 HS184_1        20.0 V       13:54:28 2014-06-02 01:55:49.4 2456810.5804 ccd140601.0059         [01:56:54.1
NOAO-13B-0270  OBJECT 2014 HS184_1        20.0 V       13:55:34 2014-06-02 01:56:55.8 2456810.5812 ccd140601.0060         [01:57:59.7
NOAO-13B-0270  OBJECT 2014 HS184_1        20.0 V       13:56:41 2014-06-02 01:58:02.2 2456810.5820 ccd140601.0061         [01:59:07.0
NOAO-13B-0270  OBJECT 2014 HS184_1        20.0 V       13:57:48 2014-06-02 01:59:08.7 2456810.5827 ccd140601.0062         [02:00:12.5
NOAO-13B-0270  OBJECT 2014 HS184_1        20.0 V       13:58:54 2014-06-02 02:00:15.1 2456810.5835 ccd140601.0063         [02:01:19.8
NOAO-13B-0270  OBJECT 2014 HS184_1        20.0 V       14:00:01 2014-06-02 02:01:21.5 2456810.5843 ccd140601.0064         [02:02:25.4
NOAO-13B-0270  OBJECT 2014 HS184_1        20.0 V       14:01:08 2014-06-02 02:02:27.9 2456810.5850 ccd140601.0065         [02:03:32.6
NOAO-13B-0270  OBJECT 2014 HS184_1        20.0 V       14:02:14 2014-06-02 02:03:34.3 2456810.5858 ccd140601.0066         [02:04:38.2
NOAO-13B-0270  OBJECT 2014 HS184_1        20.0 V       14:03:21 2014-06-02 02:04:40.7 2456810.5866 ccd140601.0067         [02:05:45.4
NOAO-13B-0270  OBJECT 2014 HS184_1        20.0 V       14:04:27 2014-06-02 02:05:47.1 2456810.5874 ccd140601.0068         [02:06:51.0
NOAO-13B-0270  OBJECT 2014 HS184_1        20.0 V       14:05:34 2014-06-02 02:06:53.5 2456810.5881 ccd140601.0069         [02:07:58.2
NOAO-13B-0270  OBJECT 2014 HS184_1        20.0 V       14:06:40 2014-06-02 02:08:00.0 2456810.5889 ccd140601.0070         [02:09:03.8
NOAO-13B-0270  OBJECT 2014 HS184_1        20.0 V       14:07:47 2014-06-02 02:09:06.4 2456810.5897 ccd140601.0071         [02:10:11.1
NOAO-13B-0270  OBJECT 2014 HS184_1        20.0 V       14:08:54 2014-06-02 02:10:12.8 2456810.5904 ccd140601.0072         [02:11:16.7
NOAO-13B-0270  OBJECT 2014 HS184_1        20.0 V       14:10:00 2014-06-02 02:11:19.2 2456810.5912 ccd140601.0073         [02:12:24.0
NOAO-13B-0270  OBJECT 2014 HS184_1        20.0 V       14:11:07 2014-06-02 02:12:25.6 2456810.5920 ccd140601.0074         [02:13:29.5
NOAO-13B-0270  OBJECT 2014 HS184_1        20.0 V       14:12:13 2014-06-02 02:13:32.0 2456810.5927 ccd140601.0075         [02:14:36.7
NOAO-13B-0270  OBJECT 2014 HS184_1        20.0 V       14:13:20 2014-06-02 02:14:38.4 2456810.5935 ccd140601.0076         [02:15:42.2
NOAO-13B-0270  OBJECT 2014 HS184_1        20.0 V       14:14:27 2014-06-02 02:15:44.8 2456810.5943 ccd140601.0077         [02:16:49.5
NOAO-13B-0270  OBJECT 2014 HS184_1        20.0 V       14:15:33 2014-06-02 02:16:51.2 2456810.5950 ccd140601.0078         [02:17:55.2
OSU-03A-0001   OBJECT OB140589            50.0 H       14:19:15 2014-06-02 02:20:32.0 2456810.5976 ir140601.0127          [02:21:39.4
OSU-03A-0001   OBJECT OB140589            50.0 H       14:20:21 2014-06-02 02:21:37.9 2456810.5984 ir140601.0128          [02:22:44.2
OSU-03A-0001   OBJECT OB140589            50.0 H       14:21:27 2014-06-02 02:22:44.0 2456810.5991 ir140601.0129          [02:23:51.3
OSU-03A-0001   OBJECT OB140589            50.0 H       14:22:33 2014-06-02 02:23:50.2 2456810.5999 ir140601.0130          [02:24:56.4
OSU-03A-0001   OBJECT OB140589            50.0 H       14:23:39 2014-06-02 02:24:56.1 2456810.6006 ir140601.0131          [02:26:03.5
OSU-03A-0001   OBJECT OB140589           300.0 I       14:19:17 2014-06-02 02:20:34.5 2456810.5976 ccd140601.0079         [02:26:18.5
OSU-03A-0001   OBJECT OB140772            50.0 H       14:26:49 2014-06-02 02:28:05.1 2456810.6028 ir140601.0132          [02:29:12.4
OSU-03A-0001   OBJECT OB140772            50.0 H       14:27:55 2014-06-02 02:29:11.0 2456810.6036 ir140601.0133          [02:30:17.2
OSU-03A-0001   OBJECT OB140772            50.0 H       14:29:01 2014-06-02 02:30:17.1 2456810.6044 ir140601.0134          [02:31:24.7
OSU-03A-0001   OBJECT OB140772            50.0 H       14:30:08 2014-06-02 02:31:23.3 2456810.6051 ir140601.0135          [02:32:29.6
OSU-03A-0001   OBJECT OB140772            50.0 H       14:31:14 2014-06-02 02:32:29.1 2456810.6059 ir140601.0136          [02:33:36.4
OSU-03A-0001   OBJECT OB140772           300.0 I       14:26:51 2014-06-02 02:28:07.7 2456810.6029 ccd140601.0080         [02:33:51.7
NOAO-13B-0270  OBJECT 2014 HS184_2        20.0 V       14:35:56 2014-06-02 02:37:10.4 2456810.6091 ccd140601.0081         [02:38:15.4
NOAO-13B-0270  OBJECT 2014 HS184_2        20.0 V       14:37:02 2014-06-02 02:38:16.9 2456810.6099 ccd140601.0082         [02:39:20.8
NOAO-13B-0270  OBJECT 2014 HS184_2        20.0 V       14:38:09 2014-06-02 02:39:23.3 2456810.6107 ccd140601.0083         [02:40:28.0
NOAO-13B-0270  OBJECT 2014 HS184_2        20.0 V       14:39:15 2014-06-02 02:40:29.7 2456810.6115 ccd140601.0084         [02:41:33.6
NOAO-13B-0270  OBJECT 2014 HS184_2        20.0 V       14:40:22 2014-06-02 02:41:36.1 2456810.6122 ccd140601.0085         [02:42:40.9
NOAO-13B-0270  OBJECT 2014 HS184_2        20.0 V       14:41:29 2014-06-02 02:42:42.5 2456810.6130 ccd140601.0086         [02:43:46.4
NOAO-13B-0270  OBJECT 2014 HS184_2        20.0 V       14:42:35 2014-06-02 02:43:48.9 2456810.6138 ccd140601.0087         [02:44:53.6
NOAO-13B-0270  OBJECT 2014 HS184_2        20.0 V       14:43:42 2014-06-02 02:44:55.3 2456810.6145 ccd140601.0088         [02:45:59.2
NOAO-13B-0270  OBJECT 2014 HS184_2        20.0 V       14:44:49 2014-06-02 02:46:01.7 2456810.6153 ccd140601.0089         [02:47:06.5
NOAO-13B-0270  OBJECT 2014 HS184_2        20.0 V       14:45:55 2014-06-02 02:47:08.2 2456810.6161 ccd140601.0090         [02:48:12.1
NOAO-13B-0270  OBJECT 2014 HS184_2        20.0 V       14:47:02 2014-06-02 02:48:14.6 2456810.6168 ccd140601.0091         [02:49:19.4
NOAO-13B-0270  OBJECT 2014 HS184_2        20.0 V       14:48:08 2014-06-02 02:49:21.0 2456810.6176 ccd140601.0092         [02:50:24.9
NOAO-13B-0270  OBJECT 2014 HS184_2        20.0 V       14:49:15 2014-06-02 02:50:27.4 2456810.6184 ccd140601.0093         [02:51:32.1
NOAO-13B-0270  OBJECT 2014 HS184_2        20.0 V       14:50:21 2014-06-02 02:51:33.8 2456810.6191 ccd140601.0094         [02:52:37.8
NOAO-13B-0270  OBJECT 2014 HS184_2        20.0 V       14:51:28 2014-06-02 02:52:40.2 2456810.6199 ccd140601.0095         [02:53:45.0
NOAO-13B-0270  OBJECT 2014 HS184_2        20.0 V       14:52:35 2014-06-02 02:53:46.7 2456810.6207 ccd140601.0096         [02:54:50.5
NOAO-13B-0270  OBJECT 2014 HS184_2        20.0 V       14:53:41 2014-06-02 02:54:53.2 2456810.6214 ccd140601.0097         [02:55:58.3
NOAO-13B-0270  OBJECT 2014 HS184_2        20.0 V       15:07:59 2014-06-02 03:09:08.5 2456810.6313 ccd140601.0098         [03:10:12.4
NOAO-13B-0270  OBJECT 2014 HS184_2        20.0 V       15:09:06 2014-06-02 03:10:14.9 2456810.6321 ccd140601.0099         [03:11:19.7
NOAO-13B-0270  OBJECT 2014 HS184_2        20.0 V       15:10:12 2014-06-02 03:11:21.3 2456810.6329 ccd140601.0100         [03:12:25.2
NOAO-13B-0270  OBJECT 2014 HS184_2        20.0 V       15:11:19 2014-06-02 03:12:27.9 2456810.6337 ccd140601.0101         [03:13:32.6
NOAO-13B-0270  OBJECT 2014 HS184_2        20.0 V       15:12:26 2014-06-02 03:13:34.2 2456810.6344 ccd140601.0102         [03:14:38.1
NOAO-13B-0270  OBJECT 2014 HS184_2        20.0 V       15:13:32 2014-06-02 03:14:40.6 2456810.6352 ccd140601.0103         [03:15:45.4
NOAO-13B-0270  OBJECT 2014 HS184_2        20.0 V       15:14:39 2014-06-02 03:15:47.2 2456810.6360 ccd140601.0104         [03:16:51.1
NOAO-13B-0270  OBJECT 2014 HS184_2        20.0 V       15:15:46 2014-06-02 03:16:53.6 2456810.6367 ccd140601.0105         [03:17:58.3
NOAO-13B-0270  OBJECT 2014 HS184_2        20.0 V       15:16:52 2014-06-02 03:18:00.0 2456810.6375 ccd140601.0106         [03:19:03.9
NOAO-13B-0270  OBJECT 2014 HS184_2        20.0 V       15:17:59 2014-06-02 03:19:06.4 2456810.6383 ccd140601.0107         [03:20:11.1
NOAO-13B-0270  OBJECT 2014 HS184_2        20.0 V       15:19:05 2014-06-02 03:20:12.8 2456810.6390 ccd140601.0108         [03:21:16.8
NOAO-13B-0270  OBJECT 2014 HS184_2        20.0 V       15:20:12 2014-06-02 03:21:19.3 2456810.6398 ccd140601.0109         [03:22:24.1
NOAO-13B-0270  OBJECT 2014 HS184_2        20.0 V       15:21:18 2014-06-02 03:22:25.7 2456810.6406 ccd140601.0110         [03:23:29.8
OSU-03A-0001   OBJECT OB140801            50.0 H       15:25:20 2014-06-02 03:26:27.0 2456810.6434 ir140601.0137          [03:27:34.3
OSU-03A-0001   OBJECT OB140801            50.0 H       15:26:27 2014-06-02 03:27:33.0 2456810.6441 ir140601.0138          [03:28:39.3
OSU-03A-0001   OBJECT OB140801            50.0 H       15:27:33 2014-06-02 03:28:39.1 2456810.6449 ir140601.0139          [03:29:46.3
OSU-03A-0001   OBJECT OB140801            50.0 H       15:28:39 2014-06-02 03:29:45.2 2456810.6457 ir140601.0140          [03:30:51.5
OSU-03A-0001   OBJECT OB140801            50.0 H       15:29:45 2014-06-02 03:30:51.1 2456810.6464 ir140601.0141          [03:31:58.3
OSU-03A-0001   OBJECT OB140801           300.0 I       15:25:23 2014-06-02 03:26:29.6 2456810.6434 ccd140601.0111         [03:32:13.7
OSU-03A-0001   OBJECT OB140801            50.0 H       15:31:15 2014-06-02 03:32:20.6 2456810.6475 ir140601.0142          [03:33:28.0
OSU-03A-0001   OBJECT OB140801            50.0 H       15:32:21 2014-06-02 03:33:26.6 2456810.6482 ir140601.0143          [03:34:33.0
OSU-03A-0001   OBJECT OB140801            50.0 H       15:33:28 2014-06-02 03:34:32.9 2456810.6490 ir140601.0144          [03:35:40.1
OSU-03A-0001   OBJECT OB140801            50.0 H       15:34:34 2014-06-02 03:35:39.1 2456810.6498 ir140601.0145          [03:36:45.4
OSU-03A-0001   OBJECT OB140801            50.0 H       15:35:40 2014-06-02 03:36:45.1 2456810.6505 ir140601.0146          [03:37:52.9
OSU-03A-0001   OBJECT OB140801           300.0 V       15:31:18 2014-06-02 03:32:23.2 2456810.6475 ccd140601.0112         [03:38:07.1
OSU-03A-0001   OBJECT OB140650            50.0 H       15:39:25 2014-06-02 03:40:29.5 2456810.6531 ir140601.0147          [03:41:36.8
OSU-03A-0001   OBJECT OB140650            50.0 H       15:40:31 2014-06-02 03:41:35.4 2456810.6539 ir140601.0148          [03:42:41.7
OSU-03A-0001   OBJECT OB140650            50.0 H       15:41:38 2014-06-02 03:42:41.4 2456810.6546 ir140601.0149          [03:43:48.6
OSU-03A-0001   OBJECT OB140650            50.0 H       15:42:44 2014-06-02 03:43:47.6 2456810.6554 ir140601.0150          [03:44:53.9
OSU-03A-0001   OBJECT OB140650            50.0 H       15:43:50 2014-06-02 03:44:53.6 2456810.6562 ir140601.0151          [03:46:01.0
OSU-03A-0001   OBJECT OB140650           300.0 I       15:39:28 2014-06-02 03:40:32.0 2456810.6532 ccd140601.0113         [03:46:15.9
NOAO-13B-0270  OBJECT 2014 HS184_3        20.0 V       15:46:58 2014-06-02 03:48:01.4 2456810.6584 ccd140601.0114         [03:49:06.3
NOAO-13B-0270  OBJECT 2014 HS184_3        20.0 V       15:48:05 2014-06-02 03:49:07.8 2456810.6591 ccd140601.0115         [03:50:11.7
NOAO-13B-0270  OBJECT 2014 HS184_3        20.0 V       15:49:12 2014-06-02 03:50:14.2 2456810.6599 ccd140601.0116         [03:51:20.6
NOAO-13B-0270  OBJECT 2014 HS184_3        20.0 V       15:50:18 2014-06-02 03:51:20.7 2456810.6607 ccd140601.0117         [03:52:24.5
NOAO-13B-0270  OBJECT 2014 HS184_3        20.0 V       15:51:25 2014-06-02 03:52:27.1 2456810.6614 ccd140601.0118         [03:53:32.1
NOAO-13B-0270  OBJECT 2014 HS184_3        20.0 V       15:52:32 2014-06-02 03:53:33.7 2456810.6622 ccd140601.0119         [03:54:37.5
NOAO-13B-0270  OBJECT 2014 HS184_3        20.0 V       15:53:38 2014-06-02 03:54:40.1 2456810.6630 ccd140601.0120         [03:55:44.7
NOAO-13B-0270  OBJECT 2014 HS184_3        20.0 V       15:54:45 2014-06-02 03:55:46.5 2456810.6637 ccd140601.0121         [03:56:50.4
NOAO-13B-0270  OBJECT 2014 HS184_3        20.0 V       15:55:51 2014-06-02 03:56:52.9 2456810.6645 ccd140601.0122         [03:57:57.7
NOAO-13B-0270  OBJECT 2014 HS184_3        20.0 V       15:56:58 2014-06-02 03:57:59.3 2456810.6653 ccd140601.0123         [03:59:03.5
NOAO-13B-0270  OBJECT 2014 HS184_3        20.0 V       15:58:05 2014-06-02 03:59:06.0 2456810.6660 ccd140601.0124         [04:00:10.7
NOAO-13B-0270  OBJECT 2014 HS184_3        20.0 V       15:59:11 2014-06-02 04:00:12.4 2456810.6668 ccd140601.0125         [04:01:16.3
NOAO-13B-0270  OBJECT 2014 HS184_3        20.0 V       16:00:18 2014-06-02 04:01:18.8 2456810.6676 ccd140601.0126         [04:02:23.6
NOAO-13B-0270  OBJECT 2014 HS184_3        20.0 V       16:01:25 2014-06-02 04:02:25.3 2456810.6683 ccd140601.0127         [04:03:29.2
NOAO-13B-0270  OBJECT 2014 HS184_3        20.0 V       16:02:31 2014-06-02 04:03:31.7 2456810.6691 ccd140601.0128         [04:04:36.4
NOAO-13B-0270  OBJECT 2014 HS184_3        20.0 V       16:03:38 2014-06-02 04:04:38.1 2456810.6699 ccd140601.0129         [04:05:41.9
NOAO-13B-0270  OBJECT 2014 HS184_3        20.0 V       16:04:44 2014-06-02 04:05:44.5 2456810.6707 ccd140601.0130         [04:06:49.2
NOAO-13B-0270  OBJECT 2014 HS184_3        20.0 V       16:05:51 2014-06-02 04:06:50.9 2456810.6714 ccd140601.0131         [04:07:54.8
NOAO-13B-0270  OBJECT 2014 HS184_3        20.0 V       16:06:57 2014-06-02 04:07:57.3 2456810.6722 ccd140601.0132         [04:09:02.0
NOAO-13B-0270  OBJECT 2014 HS184_3        20.0 V       16:08:04 2014-06-02 04:09:03.7 2456810.6730 ccd140601.0133         [04:10:07.7
NOAO-13B-0270  OBJECT 2014 HS184_3        20.0 V       16:09:14 2014-06-02 04:10:13.9 2456810.6738 ccd140601.0134         [04:11:18.6
NOAO-13B-0270  OBJECT 2014 HS184_3        20.0 V       16:10:21 2014-06-02 04:11:20.3 2456810.6745 ccd140601.0135         [04:12:24.2
NOAO-13B-0270  OBJECT 2014 HS184_3        20.0 V       16:11:28 2014-06-02 04:12:26.7 2456810.6753 ccd140601.0136         [04:13:31.4
NOAO-13B-0270  OBJECT 2014 HS184_3        20.0 V       16:12:34 2014-06-02 04:13:33.1 2456810.6761 ccd140601.0137         [04:14:37.0
NOAO-13B-0270  OBJECT 2014 HS184_3        20.0 V       16:13:41 2014-06-02 04:14:39.6 2456810.6768 ccd140601.0138         [04:15:44.3
NOAO-13B-0270  OBJECT 2014 HS184_3        20.0 V       16:14:48 2014-06-02 04:15:46.0 2456810.6776 ccd140601.0139         [04:16:49.9
NOAO-13B-0270  OBJECT 2014 HS184_3        20.0 V       16:15:54 2014-06-02 04:16:52.8 2456810.6784 ccd140601.0140         [04:17:57.5
NOAO-13B-0270  OBJECT 2014 HS184_3        20.0 V       16:17:01 2014-06-02 04:17:59.2 2456810.6792 ccd140601.0141         [04:19:03.1
NOAO-13B-0270  OBJECT 2014 HS184_3        20.0 V       16:18:08 2014-06-02 04:19:05.7 2456810.6799 ccd140601.0142         [04:20:10.5
NOAO-13B-0270  OBJECT 2014 HS184_3        20.0 V       16:19:14 2014-06-02 04:20:12.1 2456810.6807 ccd140601.0143         [04:21:16.0
NOAO-13B-0270  OBJECT 2014 HS184_3        20.0 V       16:20:21 2014-06-02 04:21:18.6 2456810.6815 ccd140601.0144         [04:22:23.5
NOAO-13B-0270  OBJECT 2014 HS184_3        20.0 V       16:21:28 2014-06-02 04:22:25.0 2456810.6822 ccd140601.0145         [04:23:28.9
NOAO-13B-0270  OBJECT 2014 HS184_3        20.0 V       16:22:34 2014-06-02 04:23:31.4 2456810.6830 ccd140601.0146         [04:24:36.1
NOAO-13B-0270  OBJECT 2014 HS184_3        20.0 V       16:23:41 2014-06-02 04:24:37.8 2456810.6838 ccd140601.0147         [04:25:41.7
NOAO-13B-0270  OBJECT 2014 HS184_3        20.0 V       16:24:47 2014-06-02 04:25:44.3 2456810.6845 ccd140601.0148         [04:26:49.3
NOAO-13B-0270  OBJECT 2014 HS184_3        20.0 V       16:25:54 2014-06-02 04:26:50.7 2456810.6853 ccd140601.0149         [04:27:54.6
NOAO-13B-0270  OBJECT 2014 HS184_3        20.0 V       16:27:01 2014-06-02 04:27:57.1 2456810.6861 ccd140601.0150         [04:29:01.8
NOAO-13B-0270  OBJECT 2014 HS184_3        20.0 V       16:28:07 2014-06-02 04:29:03.5 2456810.6869 ccd140601.0151         [04:30:07.4
NOAO-13B-0270  OBJECT 2014 HS184_3        20.0 V       16:29:14 2014-06-02 04:30:09.9 2456810.6876 ccd140601.0152         [04:31:15.8
NOAO-13B-0270  OBJECT 2014 HS184_3        20.0 V       16:30:20 2014-06-02 04:31:16.3 2456810.6884 ccd140601.0153         [04:32:20.3
OSU-03A-0001   OBJECT OB140289            50.0 H       16:35:01 2014-06-02 04:35:55.8 2456810.6916 ir140601.0152          [04:37:04.2
OSU-03A-0001   OBJECT OB140289            50.0 H       16:36:07 2014-06-02 04:37:01.6 2456810.6924 ir140601.0153          [04:38:07.9
OSU-03A-0001   OBJECT OB140289            50.0 H       16:37:13 2014-06-02 04:38:07.7 2456810.6932 ir140601.0154          [04:39:14.9
OSU-03A-0001   OBJECT OB140289            50.0 H       16:38:19 2014-06-02 04:39:14.0 2456810.6939 ir140601.0155          [04:40:20.2
OSU-03A-0001   OBJECT OB140289            50.0 H       16:39:25 2014-06-02 04:40:19.7 2456810.6947 ir140601.0156          [04:41:26.9
OSU-03A-0001   OBJECT OB140289           300.0 I       16:35:03 2014-06-02 04:35:58.3 2456810.6916 ccd140601.0154         [04:41:42.3
NOAO-13B-0270  OBJECT LUNCH HS184_4       20.0 V       16:43:19 2014-06-02 04:44:12.6 2456810.6974 ccd140601.0155         [04:45:17.4
NOAO-13B-0270  OBJECT LUNCH HS184_4       20.0 V       16:44:25 2014-06-02 04:45:19.0 2456810.6981 ccd140601.0156         [04:46:22.9
NOAO-13B-0270  OBJECT LUNCH HS184_4       20.0 V       16:45:32 2014-06-02 04:46:25.5 2456810.6989 ccd140601.0157         [04:47:30.1
NOAO-13B-0270  OBJECT LUNCH HS184_4       20.0 V       16:46:39 2014-06-02 04:47:31.9 2456810.6997 ccd140601.0158         [04:48:35.9
NOAO-13B-0270  OBJECT LUNCH HS184_4       20.0 V       16:47:45 2014-06-02 04:48:38.3 2456810.7004 ccd140601.0159         [04:49:43.0
NOAO-13B-0270  OBJECT LUNCH HS184_4       20.0 V       16:48:52 2014-06-02 04:49:44.7 2456810.7012 ccd140601.0160         [04:50:48.6
NOAO-13B-0270  OBJECT LUNCH HS184_4       20.0 V       16:49:58 2014-06-02 04:50:51.1 2456810.7020 ccd140601.0161         [04:51:55.8
NOAO-13B-0270  OBJECT LUNCH HS184_4       20.0 V       16:51:05 2014-06-02 04:51:57.6 2456810.7028 ccd140601.0162         [04:53:01.4
NOAO-13B-0270  OBJECT LUNCH HS184_4       20.0 V       16:52:12 2014-06-02 04:53:04.0 2456810.7035 ccd140601.0163         [04:54:08.7
NOAO-13B-0270  OBJECT LUNCH HS184_4       20.0 V       16:53:18 2014-06-02 04:54:10.4 2456810.7043 ccd140601.0164         [04:55:14.3
NOAO-13B-0270  OBJECT LUNCH HS184_4       20.0 V       16:54:25 2014-06-02 04:55:16.9 2456810.7051 ccd140601.0165         [04:56:21.7
NOAO-13B-0270  OBJECT LUNCH HS184_4       20.0 V       16:55:32 2014-06-02 04:56:23.3 2456810.7058 ccd140601.0166         [04:57:27.2
NOAO-13B-0270  OBJECT LUNCH HS184_4       20.0 V       16:56:38 2014-06-02 04:57:29.7 2456810.7066 ccd140601.0167         [04:58:34.4
NOAO-13B-0270  OBJECT LUNCH HS184_4       20.0 V       16:57:45 2014-06-02 04:58:36.1 2456810.7074 ccd140601.0168         [04:59:40.0
NOAO-13B-0270  OBJECT LUNCH HS184_4       20.0 V       16:58:51 2014-06-02 04:59:42.6 2456810.7081 ccd140601.0169         [05:00:47.4
NOAO-13B-0270  OBJECT LUNCH HS184_4       20.0 V       16:59:58 2014-06-02 05:00:49.0 2456810.7089 ccd140601.0170         [05:01:52.8
NOAO-13B-0270  OBJECT LUNCH HS184_4       20.0 V       17:01:04 2014-06-02 05:01:55.4 2456810.7097 ccd140601.0171         [05:03:00.1
NOAO-13B-0270  OBJECT LUNCH HS184_4       20.0 V       17:02:11 2014-06-02 05:03:01.8 2456810.7104 ccd140601.0172         [05:04:05.7
NOAO-13B-0270  OBJECT LUNCH HS184_4       20.0 V       17:03:18 2014-06-02 05:04:08.2 2456810.7112 ccd140601.0173         [05:05:13.1
NOAO-13B-0270  OBJECT LUNCH HS184_4       20.0 V       17:04:24 2014-06-02 05:05:14.7 2456810.7120 ccd140601.0174         [05:06:18.6
NOAO-13B-0270  OBJECT LUNCH HS184_4       20.0 V       17:05:35 2014-06-02 05:06:24.9 2456810.7128 ccd140601.0175         [05:07:29.7
NOAO-13B-0270  OBJECT LUNCH HS184_4       20.0 V       17:06:41 2014-06-02 05:07:31.4 2456810.7136 ccd140601.0176         [05:08:35.3
NOAO-13B-0270  OBJECT LUNCH HS184_4       20.0 V       17:07:48 2014-06-02 05:08:37.8 2456810.7143 ccd140601.0177         [05:09:42.6
NOAO-13B-0270  OBJECT LUNCH HS184_4       20.0 V       17:08:55 2014-06-02 05:09:44.4 2456810.7151 ccd140601.0178         [05:10:48.3
NOAO-13B-0270  OBJECT LUNCH HS184_4       20.0 V       17:10:01 2014-06-02 05:10:50.8 2456810.7159 ccd140601.0179         [05:11:55.5
NOAO-13B-0270  OBJECT LUNCH HS184_4       20.0 V       17:11:08 2014-06-02 05:11:57.2 2456810.7166 ccd140601.0180         [05:13:01.1
NOAO-13B-0270  OBJECT LUNCH HS184_4       20.0 V       17:12:15 2014-06-02 05:13:03.6 2456810.7174 ccd140601.0181         [05:14:08.3
NOAO-13B-0270  OBJECT LUNCH HS184_4       20.0 V       17:13:21 2014-06-02 05:14:10.0 2456810.7182 ccd140601.0182         [05:15:13.9
NOAO-13B-0270  OBJECT LUNCH HS184_4       20.0 V       17:14:28 2014-06-02 05:15:16.4 2456810.7189 ccd140601.0183         [05:16:21.2
NOAO-13B-0270  OBJECT LUNCH HS184_4       20.0 V       17:15:34 2014-06-02 05:16:22.8 2456810.7197 ccd140601.0184         [05:17:26.8
NOAO-13B-0270  OBJECT LUNCH HS184_4       20.0 V       17:16:41 2014-06-02 05:17:29.3 2456810.7205 ccd140601.0185         [05:18:33.9
NOAO-13B-0270  OBJECT LUNCH HS184_4       20.0 V       17:17:48 2014-06-02 05:18:35.7 2456810.7212 ccd140601.0186         [05:19:39.6
NOAO-13B-0270  OBJECT LUNCH HS184_4       20.0 V       17:18:54 2014-06-02 05:19:42.2 2456810.7220 ccd140601.0187         [05:20:46.8
NOAO-13B-0270  OBJECT LUNCH HS184_4       20.0 V       17:20:01 2014-06-02 05:20:48.6 2456810.7228 ccd140601.0188         [05:21:52.5
NOAO-13B-0270  OBJECT LUNCH HS184_4       20.0 V       17:21:07 2014-06-02 05:21:55.0 2456810.7236 ccd140601.0189         [05:22:59.7
NOAO-13B-0270  OBJECT LUNCH HS184_4       20.0 V       17:22:14 2014-06-02 05:23:01.5 2456810.7243 ccd140601.0190         [05:24:05.4
NOAO-13B-0270  OBJECT LUNCH HS184_4       20.0 V       17:23:21 2014-06-02 05:24:07.9 2456810.7251 ccd140601.0191         [05:25:12.6
NOAO-13B-0270  OBJECT LUNCH HS184_4       20.0 V       17:24:27 2014-06-02 05:25:14.3 2456810.7259 ccd140601.0192         [05:26:18.2
NOAO-13B-0270  OBJECT LUNCH HS184_4       20.0 V       17:25:34 2014-06-02 05:26:20.7 2456810.7266 ccd140601.0193         [05:27:25.4
NOAO-13B-0270  OBJECT LUNCH HS184_4       20.0 V       17:26:40 2014-06-02 05:27:27.1 2456810.7274 ccd140601.0194         [05:28:31.1
OSU-03A-0001   OBJECT OB140343            50.0 H       17:44:11 2014-06-02 05:44:54.8 2456810.7395 ir140601.0157          [05:46:02.4
OSU-03A-0001   OBJECT OB140343            50.0 H       17:45:17 2014-06-02 05:46:00.5 2456810.7403 ir140601.0158          [05:47:06.7
OSU-03A-0001   OBJECT OB140343            50.0 H       17:46:23 2014-06-02 05:47:06.5 2456810.7410 ir140601.0159          [05:48:13.7
OSU-03A-0001   OBJECT OB140343            50.0 H       17:47:29 2014-06-02 05:48:12.6 2456810.7418 ir140601.0160          [05:49:18.9
OSU-03A-0001   OBJECT OB140343            50.0 H       17:48:35 2014-06-02 05:49:18.5 2456810.7426 ir140601.0161          [05:50:25.7
OSU-03A-0001   OBJECT OB140343           300.0 I       17:44:14 2014-06-02 05:44:57.3 2456810.7396 ccd140601.0195         [05:50:41.4
CHILE-13B-0039 OBJECT V849 Oph           100.0 V       17:52:44 2014-06-02 05:53:26.8 2456810.7454 ccd140601.0196         [05:55:51.6
CHILE-13B-0039 OBJECT V849 Oph            50.0 V       17:55:16 2014-06-02 05:55:57.8 2456810.7472 ccd140601.0197         [05:57:31.8
CHILE-13B-0039 OBJECT WY Sge             340.0 V       18:00:44 2014-06-02 06:01:24.9 2456810.7510 ccd140601.0198         [06:07:49.7
CHILE-13B-0039 OBJECT WY Sge             170.0 V       18:07:16 2014-06-02 06:07:55.9 2456810.7555 ccd140601.0199         [06:11:29.9
CHILE-13B-0039 OBJECT V2572 Sgr           90.0 V       18:14:32 2014-06-02 06:15:11.1 2456810.7605 ccd140601.0200         [06:17:26.0
CHILE-13B-0039 OBJECT V2572 Sgr           45.0 V       18:16:54 2014-06-02 06:17:32.2 2456810.7622 ccd140601.0201         [06:19:01.1
OSU-03A-0001   OBJECT OB140494            50.0 H       18:25:56 2014-06-02 06:26:32.7 2456810.7684 ir140601.0162          [06:27:40.5
OSU-03A-0001   OBJECT OB140494            50.0 H       18:27:02 2014-06-02 06:27:38.5 2456810.7692 ir140601.0163          [06:28:44.8
OSU-03A-0001   OBJECT OB140494            50.0 H       18:28:08 2014-06-02 06:28:44.7 2456810.7700 ir140601.0164          [06:29:52.0
OSU-03A-0001   OBJECT OB140494            50.0 H       18:29:14 2014-06-02 06:29:50.6 2456810.7707 ir140601.0165          [06:30:56.9
OSU-03A-0001   OBJECT OB140494            50.0 H       18:30:20 2014-06-02 06:30:56.4 2456810.7715 ir140601.0166          [06:32:03.7
OSU-03A-0001   OBJECT OB140494           300.0 I       18:25:58 2014-06-02 06:26:35.2 2456810.7685 ccd140601.0202         [06:32:19.1
YALE-03A-0001  OBJECT V4641               20.1 K       18:34:24 2014-06-02 06:34:59.6 2456810.7743 ir140601.0167          [06:35:36.9
YALE-03A-0001  OBJECT V4641               20.0 B       18:34:26 2014-06-02 06:35:02.0 2456810.7743 ccd140601.0203         [06:36:06.0
YALE-03A-0001  OBJECT V4641               20.0 K       18:35:00 2014-06-02 06:35:35.5 2456810.7747 ir140601.0168          [06:36:12.8
YALE-03A-0001  OBJECT V4641               20.0 K       18:35:37 2014-06-02 06:36:12.1 2456810.7751 ir140601.0169          [06:36:48.5
YALE-03A-0001  OBJECT V4641               20.0 B       18:35:33 2014-06-02 06:36:08.5 2456810.7751 ccd140601.0204         [06:37:13.1
YALE-03A-0001  OBJECT V4641               20.0 K       18:36:13 2014-06-02 06:36:48.5 2456810.7756 ir140601.0170          [06:37:24.8
YALE-03A-0001  OBJECT V4641               20.1 K       18:36:49 2014-06-02 06:37:24.3 2456810.7760 ir140601.0171          [06:38:01.6
YALE-03A-0001  OBJECT V4641               20.0 B       18:36:40 2014-06-02 06:37:14.9 2456810.7759 ccd140601.0205         [06:38:18.8
YALE-03A-0001  OBJECT V4641               15.1 J       18:37:51 2014-06-02 06:38:26.6 2456810.7767 ir140601.0172          [06:38:59.0
YALE-03A-0001  OBJECT V4641               15.0 I       18:37:54 2014-06-02 06:38:29.2 2456810.7767 ccd140601.0206         [06:39:28.2
YALE-03A-0001  OBJECT V4641               15.1 J       18:38:23 2014-06-02 06:38:57.6 2456810.7771 ir140601.0173          [06:39:31.9
YALE-03A-0001  OBJECT V4641               15.0 J       18:38:54 2014-06-02 06:39:29.0 2456810.7774 ir140601.0174          [06:40:00.3
YALE-03A-0001  OBJECT V4641               15.0 I       18:38:57 2014-06-02 06:39:31.8 2456810.7774 ccd140601.0207         [06:40:31.7
YALE-03A-0001  OBJECT V4641               15.0 J       18:39:25 2014-06-02 06:40:00.2 2456810.7778 ir140601.0175          [06:40:34.0
YALE-03A-0001  OBJECT V4641               15.1 J       18:39:25 2014-06-02 06:40:00.2 2456810.7778 ir140601.0176          [06:41:13.3
YALE-03A-0001  OBJECT V4641               15.0 I       18:39:59 2014-06-02 06:40:34.1 2456810.7782 ccd140601.0208         [06:41:33.0
YALE-03A-0001  OBJECT V4641               15.0 H       18:41:06 2014-06-02 06:41:40.8 2456810.7790 ir140601.0177          [06:42:13.0
YALE-03A-0001  OBJECT V4641               15.0 V       18:41:09 2014-06-02 06:41:43.4 2456810.7790 ccd140601.0209         [06:42:42.4
YALE-03A-0001  OBJECT V4641               15.1 H       18:41:37 2014-06-02 06:42:11.7 2456810.7793 ir140601.0178          [06:42:46.1
YALE-03A-0001  OBJECT V4641               15.0 H       18:42:09 2014-06-02 06:42:43.1 2456810.7797 ir140601.0179          [06:43:14.3
YALE-03A-0001  OBJECT V4641               15.0 V       18:42:12 2014-06-02 06:42:46.0 2456810.7797 ccd140601.0210         [06:43:45.7
YALE-03A-0001  OBJECT V4641               15.1 H       18:42:09 2014-06-02 06:42:43.1 2456810.7797 ir140601.0180          [06:43:55.4
YALE-03A-0001  OBJECT V4641               15.0 H       18:43:21 2014-06-02 06:43:55.0 2456810.7805 ir140601.0181          [06:44:27.2
YALE-03A-0001  OBJECT V4641               15.0 V       18:43:13 2014-06-02 06:43:47.4 2456810.7804 ccd140601.0211         [06:44:46.4
SUNY-04A-0011  OBJECT N Sgr 2014           4.0 J       18:48:33 2014-06-02 06:49:06.2 2456810.7841 ir140601.0182          [06:49:28.1
SUNY-04A-0011  OBJECT N Sgr 2014           4.0 J       18:48:53 2014-06-02 06:49:26.1 2456810.7843 ir140601.0183          [06:49:46.4
SUNY-04A-0011  OBJECT N Sgr 2014           4.0 J       18:49:13 2014-06-02 06:49:46.2 2456810.7846 ir140601.0184          [06:50:07.5
SUNY-04A-0011  OBJECT N Sgr 2014          15.0 I       18:48:35 2014-06-02 06:49:08.7 2456810.7841 ccd140601.0212         [06:50:08.3
SUNY-04A-0011  OBJECT N Sgr 2014           4.0 H       18:49:42 2014-06-02 06:50:15.1 2456810.7849 ir140601.0185          [06:50:36.8
SUNY-04A-0011  OBJECT N Sgr 2014           4.0 H       18:50:02 2014-06-02 06:50:34.8 2456810.7851 ir140601.0186          [06:50:55.1
SUNY-04A-0011  OBJECT N Sgr 2014           4.0 H       18:50:22 2014-06-02 06:50:54.7 2456810.7854 ir140601.0187          [06:51:15.9
SUNY-04A-0011  OBJECT N Sgr 2014          31.0 B       18:49:45 2014-06-02 06:50:17.7 2456810.7849 ccd140601.0213         [06:51:32.7
SUNY-04A-0011  OBJECT N Sgr 2014           4.0 K       18:51:06 2014-06-02 06:51:38.7 2456810.7859 ir140601.0188          [06:52:00.3
SUNY-04A-0011  OBJECT N Sgr 2014           4.0 K       18:51:26 2014-06-02 06:51:58.7 2456810.7861 ir140601.0189          [06:52:18.8
SUNY-04A-0011  OBJECT N Sgr 2014           4.0 K       18:51:46 2014-06-02 06:52:18.6 2456810.7863 ir140601.0190          [06:52:39.9
SUNY-04A-0011  OBJECT N Sgr 2014          20.0 V       18:51:08 2014-06-02 06:51:41.3 2456810.7859 ccd140601.0214         [06:52:45.2
SUNY-04A-0011  OBJECT N Sgr 2014           4.0 K       18:52:18 2014-06-02 06:52:50.8 2456810.7867 ir140601.0191          [06:53:12.7
SUNY-04A-0011  OBJECT N Sgr 2014           4.0 K       18:52:38 2014-06-02 06:53:10.7 2456810.7869 ir140601.0192          [06:53:31.0
SUNY-04A-0011  OBJECT N Sgr 2014           4.0 K       18:52:58 2014-06-02 06:53:30.7 2456810.7872 ir140601.0193          [06:53:52.0
SUNY-04A-0011  OBJECT N Sgr 2014          15.0 R       18:52:21 2014-06-02 06:52:53.5 2456810.7867 ccd140601.0215         [06:53:52.8
LSU-14A-0001   OBJECT V1017 Sgr           60.0 J       18:55:28 2014-06-02 06:55:59.8 2456810.7889 ir140601.0194          [07:00:29.8
LSU-14A-0001   OBJECT V1017 Sgr          300.0 V       18:55:30 2014-06-02 06:56:02.4 2456810.7889 ccd140601.0216         [07:01:46.4
YALE-03A-0001  OBJECT AqlX-1              50.0 J       19:04:11 2014-06-02 07:04:41.6 2456810.7949 ir140601.0195          [07:05:48.9
YALE-03A-0001  OBJECT AqlX-1              50.0 J       19:05:17 2014-06-02 07:05:47.5 2456810.7957 ir140601.0196          [07:06:54.0
YALE-03A-0001  OBJECT AqlX-1              50.0 J       19:06:23 2014-06-02 07:06:53.8 2456810.7965 ir140601.0197          [07:08:01.0
YALE-03A-0001  OBJECT AqlX-1              50.0 J       19:07:30 2014-06-02 07:07:59.9 2456810.7972 ir140601.0198          [07:09:06.1
YALE-03A-0001  OBJECT AqlX-1              50.0 J       19:08:36 2014-06-02 07:09:05.9 2456810.7980 ir140601.0199          [07:10:13.3
YALE-03A-0001  OBJECT AqlX-1             300.0 R       19:04:13 2014-06-02 07:04:44.3 2456810.7950 ccd140601.0217         [07:10:28.2
OSU-03A-0001   OBJECT OB140500            50.0 H       19:12:00 2014-06-02 07:12:28.9 2456810.8003 ir140601.0200          [07:13:36.8
OSU-03A-0001   OBJECT OB140500            50.0 H       19:13:06 2014-06-02 07:13:34.8 2456810.8011 ir140601.0201          [07:14:41.0
OSU-03A-0001   OBJECT OB140500            50.0 H       19:14:12 2014-06-02 07:14:40.7 2456810.8019 ir140601.0202          [07:15:47.9
OSU-03A-0001   OBJECT OB140500            50.0 H       19:15:18 2014-06-02 07:15:46.7 2456810.8026 ir140601.0203          [07:16:52.9
OSU-03A-0001   OBJECT OB140500            50.0 H       19:16:24 2014-06-02 07:16:52.4 2456810.8034 ir140601.0204          [07:17:59.7
OSU-03A-0001   OBJECT OB140500           300.0 I       19:12:02 2014-06-02 07:12:31.4 2456810.8004 ccd140601.0218         [07:18:15.4
GSU-03A-0006   OBJECT pks2142-75          35.0 K       19:21:42 2014-06-02 07:22:09.8 2456810.8071 ir140601.0205          [07:23:02.0
GSU-03A-0006   OBJECT pks2142-75          35.0 K       19:22:33 2014-06-02 07:23:00.7 2456810.8076 ir140601.0206          [07:23:52.0
GSU-03A-0006   OBJECT pks2142-75          35.0 K       19:22:33 2014-06-02 07:23:00.7 2456810.8076 ir140601.0207          [07:24:53.8
GSU-03A-0006   OBJECT pks2142-75          35.0 K       19:24:26 2014-06-02 07:24:53.0 2456810.8089 ir140601.0208          [07:25:44.3
GSU-03A-0006   OBJECT pks2142-75         180.0 R       19:21:45 2014-06-02 07:22:12.4 2456810.8071 ccd140601.0219         [07:25:57.1
YALE-08A-0001  OBJECT 2142-75             30.0 J       19:26:26 2014-06-02 07:26:52.5 2456810.8103 ir140601.0209          [07:27:38.8
YALE-08A-0001  OBJECT 2142-75             30.0 J       19:27:12 2014-06-02 07:27:38.4 2456810.8109 ir140601.0210          [07:28:25.6
YALE-08A-0001  OBJECT 2142-75             70.0 R       19:26:28 2014-06-02 07:26:55.0 2456810.8104 ccd140601.0220         [07:28:48.9
YALE-08A-0001  OBJECT 2142-75             30.0 J       19:27:58 2014-06-02 07:28:24.6 2456810.8114 ir140601.0211          [07:29:11.8
YALE-08A-0001  OBJECT 2142-75             30.0 J       19:28:44 2014-06-02 07:29:10.7 2456810.8119 ir140601.0212          [07:29:57.0
YALE-08A-0001  OBJECT 2142-75             30.1 J       19:29:30 2014-06-02 07:29:56.7 2456810.8125 ir140601.0213          [07:30:44.0
YALE-08A-0001  OBJECT 2142-75             30.0 K       19:30:25 2014-06-02 07:30:51.2 2456810.8131 ir140601.0214          [07:31:37.5
YALE-08A-0001  OBJECT 2142-75             30.1 K       19:31:11 2014-06-02 07:31:37.4 2456810.8136 ir140601.0215          [07:32:24.6
YALE-08A-0001  OBJECT 2142-75             90.0 B       19:30:27 2014-06-02 07:30:53.1 2456810.8131 ccd140601.0221         [07:33:07.0
YALE-08A-0001  OBJECT 2142-75             30.0 K       19:31:58 2014-06-02 07:32:23.6 2456810.8142 ir140601.0216          [07:33:10.8
YALE-08A-0001  OBJECT 2142-75             30.1 K       19:32:44 2014-06-02 07:33:09.7 2456810.8147 ir140601.0217          [07:33:56.1
YALE-08A-0001  OBJECT 2142-75             30.1 K       19:33:35 2014-06-02 07:34:01.0 2456810.8153 ir140601.0218          [07:34:48.2
YALE-08A-0001  OBJECT 2142-75             30.1 K       19:34:21 2014-06-02 07:34:46.9 2456810.8158 ir140601.0219          [07:35:33.2
YALE-08A-0001  OBJECT 2142-75             70.0 V       19:33:38 2014-06-02 07:34:03.5 2456810.8153 ccd140601.0222         [07:35:58.1
YALE-08A-0001  OBJECT 2142-75             30.0 K       19:35:07 2014-06-02 07:35:33.0 2456810.8164 ir140601.0220          [07:36:19.3
YALE-08A-0001  OBJECT 2142-75             30.1 K       19:35:54 2014-06-02 07:36:19.2 2456810.8169 ir140601.0221          [07:37:06.7
OSU-03A-0001   OBJECT OB140807            50.0 H       19:43:26 2014-06-02 07:43:50.0 2456810.8221 ir140601.0222          [07:44:56.1
OSU-03A-0001   OBJECT OB140807            50.0 H       19:44:32 2014-06-02 07:44:55.8 2456810.8229 ir140601.0223          [07:46:03.1
OSU-03A-0001   OBJECT OB140807            50.0 H       19:45:38 2014-06-02 07:46:01.9 2456810.8236 ir140601.0224          [07:47:08.1
OSU-03A-0001   OBJECT OB140807            50.0 H       19:46:44 2014-06-02 07:47:07.9 2456810.8244 ir140601.0225          [07:48:15.1
OSU-03A-0001   OBJECT OB140807            50.0 H       19:47:50 2014-06-02 07:48:13.8 2456810.8252 ir140601.0226          [07:49:20.0
OSU-03A-0001   OBJECT OB140807           300.0 I       19:43:28 2014-06-02 07:43:52.5 2456810.8221 ccd140601.0223         [07:49:37.3
OSU-03A-0001   OBJECT OB140678            50.0 H       19:51:04 2014-06-02 07:51:26.6 2456810.8274 ir140601.0227          [07:52:32.9
OSU-03A-0001   OBJECT OB140678            50.0 H       19:52:10 2014-06-02 07:52:32.6 2456810.8282 ir140601.0228          [07:53:39.8
OSU-03A-0001   OBJECT OB140678            50.0 H       19:53:16 2014-06-02 07:53:38.6 2456810.8289 ir140601.0229          [07:54:44.9
OSU-03A-0001   OBJECT OB140678            50.0 H       19:54:22 2014-06-02 07:54:44.7 2456810.8297 ir140601.0230          [07:55:52.0
OSU-03A-0001   OBJECT OB140678            50.0 H       19:55:28 2014-06-02 07:55:50.6 2456810.8304 ir140601.0231          [07:56:56.9
OSU-03A-0001   OBJECT OB140678           300.0 I       19:51:06 2014-06-02 07:51:29.2 2456810.8274 ccd140601.0224         [07:57:14.1
YALE-08A-0001  OBJECT 2155-304            30.0 J       19:59:48 2014-06-02 08:00:10.0 2456810.8334 ir140601.0232          [08:00:56.2
YALE-08A-0001  OBJECT 2155-304            30.0 J       20:00:34 2014-06-02 08:00:55.9 2456810.8340 ir140601.0233          [08:01:43.2
YALE-08A-0001  OBJECT 2155-304            70.0 R       19:59:51 2014-06-02 08:00:12.7 2456810.8335 ccd140601.0225         [08:02:06.6
YALE-08A-0001  OBJECT 2155-304            30.0 J       20:01:21 2014-06-02 08:01:42.1 2456810.8345 ir140601.0234          [08:02:29.3
YALE-08A-0001  OBJECT 2155-304            30.1 J       20:02:07 2014-06-02 08:02:28.3 2456810.8350 ir140601.0235          [08:03:14.6
YALE-08A-0001  OBJECT 2155-304            30.0 J       20:02:53 2014-06-02 08:03:14.3 2456810.8356 ir140601.0236          [08:04:01.7
YALE-08A-0001  OBJECT 2155-304            30.0 K       20:03:48 2014-06-02 08:04:08.4 2456810.8362 ir140601.0237          [08:04:54.6
YALE-08A-0001  OBJECT 2155-304            30.0 K       20:04:34 2014-06-02 08:04:54.3 2456810.8367 ir140601.0238          [08:05:41.5
YALE-08A-0001  OBJECT 2155-304            90.0 B       20:03:50 2014-06-02 08:04:11.0 2456810.8362 ccd140601.0226         [08:06:25.0
YALE-08A-0001  OBJECT 2155-304            30.0 K       20:05:20 2014-06-02 08:05:40.4 2456810.8373 ir140601.0239          [08:06:28.0
YALE-08A-0001  OBJECT 2155-304            30.0 K       20:06:06 2014-06-02 08:06:26.9 2456810.8378 ir140601.0240          [08:07:13.3
YALE-08A-0001  OBJECT 2155-304            30.1 K       20:06:58 2014-06-02 08:07:18.1 2456810.8384 ir140601.0241          [08:08:05.6
YALE-08A-0001  OBJECT 2155-304            30.0 K       20:07:44 2014-06-02 08:08:04.1 2456810.8389 ir140601.0242          [08:08:50.4
YALE-08A-0001  OBJECT 2155-304            70.0 V       20:07:00 2014-06-02 08:07:20.7 2456810.8384 ccd140601.0227         [08:09:15.4
YALE-08A-0001  OBJECT 2155-304            30.1 K       20:08:30 2014-06-02 08:08:50.2 2456810.8395 ir140601.0243          [08:09:36.5
YALE-08A-0001  OBJECT 2155-304            30.0 K       20:09:16 2014-06-02 08:09:36.3 2456810.8400 ir140601.0244          [08:10:23.6
YALE-08A-0001  OBJECT 2326-502            30.1 J       20:18:58 2014-06-02 08:19:16.5 2456810.8467 ir140601.0245          [08:20:02.8
YALE-08A-0001  OBJECT 2326-502            30.1 J       20:19:44 2014-06-02 08:20:02.3 2456810.8473 ir140601.0246          [08:20:49.5
YALE-08A-0001  OBJECT 2326-502            30.0 J       20:20:30 2014-06-02 08:20:48.5 2456810.8478 ir140601.0247          [08:21:34.7
YALE-08A-0001  OBJECT 2326-502            30.0 J       20:21:17 2014-06-02 08:21:34.6 2456810.8483 ir140601.0248          [08:22:21.9
YALE-08A-0001  OBJECT 2326-502           140.0 R       20:19:01 2014-06-02 08:19:19.1 2456810.8468 ccd140601.0228         [08:22:23.1
YALE-08A-0001  OBJECT 2326-502            30.1 J       20:22:03 2014-06-02 08:22:20.5 2456810.8489 ir140601.0249          [08:23:08.4
YALE-08A-0001  OBJECT 2326-502            30.1 K       20:22:57 2014-06-02 08:23:14.3 2456810.8495 ir140601.0250          [08:24:00.6
YALE-08A-0001  OBJECT 2326-502            30.0 K       20:23:43 2014-06-02 08:24:00.6 2456810.8500 ir140601.0251          [08:24:47.7
YALE-08A-0001  OBJECT 2326-502            30.0 K       20:24:29 2014-06-02 08:24:46.8 2456810.8505 ir140601.0252          [08:25:33.0
YALE-08A-0001  OBJECT 2326-502            30.1 K       20:25:15 2014-06-02 08:25:32.9 2456810.8511 ir140601.0253          [08:26:20.2
YALE-08A-0001  OBJECT 2326-502           180.0 B       20:22:59 2014-06-02 08:23:17.0 2456810.8495 ccd140601.0229         [08:27:00.8
YALE-08A-0001  OBJECT 2326-502            30.0 K       20:26:01 2014-06-02 08:26:18.8 2456810.8516 ir140601.0254          [08:27:06.2
YALE-08A-0001  OBJECT 2326-502            30.0 K       20:26:53 2014-06-02 08:27:10.4 2456810.8522 ir140601.0255          [08:27:56.5
YALE-08A-0001  OBJECT 2326-502            30.1 K       20:27:39 2014-06-02 08:27:56.2 2456810.8527 ir140601.0256          [08:28:43.4
YALE-08A-0001  OBJECT 2326-502            30.0 K       20:28:25 2014-06-02 08:28:42.3 2456810.8533 ir140601.0257          [08:29:28.6
YALE-08A-0001  OBJECT 2326-502            30.1 K       20:29:12 2014-06-02 08:29:28.5 2456810.8538 ir140601.0258          [08:30:15.7
YALE-08A-0001  OBJECT 2326-502           140.0 V       20:26:56 2014-06-02 08:27:13.0 2456810.8522 ccd140601.0230         [08:30:16.9
YALE-08A-0001  OBJECT 2326-502            30.1 K       20:29:58 2014-06-02 08:30:14.4 2456810.8543 ir140601.0259          [08:31:01.6
YALE-08A-0001  OBJECT 2233-148            30.0 J       20:33:32 2014-06-02 08:33:47.8 2456810.8568 ir140601.0260          [08:34:34.1
YALE-08A-0001  OBJECT 2233-148            30.0 J       20:34:18 2014-06-02 08:34:33.9 2456810.8573 ir140601.0261          [08:35:21.2
YALE-08A-0001  OBJECT 2233-148            30.0 J       20:35:04 2014-06-02 08:35:20.1 2456810.8579 ir140601.0262          [08:36:06.4
YALE-08A-0001  OBJECT 2233-148           140.0 R       20:33:34 2014-06-02 08:33:50.4 2456810.8568 ccd140601.0231         [08:36:55.2
YALE-08A-0001  OBJECT 2233-148            30.1 J       20:36:46 2014-06-02 08:37:01.1 2456810.8590 ir140601.0263          [08:37:47.4
YALE-08A-0001  OBJECT 2233-148            30.0 J       20:37:32 2014-06-02 08:37:47.1 2456810.8596 ir140601.0264          [08:38:34.3
YALE-08A-0001  OBJECT 2233-148            30.0 J       20:38:18 2014-06-02 08:38:33.3 2456810.8601 ir140601.0265          [08:39:19.6
YALE-08A-0001  OBJECT 2233-148            30.1 J       20:39:04 2014-06-02 08:39:19.4 2456810.8607 ir140601.0266          [08:40:06.8
YALE-08A-0001  OBJECT 2233-148           180.0 B       20:36:48 2014-06-02 08:37:03.6 2456810.8591 ccd140601.0232         [08:40:47.6
CHILE-06B-0288 OBJECT CT803              250.0 R       20:44:06 2014-06-02 08:44:20.6 2456810.8641 ccd140601.0233         [08:49:15.4
OSU-03A-0001   OBJECT OB140801            50.0 H       20:56:11 2014-06-02 08:56:23.6 2456810.8725 ir140601.0267          [08:57:29.9
OSU-03A-0001   OBJECT OB140801            50.0 H       20:57:18 2014-06-02 08:57:30.0 2456810.8733 ir140601.0268          [08:58:37.2
OSU-03A-0001   OBJECT OB140801            50.0 H       20:58:24 2014-06-02 08:58:36.1 2456810.8740 ir140601.0269          [08:59:43.1
OSU-03A-0001   OBJECT OB140801            50.0 H       20:59:30 2014-06-02 08:59:42.3 2456810.8748 ir140601.0270          [09:00:49.5
OSU-03A-0001   OBJECT OB140801            50.0 H       21:00:36 2014-06-02 09:00:48.1 2456810.8756 ir140601.0271          [09:01:54.4
OSU-03A-0001   OBJECT OB140801           300.0 I       20:56:14 2014-06-02 08:56:26.2 2456810.8725 ccd140601.0234         [09:02:11.0
OSU-03A-0001   OBJECT OB140801            50.0 H       21:02:06 2014-06-02 09:02:17.4 2456810.8766 ir140601.0272          [09:03:23.6
OSU-03A-0001   OBJECT OB140801            50.0 H       21:03:12 2014-06-02 09:03:23.3 2456810.8774 ir140601.0273          [09:04:30.6
OSU-03A-0001   OBJECT OB140801            50.0 H       21:04:18 2014-06-02 09:04:29.4 2456810.8781 ir140601.0274          [09:05:35.7
OSU-03A-0001   OBJECT OB140801            50.0 H       21:05:25 2014-06-02 09:05:35.5 2456810.8789 ir140601.0275          [09:06:42.8
OSU-03A-0001   OBJECT OB140801            50.0 H       21:06:31 2014-06-02 09:06:41.4 2456810.8797 ir140601.0276          [09:07:47.7
OSU-03A-0001   OBJECT OB140801           300.0 V       21:02:09 2014-06-02 09:02:19.9 2456810.8766 ccd140601.0235         [09:08:04.7
YALE-08A-0001  OBJECT 3C454.3             30.1 J       21:11:19 2014-06-02 09:11:28.8 2456810.8830 ir140601.0277          [09:12:15.1
YALE-08A-0001  OBJECT 3C454.3             30.0 J       21:12:05 2014-06-02 09:12:14.7 2456810.8835 ir140601.0278          [09:13:01.9
YALE-08A-0001  OBJECT 3C454.3             70.0 R       21:11:22 2014-06-02 09:11:31.5 2456810.8830 ccd140601.0236         [09:13:25.4
YALE-08A-0001  OBJECT 3C454.3             30.1 J       21:12:51 2014-06-02 09:13:00.8 2456810.8840 ir140601.0279          [09:13:48.1
YALE-08A-0001  OBJECT 3C454.3             30.0 J       21:13:37 2014-06-02 09:13:47.0 2456810.8846 ir140601.0280          [09:14:33.3
YALE-08A-0001  OBJECT 3C454.3             30.0 J       21:14:23 2014-06-02 09:14:32.8 2456810.8851 ir140601.0281          [09:15:20.3
YALE-08A-0001  OBJECT 3C454.3             30.1 K       21:15:17 2014-06-02 09:15:26.8 2456810.8857 ir140601.0282          [09:16:13.1
YALE-08A-0001  OBJECT 3C454.3             30.1 K       21:16:04 2014-06-02 09:16:12.7 2456810.8863 ir140601.0283          [09:16:59.9
YALE-08A-0001  OBJECT 3C454.3             90.0 B       21:15:20 2014-06-02 09:15:29.4 2456810.8858 ccd140601.0237         [09:17:43.5
YALE-08A-0001  OBJECT 3C454.3             30.1 K       21:16:50 2014-06-02 09:16:58.8 2456810.8868 ir140601.0284          [09:17:47.1
YALE-08A-0001  OBJECT 3C454.3             30.0 K       21:17:36 2014-06-02 09:17:45.2 2456810.8873 ir140601.0285          [09:18:31.5
YALE-08A-0001  OBJECT 3C454.3             30.0 K       21:18:27 2014-06-02 09:18:36.2 2456810.8879 ir140601.0286          [09:19:23.3
YALE-08A-0001  OBJECT 3C454.3             30.1 K       21:19:13 2014-06-02 09:19:22.1 2456810.8884 ir140601.0287          [09:20:08.5
YALE-08A-0001  OBJECT 3C454.3             70.0 V       21:18:30 2014-06-02 09:18:38.7 2456810.8879 ccd140601.0238         [09:20:33.5
YALE-08A-0001  OBJECT 3C454.3             30.0 K       21:20:00 2014-06-02 09:20:08.4 2456810.8890 ir140601.0288          [09:20:54.7
YALE-08A-0001  OBJECT 3C454.3             30.0 K       21:20:46 2014-06-02 09:20:54.5 2456810.8895 ir140601.0289          [09:21:42.0
ALL            BIAS   BIASES               0.0 V       21:23:09 2014-06-02 09:23:16.8 2456810.8912 ccd140601bias.0001     [09:24:00.7
ALL            BIAS   BIASES               0.0 V       21:23:55 2014-06-02 09:24:03.2 2456810.8917 ccd140601bias.0002     [09:24:48.1
ALL            BIAS   BIASES               0.0 V       21:24:42 2014-06-02 09:24:49.5 2456810.8922 ccd140601bias.0003     [09:25:33.4
ALL            BIAS   BIASES               0.0 V       21:25:28 2014-06-02 09:25:35.9 2456810.8928 ccd140601bias.0004     [09:26:22.5
ALL            BIAS   BIASES               0.0 V       21:26:15 2014-06-02 09:26:22.3 2456810.8933 ccd140601bias.0005     [09:27:06.2
ALL            BIAS   BIASES               0.0 V       21:27:02 2014-06-02 09:27:08.7 2456810.8939 ccd140601bias.0006     [09:27:54.1
ALL            BIAS   BIASES               0.0 V       21:27:48 2014-06-02 09:27:55.1 2456810.8944 ccd140601bias.0007     [09:28:39.0
ALL            BIAS   BIASES               0.0 V       21:28:35 2014-06-02 09:28:41.6 2456810.8949 ccd140601bias.0008     [09:29:26.3
ALL            BIAS   BIASES               0.0 V       21:29:21 2014-06-02 09:29:28.0 2456810.8955 ccd140601bias.0009     [09:30:11.8
ALL            BIAS   BIASES               0.0 V       21:30:08 2014-06-02 09:30:14.3 2456810.8960 ccd140601bias.0010     [09:30:59.1
