Project        ImType Object           ExpTime Filter  LST      UTDate     UTC        JD           Filename               [Logged@UT]
ALL            OBJECT test                 4.0 K       10:50:28 2014-06-02 22:48:23.5 2456811.4503 ir140602.0001          [22:48:45.1
ALL            OBJECT test                 5.0 V       10:50:30 2014-06-02 22:48:26.1 2456811.4503 ccd140602.0001         [22:49:15.3
ALL            OBJECT focus                7.0 H       10:57:50 2014-06-02 22:55:45.0 2456811.4554 irfoco.0001            [22:56:09.0
ALL            OBJECT focus               10.0 V       10:57:53 2014-06-02 22:55:47.6 2456811.4554 ccdfoco.0001           [22:56:41.6
ALL            OBJECT focus                7.0 H       10:59:58 2014-06-02 22:57:52.4 2456811.4569 irfoco.0002            [22:58:16.6
ALL            OBJECT focus               10.0 V       11:00:01 2014-06-02 22:57:55.0 2456811.4569 ccdfoco.0002           [22:58:49.0
MCSS-14A-0001  OBJECT sn2010jl           150.0 H       11:07:19 2014-06-02 23:05:11.8 2456811.4619 ir140602.0001          [23:07:59.7
MCSS-14A-0001  OBJECT sn2010jl           120.0 B       11:07:22 2014-06-02 23:05:14.4 2456811.4620 ccd140602.0001         [23:08:00.5
MCSS-14A-0001  OBJECT sn2010jl           150.0 H       11:10:05 2014-06-02 23:07:57.8 2456811.4639 ir140602.0002          [23:10:45.2
MCSS-14A-0001  OBJECT sn2010jl           120.0 B       11:10:09 2014-06-02 23:08:01.2 2456811.4639 ccd140602.0002         [23:10:46.4
MCSS-14A-0001  OBJECT sn2010jl           150.0 H       11:12:53 2014-06-02 23:10:44.8 2456811.4658 ir140602.0003          [23:13:32.1
MCSS-14A-0001  OBJECT sn2010jl           150.0 H       11:15:39 2014-06-02 23:13:31.1 2456811.4677 ir140602.0004          [23:16:17.3
MCSS-14A-0001  OBJECT sn2010jl           150.0 H       11:22:59 2014-06-02 23:20:49.4 2456811.4728 ir140602.0005          [23:23:37.7
MCSS-14A-0001  OBJECT sn2010jl           120.0 B       11:23:02 2014-06-02 23:20:52.0 2456811.4728 ccd140602.0003         [23:23:38.5
MCSS-14A-0001  OBJECT sn2010jl           150.0 H       11:25:46 2014-06-02 23:23:35.7 2456811.4747 ir140602.0006          [23:26:23.3
MCSS-14A-0001  OBJECT sn2010jl           120.0 B       11:25:49 2014-06-02 23:23:39.2 2456811.4748 ccd140602.0004         [23:26:24.6
MCSS-14A-0001  OBJECT sn2010jl           150.0 H       11:28:33 2014-06-02 23:26:23.0 2456811.4767 ir140602.0007          [23:29:10.4
MCSS-14A-0001  OBJECT sn2010jl           150.0 H       11:31:20 2014-06-02 23:29:09.3 2456811.4786 ir140602.0008          [23:31:55.6
MCSS-14A-0001  OBJECT sn2010jl           150.0 H       11:34:07 2014-06-02 23:31:55.3 2456811.4805 ir140602.0009          [23:34:42.6
MCSS-14A-0001  OBJECT sn2010jl           150.0 H       11:36:54 2014-06-02 23:34:41.6 2456811.4824 ir140602.0010          [23:37:27.8
MCSS-14A-0001  OBJECT sn2010jl           120.0 B       11:45:08 2014-06-02 23:42:54.8 2456811.4881 ccd140602.0007         [23:45:39.8
MCSS-14A-0001  OBJECT sn2010jl           120.0 B       11:47:55 2014-06-02 23:45:41.5 2456811.4901 ccd140602.0008         [23:48:25.4
MCSS-14A-0001  OBJECT sn2010jl           120.0 B       11:51:01 2014-06-02 23:48:46.7 2456811.4922 ccd140602.0009         [23:51:31.5
MCSS-14A-0001  OBJECT sn2010jl           120.0 J       11:54:22 2014-06-02 23:52:07.5 2456811.4945 ir140602.0011          [23:54:23.7
MCSS-14A-0001  OBJECT sn2010jl            95.0 V       11:54:25 2014-06-02 23:52:09.9 2456811.4946 ccd140602.0010         [23:54:29.6
MCSS-14A-0001  OBJECT sn2010jl           120.0 J       11:56:39 2014-06-02 23:54:23.5 2456811.4961 ir140602.0012          [23:56:39.8
MCSS-14A-0001  OBJECT sn2010jl            95.0 V       11:56:46 2014-06-02 23:54:31.4 2456811.4962 ccd140602.0011         [23:56:51.1
MCSS-14A-0001  OBJECT sn2010jl           120.0 J       11:58:55 2014-06-02 23:56:39.7 2456811.4977 ir140602.0013          [23:58:56.0
MCSS-14A-0001  OBJECT sn2010jl            95.0 V       11:59:08 2014-06-02 23:56:53.0 2456811.4978 ccd140602.0012         [23:59:12.6
MCSS-14A-0001  OBJECT sn2010jl           120.0 J       11:58:55 2014-06-02 23:56:39.7 2456811.4977 ir140602.0014          [00:01:22.0
MCSS-14A-0001  OBJECT sn2010jl            95.0 V       12:01:30 2014-06-02 23:59:14.4 2456811.4995 ccd140602.0013         [00:01:34.2
MCSS-14A-0001  OBJECT sn2010jl           120.0 J       12:03:38 2014-06-03 00:01:21.7 2456811.5009 ir140602.0015          [00:03:37.9
MCSS-14A-0001  OBJECT sn2010jl            95.0 V       12:03:52 2014-06-03 00:01:35.8 2456811.5011 ccd140602.0014         [00:03:55.4
MCSS-14A-0001  OBJECT sn2010jl           120.0 J       12:03:38 2014-06-03 00:01:21.7 2456811.5009 ir140602.0016          [00:06:03.8
MCSS-14A-0001  OBJECT sn2010jl            95.0 V       12:06:14 2014-06-03 00:03:57.2 2456811.5027 ccd140602.0015         [00:06:17.0
MCSS-14A-0001  OBJECT sn2010jl           120.0 J       12:08:21 2014-06-03 00:06:03.9 2456811.5042 ir140602.0017          [00:08:20.1
MCSS-14A-0001  OBJECT sn2010jl            95.0 V       12:08:36 2014-06-03 00:06:18.7 2456811.5044 ccd140602.0016         [00:08:38.6
MCSS-14A-0001  OBJECT sn2010jl           100.0 K       12:11:17 2014-06-03 00:08:59.7 2456811.5063 ir140602.0018          [00:10:56.0
MCSS-14A-0001  OBJECT sn2010jl            70.0 R       12:11:20 2014-06-03 00:09:02.1 2456811.5063 ccd140602.0017         [00:10:58.5
MCSS-14A-0001  OBJECT sn2010jl            70.0 R       12:13:17 2014-06-03 00:10:59.5 2456811.5076 ccd140602.0018         [00:12:53.4
MCSS-14A-0001  OBJECT sn2010jl           100.0 K       12:11:17 2014-06-03 00:08:59.7 2456811.5063 ir140602.0019          [00:13:02.5
MCSS-14A-0001  OBJECT sn2010jl            70.0 R       12:15:14 2014-06-03 00:12:55.9 2456811.5090 ccd140602.0019         [00:14:49.8
MCSS-14A-0001  OBJECT sn2010jl           100.0 K       12:15:20 2014-06-03 00:13:01.6 2456811.5090 ir140602.0020          [00:14:59.3
MCSS-14A-0001  OBJECT sn2010jl            70.0 R       12:17:11 2014-06-03 00:14:52.3 2456811.5103 ccd140602.0020         [00:16:46.2
MCSS-14A-0001  OBJECT sn2010jl           100.0 K       12:17:16 2014-06-03 00:14:57.9 2456811.5104 ir140602.0021          [00:16:55.2
MCSS-14A-0001  OBJECT sn2010jl            70.0 R       12:19:07 2014-06-03 00:16:48.7 2456811.5117 ccd140602.0021         [00:18:42.6
MCSS-14A-0001  OBJECT sn2010jl           100.0 K       12:19:13 2014-06-03 00:16:54.0 2456811.5117 ir140602.0022          [00:18:51.2
MCSS-14A-0001  OBJECT sn2010jl            70.0 R       12:21:04 2014-06-03 00:18:45.1 2456811.5130 ccd140602.0022         [00:20:39.0
MCSS-14A-0001  OBJECT sn2010jl           100.0 K       12:21:09 2014-06-03 00:18:50.2 2456811.5131 ir140602.0023          [00:20:47.4
MCSS-14A-0001  OBJECT sn2010jl            70.0 R       12:23:01 2014-06-03 00:20:41.5 2456811.5144 ccd140602.0023         [00:22:35.4
MCSS-14A-0001  OBJECT sn2010jl           100.0 K       12:23:06 2014-06-03 00:20:46.2 2456811.5144 ir140602.0024          [00:22:43.7
MCSS-14A-0001  OBJECT sn2010jl           100.0 K       12:25:18 2014-06-03 00:22:58.5 2456811.5160 ir140602.0025          [00:24:54.8
MCSS-14A-0001  OBJECT sn2010jl            70.0 I       12:25:21 2014-06-03 00:23:01.1 2456811.5160 ccd140602.0024         [00:24:57.3
MCSS-14A-0001  OBJECT sn2010jl           100.0 K       12:27:15 2014-06-03 00:24:55.0 2456811.5173 ir140602.0026          [00:26:51.3
MCSS-14A-0001  OBJECT sn2010jl            70.0 I       12:27:18 2014-06-03 00:24:58.4 2456811.5173 ccd140602.0025         [00:26:53.8
MCSS-14A-0001  OBJECT sn2010jl            70.0 I       12:29:15 2014-06-03 00:26:54.9 2456811.5187 ccd140602.0026         [00:28:48.8
MCSS-14A-0001  OBJECT sn2010jl           100.0 K       12:27:15 2014-06-03 00:24:55.0 2456811.5173 ir140602.0027          [00:28:57.9
MCSS-14A-0001  OBJECT sn2010jl            70.0 I       12:31:12 2014-06-03 00:28:51.3 2456811.5200 ccd140602.0027         [00:30:45.2
MCSS-14A-0001  OBJECT sn2010jl           100.0 K       12:31:18 2014-06-03 00:28:57.1 2456811.5201 ir140602.0028          [00:30:54.9
MCSS-14A-0001  OBJECT sn2010jl            70.0 I       12:33:09 2014-06-03 00:30:47.7 2456811.5214 ccd140602.0028         [00:32:41.6
MCSS-14A-0001  OBJECT sn2010jl           100.0 K       12:33:14 2014-06-03 00:30:53.1 2456811.5214 ir140602.0029          [00:32:50.7
MCSS-14A-0001  OBJECT sn2010jl            70.0 I       12:35:05 2014-06-03 00:32:44.1 2456811.5227 ccd140602.0029         [00:34:38.0
MCSS-14A-0001  OBJECT sn2010jl           100.0 K       12:35:11 2014-06-03 00:32:49.1 2456811.5228 ir140602.0030          [00:34:46.3
MCSS-14A-0001  OBJECT sn2010jl            70.0 I       12:37:02 2014-06-03 00:34:40.6 2456811.5241 ccd140602.0030         [00:36:34.4
MCSS-14A-0001  OBJECT sn2010jl           100.0 K       12:37:08 2014-06-03 00:34:46.0 2456811.5241 ir140602.0031          [00:36:43.3
SUNY-04A-0011  OBJECT V1369 Cen            1.0 I       12:45:25 2014-06-03 00:43:01.8 2456811.5299 ccd140602.0031         [00:43:46.7
SUNY-04A-0011  OBJECT V1369 Cen            4.0 J       12:46:15 2014-06-03 00:43:52.0 2456811.5305 ir140602.0032          [00:44:13.2
SUNY-04A-0011  OBJECT V1369 Cen            4.0 J       12:46:35 2014-06-03 00:44:11.8 2456811.5307 ir140602.0033          [00:44:32.1
SUNY-04A-0011  OBJECT V1369 Cen            1.0 I       12:46:18 2014-06-03 00:43:54.5 2456811.5305 ccd140602.0032         [00:44:40.2
SUNY-04A-0011  OBJECT V1369 Cen            4.0 J       12:46:55 2014-06-03 00:44:32.0 2456811.5309 ir140602.0034          [00:44:52.3
SUNY-04A-0011  OBJECT V1369 Cen            4.0 H       12:47:22 2014-06-03 00:44:58.8 2456811.5312 ir140602.0035          [00:45:20.0
SUNY-04A-0011  OBJECT V1369 Cen            4.0 H       12:47:42 2014-06-03 00:45:18.8 2456811.5315 ir140602.0036          [00:45:39.2
SUNY-04A-0011  OBJECT V1369 Cen            1.0 B       12:47:25 2014-06-03 00:45:01.3 2456811.5313 ccd140602.0033         [00:45:47.0
SUNY-04A-0011  OBJECT V1369 Cen            4.0 H       12:48:03 2014-06-03 00:45:39.4 2456811.5317 ir140602.0037          [00:45:59.7
SUNY-04A-0011  OBJECT V1369 Cen            4.0 K       12:48:29 2014-06-03 00:46:05.5 2456811.5320 ir140602.0038          [00:46:26.8
SUNY-04A-0011  OBJECT V1369 Cen            4.0 K       12:48:49 2014-06-03 00:46:25.5 2456811.5322 ir140602.0039          [00:46:45.8
SUNY-04A-0011  OBJECT V1369 Cen            1.0 V       12:48:32 2014-06-03 00:46:08.0 2456811.5320 ccd140602.0034         [00:46:53.8
SUNY-04A-0011  OBJECT V1369 Cen            4.0 K       12:49:09 2014-06-03 00:46:45.7 2456811.5325 ir140602.0040          [00:47:06.0
SUNY-04A-0011  OBJECT V1369 Cen            4.0 K       12:49:35 2014-06-03 00:47:10.9 2456811.5328 ir140602.0041          [00:47:32.1
SUNY-04A-0011  OBJECT V1369 Cen            4.0 K       12:49:55 2014-06-03 00:47:30.8 2456811.5330 ir140602.0042          [00:47:51.1
SUNY-04A-0011  OBJECT V1369 Cen            0.5 R       12:49:37 2014-06-03 00:47:13.4 2456811.5328 ccd140602.0035         [00:47:58.5
SUNY-04A-0011  OBJECT V1369 Cen            4.0 K       12:50:15 2014-06-03 00:47:51.0 2456811.5332 ir140602.0043          [00:48:11.3
CHILE-13B-0039 OBJECT X Cir              170.0 V       12:53:01 2014-06-03 00:50:36.5 2456811.5351 ccd140602.0036         [00:54:11.3
CHILE-13B-0039 OBJECT X Cir              340.0 V       12:56:43 2014-06-03 00:54:17.5 2456811.5377 ccd140602.0037         [01:00:41.4
NOAO-14A-0257  OBJECT PHR1408-6106       420.0 V       13:05:22 2014-06-03 01:02:55.1 2456811.5437 ccd140602.0038         [01:10:39.9
NOAO-14A-0257  OBJECT PHR1408-6106       420.0 V       13:13:09 2014-06-03 01:10:41.6 2456811.5491 ccd140602.0039         [01:18:25.5
NOAO-14A-0257  OBJECT PHR1408-6106       420.0 V       13:20:57 2014-06-03 01:18:28.0 2456811.5545 ccd140602.0040         [01:26:12.7
NOAO-14A-0257  OBJECT PHR1408-6106       420.0 V       13:28:45 2014-06-03 01:26:14.5 2456811.5599 ccd140602.0041         [01:33:58.4
NOAO-14A-0257  OBJECT PHR1408-6106       420.0 V       13:36:32 2014-06-03 01:34:00.9 2456811.5653 ccd140602.0042         [01:41:45.6
NOAO-14A-0257  OBJECT PHR1408-6106       420.0 V       13:44:20 2014-06-03 01:41:47.3 2456811.5707 ccd140602.0043         [01:49:31.3
YALE-08A-0001  OBJECT 1510-089            30.1 J       14:05:45 2014-06-03 02:03:08.9 2456811.5855 ir140602.0044          [02:03:56.2
YALE-08A-0001  OBJECT 1510-089            30.0 J       14:06:31 2014-06-03 02:03:54.9 2456811.5861 ir140602.0045          [02:04:41.1
YALE-08A-0001  OBJECT 1510-089            70.0 R       14:05:48 2014-06-03 02:03:11.4 2456811.5855 ccd140602.0044         [02:05:06.1
YALE-08A-0001  OBJECT 1510-089            30.1 J       14:07:18 2014-06-03 02:04:41.1 2456811.5866 ir140602.0046          [02:05:27.3
YALE-08A-0001  OBJECT 1510-089            30.0 J       14:08:04 2014-06-03 02:05:27.3 2456811.5871 ir140602.0047          [02:06:15.5
YALE-08A-0001  OBJECT 1510-089            30.1 J       14:08:50 2014-06-03 02:06:13.4 2456811.5877 ir140602.0048          [02:06:59.8
YALE-08A-0001  OBJECT 1510-089            30.0 K       14:09:44 2014-06-03 02:07:07.0 2456811.5883 ir140602.0049          [02:07:56.0
YALE-08A-0001  OBJECT 1510-089            30.0 K       14:10:30 2014-06-03 02:07:53.1 2456811.5888 ir140602.0050          [02:08:39.4
YALE-08A-0001  OBJECT 1510-089            90.0 B       14:09:46 2014-06-03 02:07:09.5 2456811.5883 ccd140602.0045         [02:09:24.1
YALE-08A-0001  OBJECT 1510-089            30.1 K       14:11:16 2014-06-03 02:08:39.3 2456811.5893 ir140602.0051          [02:09:26.1
YALE-08A-0001  OBJECT 1510-089            30.0 K       14:12:03 2014-06-03 02:09:26.0 2456811.5899 ir140602.0052          [02:10:13.5
YALE-08A-0001  OBJECT 1510-089            30.1 K       14:12:56 2014-06-03 02:10:18.4 2456811.5905 ir140602.0053          [02:11:04.7
YALE-08A-0001  OBJECT 1510-089            30.0 K       14:13:42 2014-06-03 02:11:04.5 2456811.5910 ir140602.0054          [02:11:51.8
YALE-08A-0001  OBJECT 1510-089            70.0 V       14:12:58 2014-06-03 02:10:20.9 2456811.5905 ccd140602.0046         [02:12:14.8
YALE-08A-0001  OBJECT 1510-089            30.0 K       14:14:28 2014-06-03 02:11:50.8 2456811.5916 ir140602.0055          [02:12:38.6
YALE-08A-0001  OBJECT 1510-089            30.0 K       14:15:16 2014-06-03 02:12:37.7 2456811.5921 ir140602.0056          [02:13:24.1
NOAO-13B-0270  OBJECT 2014 HS184_1        20.0 V       14:18:05 2014-06-03 02:15:27.0 2456811.5941 ccd140602.0047         [02:16:31.7
NOAO-13B-0270  OBJECT 2014 HS184_1        20.0 V       14:19:12 2014-06-03 02:16:33.6 2456811.5948 ccd140602.0048         [02:17:37.5
NOAO-13B-0270  OBJECT 2014 HS184_1        20.0 V       14:20:19 2014-06-03 02:17:40.0 2456811.5956 ccd140602.0049         [02:18:44.8
NOAO-13B-0270  OBJECT 2014 HS184_1        20.0 V       14:21:25 2014-06-03 02:18:46.4 2456811.5964 ccd140602.0050         [02:19:50.4
NOAO-13B-0270  OBJECT 2014 HS184_1        20.0 V       14:22:32 2014-06-03 02:19:53.0 2456811.5971 ccd140602.0051         [02:20:57.7
NOAO-13B-0270  OBJECT 2014 HS184_1        20.0 V       14:23:39 2014-06-03 02:20:59.4 2456811.5979 ccd140602.0052         [02:22:03.3
NOAO-13B-0270  OBJECT 2014 HS184_1        20.0 V       14:24:45 2014-06-03 02:22:05.8 2456811.5987 ccd140602.0053         [02:23:10.5
NOAO-13B-0270  OBJECT 2014 HS184_1        20.0 V       14:25:52 2014-06-03 02:23:12.3 2456811.5995 ccd140602.0054         [02:24:16.1
NOAO-13B-0270  OBJECT 2014 HS184_1        20.0 V       14:26:58 2014-06-03 02:24:18.7 2456811.6002 ccd140602.0055         [02:25:23.3
NOAO-13B-0270  OBJECT 2014 HS184_1        20.0 V       14:28:05 2014-06-03 02:25:25.1 2456811.6010 ccd140602.0056         [02:26:28.9
NOAO-13B-0270  OBJECT 2014 HS184_1        20.0 V       14:29:12 2014-06-03 02:26:31.5 2456811.6017 ccd140602.0057         [02:27:36.1
NOAO-13B-0270  OBJECT 2014 HS184_1        20.0 V       14:30:18 2014-06-03 02:27:37.9 2456811.6025 ccd140602.0058         [02:28:41.8
NOAO-13B-0270  OBJECT 2014 HS184_1        20.0 V       14:31:25 2014-06-03 02:28:44.3 2456811.6033 ccd140602.0059         [02:29:49.0
NOAO-13B-0270  OBJECT 2014 HS184_1        20.0 V       14:32:31 2014-06-03 02:29:50.7 2456811.6041 ccd140602.0060         [02:30:54.6
NOAO-13B-0270  OBJECT 2014 HS184_1        20.0 V       14:33:38 2014-06-03 02:30:57.1 2456811.6048 ccd140602.0061         [02:32:01.9
NOAO-13B-0270  OBJECT 2014 HS184_1        20.0 V       14:34:45 2014-06-03 02:32:03.6 2456811.6056 ccd140602.0062         [02:33:07.4
NOAO-13B-0270  OBJECT 2014 HS184_1        20.0 V       14:35:51 2014-06-03 02:33:10.0 2456811.6064 ccd140602.0063         [02:34:14.8
NOAO-13B-0270  OBJECT 2014 HS184_1        20.0 V       14:36:58 2014-06-03 02:34:16.4 2456811.6071 ccd140602.0064         [02:35:20.3
NOAO-13B-0270  OBJECT 2014 HS184_1        20.0 V       14:38:04 2014-06-03 02:35:22.8 2456811.6079 ccd140602.0065         [02:36:27.5
NOAO-13B-0270  OBJECT 2014 HS184_1        20.0 V       14:39:11 2014-06-03 02:36:29.2 2456811.6087 ccd140602.0066         [02:37:33.2
NOAO-13B-0270  OBJECT 2014 HS184_1        20.0 V       14:40:22 2014-06-03 02:37:39.6 2456811.6095 ccd140602.0067         [02:38:44.3
NOAO-13B-0270  OBJECT 2014 HS184_1        20.0 V       14:41:28 2014-06-03 02:38:46.0 2456811.6102 ccd140602.0068         [02:39:49.9
NOAO-13B-0270  OBJECT 2014 HS184_1        20.0 V       14:42:35 2014-06-03 02:39:52.4 2456811.6110 ccd140602.0069         [02:40:57.3
NOAO-13B-0270  OBJECT 2014 HS184_1        20.0 V       14:43:42 2014-06-03 02:40:59.2 2456811.6118 ccd140602.0070         [02:42:03.1
NOAO-13B-0270  OBJECT 2014 HS184_1        20.0 V       14:44:48 2014-06-03 02:42:05.7 2456811.6126 ccd140602.0071         [02:43:10.7
NOAO-13B-0270  OBJECT 2014 HS184_1        20.0 V       14:45:55 2014-06-03 02:43:12.1 2456811.6133 ccd140602.0072         [02:44:15.9
NOAO-13B-0270  OBJECT 2014 HS184_1        20.0 V       14:47:02 2014-06-03 02:44:18.5 2456811.6141 ccd140602.0073         [02:45:23.4
NOAO-13B-0270  OBJECT 2014 HS184_1        20.0 V       14:48:08 2014-06-03 02:45:24.9 2456811.6149 ccd140602.0074         [02:46:28.9
NOAO-13B-0270  OBJECT 2014 HS184_1        20.0 V       14:49:15 2014-06-03 02:46:31.4 2456811.6156 ccd140602.0075         [02:47:36.1
NOAO-13B-0270  OBJECT 2014 HS184_1        20.0 V       14:50:21 2014-06-03 02:47:37.8 2456811.6164 ccd140602.0076         [02:48:41.6
NOAO-13B-0270  OBJECT 2014 HS184_1        20.0 V       14:51:28 2014-06-03 02:48:44.2 2456811.6172 ccd140602.0077         [02:49:48.9
NOAO-13B-0270  OBJECT 2014 HS184_1        20.0 V       14:52:34 2014-06-03 02:49:50.6 2456811.6179 ccd140602.0078         [02:50:54.4
NOAO-13B-0270  OBJECT 2014 HS184_1        20.0 V       14:53:41 2014-06-03 02:50:57.0 2456811.6187 ccd140602.0079         [02:52:01.7
NOAO-13B-0270  OBJECT 2014 HS184_1        20.0 V       14:54:48 2014-06-03 02:52:03.4 2456811.6195 ccd140602.0080         [02:53:07.3
NOAO-13B-0270  OBJECT 2014 HS184_1        20.0 V       14:55:54 2014-06-03 02:53:09.8 2456811.6203 ccd140602.0081         [02:54:14.5
NOAO-13B-0270  OBJECT 2014 HS184_1        20.0 V       14:57:01 2014-06-03 02:54:16.3 2456811.6210 ccd140602.0082         [02:55:20.2
NOAO-13B-0270  OBJECT 2014 HS184_1        20.0 V       14:58:08 2014-06-03 02:55:22.7 2456811.6218 ccd140602.0083         [02:56:27.4
NOAO-13B-0270  OBJECT 2014 HS184_1        20.0 V       14:59:14 2014-06-03 02:56:29.1 2456811.6226 ccd140602.0084         [02:57:33.0
NOAO-13B-0270  OBJECT 2014 HS184_1        20.0 V       15:00:21 2014-06-03 02:57:35.5 2456811.6233 ccd140602.0085         [02:58:40.3
NOAO-13B-0270  OBJECT 2014 HS184_1        20.0 V       15:01:27 2014-06-03 02:58:41.9 2456811.6241 ccd140602.0086         [02:59:45.9
OSU-03A-0001   OBJECT OB140944            50.0 H       15:14:31 2014-06-03 03:11:43.9 2456811.6332 ir140602.0057          [03:12:51.7
OSU-03A-0001   OBJECT OB140944            50.0 H       15:15:37 2014-06-03 03:12:49.8 2456811.6339 ir140602.0058          [03:13:56.1
OSU-03A-0001   OBJECT OB140944            50.0 H       15:16:44 2014-06-03 03:13:56.1 2456811.6347 ir140602.0059          [03:15:03.4
OSU-03A-0001   OBJECT OB140944            50.0 H       15:17:50 2014-06-03 03:15:02.1 2456811.6354 ir140602.0060          [03:16:08.5
OSU-03A-0001   OBJECT OB140944            50.0 H       15:18:56 2014-06-03 03:16:08.0 2456811.6362 ir140602.0061          [03:17:15.3
OSU-03A-0001   OBJECT OB140944           300.0 I       15:14:34 2014-06-03 03:11:46.4 2456811.6332 ccd140602.0087         [03:17:30.3
OSU-03A-0001   OBJECT OB140944            50.0 H       15:20:26 2014-06-03 03:17:37.6 2456811.6372 ir140602.0062          [03:18:45.4
OSU-03A-0001   OBJECT OB140944            50.0 H       15:21:32 2014-06-03 03:18:43.4 2456811.6380 ir140602.0063          [03:19:49.7
OSU-03A-0001   OBJECT OB140944            50.0 H       15:22:38 2014-06-03 03:19:49.6 2456811.6388 ir140602.0064          [03:20:56.8
OSU-03A-0001   OBJECT OB140944            50.0 H       15:23:45 2014-06-03 03:20:55.8 2456811.6395 ir140602.0065          [03:22:02.0
OSU-03A-0001   OBJECT OB140944            50.0 H       15:24:51 2014-06-03 03:22:01.5 2456811.6403 ir140602.0066          [03:23:08.8
OSU-03A-0001   OBJECT OB140944           300.0 V       15:20:28 2014-06-03 03:17:40.0 2456811.6373 ccd140602.0088         [03:23:24.0
OSU-03A-0001   OBJECT OB140650            50.0 H       15:27:06 2014-06-03 03:24:16.4 2456811.6419 ir140602.0067          [03:25:23.8
OSU-03A-0001   OBJECT OB140650            50.0 H       15:28:12 2014-06-03 03:25:22.5 2456811.6426 ir140602.0068          [03:26:28.8
OSU-03A-0001   OBJECT OB140650            50.0 H       15:29:19 2014-06-03 03:26:28.8 2456811.6434 ir140602.0069          [03:27:36.0
OSU-03A-0001   OBJECT OB140650            50.0 H       15:30:25 2014-06-03 03:27:34.9 2456811.6442 ir140602.0070          [03:28:41.2
OSU-03A-0001   OBJECT OB140650            50.0 H       15:31:31 2014-06-03 03:28:40.6 2456811.6449 ir140602.0071          [03:29:47.9
OSU-03A-0001   OBJECT OB140650           300.0 I       15:27:09 2014-06-03 03:24:19.0 2456811.6419 ccd140602.0089         [03:30:02.9
OSU-03A-0001   OBJECT OB140772            50.0 H       15:33:43 2014-06-03 03:30:52.7 2456811.6464 ir140602.0072          [03:31:59.9
OSU-03A-0001   OBJECT OB140772            50.0 H       15:34:50 2014-06-03 03:31:58.6 2456811.6472 ir140602.0073          [03:33:04.9
OSU-03A-0001   OBJECT OB140772            50.0 H       15:35:57 2014-06-03 03:33:05.6 2456811.6480 ir140602.0074          [03:34:12.8
OSU-03A-0001   OBJECT OB140772            50.0 H       15:37:03 2014-06-03 03:34:11.8 2456811.6488 ir140602.0075          [03:35:18.2
OSU-03A-0001   OBJECT OB140772            50.0 H       15:38:09 2014-06-03 03:35:17.6 2456811.6495 ir140602.0076          [03:36:24.8
OSU-03A-0001   OBJECT OB140772           300.0 I       15:33:46 2014-06-03 03:30:55.4 2456811.6465 ccd140602.0090         [03:36:39.3
OSU-03A-0001   OBJECT OB140939            50.0 H       15:40:12 2014-06-03 03:37:20.3 2456811.6509 ir140602.0077          [03:38:27.6
OSU-03A-0001   OBJECT OB140939            50.0 H       15:41:18 2014-06-03 03:38:26.2 2456811.6517 ir140602.0078          [03:39:32.5
OSU-03A-0001   OBJECT OB140939            50.0 H       15:42:24 2014-06-03 03:39:32.3 2456811.6525 ir140602.0079          [03:40:39.6
OSU-03A-0001   OBJECT OB140939            50.0 H       15:43:31 2014-06-03 03:40:38.5 2456811.6532 ir140602.0080          [03:41:44.8
OSU-03A-0001   OBJECT OB140939            50.0 H       15:44:37 2014-06-03 03:41:44.4 2456811.6540 ir140602.0081          [03:42:51.7
OSU-03A-0001   OBJECT OB140939           300.0 I       15:40:15 2014-06-03 03:37:22.8 2456811.6510 ccd140602.0091         [03:43:06.8
NOAO-13B-0270  OBJECT 2014 HS184_2        20.0 V       15:48:28 2014-06-03 03:45:35.1 2456811.6567 ccd140602.0092         [03:46:39.8
NOAO-13B-0270  OBJECT 2014 HS184_2        20.0 V       15:49:35 2014-06-03 03:46:41.5 2456811.6574 ccd140602.0093         [03:47:45.4
NOAO-13B-0270  OBJECT 2014 HS184_2        20.0 V       15:50:41 2014-06-03 03:47:47.9 2456811.6582 ccd140602.0094         [03:48:52.6
NOAO-13B-0270  OBJECT 2014 HS184_2        20.0 V       15:51:48 2014-06-03 03:48:54.4 2456811.6590 ccd140602.0095         [03:49:58.5
NOAO-13B-0270  OBJECT 2014 HS184_2        20.0 V       15:52:55 2014-06-03 03:50:00.8 2456811.6597 ccd140602.0096         [03:51:05.4
NOAO-13B-0270  OBJECT 2014 HS184_2        20.0 V       15:54:01 2014-06-03 03:51:07.2 2456811.6605 ccd140602.0097         [03:52:11.0
NOAO-13B-0270  OBJECT 2014 HS184_2        20.0 V       15:55:08 2014-06-03 03:52:13.6 2456811.6613 ccd140602.0098         [03:53:18.4
NOAO-13B-0270  OBJECT 2014 HS184_2        20.0 V       15:56:14 2014-06-03 03:53:20.0 2456811.6620 ccd140602.0099         [03:54:23.9
NOAO-13B-0270  OBJECT 2014 HS184_2        20.0 V       15:57:21 2014-06-03 03:54:26.4 2456811.6628 ccd140602.0100         [03:55:31.1
NOAO-13B-0270  OBJECT 2014 HS184_2        20.0 V       15:58:28 2014-06-03 03:55:32.9 2456811.6636 ccd140602.0101         [03:56:36.8
NOAO-13B-0270  OBJECT 2014 HS184_2        20.0 V       15:59:34 2014-06-03 03:56:39.3 2456811.6644 ccd140602.0102         [03:57:44.0
NOAO-13B-0270  OBJECT 2014 HS184_2        20.0 V       16:00:41 2014-06-03 03:57:45.7 2456811.6651 ccd140602.0103         [03:58:49.6
NOAO-13B-0270  OBJECT 2014 HS184_2        20.0 V       16:01:47 2014-06-03 03:58:52.1 2456811.6659 ccd140602.0104         [03:59:56.8
NOAO-13B-0270  OBJECT 2014 HS184_2        20.0 V       16:02:54 2014-06-03 03:59:58.6 2456811.6667 ccd140602.0105         [04:01:02.5
NOAO-13B-0270  OBJECT 2014 HS184_2        20.0 V       16:04:01 2014-06-03 04:01:05.1 2456811.6674 ccd140602.0106         [04:02:09.8
NOAO-13B-0270  OBJECT 2014 HS184_2        20.0 V       16:05:07 2014-06-03 04:02:11.5 2456811.6682 ccd140602.0107         [04:03:15.4
NOAO-13B-0270  OBJECT 2014 HS184_2        20.0 V       16:06:14 2014-06-03 04:03:17.9 2456811.6690 ccd140602.0108         [04:04:22.6
NOAO-13B-0270  OBJECT 2014 HS184_2        20.0 V       16:07:21 2014-06-03 04:04:24.4 2456811.6697 ccd140602.0109         [04:05:28.3
NOAO-13B-0270  OBJECT 2014 HS184_2        20.0 V       16:08:27 2014-06-03 04:05:30.9 2456811.6705 ccd140602.0110         [04:06:35.6
NOAO-13B-0270  OBJECT 2014 HS184_2        20.0 V       16:09:34 2014-06-03 04:06:37.3 2456811.6713 ccd140602.0111         [04:07:41.2
NOAO-13B-0270  OBJECT 2014 HS184_2        20.0 V       16:10:44 2014-06-03 04:07:47.5 2456811.6721 ccd140602.0112         [04:08:52.2
NOAO-13B-0270  OBJECT 2014 HS184_2        20.0 V       16:11:51 2014-06-03 04:08:54.0 2456811.6729 ccd140602.0113         [04:09:57.8
NOAO-13B-0270  OBJECT 2014 HS184_2        20.0 V       16:12:58 2014-06-03 04:10:00.4 2456811.6736 ccd140602.0114         [04:11:05.1
NOAO-13B-0270  OBJECT 2014 HS184_2        20.0 V       16:14:04 2014-06-03 04:11:06.8 2456811.6744 ccd140602.0115         [04:12:10.7
NOAO-13B-0270  OBJECT 2014 HS184_2        20.0 V       16:15:11 2014-06-03 04:12:13.2 2456811.6752 ccd140602.0116         [04:13:17.9
NOAO-13B-0270  OBJECT 2014 HS184_2        20.0 V       16:16:17 2014-06-03 04:13:19.7 2456811.6759 ccd140602.0117         [04:14:23.8
NOAO-13B-0270  OBJECT 2014 HS184_2        20.0 V       16:17:24 2014-06-03 04:14:26.2 2456811.6767 ccd140602.0118         [04:15:30.8
NOAO-13B-0270  OBJECT 2014 HS184_2        20.0 V       16:18:31 2014-06-03 04:15:32.6 2456811.6775 ccd140602.0119         [04:16:36.4
NOAO-13B-0270  OBJECT 2014 HS184_2        20.0 V       16:19:37 2014-06-03 04:16:39.0 2456811.6782 ccd140602.0120         [04:17:43.8
NOAO-13B-0270  OBJECT 2014 HS184_2        20.0 V       16:20:44 2014-06-03 04:17:45.5 2456811.6790 ccd140602.0121         [04:18:49.3
NOAO-13B-0270  OBJECT 2014 HS184_2        20.0 V       16:21:50 2014-06-03 04:18:51.9 2456811.6798 ccd140602.0122         [04:19:56.6
NOAO-13B-0270  OBJECT 2014 HS184_2        20.0 V       16:22:57 2014-06-03 04:19:58.3 2456811.6805 ccd140602.0123         [04:21:02.2
NOAO-13B-0270  OBJECT 2014 HS184_2        20.0 V       16:24:04 2014-06-03 04:21:04.7 2456811.6813 ccd140602.0124         [04:22:09.4
NOAO-13B-0270  OBJECT 2014 HS184_2        20.0 V       16:25:10 2014-06-03 04:22:11.2 2456811.6821 ccd140602.0125         [04:23:15.3
NOAO-13B-0270  OBJECT 2014 HS184_2        20.0 V       16:26:17 2014-06-03 04:23:17.6 2456811.6828 ccd140602.0126         [04:24:22.3
NOAO-13B-0270  OBJECT 2014 HS184_2        20.0 V       16:27:24 2014-06-03 04:24:24.1 2456811.6836 ccd140602.0127         [04:25:27.9
NOAO-13B-0270  OBJECT 2014 HS184_2        20.0 V       16:28:30 2014-06-03 04:25:30.4 2456811.6844 ccd140602.0128         [04:26:35.1
NOAO-13B-0270  OBJECT 2014 HS184_2        20.0 V       16:29:37 2014-06-03 04:26:36.9 2456811.6851 ccd140602.0129         [04:27:40.7
NOAO-13B-0270  OBJECT 2014 HS184_2        20.0 V       16:30:43 2014-06-03 04:27:43.3 2456811.6859 ccd140602.0130         [04:28:48.0
NOAO-13B-0270  OBJECT 2014 HS184_2        20.0 V       16:31:50 2014-06-03 04:28:49.7 2456811.6867 ccd140602.0131         [04:29:53.7
NOAO-13B-0270  OBJECT 2014 HS184_3        20.0 V       16:34:02 2014-06-03 04:31:01.2 2456811.6882 ccd140602.0132         [04:32:05.8
NOAO-13B-0270  OBJECT 2014 HS184_3        20.0 V       16:35:08 2014-06-03 04:32:07.5 2456811.6890 ccd140602.0133         [04:33:11.5
NOAO-13B-0270  OBJECT 2014 HS184_3        20.0 V       16:36:15 2014-06-03 04:33:14.0 2456811.6897 ccd140602.0134         [04:34:18.7
NOAO-13B-0270  OBJECT 2014 HS184_3        20.0 V       16:37:22 2014-06-03 04:34:20.4 2456811.6905 ccd140602.0135         [04:35:24.3
NOAO-13B-0270  OBJECT 2014 HS184_3        20.0 V       16:38:28 2014-06-03 04:35:26.9 2456811.6913 ccd140602.0136         [04:36:31.6
NOAO-13B-0270  OBJECT 2014 HS184_3        20.0 V       16:39:35 2014-06-03 04:36:33.3 2456811.6921 ccd140602.0137         [04:37:37.2
NOAO-13B-0270  OBJECT 2014 HS184_3        20.0 V       16:40:41 2014-06-03 04:37:39.7 2456811.6928 ccd140602.0138         [04:38:44.3
NOAO-13B-0270  OBJECT 2014 HS184_3        20.0 V       16:41:48 2014-06-03 04:38:46.1 2456811.6936 ccd140602.0139         [04:39:50.0
NOAO-13B-0270  OBJECT 2014 HS184_3        20.0 V       16:42:54 2014-06-03 04:39:52.5 2456811.6944 ccd140602.0140         [04:40:57.2
NOAO-13B-0270  OBJECT 2014 HS184_3        20.0 V       16:44:01 2014-06-03 04:40:58.9 2456811.6951 ccd140602.0141         [04:42:02.8
NOAO-13B-0270  OBJECT 2014 HS184_3        20.0 V       16:45:08 2014-06-03 04:42:05.4 2456811.6959 ccd140602.0142         [04:43:10.2
NOAO-13B-0270  OBJECT 2014 HS184_3        20.0 V       16:46:14 2014-06-03 04:43:11.8 2456811.6967 ccd140602.0143         [04:44:15.8
NOAO-13B-0270  OBJECT 2014 HS184_3        20.0 V       16:47:21 2014-06-03 04:44:18.3 2456811.6974 ccd140602.0144         [04:45:23.1
NOAO-13B-0270  OBJECT 2014 HS184_3        20.0 V       16:48:28 2014-06-03 04:45:24.7 2456811.6982 ccd140602.0145         [04:46:28.7
NOAO-13B-0270  OBJECT 2014 HS184_3        20.0 V       16:49:34 2014-06-03 04:46:31.2 2456811.6990 ccd140602.0146         [04:47:35.9
NOAO-13B-0270  OBJECT 2014 HS184_3        20.0 V       16:50:41 2014-06-03 04:47:37.6 2456811.6997 ccd140602.0147         [04:48:41.9
NOAO-13B-0270  OBJECT 2014 HS184_3        20.0 V       16:51:48 2014-06-03 04:48:44.4 2456811.7005 ccd140602.0148         [04:49:49.1
NOAO-13B-0270  OBJECT 2014 HS184_3        20.0 V       16:52:55 2014-06-03 04:49:50.8 2456811.7013 ccd140602.0149         [04:50:54.7
NOAO-13B-0270  OBJECT 2014 HS184_3        20.0 V       16:54:01 2014-06-03 04:50:57.2 2456811.7020 ccd140602.0150         [04:52:01.9
NOAO-13B-0270  OBJECT 2014 HS184_3        20.0 V       16:55:08 2014-06-03 04:52:03.7 2456811.7028 ccd140602.0151         [04:53:07.7
NOAO-13B-0270  OBJECT 2014 HS184_3        20.0 V       16:56:18 2014-06-03 04:53:13.8 2456811.7036 ccd140602.0152         [04:54:18.5
NOAO-13B-0270  OBJECT 2014 HS184_3        20.0 V       16:57:25 2014-06-03 04:54:20.3 2456811.7044 ccd140602.0153         [04:55:24.2
NOAO-13B-0270  OBJECT 2014 HS184_3        20.0 V       16:58:31 2014-06-03 04:55:26.8 2456811.7052 ccd140602.0154         [04:56:31.5
NOAO-13B-0270  OBJECT 2014 HS184_3        20.0 V       16:59:38 2014-06-03 04:56:33.2 2456811.7059 ccd140602.0155         [04:57:37.1
NOAO-13B-0270  OBJECT 2014 HS184_3        20.0 V       17:00:45 2014-06-03 04:57:39.6 2456811.7067 ccd140602.0156         [04:58:44.4
NOAO-13B-0270  OBJECT 2014 HS184_3        20.0 V       17:01:51 2014-06-03 04:58:46.1 2456811.7075 ccd140602.0157         [04:59:50.0
NOAO-13B-0270  OBJECT 2014 HS184_3        20.0 V       17:02:58 2014-06-03 04:59:52.5 2456811.7083 ccd140602.0158         [05:00:57.3
NOAO-13B-0270  OBJECT 2014 HS184_3        20.0 V       17:04:05 2014-06-03 05:00:58.9 2456811.7090 ccd140602.0159         [05:02:02.8
NOAO-13B-0270  OBJECT 2014 HS184_3        20.0 V       17:05:11 2014-06-03 05:02:05.4 2456811.7098 ccd140602.0160         [05:03:10.1
NOAO-13B-0270  OBJECT 2014 HS184_3        20.0 V       17:06:18 2014-06-03 05:03:11.8 2456811.7106 ccd140602.0161         [05:04:15.7
NOAO-13B-0270  OBJECT 2014 HS184_3        20.0 V       17:07:24 2014-06-03 05:04:18.2 2456811.7113 ccd140602.0162         [05:05:22.9
NOAO-13B-0270  OBJECT 2014 HS184_3        20.0 V       17:08:31 2014-06-03 05:05:24.7 2456811.7121 ccd140602.0163         [05:06:28.6
NOAO-13B-0270  OBJECT 2014 HS184_3        20.0 V       17:09:37 2014-06-03 05:06:31.1 2456811.7129 ccd140602.0164         [05:07:35.8
NOAO-13B-0270  OBJECT 2014 HS184_3        20.0 V       17:10:44 2014-06-03 05:07:37.5 2456811.7136 ccd140602.0165         [05:08:41.4
NOAO-13B-0270  OBJECT 2014 HS184_3        20.0 V       17:11:51 2014-06-03 05:08:44.0 2456811.7144 ccd140602.0166         [05:09:48.7
NOAO-13B-0270  OBJECT 2014 HS184_3        20.0 V       17:12:57 2014-06-03 05:09:50.4 2456811.7152 ccd140602.0167         [05:10:54.3
NOAO-13B-0270  OBJECT 2014 HS184_3        20.0 V       17:14:04 2014-06-03 05:10:56.8 2456811.7159 ccd140602.0168         [05:12:01.6
NOAO-13B-0270  OBJECT 2014 HS184_3        20.0 V       17:15:11 2014-06-03 05:12:03.3 2456811.7167 ccd140602.0169         [05:13:07.2
NOAO-13B-0270  OBJECT 2014 HS184_3        20.0 V       17:16:17 2014-06-03 05:13:09.8 2456811.7175 ccd140602.0170         [05:14:14.4
NOAO-13B-0270  OBJECT 2014 HS184_3        20.0 V       17:17:24 2014-06-03 05:14:16.2 2456811.7182 ccd140602.0171         [05:15:20.3
GSU-03A-0006   OBJECT j1644+2619          35.0 J       17:20:33 2014-06-03 05:17:25.0 2456811.7204 ir140602.0082          [05:18:17.1
GSU-03A-0006   OBJECT j1644+2619          35.0 J       17:21:24 2014-06-03 05:18:15.8 2456811.7210 ir140602.0083          [05:19:06.9
GSU-03A-0006   OBJECT j1644+2619          35.0 J       17:22:15 2014-06-03 05:19:06.9 2456811.7216 ir140602.0084          [05:19:59.0
GSU-03A-0006   OBJECT j1644+2619          35.0 J       17:23:07 2014-06-03 05:19:58.4 2456811.7222 ir140602.0085          [05:20:49.6
GSU-03A-0006   OBJECT j1644+2619         180.0 R       17:20:36 2014-06-03 05:17:27.6 2456811.7205 ccd140602.0172         [05:21:12.4
OSU-03A-0001   OBJECT OB140979            50.0 H       17:27:40 2014-06-03 05:24:30.8 2456811.7254 ir140602.0086          [05:25:37.0
OSU-03A-0001   OBJECT OB140979            50.0 H       17:28:46 2014-06-03 05:25:36.6 2456811.7261 ir140602.0087          [05:26:43.8
OSU-03A-0001   OBJECT OB140979            50.0 H       17:29:52 2014-06-03 05:26:42.6 2456811.7269 ir140602.0088          [05:27:48.8
OSU-03A-0001   OBJECT OB140979            50.0 H       17:30:58 2014-06-03 05:27:48.6 2456811.7276 ir140602.0089          [05:28:56.7
OSU-03A-0001   OBJECT OB140979            50.0 H       17:32:05 2014-06-03 05:28:54.8 2456811.7284 ir140602.0090          [05:30:00.9
OSU-03A-0001   OBJECT OB140979           300.0 I       17:27:43 2014-06-03 05:24:33.3 2456811.7254 ccd140602.0173         [05:30:18.1
OSU-03A-0001   OBJECT OB140979            50.0 H       17:33:35 2014-06-03 05:30:24.9 2456811.7295 ir140602.0091          [05:31:31.1
OSU-03A-0001   OBJECT OB140979            50.0 H       17:34:41 2014-06-03 05:31:30.6 2456811.7302 ir140602.0092          [05:32:38.1
OSU-03A-0001   OBJECT OB140979            50.0 H       17:35:48 2014-06-03 05:32:36.9 2456811.7310 ir140602.0093          [05:33:43.2
OSU-03A-0001   OBJECT OB140979            50.0 H       17:36:54 2014-06-03 05:33:42.9 2456811.7317 ir140602.0094          [05:34:50.6
OSU-03A-0001   OBJECT OB140979            50.0 H       17:38:00 2014-06-03 05:34:48.7 2456811.7325 ir140602.0095          [05:35:54.9
OSU-03A-0001   OBJECT OB140979           300.0 V       17:33:38 2014-06-03 05:30:27.5 2456811.7295 ccd140602.0174         [05:36:12.1
OSU-03A-0001   OBJECT OB140678            50.0 H       17:40:14 2014-06-03 05:37:02.7 2456811.7341 ir140602.0096          [05:38:08.9
OSU-03A-0001   OBJECT OB140678            50.0 H       17:41:20 2014-06-03 05:38:08.4 2456811.7348 ir140602.0097          [05:39:15.6
OSU-03A-0001   OBJECT OB140678            50.0 H       17:42:26 2014-06-03 05:39:14.3 2456811.7356 ir140602.0098          [05:40:20.6
OSU-03A-0001   OBJECT OB140678            50.0 H       17:43:32 2014-06-03 05:40:20.4 2456811.7363 ir140602.0099          [05:41:28.1
OSU-03A-0001   OBJECT OB140678            50.0 H       17:44:38 2014-06-03 05:41:26.2 2456811.7371 ir140602.0100          [05:42:32.4
OSU-03A-0001   OBJECT OB140678           300.0 I       17:40:17 2014-06-03 05:37:05.2 2456811.7341 ccd140602.0175         [05:42:49.9
OSU-03A-0001   OBJECT OB140678            50.0 H       17:46:09 2014-06-03 05:42:56.9 2456811.7382 ir140602.0101          [05:44:03.1
OSU-03A-0001   OBJECT OB140678            50.0 H       17:47:15 2014-06-03 05:44:02.8 2456811.7389 ir140602.0102          [05:45:10.0
OSU-03A-0001   OBJECT OB140678            50.0 H       17:48:22 2014-06-03 05:45:08.9 2456811.7397 ir140602.0103          [05:46:15.2
OSU-03A-0001   OBJECT OB140678            50.0 H       17:49:28 2014-06-03 05:46:14.9 2456811.7404 ir140602.0104          [05:47:22.1
OSU-03A-0001   OBJECT OB140678            50.0 H       17:50:34 2014-06-03 05:47:20.8 2456811.7412 ir140602.0105          [05:48:27.0
OSU-03A-0001   OBJECT OB140678           300.0 V       17:46:12 2014-06-03 05:42:59.5 2456811.7382 ccd140602.0176         [05:48:44.5
OSU-03A-0001   OBJECT OB140923            50.0 H       17:52:41 2014-06-03 05:49:27.3 2456811.7427 ir140602.0106          [05:50:33.5
OSU-03A-0001   OBJECT OB140923            50.0 H       17:53:47 2014-06-03 05:50:33.0 2456811.7434 ir140602.0107          [05:51:40.3
OSU-03A-0001   OBJECT OB140923            50.0 H       17:54:53 2014-06-03 05:51:39.2 2456811.7442 ir140602.0108          [05:52:45.7
OSU-03A-0001   OBJECT OB140923            50.0 H       17:55:59 2014-06-03 05:52:45.5 2456811.7450 ir140602.0109          [05:53:53.2
OSU-03A-0001   OBJECT OB140923            50.0 H       17:57:05 2014-06-03 05:53:51.2 2456811.7457 ir140602.0110          [05:54:57.5
OSU-03A-0001   OBJECT OB140923           300.0 I       17:52:43 2014-06-03 05:49:30.0 2456811.7427 ccd140602.0177         [05:55:14.8
OSU-03A-0001   OBJECT OB140289            50.0 H       17:59:14 2014-06-03 05:55:59.1 2456811.7472 ir140602.0111          [05:57:05.4
OSU-03A-0001   OBJECT OB140289            50.0 H       18:00:20 2014-06-03 05:57:05.0 2456811.7480 ir140602.0112          [05:58:12.2
OSU-03A-0001   OBJECT OB140289            50.0 H       18:01:27 2014-06-03 05:58:11.7 2456811.7487 ir140602.0113          [05:59:17.9
OSU-03A-0001   OBJECT OB140289            50.0 H       18:02:33 2014-06-03 05:59:17.7 2456811.7495 ir140602.0114          [06:00:24.8
OSU-03A-0001   OBJECT OB140289            50.0 H       18:03:39 2014-06-03 06:00:23.5 2456811.7503 ir140602.0115          [06:01:29.6
OSU-03A-0001   OBJECT OB140289           300.0 I       17:59:16 2014-06-03 05:56:01.6 2456811.7472 ccd140602.0178         [06:01:46.4
GSU-03A-0006   OBJECT 1510-089            35.0 H       18:07:04 2014-06-03 06:03:48.7 2456811.7527 ir140602.0116          [06:04:40.0
GSU-03A-0006   OBJECT 1510-089            35.0 H       18:07:56 2014-06-03 06:04:39.5 2456811.7532 ir140602.0117          [06:05:31.6
GSU-03A-0006   OBJECT 1510-089            35.0 H       18:08:47 2014-06-03 06:05:30.5 2456811.7538 ir140602.0118          [06:06:21.7
GSU-03A-0006   OBJECT 1510-089           120.0 R       18:07:07 2014-06-03 06:03:51.3 2456811.7527 ccd140602.0179         [06:06:36.0
NOAO-13B-0270  OBJECT 2014 HS184_4        20.0 V       18:15:29 2014-06-03 06:12:11.5 2456811.7585 ccd140602.0180         [06:13:15.4
NOAO-13B-0270  OBJECT 2014 HS184_4        20.0 V       18:16:35 2014-06-03 06:13:17.9 2456811.7592 ccd140602.0181         [06:14:22.6
NOAO-13B-0270  OBJECT 2014 HS184_4        20.0 V       18:17:42 2014-06-03 06:14:24.4 2456811.7600 ccd140602.0182         [06:15:28.3
NOAO-13B-0270  OBJECT 2014 HS184_4        20.0 V       18:18:49 2014-06-03 06:15:30.8 2456811.7608 ccd140602.0183         [06:16:35.5
NOAO-13B-0270  OBJECT 2014 HS184_4        20.0 V       18:19:55 2014-06-03 06:16:37.2 2456811.7615 ccd140602.0184         [06:17:41.1
NOAO-13B-0270  OBJECT 2014 HS184_4        20.0 V       18:21:02 2014-06-03 06:17:43.6 2456811.7623 ccd140602.0185         [06:18:48.3
NOAO-13B-0270  OBJECT 2014 HS184_4        20.0 V       18:22:08 2014-06-03 06:18:50.0 2456811.7631 ccd140602.0186         [06:19:53.9
NOAO-13B-0270  OBJECT 2014 HS184_4        20.0 V       18:23:15 2014-06-03 06:19:56.4 2456811.7639 ccd140602.0187         [06:21:01.1
NOAO-13B-0270  OBJECT 2014 HS184_4        20.0 V       18:24:21 2014-06-03 06:21:02.8 2456811.7646 ccd140602.0188         [06:22:06.7
NOAO-13B-0270  OBJECT 2014 HS184_4        20.0 V       18:25:28 2014-06-03 06:22:09.2 2456811.7654 ccd140602.0189         [06:23:13.9
NOAO-13B-0270  OBJECT 2014 HS184_4        20.0 V       18:26:35 2014-06-03 06:23:15.7 2456811.7662 ccd140602.0190         [06:24:19.5
NOAO-13B-0270  OBJECT 2014 HS184_4        20.0 V       18:27:41 2014-06-03 06:24:22.1 2456811.7669 ccd140602.0191         [06:25:26.7
NOAO-13B-0270  OBJECT 2014 HS184_4        20.0 V       18:28:48 2014-06-03 06:25:28.5 2456811.7677 ccd140602.0192         [06:26:32.7
NOAO-13B-0270  OBJECT 2014 HS184_4        20.0 V       18:29:55 2014-06-03 06:26:34.9 2456811.7685 ccd140602.0193         [06:27:39.8
NOAO-13B-0270  OBJECT 2014 HS184_4        20.0 V       18:31:01 2014-06-03 06:27:41.5 2456811.7692 ccd140602.0194         [06:28:45.3
NOAO-13B-0270  OBJECT 2014 HS184_4        20.0 V       18:32:08 2014-06-03 06:28:47.9 2456811.7700 ccd140602.0195         [06:29:52.6
NOAO-13B-0270  OBJECT 2014 HS184_4        20.0 V       18:33:14 2014-06-03 06:29:54.3 2456811.7708 ccd140602.0196         [06:30:58.2
NOAO-13B-0270  OBJECT 2014 HS184_4        20.0 V       18:34:21 2014-06-03 06:31:00.7 2456811.7715 ccd140602.0197         [06:32:05.4
NOAO-13B-0270  OBJECT 2014 HS184_4        20.0 V       18:35:28 2014-06-03 06:32:07.2 2456811.7723 ccd140602.0198         [06:33:11.0
NOAO-13B-0270  OBJECT 2014 HS184_4        20.0 V       18:36:34 2014-06-03 06:33:13.6 2456811.7731 ccd140602.0199         [06:34:18.4
NOAO-13B-0270  OBJECT 2014 HS184_4        20.0 V       18:37:45 2014-06-03 06:34:24.2 2456811.7739 ccd140602.0200         [06:35:28.1
NOAO-13B-0270  OBJECT 2014 HS184_4        20.0 V       18:38:52 2014-06-03 06:35:30.6 2456811.7747 ccd140602.0201         [06:36:35.3
NOAO-13B-0270  OBJECT 2014 HS184_4        20.0 V       18:39:58 2014-06-03 06:36:37.0 2456811.7754 ccd140602.0202         [06:37:40.9
NOAO-13B-0270  OBJECT 2014 HS184_4        20.0 V       18:41:05 2014-06-03 06:37:43.5 2456811.7762 ccd140602.0203         [06:38:48.2
NOAO-13B-0270  OBJECT 2014 HS184_4        20.0 V       18:42:11 2014-06-03 06:38:49.9 2456811.7770 ccd140602.0204         [06:39:53.7
NOAO-13B-0270  OBJECT 2014 HS184_4        20.0 V       18:43:18 2014-06-03 06:39:56.3 2456811.7777 ccd140602.0205         [06:41:01.0
NOAO-13B-0270  OBJECT 2014 HS184_4        20.0 V       18:44:25 2014-06-03 06:41:02.7 2456811.7785 ccd140602.0206         [06:42:06.6
NOAO-13B-0270  OBJECT 2014 HS184_4        20.0 V       18:45:31 2014-06-03 06:42:09.2 2456811.7793 ccd140602.0207         [06:43:13.8
NOAO-13B-0270  OBJECT 2014 HS184_4        20.0 V       18:46:38 2014-06-03 06:43:15.6 2456811.7800 ccd140602.0208         [06:44:19.5
NOAO-13B-0270  OBJECT 2014 HS184_4        20.0 V       18:47:45 2014-06-03 06:44:22.1 2456811.7808 ccd140602.0209         [06:45:26.8
NOAO-13B-0270  OBJECT 2014 HS184_4        20.0 V       18:48:51 2014-06-03 06:45:28.5 2456811.7816 ccd140602.0210         [06:46:32.4
NOAO-13B-0270  OBJECT 2014 HS184_4        20.0 V       18:49:58 2014-06-03 06:46:34.9 2456811.7823 ccd140602.0211         [06:47:39.7
NOAO-13B-0270  OBJECT 2014 HS184_4        20.0 V       18:51:04 2014-06-03 06:47:41.3 2456811.7831 ccd140602.0212         [06:48:45.2
NOAO-13B-0270  OBJECT 2014 HS184_4        20.0 V       18:52:11 2014-06-03 06:48:47.7 2456811.7839 ccd140602.0213         [06:49:52.5
NOAO-13B-0270  OBJECT 2014 HS184_4        20.0 V       18:53:18 2014-06-03 06:49:54.1 2456811.7847 ccd140602.0214         [06:50:57.9
NOAO-13B-0270  OBJECT 2014 HS184_4        20.0 V       18:54:24 2014-06-03 06:51:00.5 2456811.7854 ccd140602.0215         [06:52:05.2
NOAO-13B-0270  OBJECT 2014 HS184_4        20.0 V       18:55:31 2014-06-03 06:52:06.9 2456811.7862 ccd140602.0216         [06:53:10.8
NOAO-13B-0270  OBJECT 2014 HS184_4        20.0 V       18:56:37 2014-06-03 06:53:13.3 2456811.7870 ccd140602.0217         [06:54:18.0
NOAO-13B-0270  OBJECT 2014 HS184_4        20.0 V       18:57:44 2014-06-03 06:54:19.8 2456811.7877 ccd140602.0218         [06:55:23.7
NOAO-13B-0270  OBJECT 2014 HS184_4        20.0 V       18:58:51 2014-06-03 06:55:26.2 2456811.7885 ccd140602.0219         [06:56:31.0
YALE-03A-0001  OBJECT 4U1543-47           30.0 J       19:03:55 2014-06-03 07:00:29.4 2456811.7920 ir140602.0119          [07:01:15.7
YALE-03A-0001  OBJECT 4U1543-47           30.1 J       19:04:41 2014-06-03 07:01:15.4 2456811.7925 ir140602.0120          [07:02:02.6
YALE-03A-0001  OBJECT 4U1543-47           30.0 J       19:05:27 2014-06-03 07:02:01.6 2456811.7931 ir140602.0121          [07:02:47.9
YALE-03A-0001  OBJECT 4U1543-47           30.0 J       19:06:13 2014-06-03 07:02:47.8 2456811.7936 ir140602.0122          [07:03:35.1
YALE-03A-0001  OBJECT 4U1543-47          180.0 V       19:03:57 2014-06-03 07:00:32.1 2456811.7920 ccd140602.0220         [07:04:16.0
YALE-03A-0001  OBJECT 4U1543-47           30.0 J       19:06:59 2014-06-03 07:03:33.8 2456811.7941 ir140602.0123          [07:04:21.1
YALE-03A-0001  OBJECT 4U1543-47           30.0 H       19:07:54 2014-06-03 07:04:27.8 2456811.7948 ir140602.0124          [07:05:14.1
YALE-03A-0001  OBJECT 4U1543-47           30.0 H       19:08:40 2014-06-03 07:05:13.9 2456811.7953 ir140602.0125          [07:06:01.0
YALE-03A-0001  OBJECT 4U1543-47           30.0 H       19:09:26 2014-06-03 07:06:00.2 2456811.7958 ir140602.0126          [07:06:46.4
YALE-03A-0001  OBJECT 4U1543-47           30.1 H       19:10:13 2014-06-03 07:06:46.4 2456811.7964 ir140602.0127          [07:07:33.7
YALE-03A-0001  OBJECT 4U1543-47          180.0 I       19:07:56 2014-06-03 07:04:30.4 2456811.7948 ccd140602.0221         [07:08:14.3
YALE-03A-0001  OBJECT 4U1543-47           30.1 H       19:10:59 2014-06-03 07:07:32.4 2456811.7969 ir140602.0128          [07:08:19.6
YALE-03A-0001  OBJECT XTEJ1550-564        70.0 J       19:13:52 2014-06-03 07:10:24.8 2456811.7989 ir140602.0129          [07:11:51.0
YALE-03A-0001  OBJECT XTEJ1550-564        70.0 J       19:15:18 2014-06-03 07:11:50.8 2456811.7999 ir140602.0130          [07:13:18.0
YALE-03A-0001  OBJECT XTEJ1550-564        70.0 J       19:16:44 2014-06-03 07:13:17.0 2456811.8009 ir140602.0131          [07:14:43.2
YALE-03A-0001  OBJECT XTEJ1550-564        70.0 J       19:18:11 2014-06-03 07:14:43.2 2456811.8019 ir140602.0132          [07:16:10.9
YALE-03A-0001  OBJECT XTEJ1550-564        70.0 J       19:19:37 2014-06-03 07:16:09.0 2456811.8029 ir140602.0133          [07:17:35.2
YALE-03A-0001  OBJECT XTEJ1550-564        70.0 J       19:21:03 2014-06-03 07:17:35.0 2456811.8039 ir140602.0134          [07:19:02.2
YALE-03A-0001  OBJECT XTEJ1550-564        70.0 J       19:22:29 2014-06-03 07:19:01.1 2456811.8049 ir140602.0135          [07:20:27.2
YALE-03A-0001  OBJECT XTEJ1550-564       600.0 V       19:13:54 2014-06-03 07:10:27.3 2456811.7989 ccd140602.0222         [07:21:12.0
YALE-03A-0001  OBJECT XTEJ1550-564        60.0 K       19:24:49 2014-06-03 07:21:20.3 2456811.8065 ir140602.0136          [07:22:36.5
YALE-03A-0001  OBJECT XTEJ1550-564        60.0 K       19:26:05 2014-06-03 07:22:36.3 2456811.8074 ir140602.0137          [07:23:53.7
YALE-03A-0001  OBJECT XTEJ1550-564        60.0 K       19:27:22 2014-06-03 07:23:52.6 2456811.8082 ir140602.0138          [07:25:08.8
YALE-03A-0001  OBJECT XTEJ1550-564        60.0 K       19:28:38 2014-06-03 07:25:08.7 2456811.8091 ir140602.0139          [07:26:25.9
YALE-03A-0001  OBJECT XTEJ1550-564        60.0 K       19:29:54 2014-06-03 07:26:24.6 2456811.8100 ir140602.0140          [07:27:40.9
YALE-03A-0001  OBJECT XTEJ1550-564        60.0 K       19:31:10 2014-06-03 07:27:40.6 2456811.8109 ir140602.0141          [07:28:57.8
YALE-03A-0001  OBJECT XTEJ1550-564        60.0 K       19:32:27 2014-06-03 07:28:56.7 2456811.8118 ir140602.0142          [07:30:12.9
YALE-03A-0001  OBJECT XTEJ1550-564       600.0 I       19:24:51 2014-06-03 07:21:22.9 2456811.8065 ccd140602.0223         [07:32:07.6
OSU-03A-0001   OBJECT OB140896            50.0 H       19:39:30 2014-06-03 07:35:59.2 2456811.8167 ir140602.0143          [07:37:05.5
OSU-03A-0001   OBJECT OB140896            50.0 H       19:40:36 2014-06-03 07:37:05.2 2456811.8174 ir140602.0144          [07:38:12.4
OSU-03A-0001   OBJECT OB140896            50.0 H       19:41:43 2014-06-03 07:38:11.3 2456811.8182 ir140602.0145          [07:39:17.6
OSU-03A-0001   OBJECT OB140896            50.0 H       19:42:49 2014-06-03 07:39:17.8 2456811.8190 ir140602.0146          [07:40:25.0
OSU-03A-0001   OBJECT OB140896            50.0 H       19:43:55 2014-06-03 07:40:23.7 2456811.8197 ir140602.0147          [07:41:29.8
OSU-03A-0001   OBJECT OB140896           300.0 I       19:39:33 2014-06-03 07:36:01.8 2456811.8167 ccd140602.0224         [07:41:46.5
OSU-03A-0001   OBJECT OB140494            50.0 H       19:46:04 2014-06-03 07:42:31.5 2456811.8212 ir140602.0148          [07:43:37.8
OSU-03A-0001   OBJECT OB140494            50.0 H       19:47:10 2014-06-03 07:43:37.3 2456811.8220 ir140602.0149          [07:44:44.6
OSU-03A-0001   OBJECT OB140494            50.0 H       19:48:16 2014-06-03 07:44:43.4 2456811.8227 ir140602.0150          [07:45:49.6
OSU-03A-0001   OBJECT OB140494            50.0 H       19:49:22 2014-06-03 07:45:49.5 2456811.8235 ir140602.0151          [07:46:56.7
OSU-03A-0001   OBJECT OB140494            50.0 H       19:50:28 2014-06-03 07:46:55.4 2456811.8243 ir140602.0152          [07:48:01.7
OSU-03A-0001   OBJECT OB140494           300.0 I       19:46:06 2014-06-03 07:42:34.0 2456811.8212 ccd140602.0225         [07:48:18.7
OSU-03A-0001   OBJECT OB140964            50.0 H       19:52:49 2014-06-03 07:49:15.9 2456811.8259 ir140602.0153          [07:50:22.1
OSU-03A-0001   OBJECT OB140964            50.0 H       19:53:55 2014-06-03 07:50:21.7 2456811.8266 ir140602.0154          [07:51:28.9
OSU-03A-0001   OBJECT OB140964            50.0 H       19:55:01 2014-06-03 07:51:27.7 2456811.8274 ir140602.0155          [07:52:34.0
OSU-03A-0001   OBJECT OB140964            50.0 H       19:56:08 2014-06-03 07:52:33.8 2456811.8282 ir140602.0156          [07:53:41.2
OSU-03A-0001   OBJECT OB140964            50.0 H       19:57:14 2014-06-03 07:53:39.8 2456811.8289 ir140602.0157          [07:54:46.0
OSU-03A-0001   OBJECT OB140964           300.0 I       19:52:52 2014-06-03 07:49:18.4 2456811.8259 ccd140602.0226         [07:55:03.1
OSU-03A-0001   OBJECT OB140343            50.0 H       19:59:17 2014-06-03 07:55:42.3 2456811.8303 ir140602.0158          [07:56:48.5
OSU-03A-0001   OBJECT OB140343            50.0 H       20:00:23 2014-06-03 07:56:48.1 2456811.8311 ir140602.0159          [07:57:55.3
OSU-03A-0001   OBJECT OB140343            50.0 H       20:01:29 2014-06-03 07:57:54.1 2456811.8319 ir140602.0160          [07:59:00.6
OSU-03A-0001   OBJECT OB140343            50.0 H       20:02:35 2014-06-03 07:59:00.4 2456811.8327 ir140602.0161          [08:00:07.6
OSU-03A-0001   OBJECT OB140343            50.0 H       20:03:42 2014-06-03 08:00:06.9 2456811.8334 ir140602.0162          [08:01:13.1
OSU-03A-0001   OBJECT OB140343           300.0 I       19:59:19 2014-06-03 07:55:44.8 2456811.8304 ccd140602.0227         [08:01:29.5
YALE-03A-0001  OBJECT GX339-4             30.0 K       20:06:53 2014-06-03 08:03:17.9 2456811.8356 ir140602.0163          [08:04:04.2
YALE-03A-0001  OBJECT GX339-4             30.0 K       20:07:39 2014-06-03 08:04:03.9 2456811.8362 ir140602.0164          [08:04:51.2
YALE-03A-0001  OBJECT GX339-4             30.1 K       20:08:26 2014-06-03 08:04:49.9 2456811.8367 ir140602.0165          [08:05:36.2
YALE-03A-0001  OBJECT GX339-4             30.1 K       20:09:12 2014-06-03 08:05:36.2 2456811.8372 ir140602.0166          [08:06:23.5
YALE-03A-0001  OBJECT GX339-4            180.0 B       20:06:56 2014-06-03 08:03:20.6 2456811.8357 ccd140602.0228         [08:07:04.5
YALE-03A-0001  OBJECT GX339-4             30.0 K       20:09:58 2014-06-03 08:06:22.4 2456811.8378 ir140602.0167          [08:07:09.8
YALE-03A-0001  OBJECT GX339-4             30.0 J       20:10:52 2014-06-03 08:07:15.4 2456811.8384 ir140602.0168          [08:08:01.7
YALE-03A-0001  OBJECT GX339-4             30.1 J       20:11:38 2014-06-03 08:08:01.4 2456811.8389 ir140602.0169          [08:08:48.6
YALE-03A-0001  OBJECT GX339-4             30.1 J       20:12:24 2014-06-03 08:08:47.7 2456811.8394 ir140602.0170          [08:09:34.0
YALE-03A-0001  OBJECT GX339-4             30.1 J       20:13:10 2014-06-03 08:09:34.0 2456811.8400 ir140602.0171          [08:10:21.9
YALE-03A-0001  OBJECT GX339-4             30.0 J       20:13:57 2014-06-03 08:10:19.9 2456811.8405 ir140602.0172          [08:11:06.2
YALE-03A-0001  OBJECT GX339-4             30.1 J       20:14:43 2014-06-03 08:11:06.1 2456811.8410 ir140602.0173          [08:11:53.4
YALE-03A-0001  OBJECT GX339-4             30.0 J       20:15:29 2014-06-03 08:11:52.3 2456811.8416 ir140602.0174          [08:12:38.5
YALE-03A-0001  OBJECT GX339-4            300.0 V       20:10:54 2014-06-03 08:07:18.0 2456811.8384 ccd140602.0229         [08:13:02.8
YALE-03A-0001  OBJECT GX339-4             30.0 J       20:16:15 2014-06-03 08:12:38.1 2456811.8421 ir140602.0175          [08:13:24.4
YALE-03A-0001  OBJECT GX339-4             30.1 H       20:17:09 2014-06-03 08:13:31.8 2456811.8427 ir140602.0176          [08:14:19.1
YALE-03A-0001  OBJECT GX339-4             30.1 H       20:17:55 2014-06-03 08:14:17.8 2456811.8433 ir140602.0177          [08:15:04.0
YALE-03A-0001  OBJECT GX339-4             30.0 H       20:18:41 2014-06-03 08:15:03.9 2456811.8438 ir140602.0178          [08:15:51.1
YALE-03A-0001  OBJECT GX339-4             30.0 H       20:19:28 2014-06-03 08:15:50.1 2456811.8443 ir140602.0179          [08:16:36.4
YALE-03A-0001  OBJECT GX339-4            180.0 I       20:17:11 2014-06-03 08:13:34.4 2456811.8428 ccd140602.0230         [08:17:19.1
YALE-03A-0001  OBJECT GX339-4             30.0 H       20:20:14 2014-06-03 08:16:36.0 2456811.8449 ir140602.0180          [08:17:22.4
SUNY-04A-0011  OBJECT N Sco 2014           4.0 J       20:22:40 2014-06-03 08:19:01.5 2456811.8465 ir140602.0181          [08:19:23.4
SUNY-04A-0011  OBJECT N Sco 2014           4.0 J       20:23:00 2014-06-03 08:19:21.4 2456811.8468 ir140602.0182          [08:19:41.7
SUNY-04A-0011  OBJECT N Sco 2014          10.0 I       20:22:42 2014-06-03 08:19:04.0 2456811.8466 ccd140602.0231         [08:19:58.7
SUNY-04A-0011  OBJECT N Sco 2014           4.0 J       20:23:20 2014-06-03 08:19:41.3 2456811.8470 ir140602.0183          [08:20:01.7
SUNY-04A-0011  OBJECT N Sco 2014           4.0 H       20:23:47 2014-06-03 08:20:08.4 2456811.8473 ir140602.0184          [08:20:29.6
SUNY-04A-0011  OBJECT N Sco 2014           4.0 H       20:24:07 2014-06-03 08:20:28.3 2456811.8476 ir140602.0185          [08:20:48.5
SUNY-04A-0011  OBJECT N Sco 2014           4.0 H       20:24:27 2014-06-03 08:20:48.3 2456811.8478 ir140602.0186          [08:21:09.9
SUNY-04A-0011  OBJECT N Sco 2014          30.0 B       20:23:49 2014-06-03 08:20:10.9 2456811.8473 ccd140602.0232         [08:21:24.9
SUNY-04A-0011  OBJECT N Sco 2014           4.0 K       20:25:10 2014-06-03 08:21:31.0 2456811.8483 ir140602.0187          [08:21:52.8
SUNY-04A-0011  OBJECT N Sco 2014           4.0 K       20:25:29 2014-06-03 08:21:50.9 2456811.8485 ir140602.0188          [08:22:11.2
SUNY-04A-0011  OBJECT N Sco 2014           4.0 K       20:25:50 2014-06-03 08:22:11.0 2456811.8487 ir140602.0189          [08:22:32.3
SUNY-04A-0011  OBJECT N Sco 2014          20.0 V       20:25:12 2014-06-03 08:21:33.7 2456811.8483 ccd140602.0233         [08:22:37.7
SUNY-04A-0011  OBJECT N Sco 2014           4.0 K       20:26:21 2014-06-03 08:22:42.7 2456811.8491 ir140602.0190          [08:23:04.7
SUNY-04A-0011  OBJECT N Sco 2014           4.0 K       20:26:42 2014-06-03 08:23:02.8 2456811.8493 ir140602.0191          [08:23:23.2
SUNY-04A-0011  OBJECT N Sco 2014           4.0 K       20:27:02 2014-06-03 08:23:23.0 2456811.8496 ir140602.0192          [08:23:44.2
SUNY-04A-0011  OBJECT N Sco 2014          15.0 R       20:26:24 2014-06-03 08:22:45.3 2456811.8491 ccd140602.0234         [08:23:45.0
NOAO-14A-0410  OBJECT RYSCO               30.0 H+ND4   20:29:28 2014-06-03 08:25:48.4 2456811.8513 ir140602.0193          [08:26:35.7
NOAO-14A-0410  OBJECT RYSCO               30.1 H+ND4   20:30:14 2014-06-03 08:26:34.4 2456811.8518 ir140602.0194          [08:27:20.7
NOAO-14A-0410  OBJECT RYSCO               59.1 V+ND4   20:29:30 2014-06-03 08:25:50.8 2456811.8513 ccd140602.0235         [08:27:34.8
NOAO-14A-0410  OBJECT RYSCO               30.1 H+ND4   20:30:14 2014-06-03 08:26:34.4 2456811.8518 ir140602.0195          [08:28:16.6
NOAO-14A-0410  OBJECT RYSCO               30.0 H+ND4   20:31:56 2014-06-03 08:28:16.6 2456811.8530 ir140602.0196          [08:29:03.8
NOAO-14A-0410  OBJECT RYSCO               59.1 V+ND4   20:31:16 2014-06-03 08:27:36.5 2456811.8525 ccd140602.0236         [08:29:19.5
NOAO-14A-0410  OBJECT RYSCO               30.0 H+ND4   20:32:42 2014-06-03 08:29:02.5 2456811.8535 ir140602.0197          [08:29:49.8
NOAO-14A-0410  OBJECT RYSCO               30.1 H+ND4   20:33:29 2014-06-03 08:29:48.7 2456811.8540 ir140602.0198          [08:30:35.0
NOAO-14A-0410  OBJECT RYSCO               30.0 H+ND4   20:34:15 2014-06-03 08:30:34.9 2456811.8546 ir140602.0199          [08:31:22.2
NOAO-14A-0410  OBJECT RYSCO                4.0 H       20:35:09 2014-06-03 08:31:28.8 2456811.8552 ir140602.0200          [08:32:05.5
NOAO-14A-0410  OBJECT RYSCO                4.0 H       20:35:45 2014-06-03 08:32:05.1 2456811.8556 ir140602.0201          [08:32:42.6
NOAO-14A-0410  OBJECT RYSCO                4.0 H       20:36:22 2014-06-03 08:32:41.5 2456811.8560 ir140602.0202          [08:33:18.2
NOAO-14A-0410  OBJECT RYSCO               80.0 V       20:35:12 2014-06-03 08:31:31.5 2456811.8552 ccd140602.0237         [08:33:36.2
NOAO-14A-0410  OBJECT RYSCO                4.0 H       20:36:58 2014-06-03 08:33:18.1 2456811.8565 ir140602.0203          [08:33:54.5
NOAO-14A-0410  OBJECT RYSCO                4.0 H       20:37:35 2014-06-03 08:33:54.4 2456811.8569 ir140602.0204          [08:34:31.9
NOAO-14A-0410  OBJECT RYSCO                4.0 H       20:38:12 2014-06-03 08:34:31.0 2456811.8573 ir140602.0205          [08:35:07.6
NOAO-14A-0410  OBJECT RYSCO               80.0 V       20:37:19 2014-06-03 08:33:37.9 2456811.8567 ccd140602.0238         [08:35:42.6
NOAO-14A-0410  OBJECT RYSCO                4.0 H       20:38:48 2014-06-03 08:35:07.5 2456811.8577 ir140602.0206          [08:35:44.6
SUNY-04A-0011  OBJECT V745 Sco             4.0 J       20:40:02 2014-06-03 08:36:20.9 2456811.8586 ir140602.0207          [08:36:42.1
SUNY-04A-0011  OBJECT V745 Sco             4.0 J       20:40:22 2014-06-03 08:36:40.9 2456811.8588 ir140602.0208          [08:37:01.1
SUNY-04A-0011  OBJECT V745 Sco             4.0 J       20:40:42 2014-06-03 08:37:00.9 2456811.8590 ir140602.0209          [08:37:22.2
SUNY-04A-0011  OBJECT V745 Sco            15.0 I       20:40:04 2014-06-03 08:36:23.5 2456811.8586 ccd140602.0239         [08:37:23.0
SUNY-04A-0011  OBJECT V745 Sco             4.0 H       20:41:11 2014-06-03 08:37:29.9 2456811.8594 ir140602.0210          [08:37:51.7
SUNY-04A-0011  OBJECT V745 Sco             4.0 H       20:41:31 2014-06-03 08:37:49.7 2456811.8596 ir140602.0211          [08:38:10.2
SUNY-04A-0011  OBJECT V745 Sco             4.0 H       20:41:51 2014-06-03 08:38:10.0 2456811.8598 ir140602.0212          [08:38:31.2
SUNY-04A-0011  OBJECT V745 Sco            31.0 B       20:41:14 2014-06-03 08:37:32.6 2456811.8594 ccd140602.0240         [08:38:47.7
SUNY-04A-0011  OBJECT V745 Sco             4.0 K       20:42:35 2014-06-03 08:38:53.8 2456811.8604 ir140602.0213          [08:39:18.0
SUNY-04A-0011  OBJECT V745 Sco             4.0 K       20:42:55 2014-06-03 08:39:13.7 2456811.8606 ir140602.0214          [08:39:34.0
SUNY-04A-0011  OBJECT V745 Sco             4.0 K       20:43:15 2014-06-03 08:39:33.8 2456811.8608 ir140602.0215          [08:39:56.9
SUNY-04A-0011  OBJECT V745 Sco            31.0 V       20:42:38 2014-06-03 08:38:56.5 2456811.8604 ccd140602.0241         [08:40:11.4
SUNY-04A-0011  OBJECT V745 Sco             4.0 K       20:43:58 2014-06-03 08:40:16.9 2456811.8613 ir140602.0216          [08:40:38.1
SUNY-04A-0011  OBJECT V745 Sco             4.0 K       20:44:19 2014-06-03 08:40:36.8 2456811.8615 ir140602.0217          [08:40:57.1
SUNY-04A-0011  OBJECT V745 Sco            10.0 R       20:44:01 2014-06-03 08:40:19.4 2456811.8613 ccd140602.0242         [08:41:14.1
SUNY-04A-0011  OBJECT V745 Sco             4.0 K       20:44:39 2014-06-03 08:40:57.0 2456811.8618 ir140602.0218          [08:41:17.3
CHILE-13B-0039 OBJECT V728 Sco           160.0 V       20:47:25 2014-06-03 08:43:42.8 2456811.8637 ccd140602.0243         [08:47:07.5
CHILE-13B-0039 OBJECT V728 Sco            80.0 V       20:50:56 2014-06-03 08:47:13.7 2456811.8661 ccd140602.0244         [08:49:17.7
YALE-03A-0001  OBJECT V4641               20.1 K       20:55:42 2014-06-03 08:51:58.1 2456811.8694 ir140602.0219          [08:52:35.3
YALE-03A-0001  OBJECT V4641               20.0 B       20:55:44 2014-06-03 08:52:00.5 2456811.8695 ccd140602.0245         [08:53:04.4
YALE-03A-0001  OBJECT V4641               20.0 K       20:56:18 2014-06-03 08:52:34.1 2456811.8698 ir140602.0220          [08:53:11.2
YALE-03A-0001  OBJECT V4641               20.1 K       20:56:54 2014-06-03 08:53:10.3 2456811.8703 ir140602.0221          [08:53:46.5
YALE-03A-0001  OBJECT V4641               20.0 B       20:56:51 2014-06-03 08:53:06.9 2456811.8702 ccd140602.0246         [08:54:11.7
YALE-03A-0001  OBJECT V4641               20.1 K       20:57:31 2014-06-03 08:53:46.9 2456811.8707 ir140602.0222          [08:54:23.3
YALE-03A-0001  OBJECT V4641               20.0 K       20:58:07 2014-06-03 08:54:22.9 2456811.8711 ir140602.0223          [08:55:00.1
YALE-03A-0001  OBJECT V4641               20.0 B       20:57:57 2014-06-03 08:54:13.4 2456811.8710 ccd140602.0247         [08:55:17.3
YALE-03A-0001  OBJECT V4641               15.1 J       20:59:10 2014-06-03 08:55:25.6 2456811.8718 ir140602.0224          [08:55:58.2
YALE-03A-0001  OBJECT V4641               15.0 I       20:59:12 2014-06-03 08:55:28.1 2456811.8719 ccd140602.0248         [08:56:27.1
YALE-03A-0001  OBJECT V4641               15.0 J       20:59:41 2014-06-03 08:55:56.9 2456811.8722 ir140602.0225          [08:56:30.8
YALE-03A-0001  OBJECT V4641               15.0 J       21:00:12 2014-06-03 08:56:27.8 2456811.8725 ir140602.0226          [08:56:59.0
YALE-03A-0001  OBJECT V4641               15.0 I       21:00:15 2014-06-03 08:56:30.6 2456811.8726 ccd140602.0249         [08:57:30.5
YALE-03A-0001  OBJECT V4641               15.0 J       21:00:44 2014-06-03 08:56:59.2 2456811.8729 ir140602.0227          [08:57:32.8
YALE-03A-0001  OBJECT V4641               15.0 J       21:00:44 2014-06-03 08:56:59.2 2456811.8729 ir140602.0228          [08:58:11.8
YALE-03A-0001  OBJECT V4641               15.0 I       21:01:17 2014-06-03 08:57:32.9 2456811.8733 ccd140602.0250         [08:58:31.8
YALE-03A-0001  OBJECT V4641               15.1 H       21:02:24 2014-06-03 08:58:39.8 2456811.8741 ir140602.0229          [08:59:12.1
YALE-03A-0001  OBJECT V4641               15.0 V       21:02:27 2014-06-03 08:58:42.3 2456811.8741 ccd140602.0251         [08:59:41.3
YALE-03A-0001  OBJECT V4641               15.1 H       21:02:55 2014-06-03 08:59:10.7 2456811.8744 ir140602.0230          [08:59:45.0
YALE-03A-0001  OBJECT V4641               15.0 H       21:03:27 2014-06-03 08:59:41.9 2456811.8748 ir140602.0231          [09:00:13.0
YALE-03A-0001  OBJECT V4641               15.0 V       21:03:29 2014-06-03 08:59:44.8 2456811.8748 ccd140602.0252         [09:00:44.4
YALE-03A-0001  OBJECT V4641               15.1 H       21:03:27 2014-06-03 08:59:41.9 2456811.8748 ir140602.0232          [09:00:54.0
YALE-03A-0001  OBJECT V4641               15.1 H       21:04:38 2014-06-03 09:00:53.5 2456811.8756 ir140602.0233          [09:01:25.8
YALE-03A-0001  OBJECT V4641               15.0 V       21:04:31 2014-06-03 09:00:46.2 2456811.8755 ccd140602.0253         [09:01:45.1
LSU-11B-0003   OBJECT V3890 Sgr          100.0 J       21:07:29 2014-06-03 09:03:44.0 2456811.8776 ir140602.0234          [09:05:41.8
LSU-11B-0003   OBJECT V3890 Sgr          100.0 J       21:09:26 2014-06-03 09:05:39.8 2456811.8789 ir140602.0235          [09:07:36.1
LSU-11B-0003   OBJECT V3890 Sgr          200.0 R       21:07:32 2014-06-03 09:03:46.5 2456811.8776 ccd140602.0254         [09:07:51.2
LSU-14A-0001   OBJECT V1017 Sgr           60.0 J       21:13:58 2014-06-03 09:10:11.9 2456811.8821 ir140602.0236          [09:14:41.0
LSU-14A-0001   OBJECT V1017 Sgr          300.0 V       21:14:01 2014-06-03 09:10:14.5 2456811.8821 ccd140602.0255         [09:15:59.1
CHILE-13B-0039 OBJECT V1059 Sgr           80.0 V       21:21:23 2014-06-03 09:17:35.0 2456811.8872 ccd140602.0256         [09:19:38.9
CHILE-13B-0039 OBJECT V1059 Sgr           40.0 V       21:23:34 2014-06-03 09:19:45.6 2456811.8887 ccd140602.0257         [09:21:10.3
CHILE-13B-0039 OBJECT WY Sge             340.0 V       21:26:59 2014-06-03 09:23:10.4 2456811.8911 ccd140602.0258         [09:29:34.5
CHILE-13B-0039 OBJECT WY Sge             170.0 V       21:33:31 2014-06-03 09:29:40.9 2456811.8956 ccd140602.0259         [09:33:15.7
YALE-08A-0001  OBJECT 2155-304            30.0 J       21:39:33 2014-06-03 09:35:42.1 2456811.8998 ir140602.0237          [09:36:28.4
YALE-08A-0001  OBJECT 2155-304            30.1 J       21:40:19 2014-06-03 09:36:28.1 2456811.9003 ir140602.0238          [09:37:15.6
YALE-08A-0001  OBJECT 2155-304            70.0 R       21:39:35 2014-06-03 09:35:44.7 2456811.8998 ccd140602.0260         [09:37:38.6
YALE-08A-0001  OBJECT 2155-304            30.0 J       21:41:05 2014-06-03 09:37:14.3 2456811.9009 ir140602.0239          [09:38:01.5
YALE-08A-0001  OBJECT 2155-304            30.0 J       21:41:52 2014-06-03 09:38:00.5 2456811.9014 ir140602.0240          [09:38:46.8
YALE-08A-0001  OBJECT 2155-304            30.1 J       21:42:38 2014-06-03 09:38:46.4 2456811.9019 ir140602.0241          [09:39:33.9
YALE-08A-0001  OBJECT 2155-304            30.0 K       21:43:32 2014-06-03 09:39:40.6 2456811.9026 ir140602.0242          [09:40:26.9
YALE-08A-0001  OBJECT 2155-304            30.1 K       21:44:18 2014-06-03 09:40:26.5 2456811.9031 ir140602.0243          [09:41:13.8
YALE-08A-0001  OBJECT 2155-304            90.0 B       21:43:34 2014-06-03 09:39:43.1 2456811.9026 ccd140602.0261         [09:41:57.1
YALE-08A-0001  OBJECT 2155-304            30.0 K       21:45:04 2014-06-03 09:41:12.7 2456811.9036 ir140602.0244          [09:42:00.4
YALE-08A-0001  OBJECT 2155-304            30.1 K       21:45:51 2014-06-03 09:41:59.3 2456811.9042 ir140602.0245          [09:42:45.7
YALE-08A-0001  OBJECT 2155-304            30.0 K       21:46:43 2014-06-03 09:42:50.8 2456811.9048 ir140602.0246          [09:43:38.4
YALE-08A-0001  OBJECT 2155-304            30.0 K       21:47:29 2014-06-03 09:43:36.8 2456811.9053 ir140602.0247          [09:44:23.1
YALE-08A-0001  OBJECT 2155-304            70.0 V       21:46:45 2014-06-03 09:42:53.3 2456811.9048 ccd140602.0262         [09:44:48.4
YALE-08A-0001  OBJECT 2155-304            30.1 K       21:48:16 2014-06-03 09:44:23.4 2456811.9058 ir140602.0248          [09:45:09.6
YALE-08A-0001  OBJECT 2155-304            30.0 K       21:49:02 2014-06-03 09:45:09.6 2456811.9064 ir140602.0249          [09:45:56.9
YALE-08A-0001  OBJECT 3C454.3             30.1 J       21:51:53 2014-06-03 09:48:00.7 2456811.9084 ir140602.0250          [09:48:47.1
YALE-08A-0001  OBJECT 3C454.3             30.0 J       21:52:40 2014-06-03 09:48:46.9 2456811.9089 ir140602.0251          [09:49:34.2
YALE-08A-0001  OBJECT 3C454.3             70.0 R       21:51:56 2014-06-03 09:48:03.2 2456811.9084 ccd140602.0263         [09:49:57.1
YALE-08A-0001  OBJECT 3C454.3             30.0 J       21:53:26 2014-06-03 09:49:33.2 2456811.9094 ir140602.0252          [09:50:21.7
YALE-08A-0001  OBJECT 3C454.3             30.0 J       21:54:12 2014-06-03 09:50:19.4 2456811.9099 ir140602.0253          [09:51:05.8
YALE-08A-0001  OBJECT 3C454.3             30.1 J       21:54:59 2014-06-03 09:51:05.5 2456811.9105 ir140602.0254          [09:51:52.9
YALE-08A-0001  OBJECT 3C454.3             30.0 K       21:55:53 2014-06-03 09:51:59.8 2456811.9111 ir140602.0255          [09:52:46.2
YALE-08A-0001  OBJECT 3C454.3             30.0 K       21:56:39 2014-06-03 09:52:45.8 2456811.9116 ir140602.0256          [09:53:33.0
YALE-08A-0001  OBJECT 3C454.3             90.0 B       21:55:56 2014-06-03 09:52:02.3 2456811.9111 ccd140602.0264         [09:54:16.2
YALE-08A-0001  OBJECT 3C454.3             30.0 K       21:57:26 2014-06-03 09:53:32.0 2456811.9122 ir140602.0257          [09:54:19.5
YALE-08A-0001  OBJECT 3C454.3             30.1 K       21:58:12 2014-06-03 09:54:18.5 2456811.9127 ir140602.0258          [09:55:04.9
YALE-08A-0001  OBJECT 3C454.3             30.0 K       21:59:04 2014-06-03 09:55:09.6 2456811.9133 ir140602.0259          [09:55:56.9
YALE-08A-0001  OBJECT 3C454.3             30.1 K       21:59:50 2014-06-03 09:55:55.7 2456811.9138 ir140602.0260          [09:56:42.1
YALE-08A-0001  OBJECT 3C454.3             70.0 V       21:59:06 2014-06-03 09:55:12.2 2456811.9133 ccd140602.0265         [09:57:06.9
YALE-08A-0001  OBJECT 3C454.3             30.0 K       22:00:36 2014-06-03 09:56:42.1 2456811.9144 ir140602.0261          [09:57:28.3
YALE-08A-0001  OBJECT 3C454.3             30.1 K       22:01:22 2014-06-03 09:57:28.2 2456811.9149 ir140602.0262          [09:58:15.5
SUNY-04A-0011  OBJECT N Del 2013           8.0 J       22:04:37 2014-06-03 10:00:41.9 2456811.9172 ir140602.0263          [10:01:06.3
SUNY-04A-0011  OBJECT N Del 2013           8.0 J       22:05:00 2014-06-03 10:01:05.6 2456811.9174 ir140602.0264          [10:01:30.8
SUNY-04A-0011  OBJECT N Del 2013           2.0 I       22:04:39 2014-06-03 10:00:43.9 2456811.9172 ccd140602.0266         [10:01:32.1
SUNY-04A-0011  OBJECT N Del 2013           8.0 J       22:05:25 2014-06-03 10:01:30.5 2456811.9177 ir140602.0265          [10:01:56.0
SUNY-04A-0011  OBJECT N Del 2013           4.0 H       22:05:57 2014-06-03 10:02:02.4 2456811.9181 ir140602.0266          [10:02:22.6
SUNY-04A-0011  OBJECT N Del 2013           4.0 H       22:06:17 2014-06-03 10:02:22.1 2456811.9183 ir140602.0267          [10:02:43.3
SUNY-04A-0011  OBJECT N Del 2013           8.0 B       22:06:00 2014-06-03 10:02:04.9 2456811.9181 ccd140602.0267         [10:02:56.8
SUNY-04A-0011  OBJECT N Del 2013           4.0 H       22:06:37 2014-06-03 10:02:42.2 2456811.9186 ir140602.0268          [10:03:03.7
SUNY-04A-0011  OBJECT N Del 2013           4.0 K       22:07:04 2014-06-03 10:03:08.6 2456811.9189 ir140602.0269          [10:03:28.9
SUNY-04A-0011  OBJECT N Del 2013           4.0 K       22:07:24 2014-06-03 10:03:28.6 2456811.9191 ir140602.0270          [10:03:49.8
SUNY-04A-0011  OBJECT N Del 2013           4.0 V       22:07:06 2014-06-03 10:03:11.2 2456811.9189 ccd140602.0268         [10:03:59.1
SUNY-04A-0011  OBJECT N Del 2013           4.0 K       22:07:44 2014-06-03 10:03:48.5 2456811.9193 ir140602.0271          [10:04:09.9
SUNY-04A-0011  OBJECT N Del 2013           4.0 K       22:08:10 2014-06-03 10:04:14.6 2456811.9196 ir140602.0272          [10:04:34.9
SUNY-04A-0011  OBJECT N Del 2013           4.0 K       22:08:30 2014-06-03 10:04:34.3 2456811.9199 ir140602.0273          [10:04:55.6
SUNY-04A-0011  OBJECT N Del 2013           2.0 R       22:08:13 2014-06-03 10:04:17.2 2456811.9197 ccd140602.0269         [10:05:03.0
SUNY-04A-0011  OBJECT N Del 2013           4.0 K       22:08:50 2014-06-03 10:04:54.2 2456811.9201 ir140602.0274          [10:05:15.7
ALL            BIAS   BIASES               0.0 R       22:11:39 2014-06-03 10:07:42.9 2456811.9220 ccd140601bias.0001     [10:08:26.7
ALL            BIAS   BIASES               0.0 R       22:12:25 2014-06-03 10:08:29.2 2456811.9226 ccd140601bias.0002     [10:09:13.9
ALL            BIAS   BIASES               0.0 R       22:13:12 2014-06-03 10:09:15.6 2456811.9231 ccd140601bias.0003     [10:09:59.5
ALL            BIAS   BIASES               0.0 R       22:13:58 2014-06-03 10:10:02.1 2456811.9236 ccd140601bias.0004     [10:10:46.9
ALL            BIAS   BIASES               0.0 R       22:14:45 2014-06-03 10:10:48.5 2456811.9242 ccd140601bias.0005     [10:11:32.4
ALL            BIAS   BIASES               0.0 R       22:15:31 2014-06-03 10:11:34.9 2456811.9247 ccd140601bias.0006     [10:12:19.6
ALL            BIAS   BIASES               0.0 R       22:16:18 2014-06-03 10:12:21.4 2456811.9252 ccd140601bias.0007     [10:13:05.3
ALL            BIAS   BIASES               0.0 R       22:17:05 2014-06-03 10:13:07.8 2456811.9258 ccd140601bias.0008     [10:13:52.5
ALL            BIAS   BIASES               0.0 R       22:17:51 2014-06-03 10:13:54.2 2456811.9263 ccd140601bias.0009     [10:14:38.0
ALL            BIAS   BIASES               0.0 R       22:18:38 2014-06-03 10:14:40.6 2456811.9269 ccd140601bias.0010     [10:15:25.2
