Project        ImType Object           ExpTime Filter  LST      UTDate     UTC        JD           Filename               [Logged@UT]
ALL            BIAS   BIASES               0.0 I       08:00:59 2014-06-10 19:27:55.1 2456819.3111 ccd140610.0001         [19:28:39.7
ALL            BIAS   BIASES               0.0 I       08:01:46 2014-06-10 19:28:41.9 2456819.3116 ccd140610.0002         [19:29:25.7
ALL            BIAS   BIASES               0.0 I       08:02:32 2014-06-10 19:29:28.3 2456819.3121 ccd140610.0003         [19:30:12.8
ALL            BIAS   BIASES               0.0 I       08:03:19 2014-06-10 19:30:15.3 2456819.3127 ccd140610.0004         [19:30:59.0
ALL            BIAS   BIASES               0.0 I       08:04:06 2014-06-10 19:31:01.9 2456819.3132 ccd140610.0005         [19:31:46.4
ALL            BIAS   BIASES               0.0 I       08:04:53 2014-06-10 19:31:48.9 2456819.3138 ccd140610.0006         [19:32:32.6
ALL            OBJECT ASASSN-14az         40.0 I       08:15:21 2014-06-10 19:42:14.7 2456819.3210 ccd140610.0007         [19:43:39.1
ALL            BIAS   BIASES               0.0 I       08:20:17 2014-06-10 19:47:10.2 2456819.3244 ccd140610.0007         [19:47:54.9
ALL            BIAS   BIASES               0.0 I       08:21:15 2014-06-10 19:48:07.8 2456819.3251 ccd140610.0008         [19:48:51.7
ALL            BIAS   BIASES               0.0 I       08:22:07 2014-06-10 19:48:59.8 2456819.3257 ccd140610.0009         [19:49:44.4
ALL            BIAS   BIASES               0.0 I       08:22:57 2014-06-10 19:49:50.1 2456819.3263 ccd140610.0010         [19:50:33.9
ALL            OBJECT focus                7.0 H       11:06:09 2014-06-10 22:32:35.7 2456819.4393 ir140610.0001          [22:32:59.8
ALL            OBJECT focus               10.0 V       11:06:12 2014-06-10 22:32:38.4 2456819.4393 ccdfoco.0001           [22:33:32.2
NOAO-14A-0410  OBJECT LCAR                 4.0 H+ND4   11:20:39 2014-06-10 22:47:03.1 2456819.4493 ir140610.0001          [22:47:40.8
NOAO-14A-0410  OBJECT LCAR                 4.0 H+ND4   11:21:16 2014-06-10 22:47:39.4 2456819.4498 ir140610.0002          [22:48:16.1
NOAO-14A-0410  OBJECT LCAR                 4.0 H+ND4   11:21:52 2014-06-10 22:48:15.9 2456819.4502 ir140610.0003          [22:48:53.4
NOAO-14A-0410  OBJECT LCAR                 4.0 H+ND4   11:22:29 2014-06-10 22:48:52.6 2456819.4506 ir140610.0004          [22:49:29.4
NOAO-14A-0410  OBJECT LCAR                 4.0 H+ND4   11:23:05 2014-06-10 22:49:28.9 2456819.4510 ir140610.0005          [22:50:06.5
NOAO-14A-0410  OBJECT LCAR                 4.0 H+ND4   11:23:42 2014-06-10 22:50:05.4 2456819.4515 ir140610.0006          [22:50:42.1
NOAO-14A-0410  OBJECT LCAR                 4.0 H+ND4   11:24:19 2014-06-10 22:50:41.9 2456819.4519 ir140610.0007          [22:51:19.8
NOAO-14A-0410  OBJECT LCARLEFT            12.0 H       11:25:46 2014-06-10 22:52:09.2 2456819.4529 ir140610.0008          [22:53:10.0
NOAO-14A-0410  OBJECT LCARLEFT            12.0 H       11:26:47 2014-06-10 22:53:09.5 2456819.4536 ir140610.0009          [22:54:11.1
NOAO-14A-0410  OBJECT LCARLEFT            12.0 H       11:27:47 2014-06-10 22:54:10.2 2456819.4543 ir140610.0010          [22:55:11.1
NOAO-14A-0410  OBJECT LCARLEFT            12.0 H       11:28:48 2014-06-10 22:55:11.0 2456819.4550 ir140610.0011          [22:56:12.7
NOAO-14A-0410  OBJECT LCARLEFT            12.0 H       11:29:49 2014-06-10 22:56:11.5 2456819.4557 ir140610.0012          [22:57:12.1
NOAO-14A-0410  OBJECT LCARLEFT            12.0 H       11:30:50 2014-06-10 22:57:11.9 2456819.4564 ir140610.0013          [22:58:13.5
NOAO-14A-0410  OBJECT LCARLEFT            12.0 H       11:31:50 2014-06-10 22:58:12.5 2456819.4571 ir140610.0014          [22:59:13.2
NOAO-14A-0410  OBJECT LCARRIGHT            4.0 H       11:33:21 2014-06-10 22:59:42.8 2456819.4581 ir140610.0015          [23:00:20.4
NOAO-14A-0410  OBJECT LCARRIGHT            4.0 H       11:33:58 2014-06-10 23:00:19.1 2456819.4586 ir140610.0016          [23:03:05.4
NOAO-14A-0410  OBJECT LCARRIGHT            4.0 H       11:34:34 2014-06-10 23:00:55.8 2456819.4590 ir140610.0017          [23:10:29.6
NOAO-14A-0410  OBJECT LCARRIGHT            4.0 H       11:35:11 2014-06-10 23:01:32.3 2456819.4594 ir140610.0018          [23:10:30.9
NOAO-14A-0410  OBJECT LCARRIGHT            4.0 H       11:35:11 2014-06-10 23:01:32.3 2456819.4594 ir140610.0019          [23:10:32.1
NOAO-14A-0410  OBJECT focus                4.0 H       11:48:57 2014-06-10 23:15:16.3 2456819.4689 ir140610.0020          [23:15:53.0
NOAO-14A-0410  OBJECT focus                4.0 H       11:49:33 2014-06-10 23:15:52.7 2456819.4693 ir140610.0021          [23:16:30.4
NOAO-14A-0016  OBJECT WASP-19             30.0 V       11:52:35 2014-06-10 23:18:54.0 2456819.4715 ccd140610.0001         [23:20:07.8
NOAO-14A-0016  OBJECT WASP-19             30.0 V       11:53:52 2014-06-10 23:20:10.4 2456819.4723 ccd140610.0002         [23:21:25.9
NOAO-14A-0016  OBJECT WASP-19             30.0 V       11:55:09 2014-06-10 23:21:26.8 2456819.4732 ccd140610.0003         [23:22:40.6
NOAO-14A-0016  OBJECT WASP-19             30.0 V       11:56:25 2014-06-10 23:22:43.2 2456819.4741 ccd140610.0004         [23:23:59.0
NOAO-14A-0016  OBJECT WASP-19             30.0 V       11:57:42 2014-06-10 23:23:59.6 2456819.4750 ccd140610.0005         [23:26:06.5
CHILE-12B-0001 OBJECT V648 Car             5.0 B       12:17:16 2014-06-10 23:43:30.8 2456819.4885 ccd140610.0006         [23:44:20.6
CHILE-12B-0001 OBJECT V648 Car             5.0 V       12:18:13 2014-06-10 23:44:27.8 2456819.4892 ccd140610.0007         [23:45:16.6
CHILE-12B-0001 OBJECT V648 Car             3.0 R       12:19:10 2014-06-10 23:45:24.6 2456819.4899 ccd140610.0008         [23:46:12.2
CHILE-12B-0001 OBJECT V648 Car             2.0 I       12:20:08 2014-06-10 23:46:22.3 2456819.4905 ccd140610.0009         [23:47:08.2
NOAO-14A-0410  OBJECT VYCAR               30.0 H+ND4   12:23:40 2014-06-10 23:49:53.2 2456819.4930 ir140610.0022          [23:51:14.8
NOAO-14A-0410  OBJECT VYCAR               30.1 H+ND4   12:25:00 2014-06-10 23:51:13.8 2456819.4939 ir140610.0023          [23:52:34.5
NOAO-14A-0410  OBJECT VYCAR              168.1 V+ND4   12:23:42 2014-06-10 23:49:55.7 2456819.4930 ccd140610.0010         [23:53:28.4
NOAO-14A-0410  OBJECT VYCAR               30.0 H+ND4   12:26:21 2014-06-10 23:52:34.5 2456819.4948 ir140610.0024          [23:53:55.2
NOAO-14A-0410  OBJECT VYCAR               30.0 H+ND4   12:27:42 2014-06-10 23:53:55.2 2456819.4958 ir140610.0025          [23:55:16.8
NOAO-14A-0410  OBJECT VYCAR               30.0 H+ND4   12:29:03 2014-06-10 23:55:15.4 2456819.4967 ir140610.0026          [23:56:36.1
NOAO-14A-0410  OBJECT VYCAR              168.1 V+ND4   12:27:18 2014-06-10 23:53:30.8 2456819.4955 ccd140610.0011         [23:57:03.5
NOAO-14A-0410  OBJECT VYCAR               30.0 H+ND4   12:29:03 2014-06-10 23:55:15.4 2456819.4967 ir140610.0027          [23:58:49.7
NOAO-14A-0410  OBJECT VYCAR               30.1 H+ND4   12:31:54 2014-06-10 23:58:06.5 2456819.4987 ir140610.0028          [23:59:28.3
NOAO-14A-0410  OBJECT VYCAR                4.0 H       12:33:23 2014-06-10 23:59:34.8 2456819.4997 ir140610.0029          [00:02:30.2
CHILE-13B-0039 OBJECT RS Car             160.0 V       12:57:19 2014-06-11 00:23:27.6 2456819.5163 ccd140610.0012         [00:26:52.4
CHILE-13B-0039 OBJECT RS Car              80.0 V       13:01:06 2014-06-11 00:27:12.9 2456819.5189 ccd140610.0013         [00:29:59.9
YALE-08A-0001  OBJECT 1123-6415           30.1 J       13:06:02 2014-06-11 00:32:08.2 2456819.5223 ir140610.0030          [00:32:55.8
YALE-08A-0001  OBJECT 1123-6415           30.1 J       13:06:48 2014-06-11 00:32:54.3 2456819.5228 ir140610.0031          [00:34:23.8
YALE-08A-0001  OBJECT 1123-6415           30.0 J       13:07:34 2014-06-11 00:33:40.6 2456819.5234 ir140610.0032          [00:34:28.0
YALE-08A-0001  OBJECT 1123-6415          140.0 R       13:06:04 2014-06-11 00:32:10.7 2456819.5223 ccd140610.0014         [00:36:07.4
DUBLIN-11B-000 OBJECT Glimpse77-24        30.1 J       13:36:42 2014-06-11 01:02:43.5 2456819.5436 ir140610.0033          [01:04:06.3
DUBLIN-11B-000 OBJECT Glimpse77-24       110.0 I       13:36:44 2014-06-11 01:02:45.8 2456819.5436 ccd140610.0015         [01:05:19.7
DUBLIN-11B-000 OBJECT Glimpse77-24        30.0 J       13:38:02 2014-06-11 01:04:03.8 2456819.5445 ir140610.0034          [01:05:28.2
DUBLIN-11B-000 OBJECT Glimpse77-24        30.1 J       13:39:24 2014-06-11 01:05:24.9 2456819.5454 ir140610.0035          [01:07:28.7
DUBLIN-11B-000 OBJECT Glimpse77-24       110.0 I       13:39:21 2014-06-11 01:05:22.5 2456819.5454 ccd140610.0016         [01:07:57.7
DUBLIN-11B-000 OBJECT Glimpse77-24        30.1 J       13:40:45 2014-06-11 01:06:45.6 2456819.5464 ir140610.0036          [01:08:06.1
DUBLIN-11B-000 OBJECT Glimpse77-24        30.0 J       13:42:05 2014-06-11 01:08:05.7 2456819.5473 ir140610.0037          [01:09:27.2
DUBLIN-11B-000 OBJECT Glimpse77-24       110.0 I       13:41:59 2014-06-11 01:07:59.7 2456819.5472 ccd140610.0017         [01:10:33.4
DUBLIN-11B-000 OBJECT Glimpse77-24        30.1 K       13:44:43 2014-06-11 01:10:42.9 2456819.5491 ir140610.0038          [01:12:04.5
DUBLIN-11B-000 OBJECT Glimpse77-24       110.0 R       13:44:45 2014-06-11 01:10:45.5 2456819.5491 ccd140610.0018         [01:13:19.3
DUBLIN-11B-000 OBJECT Glimpse77-24        30.1 K       13:46:03 2014-06-11 01:12:03.1 2456819.5500 ir140610.0039          [01:13:25.2
DUBLIN-11B-000 OBJECT Glimpse77-24        30.0 K       13:47:24 2014-06-11 01:13:23.8 2456819.5510 ir140610.0040          [01:16:10.7
DUBLIN-11B-000 OBJECT Glimpse77-24       110.0 R       13:47:22 2014-06-11 01:13:21.9 2456819.5509 ccd140610.0019         [03:51:16.6
DUBLIN-11B-000 OBJECT Glimpse77-24        30.0 K       13:48:45 2014-06-11 01:14:44.4 2456819.5519 ir140610.0041          [03:51:17.8
DUBLIN-11B-000 OBJECT Glimpse77-24        30.1 K       13:50:15 2014-06-11 01:16:14.8 2456819.5529 ir140610.0042          [03:51:19.1
DUBLIN-11B-000 OBJECT Glimpse77-24       110.0 R       13:47:22 2014-06-11 01:13:21.9 2456819.5509 ccd140610.0020         [03:51:19.9
SUNY-04A-0011  OBJECT N Sco 2014           4.0 J       13:55:58 2014-06-11 01:21:56.5 2456819.5569 ir140610.0043          [03:51:21.1
SUNY-04A-0011  OBJECT N Sco 2014           4.0 J       13:56:18 2014-06-11 01:22:16.1 2456819.5571 ir140610.0044          [03:51:22.5
SUNY-04A-0011  OBJECT N Sco 2014          10.0 I       13:56:01 2014-06-11 01:21:59.1 2456819.5569 ccd140610.0021         [03:51:23.2
SUNY-04A-0011  OBJECT N Sco 2014           4.0 J       13:56:38 2014-06-11 01:22:36.2 2456819.5574 ir140610.0045          [03:51:24.4
SUNY-04A-0011  OBJECT N Sco 2014           4.0 H       13:57:05 2014-06-11 01:23:02.9 2456819.5577 ir140610.0046          [03:51:25.7
SUNY-04A-0011  OBJECT N Sco 2014           4.0 H       13:57:24 2014-06-11 01:23:22.7 2456819.5579 ir140610.0047          [03:51:27.1
SUNY-04A-0011  OBJECT N Sco 2014           4.0 H       13:57:44 2014-06-11 01:23:42.6 2456819.5581 ir140610.0048          [03:51:28.4
SUNY-04A-0011  OBJECT N Sco 2014          30.0 B       13:57:07 2014-06-11 01:23:05.5 2456819.5577 ccd140610.0022         [03:51:29.1
SUNY-04A-0011  OBJECT N Sco 2014           4.0 K       13:58:28 2014-06-11 01:24:25.8 2456819.5586 ir140610.0049          [03:51:30.3
SUNY-04A-0011  OBJECT N Sco 2014           4.0 K       13:58:48 2014-06-11 01:24:45.7 2456819.5589 ir140610.0050          [03:51:31.6
SUNY-04A-0011  OBJECT N Sco 2014           4.0 K       13:59:08 2014-06-11 01:25:05.7 2456819.5591 ir140610.0051          [03:51:32.9
SUNY-04A-0011  OBJECT N Sco 2014          20.0 V       13:58:30 2014-06-11 01:24:28.3 2456819.5587 ccd140610.0023         [03:51:33.7
SUNY-04A-0011  OBJECT N Sco 2014           4.0 K       13:59:40 2014-06-11 01:25:37.6 2456819.5595 ir140610.0052          [03:51:34.9
SUNY-04A-0011  OBJECT N Sco 2014           4.0 K       14:00:00 2014-06-11 01:25:57.4 2456819.5597 ir140610.0053          [03:51:36.1
SUNY-04A-0011  OBJECT N Sco 2014           4.0 K       14:00:20 2014-06-11 01:26:17.4 2456819.5599 ir140610.0054          [03:51:37.5
SUNY-04A-0011  OBJECT N Sco 2014          15.0 R       13:59:42 2014-06-11 01:25:40.2 2456819.5595 ccd140610.0024         [03:51:38.3
OSU-03A-0001   OBJECT OB140805            50.0 H       14:03:20 2014-06-11 01:29:17.3 2456819.5620 ir140610.0055          [03:51:39.5
OSU-03A-0001   OBJECT OB140805            50.0 H       14:04:26 2014-06-11 01:30:23.3 2456819.5628 ir140610.0056          [03:51:40.8
OSU-03A-0001   OBJECT OB140805            50.0 H       14:05:33 2014-06-11 01:31:29.5 2456819.5635 ir140610.0057          [03:51:42.0
OSU-03A-0001   OBJECT OB140805            50.0 H       14:06:40 2014-06-11 01:32:36.3 2456819.5643 ir140610.0058          [03:51:43.3
OSU-03A-0001   OBJECT OB140805            50.0 H       14:07:46 2014-06-11 01:33:42.2 2456819.5651 ir140610.0059          [03:51:44.7
OSU-03A-0001   OBJECT OB140805           300.0 I       14:03:23 2014-06-11 01:29:19.9 2456819.5620 ccd140610.0025         [03:51:45.4
OSU-03A-0001   OBJECT OB140807            50.0 H       14:25:19 2014-06-11 01:51:12.8 2456819.5772 ir140610.0060          [03:51:46.9
OSU-03A-0001   OBJECT OB140807            50.0 H       14:26:25 2014-06-11 01:52:18.7 2456819.5780 ir140610.0061          [03:51:48.4
OSU-03A-0001   OBJECT OB140807            50.0 H       14:27:32 2014-06-11 01:53:24.9 2456819.5788 ir140610.0062          [03:51:49.7
OSU-03A-0001   OBJECT OB140807            50.0 H       14:28:38 2014-06-11 01:54:31.1 2456819.5795 ir140610.0063          [03:51:51.0
OSU-03A-0001   OBJECT OB140807            50.0 H       14:29:44 2014-06-11 01:55:36.8 2456819.5803 ir140610.0064          [03:51:52.2
OSU-03A-0001   OBJECT OB140807           300.0 I       14:25:22 2014-06-11 01:51:15.4 2456819.5773 ccd140610.0026         [03:51:53.0
GSU-03A-0006   OBJECT 1622-297            35.0 H       14:36:09 2014-06-11 02:02:00.5 2456819.5847 ir140610.0065          [03:51:54.5
GSU-03A-0006   OBJECT 1622-297            35.0 H       14:37:00 2014-06-11 02:02:51.4 2456819.5853 ir140610.0066          [03:51:56.5
GSU-03A-0006   OBJECT 1622-297            35.0 H       14:37:51 2014-06-11 02:03:42.4 2456819.5859 ir140610.0067          [03:51:57.8
GSU-03A-0006   OBJECT 1622-297            35.0 H       14:38:42 2014-06-11 02:04:33.9 2456819.5865 ir140610.0068          [03:51:59.1
GSU-03A-0006   OBJECT 1622-297           180.0 R       14:36:11 2014-06-11 02:02:03.1 2456819.5848 ccd140610.0027         [03:51:59.9
ALL            OBJECT JUNK                 1.0 I       15:09:57 2014-06-11 02:35:43.2 2456819.6081 ccd140610junk.0001     [03:52:00.7
ALL            FLAT   B Dome Flat         10.0 B       15:10:51 2014-06-11 02:36:37.5 2456819.6088 ccd140610domeB.0001    [03:52:01.4
ALL            FLAT   B Dome Flat         10.0 B       15:11:48 2014-06-11 02:37:34.1 2456819.6094 ccd140610domeB.0002    [03:52:02.2
ALL            FLAT   B Dome Flat         10.0 B       15:12:45 2014-06-11 02:38:30.6 2456819.6101 ccd140610domeB.0003    [03:52:02.9
DUBLIN-11B-000 OBJECT Glimpse77-24        30.0 K       13:47:24 2014-06-11 01:13:23.8 2456819.5510 ir140610.0040          [03:52:04.3
DUBLIN-11B-000 OBJECT Glimpse77-24        30.0 K       13:47:24 2014-06-11 01:13:23.8 2456819.5510 ir140610.0040          [03:52:05.6
ALL            OBJECT JUNK                 1.0 I       16:39:36 2014-06-11 04:05:07.3 2456819.6702 ccd140610junk.0001     [04:05:52.9
ALL            FLAT   V Dome Flat         75.0 V       16:40:32 2014-06-11 04:06:03.0 2456819.6709 ccd140610domeV.0001    [04:08:54.5
