Project        ImType Object           ExpTime Filter  LST      UTDate     UTC        JD           Filename               [Logged@UT]
ALL            BIAS   BIASES               0.0 V       11:43:00 2014-06-07 23:21:07.6 2456816.4730 ccd140607.0001         [23:21:51.6
ALL            BIAS   BIASES               0.0 V       11:43:47 2014-06-07 23:21:54.0 2456816.4736 ccd140607.0002         [23:22:38.5
ALL            BIAS   BIASES               0.0 V       11:44:34 2014-06-07 23:22:41.0 2456816.4741 ccd140607.0003         [23:23:24.8
ALL            BIAS   BIASES               0.0 V       11:54:15 2014-06-07 23:32:20.3 2456816.4808 ccd140607.0004         [23:33:05.0
ALL            BIAS   BIASES               0.0 V       11:55:01 2014-06-07 23:33:06.7 2456816.4813 ccd140607.0005         [23:33:50.7
ALL            BIAS   BIASES               0.0 V       11:56:00 2014-06-07 23:34:05.2 2456816.4820 ccd140607.0006         [23:34:49.9
ALL            BIAS   BIASES               0.0 V       11:56:47 2014-06-07 23:34:52.2 2456816.4825 ccd140607.0007         [23:35:36.1
ALL            BIAS   BIASES               0.0 V       12:01:36 2014-06-07 23:39:40.3 2456816.4859 ccd140607.0008         [23:40:25.2
ALL            BIAS   BIASES               0.0 V       12:02:23 2014-06-07 23:40:27.5 2456816.4864 ccd140607.0009         [23:41:11.3
ALL            BIAS   BIASES               0.0 V       12:03:21 2014-06-07 23:41:24.9 2456816.4871 ccd140607.0010         [23:42:09.5
ALL            BIAS   BIASES               0.0 V       12:04:07 2014-06-07 23:42:11.3 2456816.4876 ccd140607.0011         [23:42:55.1
ALL            OBJECT JUNK                 5.0 J       12:28:24 2014-06-08 00:06:24.3 2456816.5044 ir140607junk.0001      [00:06:47.0
ALL            OBJECT JUNK                 5.0 J       12:28:45 2014-06-08 00:06:45.0 2456816.5047 ir140607junk.0002      [00:07:06.4
ALL            OBJECT JUNK                 1.0 I       12:28:27 2014-06-08 00:06:26.8 2456816.5045 ccd140607.0012         [00:07:12.4
ALL            OBJECT JUNK                 5.0 J       12:29:05 2014-06-08 00:07:05.4 2456816.5049 ir140607junk.0003      [00:07:26.7
ALL            OBJECT JUNK                 5.0 J       12:29:26 2014-06-08 00:07:25.7 2456816.5052 ir140607junk.0004      [00:07:47.9
ALL            OBJECT JUNK                 5.0 J       12:29:47 2014-06-08 00:07:47.2 2456816.5054 ir140607junk.0005      [00:08:08.6
ALL            OBJECT J Dome Flat         49.0 J       12:30:48 2014-06-08 00:08:48.1 2456816.5061 ir140607domeJ.0001     [00:09:54.3
ALL            OBJECT J Dome Flat         49.0 J       12:31:53 2014-06-08 00:09:53.1 2456816.5069 ir140607domeJ.0002     [00:10:58.4
ALL            OBJECT J Dome Flat         49.0 J       12:32:59 2014-06-08 00:10:58.5 2456816.5076 ir140607domeJ.0003     [00:12:04.7
ALL            OBJECT J Dome Flat         49.0 J       12:34:05 2014-06-08 00:12:04.1 2456816.5084 ir140607domeJ.0004     [00:13:09.4
ALL            OBJECT J Dome Flat         49.0 J       12:35:10 2014-06-08 00:13:09.1 2456816.5091 ir140607domeJ.0005     [00:14:15.4
ALL            OBJECT J Dome Flat         49.0 J       12:36:15 2014-06-08 00:14:14.4 2456816.5099 ir140607domeJ.0006     [00:15:19.7
ALL            OBJECT J Dome Flat         49.0 J       12:36:15 2014-06-08 00:14:14.4 2456816.5099 ir140607domeJ.0007     [00:16:35.5
ALL            OBJECT J Dome Flat         49.0 J       12:38:36 2014-06-08 00:16:34.5 2456816.5115 ir140607domeJ.0008     [00:17:39.8
ALL            OBJECT J Dome Flat         49.0 J       12:39:41 2014-06-08 00:17:39.4 2456816.5123 ir140607domeJ.0009     [00:18:45.7
ALL            OBJECT J Dome Flat         49.0 J       12:40:47 2014-06-08 00:18:44.8 2456816.5130 ir140607domeJ.0010     [00:19:50.1
ALL            OBJECT J Dome Flat         49.0 J       12:41:52 2014-06-08 00:19:49.9 2456816.5138 ir140607domeJ.0011     [00:20:56.2
ALL            OBJECT J Dome Flat         49.0 J       12:42:59 2014-06-08 00:20:56.2 2456816.5145 ir140607domeJ.0012     [00:22:01.5
ALL            OBJECT J Dome Flat         49.0 J       12:44:04 2014-06-08 00:22:01.6 2456816.5153 ir140607domeJ.0013     [00:23:07.9
ALL            OBJECT J Dome Flat         49.0 J       12:45:09 2014-06-08 00:23:06.9 2456816.5161 ir140607domeJ.0014     [00:24:12.3
ALL            OBJECT J Dome Flat         49.0 J       12:46:19 2014-06-08 00:24:15.9 2456816.5169 ir140607domeJ.0015     [00:25:22.3
ALL            OBJECT J Dome Flat         49.0 J       12:47:24 2014-06-08 00:25:21.0 2456816.5176 ir140607domeJ.0016     [00:26:26.3
ALL            OBJECT J Dome Flat         49.0 J       12:48:30 2014-06-08 00:26:26.4 2456816.5184 ir140607domeJ.0017     [00:27:32.6
ALL            OBJECT J Dome Flat         49.0 J       12:49:35 2014-06-08 00:27:31.8 2456816.5191 ir140607domeJ.0018     [00:28:37.1
ALL            OBJECT J Dome Flat         49.0 J       12:50:40 2014-06-08 00:28:36.6 2456816.5199 ir140607domeJ.0019     [00:29:43.0
ALL            OBJECT J Dome Flat         49.0 J       12:51:46 2014-06-08 00:29:41.9 2456816.5206 ir140607domeJ.0020     [00:30:47.2
ALL            OBJECT J Dome Flat         49.0 J       12:52:51 2014-06-08 00:30:47.1 2456816.5214 ir140607domeJ.0021     [00:31:53.4
ALL            OBJECT J Dome Flat         49.0 J       12:53:56 2014-06-08 00:31:52.0 2456816.5221 ir140607domeJ.0022     [00:32:57.3
ALL            OBJECT J Dome Flat         49.0 J       12:55:01 2014-06-08 00:32:56.9 2456816.5229 ir140607domeJ.0023     [00:34:03.1
ALL            OBJECT J Dome Flat         49.0 J       12:56:07 2014-06-08 00:34:02.1 2456816.5236 ir140607domeJ.0024     [00:35:07.5
ALL            OBJECT J Dome Flat         49.0 J       12:57:12 2014-06-08 00:35:07.5 2456816.5244 ir140607domeJ.0025     [00:36:13.9
ALL            OBJECT J Dome Flat         49.0 J       12:58:17 2014-06-08 00:36:12.5 2456816.5252 ir140607domeJ.0026     [00:37:17.8
ALL            OBJECT J Dome Flat         49.0 J       12:59:23 2014-06-08 00:37:17.7 2456816.5259 ir140607domeJ.0027     [00:38:23.9
ALL            OBJECT J Dome Flat         49.0 J       13:00:28 2014-06-08 00:38:23.0 2456816.5267 ir140607domeJ.0028     [00:39:28.5
ALL            OBJECT J Dome Flat         49.0 J       13:01:37 2014-06-08 00:39:32.0 2456816.5275 ir140607domeJ.0029     [00:40:38.2
ALL            OBJECT J Dome Flat         49.0 J       13:02:42 2014-06-08 00:40:37.0 2456816.5282 ir140607domeJ.0030     [00:41:42.4
ALL            OBJECT J Dome Flat         49.0 J       13:02:42 2014-06-08 00:40:37.0 2456816.5282 ir140607domeJ.0031     [00:42:58.6
ALL            OBJECT J Dome Flat         49.0 J       13:05:03 2014-06-08 00:42:57.4 2456816.5298 ir140607domeJ.0032     [00:44:02.7
ALL            OBJECT J Dome Flat         49.0 J       13:06:08 2014-06-08 00:44:02.4 2456816.5306 ir140607domeJ.0033     [00:45:08.7
ALL            OBJECT J Dome Flat         49.0 J       13:07:14 2014-06-08 00:45:07.7 2456816.5313 ir140607domeJ.0034     [00:46:13.1
ALL            OBJECT J Dome Flat         49.0 J       13:08:19 2014-06-08 00:46:12.9 2456816.5321 ir140607domeJ.0035     [00:47:19.1
ALL            OBJECT J Dome Flat         49.0 J       13:09:24 2014-06-08 00:47:17.7 2456816.5329 ir140607domeJ.0036     [00:48:23.0
ALL            OBJECT J Dome Flat         49.0 J       13:10:30 2014-06-08 00:48:22.8 2456816.5336 ir140607domeJ.0037     [00:49:29.1
ALL            OBJECT J Dome Flat         49.0 J       13:11:35 2014-06-08 00:49:28.2 2456816.5344 ir140607domeJ.0038     [00:50:33.5
ALL            OBJECT J Dome Flat         49.0 J       13:12:41 2014-06-08 00:50:33.6 2456816.5351 ir140607domeJ.0039     [00:51:39.8
ALL            OBJECT J Dome Flat         49.0 J       13:13:46 2014-06-08 00:51:38.7 2456816.5359 ir140607domeJ.0040     [00:52:44.1
ALL            OBJECT J Dome Flat         49.0 J       13:14:52 2014-06-08 00:52:44.2 2456816.5366 ir140607domeJ.0041     [00:53:50.5
ALL            OBJECT J Dome Flat         49.0 J       13:15:57 2014-06-08 00:53:49.4 2456816.5374 ir140607domeJ.0042     [00:54:54.8
ALL            OBJECT J Dome Flat         49.0 J       13:17:06 2014-06-08 00:54:58.1 2456816.5382 ir140607domeJ.0043     [00:56:04.4
ALL            OBJECT J Dome Flat         49.0 J       13:18:11 2014-06-08 00:56:03.1 2456816.5389 ir140607domeJ.0044     [00:57:08.7
ALL            OBJECT J Dome Flat         49.0 J       13:19:17 2014-06-08 00:57:08.9 2456816.5397 ir140607domeJ.0045     [00:58:15.0
ALL            OBJECT J Dome Flat         49.0 J       13:20:22 2014-06-08 00:58:14.1 2456816.5405 ir140607domeJ.0046     [00:59:19.5
ALL            OBJECT J Dome Flat         49.0 J       13:21:28 2014-06-08 00:59:19.2 2456816.5412 ir140607domeJ.0047     [01:00:25.3
ALL            OBJECT J Dome Flat         49.0 J       13:22:33 2014-06-08 01:00:24.4 2456816.5420 ir140607domeJ.0048     [01:01:29.6
ALL            OBJECT J Dome Flat         49.0 J       13:23:38 2014-06-08 01:01:29.5 2456816.5427 ir140607domeJ.0049     [01:02:35.9
ALL            OBJECT J Dome Flat         49.0 J       13:24:43 2014-06-08 01:02:34.4 2456816.5435 ir140607domeJ.0050     [01:03:39.6
ALL            OBJECT J Dome Flat         49.0 J       13:25:49 2014-06-08 01:03:40.1 2456816.5442 ir140607domeJ.0051     [01:04:46.4
ALL            OBJECT J Dome Flat         49.0 J       13:26:55 2014-06-08 01:04:45.4 2456816.5450 ir140607domeJ.0052     [01:05:50.6
ALL            OBJECT J Dome Flat         49.0 J       13:28:00 2014-06-08 01:05:50.6 2456816.5457 ir140607domeJ.0053     [01:06:57.4
ALL            OBJECT J Dome Flat         49.0 J       13:29:05 2014-06-08 01:06:55.4 2456816.5465 ir140607domeJ.0054     [01:08:00.7
ALL            OBJECT J Dome Flat         49.0 J       13:29:05 2014-06-08 01:06:55.4 2456816.5465 ir140607domeJ.0055     [01:09:16.7
ALL            OBJECT J Dome Flat         49.0 J       13:31:26 2014-06-08 01:09:15.5 2456816.5481 ir140607domeJ.0056     [01:10:20.9
ALL            OBJECT J Dome Flat         49.0 J       13:32:35 2014-06-08 01:10:24.2 2456816.5489 ir140607domeJ.0057     [01:11:30.4
ALL            OBJECT J Dome Flat         49.0 J       13:33:40 2014-06-08 01:11:29.0 2456816.5496 ir140607domeJ.0058     [01:12:34.3
ALL            OBJECT J Dome Flat         49.0 J       13:34:45 2014-06-08 01:12:34.3 2456816.5504 ir140607domeJ.0059     [01:13:40.5
ALL            OBJECT J Dome Flat         49.0 J       13:35:50 2014-06-08 01:13:39.5 2456816.5512 ir140607domeJ.0060     [01:14:44.9
ALL            OBJECT J Dome Flat         49.0 J       13:36:56 2014-06-08 01:14:44.7 2456816.5519 ir140607domeJ.0061     [01:15:51.2
ALL            OBJECT J Dome Flat         49.0 J       13:38:01 2014-06-08 01:15:49.8 2456816.5527 ir140607domeJ.0062     [01:16:55.1
ALL            OBJECT J Dome Flat         49.0 J       13:39:06 2014-06-08 01:16:55.0 2456816.5534 ir140607domeJ.0063     [01:18:01.3
ALL            OBJECT J Dome Flat         49.0 J       13:40:12 2014-06-08 01:18:00.0 2456816.5542 ir140607domeJ.0064     [01:19:05.2
ALL            OBJECT J Dome Flat         49.0 J       13:41:17 2014-06-08 01:19:04.9 2456816.5549 ir140607domeJ.0065     [01:20:11.1
ALL            OBJECT J Dome Flat         49.0 J       13:42:22 2014-06-08 01:20:10.4 2456816.5557 ir140607domeJ.0066     [01:21:15.6
ALL            OBJECT J Dome Flat         49.0 J       13:43:28 2014-06-08 01:21:15.7 2456816.5564 ir140607domeJ.0067     [01:22:22.5
ALL            OBJECT J Dome Flat         49.0 J       13:44:33 2014-06-08 01:22:20.5 2456816.5572 ir140607domeJ.0068     [01:23:25.8
ALL            OBJECT J Dome Flat         49.0 J       13:45:38 2014-06-08 01:23:25.7 2456816.5579 ir140607domeJ.0069     [01:24:32.0
ALL            OBJECT J Dome Flat         49.0 J       13:46:44 2014-06-08 01:24:31.1 2456816.5587 ir140607domeJ.0070     [01:25:36.5
ALL            OBJECT JUNK                 5.0 J       13:48:48 2014-06-08 01:26:35.0 2456816.5601 ir140607junk2.0001     [01:26:57.6
ALL            OBJECT JUNK                 5.0 J       13:49:09 2014-06-08 01:26:55.6 2456816.5604 ir140607junk2.0002     [01:27:16.9
ALL            OBJECT JUNK                 1.0 I       13:48:51 2014-06-08 01:26:37.5 2456816.5602 ccd140607.0013         [01:27:23.1
ALL            OBJECT JUNK                 5.0 J       13:49:29 2014-06-08 01:27:16.1 2456816.5606 ir140607junk2.0003     [01:27:37.4
ALL            OBJECT JUNK                 5.0 J       13:49:50 2014-06-08 01:27:36.5 2456816.5609 ir140607junk2.0004     [01:27:59.0
ALL            OBJECT JUNK                 5.0 J       13:50:10 2014-06-08 01:27:57.1 2456816.5611 ir140607junk2.0005     [01:28:18.3
ALL            OBJECT J Dome LampOff      49.0 J       13:50:37 2014-06-08 01:28:23.5 2456816.5614 ir140607domeoffJ.0001  [01:29:29.7
ALL            OBJECT J Dome LampOff      49.0 J       13:51:42 2014-06-08 01:29:28.6 2456816.5621 ir140607domeoffJ.0002  [01:30:33.7
ALL            OBJECT J Dome LampOff      49.0 J       13:52:48 2014-06-08 01:30:34.0 2456816.5629 ir140607domeoffJ.0003  [01:31:40.1
ALL            OBJECT J Dome LampOff      49.0 J       13:53:53 2014-06-08 01:31:39.0 2456816.5636 ir140607domeoffJ.0004  [01:32:44.3
ALL            OBJECT J Dome LampOff      49.0 J       13:54:58 2014-06-08 01:32:43.9 2456816.5644 ir140607domeoffJ.0005  [01:33:49.9
ALL            OBJECT J Dome LampOff      49.0 J       13:56:03 2014-06-08 01:33:48.8 2456816.5652 ir140607domeoffJ.0006  [01:34:54.1
ALL            OBJECT J Dome LampOff      49.0 J       13:57:08 2014-06-08 01:34:53.9 2456816.5659 ir140607domeoffJ.0007  [01:36:00.2
ALL            OBJECT J Dome LampOff      49.0 J       13:58:13 2014-06-08 01:35:58.8 2456816.5667 ir140607domeoffJ.0008  [01:37:04.1
ALL            OBJECT J Dome LampOff      49.0 J       13:59:19 2014-06-08 01:37:03.7 2456816.5674 ir140607domeoffJ.0009  [01:38:10.0
ALL            OBJECT J Dome LampOff      49.0 J       14:00:24 2014-06-08 01:38:09.0 2456816.5682 ir140607domeoffJ.0010  [01:39:14.4
ALL            OBJECT J Dome LampOff      49.0 J       14:01:29 2014-06-08 01:39:14.4 2456816.5689 ir140607domeoffJ.0011  [01:40:20.6
ALL            OBJECT J Dome LampOff      49.0 J       14:02:35 2014-06-08 01:40:19.5 2456816.5697 ir140607domeoffJ.0012  [01:41:24.7
ALL            OBJECT J Dome LampOff      49.0 J       14:03:40 2014-06-08 01:41:24.5 2456816.5704 ir140607domeoffJ.0013  [01:42:30.7
ALL            OBJECT J Dome LampOff      49.0 J       14:04:46 2014-06-08 01:42:29.8 2456816.5712 ir140607domeoffJ.0014  [01:43:35.2
ALL            OBJECT J Dome LampOff      49.0 J       14:05:54 2014-06-08 01:43:38.4 2456816.5720 ir140607domeoffJ.0015  [01:44:45.4
ALL            OBJECT J Dome LampOff      49.0 J       14:07:00 2014-06-08 01:44:43.6 2456816.5727 ir140607domeoffJ.0016  [01:45:48.9
ALL            OBJECT J Dome LampOff      49.0 J       14:08:05 2014-06-08 01:45:49.0 2456816.5735 ir140607domeoffJ.0017  [01:46:55.4
ALL            OBJECT J Dome LampOff      49.0 J       14:09:11 2014-06-08 01:46:54.4 2456816.5743 ir140607domeoffJ.0018  [01:47:59.7
ALL            OBJECT J Dome LampOff      49.0 J       14:10:16 2014-06-08 01:47:59.2 2456816.5750 ir140607domeoffJ.0019  [01:49:05.4
ALL            OBJECT J Dome LampOff      49.0 J       14:11:21 2014-06-08 01:49:04.3 2456816.5757 ir140607domeoffJ.0020  [01:50:09.6
ALL            OBJECT J Dome LampOff      49.0 J       14:12:26 2014-06-08 01:50:09.5 2456816.5765 ir140607domeoffJ.0021  [01:51:15.6
ALL            OBJECT J Dome LampOff      49.0 J       14:13:31 2014-06-08 01:51:14.2 2456816.5773 ir140607domeoffJ.0022  [01:52:19.3
ALL            OBJECT J Dome LampOff      49.0 J       14:14:36 2014-06-08 01:52:19.1 2456816.5780 ir140607domeoffJ.0023  [01:53:25.4
ALL            OBJECT J Dome LampOff      49.0 J       14:15:42 2014-06-08 01:53:24.5 2456816.5788 ir140607domeoffJ.0024  [01:54:29.7
ALL            OBJECT J Dome LampOff      49.0 J       14:16:47 2014-06-08 01:54:29.7 2456816.5795 ir140607domeoffJ.0025  [01:55:36.0
ALL            OBJECT J Dome LampOff      49.0 J       14:17:52 2014-06-08 01:55:34.6 2456816.5803 ir140607domeoffJ.0026  [01:56:39.9
ALL            OBJECT J Dome LampOff      49.0 J       14:18:58 2014-06-08 01:56:39.7 2456816.5810 ir140607domeoffJ.0027  [01:57:45.8
ALL            OBJECT J Dome LampOff      49.0 J       14:20:03 2014-06-08 01:57:44.8 2456816.5818 ir140607domeoffJ.0028  [01:58:50.3
ALL            OBJECT J Dome LampOff      49.0 J       14:21:12 2014-06-08 01:58:53.6 2456816.5826 ir140607domeoffJ.0029  [01:59:59.8
ALL            OBJECT J Dome LampOff      49.0 J       14:22:17 2014-06-08 01:59:58.5 2456816.5833 ir140607domeoffJ.0030  [02:01:03.8
ALL            OBJECT J Dome LampOff      49.0 J       14:23:23 2014-06-08 02:01:03.9 2456816.5841 ir140607domeoffJ.0031  [02:02:10.0
ALL            OBJECT J Dome LampOff      49.0 J       14:24:28 2014-06-08 02:02:09.2 2456816.5848 ir140607domeoffJ.0032  [02:03:14.5
ALL            OBJECT J Dome LampOff      49.0 J       14:25:33 2014-06-08 02:03:14.2 2456816.5856 ir140607domeoffJ.0033  [02:04:20.5
ALL            OBJECT J Dome LampOff      49.0 J       14:26:39 2014-06-08 02:04:20.2 2456816.5863 ir140607domeoffJ.0034  [02:05:25.5
ALL            OBJECT J Dome LampOff      49.0 J       14:27:45 2014-06-08 02:05:25.4 2456816.5871 ir140607domeoffJ.0035  [02:06:31.5
ALL            OBJECT J Dome LampOff      49.0 J       14:28:50 2014-06-08 02:06:30.3 2456816.5879 ir140607domeoffJ.0036  [02:07:35.7
ALL            OBJECT J Dome LampOff      49.0 J       14:29:55 2014-06-08 02:07:35.3 2456816.5886 ir140607domeoffJ.0037  [02:08:41.5
ALL            OBJECT J Dome LampOff      49.0 J       14:31:01 2014-06-08 02:08:40.6 2456816.5894 ir140607domeoffJ.0038  [02:09:45.9
ALL            OBJECT J Dome LampOff      49.0 J       14:32:06 2014-06-08 02:09:45.8 2456816.5901 ir140607domeoffJ.0039  [02:10:52.2
ALL            OBJECT J Dome LampOff      49.0 J       14:33:11 2014-06-08 02:10:50.8 2456816.5909 ir140607domeoffJ.0040  [02:11:56.2
ALL            OBJECT J Dome LampOff      49.0 J       14:34:17 2014-06-08 02:11:56.3 2456816.5916 ir140607domeoffJ.0041  [02:13:02.5
ALL            OBJECT J Dome LampOff      49.0 J       14:35:22 2014-06-08 02:13:01.4 2456816.5924 ir140607domeoffJ.0042  [02:14:06.7
ALL            OBJECT J Dome LampOff      49.0 J       14:36:31 2014-06-08 02:14:10.2 2456816.5932 ir140607domeoffJ.0043  [02:15:16.5
ALL            OBJECT J Dome LampOff      49.0 J       14:37:36 2014-06-08 02:15:15.3 2456816.5939 ir140607domeoffJ.0044  [02:16:20.6
ALL            OBJECT J Dome LampOff      49.0 J       14:38:42 2014-06-08 02:16:20.7 2456816.5947 ir140607domeoffJ.0045  [02:17:26.8
ALL            OBJECT J Dome LampOff      49.0 J       14:39:47 2014-06-08 02:17:25.9 2456816.5954 ir140607domeoffJ.0046  [02:18:31.9
ALL            OBJECT J Dome LampOff      49.0 J       14:40:53 2014-06-08 02:18:31.1 2456816.5962 ir140607domeoffJ.0047  [02:19:37.3
ALL            OBJECT J Dome LampOff      49.0 J       14:41:58 2014-06-08 02:19:36.2 2456816.5970 ir140607domeoffJ.0048  [02:20:41.5
ALL            OBJECT J Dome LampOff      49.0 J       14:43:03 2014-06-08 02:20:41.4 2456816.5977 ir140607domeoffJ.0049  [02:21:47.6
ALL            OBJECT J Dome LampOff      49.0 J       14:44:08 2014-06-08 02:21:46.3 2456816.5985 ir140607domeoffJ.0050  [02:22:51.6
ALL            OBJECT J Dome LampOff      49.0 J       14:45:14 2014-06-08 02:22:51.3 2456816.5992 ir140607domeoffJ.0051  [02:23:57.7
ALL            OBJECT J Dome LampOff      49.0 J       14:46:19 2014-06-08 02:23:56.4 2456816.6000 ir140607domeoffJ.0052  [02:25:01.7
ALL            OBJECT J Dome LampOff      49.0 J       14:47:25 2014-06-08 02:25:02.0 2456816.6007 ir140607domeoffJ.0053  [02:26:08.3
ALL            OBJECT J Dome LampOff      49.0 J       14:48:30 2014-06-08 02:26:06.9 2456816.6015 ir140607domeoffJ.0054  [02:27:12.2
ALL            OBJECT J Dome LampOff      49.0 J       14:49:35 2014-06-08 02:27:12.0 2456816.6022 ir140607domeoffJ.0055  [02:28:18.1
ALL            OBJECT J Dome LampOff      49.0 J       14:50:40 2014-06-08 02:28:17.2 2456816.6030 ir140607domeoffJ.0056  [02:29:22.5
ALL            OBJECT J Dome LampOff      49.0 J       14:51:49 2014-06-08 02:29:26.0 2456816.6038 ir140607domeoffJ.0057  [02:30:32.2
ALL            OBJECT J Dome LampOff      49.0 J       14:52:54 2014-06-08 02:30:30.9 2456816.6045 ir140607domeoffJ.0058  [02:31:36.2
ALL            OBJECT J Dome LampOff      49.0 J       14:54:00 2014-06-08 02:31:36.1 2456816.6053 ir140607domeoffJ.0059  [02:32:42.3
ALL            OBJECT J Dome LampOff      49.0 J       14:55:05 2014-06-08 02:32:41.4 2456816.6060 ir140607domeoffJ.0060  [02:33:46.6
ALL            OBJECT J Dome LampOff      49.0 J       14:56:10 2014-06-08 02:33:46.3 2456816.6068 ir140607domeoffJ.0061  [02:34:53.4
ALL            OBJECT J Dome LampOff      49.0 J       14:57:16 2014-06-08 02:34:51.3 2456816.6075 ir140607domeoffJ.0062  [02:35:56.6
ALL            OBJECT J Dome LampOff      49.0 J       14:58:21 2014-06-08 02:35:56.5 2456816.6083 ir140607domeoffJ.0063  [02:37:02.8
ALL            OBJECT J Dome LampOff      49.0 J       14:59:26 2014-06-08 02:37:01.6 2456816.6091 ir140607domeoffJ.0064  [02:38:06.8
ALL            OBJECT J Dome LampOff      49.0 J       15:00:31 2014-06-08 02:38:06.5 2456816.6098 ir140607domeoffJ.0065  [02:39:12.7
ALL            OBJECT J Dome LampOff      49.0 J       15:01:37 2014-06-08 02:39:11.6 2456816.6106 ir140607domeoffJ.0066  [02:40:16.9
ALL            OBJECT J Dome LampOff      49.0 J       15:02:42 2014-06-08 02:40:16.8 2456816.6113 ir140607domeoffJ.0067  [02:41:23.2
ALL            OBJECT J Dome LampOff      49.0 J       15:03:47 2014-06-08 02:41:21.9 2456816.6121 ir140607domeoffJ.0068  [02:42:27.3
ALL            OBJECT J Dome LampOff      49.0 J       15:04:53 2014-06-08 02:42:27.2 2456816.6128 ir140607domeoffJ.0069  [02:43:33.2
ALL            OBJECT J Dome LampOff      49.0 J       15:05:58 2014-06-08 02:43:32.1 2456816.6136 ir140607domeoffJ.0070  [02:44:37.6
ALL            OBJECT focus                7.0 H       15:15:33 2014-06-08 02:53:05.5 2456816.6202 irfoco.0001            [02:53:29.8
ALL            OBJECT focus               10.0 V       15:15:35 2014-06-08 02:53:08.1 2456816.6202 ccdfoco.0001           [02:54:01.9
OSU-03A-0001   OBJECT OB140939            50.0 H       15:22:06 2014-06-08 02:59:37.8 2456816.6247 irfoco.0002            [03:00:45.6
OSU-03A-0001   OBJECT OB140939            50.0 H       15:23:12 2014-06-08 03:00:43.7 2456816.6255 irfoco.0003            [03:01:50.0
OSU-03A-0001   OBJECT OB140939            50.0 H       15:24:18 2014-06-08 03:01:49.7 2456816.6263 irfoco.0004            [03:02:57.0
OSU-03A-0001   OBJECT OB140939            50.0 H       15:25:24 2014-06-08 03:02:55.6 2456816.6270 irfoco.0005            [03:04:01.9
OSU-03A-0001   OBJECT OB140939            50.0 H       15:26:31 2014-06-08 03:04:01.5 2456816.6278 irfoco.0006            [03:05:08.8
OSU-03A-0001   OBJECT OB140939           300.0 I       15:22:09 2014-06-08 02:59:40.3 2456816.6248 ccdfoco.0002           [03:05:24.1
OSU-03A-0001   OBJECT MB14275             50.0 H       15:30:49 2014-06-08 03:08:19.0 2456816.6308 ir140607.0006          [03:09:26.9
OSU-03A-0001   OBJECT MB14275             50.0 H       15:31:55 2014-06-08 03:09:24.8 2456816.6316 ir140607.0007          [03:10:31.2
OSU-03A-0001   OBJECT MB14275             50.0 H       15:33:01 2014-06-08 03:10:31.0 2456816.6323 ir140607.0008          [03:11:38.2
OSU-03A-0001   OBJECT MB14275             50.0 H       15:34:07 2014-06-08 03:11:37.1 2456816.6331 ir140607.0009          [03:12:43.5
OSU-03A-0001   OBJECT MB14275             50.0 H       15:35:13 2014-06-08 03:12:43.0 2456816.6338 ir140607.0010          [03:13:50.3
OSU-03A-0001   OBJECT MB14275            300.0 I       15:30:51 2014-06-08 03:08:21.6 2456816.6308 ccd140607.0002         [03:14:05.4
OSU-03A-0001   OBJECT MB14275             50.0 H       15:36:41 2014-06-08 03:14:09.8 2456816.6348 ir140607.0011          [03:15:17.7
OSU-03A-0001   OBJECT MB14275             50.0 H       15:37:47 2014-06-08 03:15:15.7 2456816.6356 ir140607.0012          [03:16:22.0
OSU-03A-0001   OBJECT MB14275             50.0 H       15:38:53 2014-06-08 03:16:21.8 2456816.6364 ir140607.0013          [03:17:29.5
OSU-03A-0001   OBJECT MB14275             50.0 H       15:39:59 2014-06-08 03:17:27.9 2456816.6371 ir140607.0014          [03:18:34.1
OSU-03A-0001   OBJECT MB14275             50.0 H       15:41:05 2014-06-08 03:18:33.7 2456816.6379 ir140607.0015          [03:19:41.0
OSU-03A-0001   OBJECT MB14275            300.0 I       15:36:43 2014-06-08 03:14:12.4 2456816.6349 ccd140607.0003         [03:19:56.1
OSU-03A-0001   OBJECT MB14275             50.0 H       15:42:32 2014-06-08 03:20:00.4 2456816.6389 ir140607.0016          [03:21:07.8
OSU-03A-0001   OBJECT MB14275             50.0 H       15:43:38 2014-06-08 03:21:06.5 2456816.6397 ir140607.0017          [03:22:12.8
OSU-03A-0001   OBJECT MB14275             50.0 H       15:44:45 2014-06-08 03:22:12.6 2456816.6404 ir140607.0018          [03:23:20.0
OSU-03A-0001   OBJECT MB14275             50.0 H       15:45:51 2014-06-08 03:23:18.6 2456816.6412 ir140607.0019          [03:24:25.3
OSU-03A-0001   OBJECT MB14275             50.0 H       15:46:57 2014-06-08 03:24:24.8 2456816.6420 ir140607.0020          [03:25:32.0
OSU-03A-0001   OBJECT MB14275            300.0 I       15:42:35 2014-06-08 03:20:03.0 2456816.6389 ccd140607.0004         [03:25:46.8
OSU-03A-0001   OBJECT MB14275             50.0 H       15:48:24 2014-06-08 03:25:51.1 2456816.6430 ir140607.0021          [03:26:58.5
OSU-03A-0001   OBJECT MB14275             50.0 H       15:49:30 2014-06-08 03:26:57.1 2456816.6437 ir140607.0022          [03:28:03.4
OSU-03A-0001   OBJECT MB14275             50.0 H       15:50:36 2014-06-08 03:28:03.2 2456816.6445 ir140607.0023          [03:29:10.4
OSU-03A-0001   OBJECT MB14275             50.0 H       15:51:43 2014-06-08 03:29:09.4 2456816.6453 ir140607.0024          [03:30:15.7
OSU-03A-0001   OBJECT MB14275             50.0 H       15:52:49 2014-06-08 03:30:15.5 2456816.6460 ir140607.0025          [03:31:22.8
OSU-03A-0001   OBJECT MB14275            300.0 I       15:48:26 2014-06-08 03:25:53.6 2456816.6430 ccd140607.0005         [03:31:37.4
OSU-03A-0001   OBJECT MB14275             50.0 H       15:54:15 2014-06-08 03:31:41.7 2456816.6470 ir140607.0026          [03:32:48.8
OSU-03A-0001   OBJECT MB14275             50.0 H       15:55:21 2014-06-08 03:32:47.5 2456816.6478 ir140607.0027          [03:33:53.8
OSU-03A-0001   OBJECT MB14275             50.0 H       15:56:27 2014-06-08 03:33:53.5 2456816.6485 ir140607.0028          [03:35:00.9
OSU-03A-0001   OBJECT MB14275             50.0 H       15:57:34 2014-06-08 03:34:59.7 2456816.6493 ir140607.0029          [03:36:06.0
OSU-03A-0001   OBJECT MB14275             50.0 H       15:58:40 2014-06-08 03:36:05.7 2456816.6501 ir140607.0030          [03:37:12.9
OSU-03A-0001   OBJECT MB14275            300.0 I       15:54:18 2014-06-08 03:31:44.3 2456816.6470 ccd140607.0006         [03:37:28.1
OSU-03A-0001   OBJECT MB14275             50.0 H       16:00:07 2014-06-08 03:37:32.5 2456816.6511 ir140607.0031          [03:38:39.8
OSU-03A-0001   OBJECT MB14275             50.0 H       16:01:13 2014-06-08 03:38:38.4 2456816.6518 ir140607.0032          [03:39:44.7
OSU-03A-0001   OBJECT MB14275             50.0 H       16:02:19 2014-06-08 03:39:44.5 2456816.6526 ir140607.0033          [03:40:51.7
OSU-03A-0001   OBJECT MB14275             50.0 H       16:03:26 2014-06-08 03:40:50.6 2456816.6534 ir140607.0034          [03:41:56.9
OSU-03A-0001   OBJECT MB14275             50.0 H       16:04:32 2014-06-08 03:41:56.5 2456816.6541 ir140607.0035          [03:43:03.8
OSU-03A-0001   OBJECT MB14275            300.0 I       16:00:10 2014-06-08 03:37:34.9 2456816.6511 ccd140607.0007         [03:43:18.7
OSU-03A-0001   OBJECT MB14275             50.0 H       16:05:58 2014-06-08 03:43:23.0 2456816.6551 ir140607.0036          [03:44:30.4
OSU-03A-0001   OBJECT MB14275             50.0 H       16:07:05 2014-06-08 03:44:28.9 2456816.6559 ir140607.0037          [03:45:35.2
OSU-03A-0001   OBJECT MB14275             50.0 H       16:08:11 2014-06-08 03:45:35.0 2456816.6567 ir140607.0038          [03:46:42.2
OSU-03A-0001   OBJECT MB14275             50.0 H       16:09:17 2014-06-08 03:46:41.1 2456816.6574 ir140607.0039          [03:47:47.4
OSU-03A-0001   OBJECT MB14275             50.0 H       16:10:24 2014-06-08 03:47:47.7 2456816.6582 ir140607.0040          [03:48:55.3
OSU-03A-0001   OBJECT MB14275            300.0 I       16:06:01 2014-06-08 03:43:25.6 2456816.6552 ccd140607.0008         [03:49:09.4
OSU-03A-0001   OBJECT MB14275             50.0 H       16:11:50 2014-06-08 03:49:13.7 2456816.6592 ir140607.0041          [03:50:21.2
OSU-03A-0001   OBJECT MB14275             50.0 H       16:12:57 2014-06-08 03:50:19.8 2456816.6600 ir140607.0042          [03:51:26.1
OSU-03A-0001   OBJECT MB14275             50.0 H       16:14:03 2014-06-08 03:51:26.1 2456816.6607 ir140607.0043          [03:52:33.4
OSU-03A-0001   OBJECT MB14275             50.0 H       16:15:09 2014-06-08 03:52:32.2 2456816.6615 ir140607.0044          [03:53:38.6
OSU-03A-0001   OBJECT MB14275             50.0 H       16:16:15 2014-06-08 03:53:38.0 2456816.6623 ir140607.0045          [03:54:45.4
OSU-03A-0001   OBJECT MB14275            300.0 I       16:11:53 2014-06-08 03:49:16.2 2456816.6592 ccd140607.0009         [03:55:00.0
OSU-03A-0001   OBJECT MB14275             50.0 H       16:17:42 2014-06-08 03:55:04.4 2456816.6633 ir140607.0046          [03:56:12.4
OSU-03A-0001   OBJECT MB14275             50.0 H       16:18:48 2014-06-08 03:56:10.2 2456816.6640 ir140607.0047          [03:57:16.5
OSU-03A-0001   OBJECT MB14275             50.0 H       16:19:54 2014-06-08 03:57:16.3 2456816.6648 ir140607.0048          [03:58:23.6
OSU-03A-0001   OBJECT MB14275             50.0 H       16:21:00 2014-06-08 03:58:22.5 2456816.6656 ir140607.0049          [03:59:28.7
OSU-03A-0001   OBJECT MB14275             50.0 H       16:22:07 2014-06-08 03:59:28.7 2456816.6663 ir140607.0050          [04:00:36.0
OSU-03A-0001   OBJECT MB14275            300.0 I       16:17:44 2014-06-08 03:55:06.8 2456816.6633 ccd140607.0010         [04:00:50.7
OSU-03A-0001   OBJECT MB14275             50.0 H       16:23:36 2014-06-08 04:00:57.9 2456816.6673 ir140607.0051          [04:02:05.2
OSU-03A-0001   OBJECT MB14275             50.0 H       16:24:42 2014-06-08 04:02:03.8 2456816.6681 ir140607.0052          [04:03:10.1
OSU-03A-0001   OBJECT MB14275             50.0 H       16:25:49 2014-06-08 04:03:10.0 2456816.6689 ir140607.0053          [04:04:17.2
OSU-03A-0001   OBJECT MB14275             50.0 H       16:26:55 2014-06-08 04:04:15.9 2456816.6696 ir140607.0054          [04:05:22.2
OSU-03A-0001   OBJECT MB14275             50.0 H       16:28:01 2014-06-08 04:05:21.8 2456816.6704 ir140607.0055          [04:06:29.0
OSU-03A-0001   OBJECT MB14275            300.0 V       16:23:39 2014-06-08 04:01:00.5 2456816.6674 ccd140607.0011         [04:06:44.2
OSU-03A-0001   OBJECT MB14275             50.0 H       16:29:49 2014-06-08 04:07:09.8 2456816.6716 ir140607.0056          [04:08:17.1
OSU-03A-0001   OBJECT MB14275             50.0 H       16:30:55 2014-06-08 04:08:15.7 2456816.6724 ir140607.0057          [04:09:22.0
OSU-03A-0001   OBJECT MB14275             50.0 H       16:32:02 2014-06-08 04:09:21.8 2456816.6732 ir140607.0058          [04:10:29.1
OSU-03A-0001   OBJECT MB14275             50.0 H       16:33:08 2014-06-08 04:10:28.0 2456816.6739 ir140607.0059          [04:11:34.3
OSU-03A-0001   OBJECT MB14275             50.0 H       16:34:14 2014-06-08 04:11:33.9 2456816.6747 ir140607.0060          [04:12:41.9
OSU-03A-0001   OBJECT MB14275            300.0 I       16:29:52 2014-06-08 04:07:12.3 2456816.6717 ccd140607.0012         [04:12:56.2
OSU-03A-0001   OBJECT MB14275             50.0 H       16:35:41 2014-06-08 04:13:00.2 2456816.6757 ir140607.0061          [04:14:07.4
OSU-03A-0001   OBJECT MB14275             50.0 H       16:36:47 2014-06-08 04:14:06.0 2456816.6765 ir140607.0062          [04:15:12.3
OSU-03A-0001   OBJECT MB14275             50.0 H       16:37:53 2014-06-08 04:15:12.2 2456816.6772 ir140607.0063          [04:16:19.4
OSU-03A-0001   OBJECT MB14275             50.0 H       16:38:59 2014-06-08 04:16:18.3 2456816.6780 ir140607.0064          [04:17:24.7
OSU-03A-0001   OBJECT MB14275             50.0 H       16:40:06 2014-06-08 04:17:24.4 2456816.6788 ir140607.0065          [04:18:31.7
OSU-03A-0001   OBJECT MB14275            300.0 I       16:35:43 2014-06-08 04:13:02.8 2456816.6757 ccd140607.0013         [04:18:46.6
OSU-03A-0001   OBJECT MB14275             50.0 H       16:41:32 2014-06-08 04:18:51.2 2456816.6798 ir140607.0066          [04:19:58.6
OSU-03A-0001   OBJECT MB14275             50.0 H       16:42:39 2014-06-08 04:19:57.2 2456816.6805 ir140607.0067          [04:21:03.5
OSU-03A-0001   OBJECT MB14275             50.0 H       16:43:45 2014-06-08 04:21:03.2 2456816.6813 ir140607.0068          [04:22:10.4
OSU-03A-0001   OBJECT MB14275             50.0 H       16:44:51 2014-06-08 04:22:09.2 2456816.6821 ir140607.0069          [04:23:15.5
OSU-03A-0001   OBJECT MB14275             50.0 H       16:45:57 2014-06-08 04:23:15.2 2456816.6828 ir140607.0070          [04:24:22.5
OSU-03A-0001   OBJECT MB14275            300.0 I       16:41:35 2014-06-08 04:18:53.9 2456816.6798 ccd140607.0014         [04:24:37.7
OSU-03A-0001   OBJECT MB14275             50.0 H       16:47:24 2014-06-08 04:24:42.1 2456816.6838 ir140607.0071          [04:25:49.9
OSU-03A-0001   OBJECT MB14275             50.0 H       16:48:30 2014-06-08 04:25:48.0 2456816.6846 ir140607.0072          [04:26:54.3
OSU-03A-0001   OBJECT MB14275             50.0 H       16:49:37 2014-06-08 04:26:54.1 2456816.6854 ir140607.0073          [04:28:01.3
OSU-03A-0001   OBJECT MB14275             50.0 H       16:50:43 2014-06-08 04:28:00.3 2456816.6861 ir140607.0074          [04:29:06.5
OSU-03A-0001   OBJECT MB14275             50.0 H       16:51:49 2014-06-08 04:29:06.2 2456816.6869 ir140607.0075          [04:30:13.4
OSU-03A-0001   OBJECT MB14275            300.0 I       16:47:27 2014-06-08 04:24:44.6 2456816.6839 ccd140607.0015         [04:30:28.4
OSU-03A-0001   OBJECT MB14275             50.0 H       16:53:16 2014-06-08 04:30:32.8 2456816.6879 ir140607.0076          [04:31:40.5
OSU-03A-0001   OBJECT MB14275             50.0 H       16:54:22 2014-06-08 04:31:38.6 2456816.6886 ir140607.0077          [04:32:44.9
OSU-03A-0001   OBJECT MB14275             50.0 H       16:55:28 2014-06-08 04:32:44.7 2456816.6894 ir140607.0078          [04:33:51.9
OSU-03A-0001   OBJECT MB14275             50.0 H       16:56:35 2014-06-08 04:33:50.7 2456816.6902 ir140607.0079          [04:34:56.9
OSU-03A-0001   OBJECT MB14275             50.0 H       16:57:42 2014-06-08 04:34:57.5 2456816.6910 ir140607.0080          [04:36:04.8
OSU-03A-0001   OBJECT MB14275            300.0 I       16:53:19 2014-06-08 04:30:35.3 2456816.6879 ccd140607.0016         [04:36:19.3
OSU-03A-0001   OBJECT MB14275             50.0 H       16:59:08 2014-06-08 04:36:23.6 2456816.6919 ir140607.0081          [04:37:31.0
OSU-03A-0001   OBJECT MB14275             50.0 H       17:00:14 2014-06-08 04:37:29.6 2456816.6927 ir140607.0082          [04:38:35.9
OSU-03A-0001   OBJECT MB14275             50.0 H       17:01:20 2014-06-08 04:38:35.8 2456816.6935 ir140607.0083          [04:39:43.0
OSU-03A-0001   OBJECT MB14275             50.0 H       17:02:27 2014-06-08 04:39:41.8 2456816.6942 ir140607.0084          [04:40:48.1
OSU-03A-0001   OBJECT MB14275             50.0 H       17:03:33 2014-06-08 04:40:47.5 2456816.6950 ir140607.0085          [04:41:55.2
OSU-03A-0001   OBJECT MB14275            300.0 I       16:59:10 2014-06-08 04:36:26.3 2456816.6920 ccd140607.0017         [04:42:10.0
OSU-03A-0001   OBJECT MB14275             50.0 H       17:05:00 2014-06-08 04:42:14.3 2456816.6960 ir140607.0086          [04:43:22.1
OSU-03A-0001   OBJECT MB14275             50.0 H       17:06:05 2014-06-08 04:43:20.1 2456816.6968 ir140607.0087          [04:44:26.4
OSU-03A-0001   OBJECT MB14275             50.0 H       17:07:12 2014-06-08 04:44:26.2 2456816.6975 ir140607.0088          [04:45:33.6
OSU-03A-0001   OBJECT MB14275             50.0 H       17:08:18 2014-06-08 04:45:32.3 2456816.6983 ir140607.0089          [04:46:38.5
OSU-03A-0001   OBJECT MB14275             50.0 H       17:09:24 2014-06-08 04:46:38.0 2456816.6991 ir140607.0090          [04:47:45.3
OSU-03A-0001   OBJECT MB14275            300.0 I       17:05:02 2014-06-08 04:42:16.9 2456816.6960 ccd140607.0018         [04:48:00.6
OSU-03A-0001   OBJECT MB14275             50.0 H       17:10:51 2014-06-08 04:48:04.9 2456816.7001 ir140607.0091          [04:49:12.7
OSU-03A-0001   OBJECT MB14275             50.0 H       17:11:57 2014-06-08 04:49:10.7 2456816.7008 ir140607.0092          [04:50:17.1
OSU-03A-0001   OBJECT MB14275             50.0 H       17:13:03 2014-06-08 04:50:16.9 2456816.7016 ir140607.0093          [04:51:24.1
OSU-03A-0001   OBJECT MB14275             50.0 H       17:14:10 2014-06-08 04:51:22.9 2456816.7024 ir140607.0094          [04:52:29.1
OSU-03A-0001   OBJECT MB14275             50.0 H       17:15:16 2014-06-08 04:52:28.7 2456816.7031 ir140607.0095          [04:53:36.1
OSU-03A-0001   OBJECT MB14275            300.0 I       17:10:54 2014-06-08 04:48:07.5 2456816.7001 ccd140607.0019         [04:53:51.3
OSU-03A-0001   OBJECT MB14275             50.0 H       17:16:43 2014-06-08 04:53:55.5 2456816.7041 ir140607.0096          [04:55:02.8
OSU-03A-0001   OBJECT MB14275             50.0 H       17:17:49 2014-06-08 04:55:01.4 2456816.7049 ir140607.0097          [04:56:07.8
OSU-03A-0001   OBJECT MB14275             50.0 H       17:18:55 2014-06-08 04:56:07.7 2456816.7056 ir140607.0098          [04:57:15.1
OSU-03A-0001   OBJECT MB14275             50.0 H       17:20:02 2014-06-08 04:57:14.6 2456816.7064 ir140607.0099          [04:58:21.0
OSU-03A-0001   OBJECT MB14275             50.0 H       17:21:08 2014-06-08 04:58:20.3 2456816.7072 ir140607.0100          [04:59:27.7
OSU-03A-0001   OBJECT MB14275            300.0 I       17:16:45 2014-06-08 04:53:58.2 2456816.7042 ccd140607.0020         [04:59:41.9
OSU-03A-0001   OBJECT MB14275             50.0 H       17:22:37 2014-06-08 04:59:49.2 2456816.7082 ir140607.0101          [05:00:57.0
OSU-03A-0001   OBJECT MB14275             50.0 H       17:23:43 2014-06-08 05:00:55.1 2456816.7090 ir140607.0102          [05:02:01.3
OSU-03A-0001   OBJECT MB14275             50.0 H       17:24:50 2014-06-08 05:02:01.2 2456816.7097 ir140607.0103          [05:03:08.4
OSU-03A-0001   OBJECT MB14275             50.0 H       17:25:56 2014-06-08 05:03:07.4 2456816.7105 ir140607.0104          [05:04:13.9
OSU-03A-0001   OBJECT MB14275             50.0 H       17:27:02 2014-06-08 05:04:13.5 2456816.7113 ir140607.0105          [05:05:20.8
OSU-03A-0001   OBJECT MB14275            300.0 V       17:22:40 2014-06-08 04:59:51.7 2456816.7083 ccd140607.0021         [05:05:35.5
YALE-08A-0001  OBJECT 1424-41             30.0 J       17:31:05 2014-06-08 05:08:15.2 2456816.7141 ir140607.0106          [05:09:02.9
YALE-08A-0001  OBJECT 1424-41             30.0 J       17:31:50 2014-06-08 05:09:01.0 2456816.7146 ir140607.0107          [05:09:47.2
YALE-08A-0001  OBJECT 1424-41             70.0 R       17:31:07 2014-06-08 05:08:17.8 2456816.7141 ccd140607.0022         [05:10:12.9
YALE-08A-0001  OBJECT 1424-41             30.0 J       17:32:37 2014-06-08 05:09:47.1 2456816.7151 ir140607.0108          [05:10:33.5
YALE-08A-0001  OBJECT 1424-41             30.1 J       17:33:23 2014-06-08 05:10:33.4 2456816.7157 ir140607.0109          [05:11:21.3
YALE-08A-0001  OBJECT 1424-41             30.0 J       17:34:09 2014-06-08 05:11:19.3 2456816.7162 ir140607.0110          [05:12:05.6
YALE-08A-0001  OBJECT 1424-41             30.0 K       17:35:03 2014-06-08 05:12:13.0 2456816.7168 ir140607.0111          [05:13:00.1
YALE-08A-0001  OBJECT 1424-41             30.0 K       17:35:49 2014-06-08 05:12:58.9 2456816.7174 ir140607.0112          [05:13:45.3
YALE-08A-0001  OBJECT 1424-41             90.0 B       17:35:06 2014-06-08 05:12:15.5 2456816.7169 ccd140607.0023         [05:14:30.3
YALE-08A-0001  OBJECT 1424-41             30.1 K       17:36:36 2014-06-08 05:13:45.2 2456816.7179 ir140607.0113          [05:14:31.9
YALE-08A-0001  OBJECT 1424-41             30.1 K       17:37:22 2014-06-08 05:14:31.7 2456816.7184 ir140607.0114          [05:15:20.8
YALE-08A-0001  OBJECT 1424-41             30.1 K       17:38:14 2014-06-08 05:15:23.6 2456816.7190 ir140607.0115          [05:16:10.0
YALE-08A-0001  OBJECT 1424-41             30.1 K       17:39:00 2014-06-08 05:16:09.5 2456816.7196 ir140607.0116          [05:16:56.8
YALE-08A-0001  OBJECT 1424-41             70.0 V       17:38:17 2014-06-08 05:15:26.2 2456816.7191 ccd140607.0024         [05:17:20.0
YALE-08A-0001  OBJECT 1424-41             30.0 K       17:39:47 2014-06-08 05:16:55.8 2456816.7201 ir140607.0117          [05:17:43.1
YALE-08A-0001  OBJECT 1424-41             30.0 K       17:40:34 2014-06-08 05:17:42.7 2456816.7206 ir140607.0118          [05:18:29.1
OSU-03A-0001   OBJECT OB140979            50.0 H       17:43:27 2014-06-08 05:20:35.4 2456816.7226 ir140607.0119          [05:21:42.5
OSU-03A-0001   OBJECT OB140979            50.0 H       17:44:33 2014-06-08 05:21:41.1 2456816.7234 ir140607.0120          [05:22:47.5
OSU-03A-0001   OBJECT OB140979            50.0 H       17:45:39 2014-06-08 05:22:47.4 2456816.7242 ir140607.0121          [05:23:54.7
OSU-03A-0001   OBJECT OB140979            50.0 H       17:46:45 2014-06-08 05:23:53.5 2456816.7249 ir140607.0122          [05:24:59.8
OSU-03A-0001   OBJECT OB140979            50.0 H       17:47:51 2014-06-08 05:24:59.2 2456816.7257 ir140607.0123          [05:26:06.5
OSU-03A-0001   OBJECT OB140979           300.0 I       17:43:30 2014-06-08 05:20:38.0 2456816.7227 ccd140607.0025         [05:26:21.8
OSU-03A-0001   OBJECT OB140979            50.0 H       17:49:21 2014-06-08 05:26:29.0 2456816.7267 ir140607.0124          [05:27:36.2
OSU-03A-0001   OBJECT OB140979            50.0 H       17:50:28 2014-06-08 05:27:35.0 2456816.7275 ir140607.0125          [05:28:41.2
OSU-03A-0001   OBJECT OB140979            50.0 H       17:51:34 2014-06-08 05:28:41.0 2456816.7283 ir140607.0126          [05:29:48.2
OSU-03A-0001   OBJECT OB140979            50.0 H       17:52:40 2014-06-08 05:29:47.0 2456816.7290 ir140607.0127          [05:30:53.3
OSU-03A-0001   OBJECT OB140979            50.0 H       17:53:46 2014-06-08 05:30:53.0 2456816.7298 ir140607.0128          [05:32:00.3
OSU-03A-0001   OBJECT OB140979           300.0 V       17:49:24 2014-06-08 05:26:31.6 2456816.7268 ccd140607.0026         [05:32:15.4
OSU-03A-0001   OBJECT OB140678            50.0 H       17:57:05 2014-06-08 05:34:11.0 2456816.7321 ir140607.0129          [05:35:18.2
OSU-03A-0001   OBJECT OB140678            50.0 H       17:58:11 2014-06-08 05:35:17.6 2456816.7328 ir140607.0130          [05:36:24.0
OSU-03A-0001   OBJECT OB140678            50.0 H       17:59:18 2014-06-08 05:36:23.9 2456816.7336 ir140607.0131          [05:37:31.8
OSU-03A-0001   OBJECT OB140678            50.0 H       18:00:24 2014-06-08 05:37:30.1 2456816.7344 ir140607.0132          [05:38:36.4
OSU-03A-0001   OBJECT OB140678            50.0 H       18:01:30 2014-06-08 05:38:36.0 2456816.7352 ir140607.0133          [05:39:43.3
OSU-03A-0001   OBJECT OB140678           300.0 I       17:57:07 2014-06-08 05:34:13.6 2456816.7321 ccd140607.0027         [05:39:57.4
OSU-03A-0001   OBJECT OB140678            50.0 H       18:02:59 2014-06-08 05:40:04.6 2456816.7362 ir140607.0134          [05:41:11.8
OSU-03A-0001   OBJECT OB140678            50.0 H       18:04:05 2014-06-08 05:41:10.5 2456816.7369 ir140607.0135          [05:42:16.8
OSU-03A-0001   OBJECT OB140678            50.0 H       18:05:12 2014-06-08 05:42:16.6 2456816.7377 ir140607.0136          [05:43:23.8
OSU-03A-0001   OBJECT OB140678            50.0 H       18:06:18 2014-06-08 05:43:22.6 2456816.7385 ir140607.0137          [05:44:29.0
OSU-03A-0001   OBJECT OB140678            50.0 H       18:07:24 2014-06-08 05:44:28.4 2456816.7392 ir140607.0138          [05:45:35.7
OSU-03A-0001   OBJECT OB140678           300.0 V       18:03:02 2014-06-08 05:40:07.2 2456816.7362 ccd140607.0028         [05:45:51.0
CHILE-13B-0039 OBJECT X Cir              170.0 V       18:11:03 2014-06-08 05:48:07.0 2456816.7418 ccd140607.0029         [05:51:41.6
CHILE-13B-0039 OBJECT X Cir              340.0 V       18:14:44 2014-06-08 05:51:47.7 2456816.7443 ccd140607.0030         [05:58:11.6
YALE-03A-0001  OBJECT CenX-4              40.0 H       18:23:09 2014-06-08 06:00:11.1 2456816.7501 ir140607.0139          [06:01:08.5
YALE-03A-0001  OBJECT CenX-4              40.0 H       18:24:05 2014-06-08 06:01:07.1 2456816.7508 ir140607.0140          [06:02:03.4
YALE-03A-0001  OBJECT CenX-4              40.0 H       18:25:02 2014-06-08 06:02:03.3 2456816.7514 ir140607.0141          [06:03:00.6
YALE-03A-0001  OBJECT CenX-4              40.0 H       18:25:58 2014-06-08 06:02:59.5 2456816.7521 ir140607.0142          [06:03:55.8
YALE-03A-0001  OBJECT CenX-4              40.0 H       18:26:54 2014-06-08 06:03:55.4 2456816.7527 ir140607.0143          [06:04:52.7
YALE-03A-0001  OBJECT CenX-4              40.0 H       18:27:50 2014-06-08 06:04:51.4 2456816.7534 ir140607.0144          [06:05:47.7
YALE-03A-0001  OBJECT CenX-4             300.0 V       18:23:12 2014-06-08 06:00:13.7 2456816.7502 ccd140607.0031         [06:05:58.2
YALE-03A-0001  OBJECT CenX-4              40.0 H       18:29:04 2014-06-08 06:06:04.8 2456816.7542 ir140607.0145          [06:07:01.1
YALE-03A-0001  OBJECT CenX-4              40.0 H       18:30:00 2014-06-08 06:07:00.7 2456816.7549 ir140607.0146          [06:07:58.0
YALE-03A-0001  OBJECT CenX-4              40.0 H       18:30:56 2014-06-08 06:07:56.8 2456816.7555 ir140607.0147          [06:08:53.1
YALE-03A-0001  OBJECT CenX-4              40.0 H       18:31:52 2014-06-08 06:08:52.9 2456816.7562 ir140607.0148          [06:09:50.1
YALE-03A-0001  OBJECT CenX-4              40.0 H       18:32:49 2014-06-08 06:09:48.9 2456816.7568 ir140607.0149          [06:10:45.2
YALE-03A-0001  OBJECT CenX-4              40.0 H       18:33:45 2014-06-08 06:10:44.9 2456816.7575 ir140607.0150          [06:11:42.2
YALE-03A-0001  OBJECT CenX-4             300.0 I       18:29:07 2014-06-08 06:06:07.4 2456816.7543 ccd140607.0032         [06:11:51.3
YALE-08A-0001  OBJECT 1510-089            30.1 J       18:36:58 2014-06-08 06:13:57.7 2456816.7597 ir140607.0151          [06:14:45.1
YALE-08A-0001  OBJECT 1510-089            30.0 J       18:37:44 2014-06-08 06:14:43.6 2456816.7602 ir140607.0152          [06:15:30.0
YALE-08A-0001  OBJECT 1510-089            70.0 R       18:37:01 2014-06-08 06:14:00.4 2456816.7597 ccd140607.0033         [06:15:55.0
YALE-08A-0001  OBJECT 1510-089            30.0 J       18:38:30 2014-06-08 06:15:29.8 2456816.7608 ir140607.0153          [06:16:16.1
YALE-08A-0001  OBJECT 1510-089            30.0 J       18:39:18 2014-06-08 06:16:16.9 2456816.7613 ir140607.0154          [06:17:04.2
YALE-08A-0001  OBJECT 1510-089            30.1 J       18:40:04 2014-06-08 06:17:02.8 2456816.7618 ir140607.0155          [06:17:49.2
YALE-08A-0001  OBJECT 1510-089            30.0 K       18:40:57 2014-06-08 06:17:56.4 2456816.7625 ir140607.0156          [06:18:43.7
YALE-08A-0001  OBJECT 1510-089            30.1 K       18:41:43 2014-06-08 06:18:42.3 2456816.7630 ir140607.0157          [06:19:28.5
YALE-08A-0001  OBJECT 1510-089            90.0 B       18:41:00 2014-06-08 06:17:59.0 2456816.7625 ccd140607.0034         [06:20:13.7
YALE-08A-0001  OBJECT 1510-089            30.0 K       18:42:30 2014-06-08 06:19:28.4 2456816.7635 ir140607.0158          [06:20:15.5
YALE-08A-0001  OBJECT 1510-089            30.0 K       18:43:17 2014-06-08 06:20:15.4 2456816.7641 ir140607.0159          [06:21:02.8
YALE-08A-0001  OBJECT 1510-089            30.0 K       18:44:09 2014-06-08 06:21:07.4 2456816.7647 ir140607.0160          [06:21:53.6
YALE-08A-0001  OBJECT 1510-089            30.1 K       18:44:55 2014-06-08 06:21:53.1 2456816.7652 ir140607.0161          [06:22:40.4
YALE-08A-0001  OBJECT 1510-089            70.0 V       18:44:11 2014-06-08 06:21:09.9 2456816.7647 ccd140607.0035         [06:23:03.6
YALE-08A-0001  OBJECT 1510-089            30.0 K       18:45:41 2014-06-08 06:22:39.2 2456816.7657 ir140607.0162          [06:23:26.4
YALE-08A-0001  OBJECT 1510-089            30.1 K       18:46:27 2014-06-08 06:23:25.2 2456816.7663 ir140607.0163          [06:24:11.6
GSU-03A-0006   OBJECT 1514-24             25.0 K       18:49:28 2014-06-08 06:26:25.3 2456816.7684 ir140607.0164          [06:27:07.5
GSU-03A-0006   OBJECT 1514-24             25.0 K       18:50:09 2014-06-08 06:27:06.2 2456816.7688 ir140607.0165          [06:27:47.5
GSU-03A-0006   OBJECT 1514-24             25.1 K       18:50:50 2014-06-08 06:27:47.4 2456816.7693 ir140607.0166          [06:28:29.6
GSU-03A-0006   OBJECT 1514-24             25.0 K       18:51:31 2014-06-08 06:28:28.4 2456816.7698 ir140607.0167          [06:29:09.6
GSU-03A-0006   OBJECT 1514-24            140.0 R       18:49:30 2014-06-08 06:26:27.9 2456816.7684 ccd140607.0036         [06:29:32.4
GSU-03A-0006   OBJECT 1622-297            35.0 H       18:55:36 2014-06-08 06:32:33.1 2456816.7726 ir140607.0168          [06:33:24.4
GSU-03A-0006   OBJECT 1622-297            35.0 H       18:56:27 2014-06-08 06:33:23.9 2456816.7732 ir140607.0169          [06:34:16.1
GSU-03A-0006   OBJECT 1622-297            35.0 H       18:57:19 2014-06-08 06:34:15.1 2456816.7738 ir140607.0170          [06:35:06.4
GSU-03A-0006   OBJECT 1622-297            35.0 H       18:58:10 2014-06-08 06:35:06.2 2456816.7744 ir140607.0171          [06:35:58.4
GSU-03A-0006   OBJECT 1622-297           180.0 R       18:55:39 2014-06-08 06:32:35.7 2456816.7727 ccd140607.0037         [06:36:19.6
OSU-03A-0001   OBJECT OB140923            50.0 H       19:01:20 2014-06-08 06:38:15.4 2456816.7766 ir140607.0172          [06:39:22.6
OSU-03A-0001   OBJECT OB140923            50.0 H       19:02:27 2014-06-08 06:39:22.2 2456816.7774 ir140607.0173          [06:40:28.6
OSU-03A-0001   OBJECT OB140923            50.0 H       19:03:33 2014-06-08 06:40:28.3 2456816.7781 ir140607.0174          [06:41:37.1
OSU-03A-0001   OBJECT OB140923            50.0 H       19:04:39 2014-06-08 06:41:34.4 2456816.7789 ir140607.0175          [06:42:40.7
OSU-03A-0001   OBJECT OB140923            50.0 H       19:05:45 2014-06-08 06:42:40.2 2456816.7796 ir140607.0176          [06:43:49.1
OSU-03A-0001   OBJECT OB140923           300.0 I       19:01:22 2014-06-08 06:38:18.0 2456816.7766 ccd140607.0038         [06:44:01.7
OSU-03A-0001   OBJECT MB14275             50.0 H       19:10:27 2014-06-08 06:47:21.7 2456816.7829 ir140607.0177          [06:48:29.7
OSU-03A-0001   OBJECT MB14275             50.0 H       19:11:34 2014-06-08 06:48:27.7 2456816.7837 ir140607.0178          [06:49:34.0
OSU-03A-0001   OBJECT MB14275             50.0 H       19:12:40 2014-06-08 06:49:33.8 2456816.7844 ir140607.0179          [06:50:41.2
OSU-03A-0001   OBJECT MB14275             50.0 H       19:13:46 2014-06-08 06:50:40.0 2456816.7852 ir140607.0180          [06:51:46.3
OSU-03A-0001   OBJECT MB14275             50.0 H       19:14:52 2014-06-08 06:51:45.9 2456816.7860 ir140607.0181          [06:52:53.2
OSU-03A-0001   OBJECT MB14275            300.0 I       19:10:30 2014-06-08 06:47:24.2 2456816.7829 ccd140607.0039         [06:53:08.0
YALE-03A-0001  OBJECT 4U1543-47           30.0 J       19:18:39 2014-06-08 06:55:31.5 2456816.7886 ir140607.0182          [06:56:18.7
YALE-03A-0001  OBJECT 4U1543-47           30.1 J       19:19:25 2014-06-08 06:56:17.5 2456816.7891 ir140607.0183          [06:57:03.9
YALE-03A-0001  OBJECT 4U1543-47           30.1 J       19:20:11 2014-06-08 06:57:03.8 2456816.7896 ir140607.0184          [06:57:51.1
YALE-03A-0001  OBJECT 4U1543-47           30.1 J       19:20:58 2014-06-08 06:57:50.2 2456816.7902 ir140607.0185          [06:58:36.5
YALE-03A-0001  OBJECT 4U1543-47          180.0 V       19:18:41 2014-06-08 06:55:34.0 2456816.7886 ccd140607.0040         [06:59:18.6
YALE-03A-0001  OBJECT 4U1543-47           30.1 J       19:21:44 2014-06-08 06:58:36.2 2456816.7907 ir140607.0186          [06:59:22.6
YALE-03A-0001  OBJECT 4U1543-47           30.1 H       19:22:38 2014-06-08 06:59:30.3 2456816.7913 ir140607.0187          [07:00:17.6
YALE-03A-0001  OBJECT 4U1543-47           30.0 H       19:23:24 2014-06-08 07:00:16.3 2456816.7919 ir140607.0188          [07:01:02.6
YALE-03A-0001  OBJECT 4U1543-47           30.0 H       19:24:11 2014-06-08 07:01:02.7 2456816.7924 ir140607.0189          [07:01:50.1
YALE-03A-0001  OBJECT 4U1543-47           30.1 H       19:24:57 2014-06-08 07:01:49.0 2456816.7929 ir140607.0190          [07:02:35.3
YALE-03A-0001  OBJECT 4U1543-47          180.0 I       19:22:41 2014-06-08 06:59:32.8 2456816.7914 ccd140607.0041         [07:03:17.6
YALE-03A-0001  OBJECT 4U1543-47           30.0 H       19:25:43 2014-06-08 07:02:34.9 2456816.7935 ir140607.0191          [07:03:21.3
YALE-03A-0001  OBJECT XTEJ1550-564        70.0 J       19:31:40 2014-06-08 07:08:30.6 2456816.7976 ir140607.0192          [07:09:58.4
YALE-03A-0001  OBJECT XTEJ1550-564        70.0 J       19:33:06 2014-06-08 07:09:56.4 2456816.7986 ir140607.0193          [07:11:22.8
YALE-03A-0001  OBJECT XTEJ1550-564        70.0 J       19:34:32 2014-06-08 07:11:22.7 2456816.7996 ir140607.0194          [07:12:50.0
YALE-03A-0001  OBJECT XTEJ1550-564        70.0 J       19:35:59 2014-06-08 07:12:49.0 2456816.8006 ir140607.0195          [07:14:16.2
YALE-03A-0001  OBJECT XTEJ1550-564        70.0 J       19:37:25 2014-06-08 07:14:15.1 2456816.8016 ir140607.0196          [07:15:42.5
YALE-03A-0001  OBJECT XTEJ1550-564        70.0 J       19:38:52 2014-06-08 07:15:41.1 2456816.8026 ir140607.0197          [07:17:07.4
YALE-03A-0001  OBJECT XTEJ1550-564        70.0 J       19:40:18 2014-06-08 07:17:07.3 2456816.8036 ir140607.0198          [07:18:34.6
YALE-03A-0001  OBJECT XTEJ1550-564       600.0 V       19:31:42 2014-06-08 07:08:33.1 2456816.7976 ccd140607.0042         [07:19:16.8
YALE-03A-0001  OBJECT XTEJ1550-564        60.0 K       19:42:37 2014-06-08 07:19:26.0 2456816.8052 ir140607.0199          [07:20:43.2
YALE-03A-0001  OBJECT XTEJ1550-564        60.0 K       19:43:53 2014-06-08 07:20:42.1 2456816.8060 ir140607.0200          [07:21:58.4
YALE-03A-0001  OBJECT XTEJ1550-564        60.0 K       19:45:10 2014-06-08 07:21:58.3 2456816.8069 ir140607.0201          [07:23:15.5
YALE-03A-0001  OBJECT XTEJ1550-564        60.0 K       19:46:26 2014-06-08 07:23:14.6 2456816.8078 ir140607.0202          [07:24:30.9
YALE-03A-0001  OBJECT XTEJ1550-564        60.0 K       19:47:43 2014-06-08 07:24:30.7 2456816.8087 ir140607.0203          [07:25:47.9
YALE-03A-0001  OBJECT XTEJ1550-564        60.0 K       19:48:59 2014-06-08 07:25:46.8 2456816.8096 ir140607.0204          [07:27:03.2
YALE-03A-0001  OBJECT XTEJ1550-564        60.0 K       19:50:15 2014-06-08 07:27:03.1 2456816.8105 ir140607.0205          [07:28:20.4
YALE-03A-0001  OBJECT XTEJ1550-564       600.0 I       19:42:39 2014-06-08 07:19:28.4 2456816.8052 ccd140607.0043         [07:30:12.2
OSU-03A-0001   OBJECT OB140289            50.0 H       19:55:36 2014-06-08 07:32:22.3 2456816.8142 ir140607.0206          [07:33:29.6
OSU-03A-0001   OBJECT OB140289            50.0 H       19:56:42 2014-06-08 07:33:28.2 2456816.8149 ir140607.0207          [07:34:34.5
OSU-03A-0001   OBJECT OB140289            50.0 H       19:57:48 2014-06-08 07:34:34.2 2456816.8157 ir140607.0208          [07:35:41.4
OSU-03A-0001   OBJECT OB140289            50.0 H       19:58:54 2014-06-08 07:35:40.3 2456816.8164 ir140607.0209          [07:36:46.6
OSU-03A-0001   OBJECT OB140289            50.0 H       20:00:00 2014-06-08 07:36:46.3 2456816.8172 ir140607.0210          [07:37:53.7
OSU-03A-0001   OBJECT OB140289           300.0 I       19:55:38 2014-06-08 07:32:24.8 2456816.8142 ccd140607.0044         [07:38:08.6
YALE-03A-0001  OBJECT GX339-4             30.0 K       20:03:10 2014-06-08 07:39:55.9 2456816.8194 ir140607.0211          [07:40:43.5
YALE-03A-0001  OBJECT GX339-4             30.0 K       20:03:57 2014-06-08 07:40:42.6 2456816.8199 ir140607.0212          [07:41:28.9
YALE-03A-0001  OBJECT GX339-4             30.1 K       20:04:43 2014-06-08 07:41:28.7 2456816.8205 ir140607.0213          [07:42:16.0
YALE-03A-0001  OBJECT GX339-4             30.0 K       20:05:30 2014-06-08 07:42:14.9 2456816.8210 ir140607.0214          [07:43:01.3
YALE-03A-0001  OBJECT GX339-4            180.0 B       20:03:13 2014-06-08 07:39:58.3 2456816.8194 ccd140607.0045         [07:43:42.9
YALE-03A-0001  OBJECT GX339-4             30.0 K       20:06:16 2014-06-08 07:43:01.0 2456816.8215 ir140607.0215          [07:43:47.4
YALE-03A-0001  OBJECT GX339-4             30.1 J       20:07:09 2014-06-08 07:43:54.2 2456816.8222 ir140607.0216          [07:44:41.6
YALE-03A-0001  OBJECT GX339-4             30.0 J       20:07:55 2014-06-08 07:44:40.2 2456816.8227 ir140607.0217          [07:45:26.5
YALE-03A-0001  OBJECT GX339-4             30.0 J       20:08:42 2014-06-08 07:45:26.5 2456816.8232 ir140607.0218          [07:46:13.7
YALE-03A-0001  OBJECT GX339-4             30.1 J       20:09:28 2014-06-08 07:46:12.9 2456816.8238 ir140607.0219          [07:46:59.2
YALE-03A-0001  OBJECT GX339-4             30.1 J       20:10:14 2014-06-08 07:46:58.8 2456816.8243 ir140607.0220          [07:47:46.3
YALE-03A-0001  OBJECT GX339-4             30.0 J       20:11:01 2014-06-08 07:47:44.9 2456816.8248 ir140607.0221          [07:48:31.3
YALE-03A-0001  OBJECT GX339-4             30.1 J       20:11:47 2014-06-08 07:48:31.2 2456816.8254 ir140607.0222          [07:49:18.4
YALE-03A-0001  OBJECT GX339-4            300.0 V       20:07:11 2014-06-08 07:43:56.3 2456816.8222 ccd140607.0046         [07:49:40.0
YALE-03A-0001  OBJECT GX339-4             30.1 J       20:12:33 2014-06-08 07:49:17.3 2456816.8259 ir140607.0223          [07:50:04.5
YALE-03A-0001  OBJECT GX339-4             30.1 H       20:13:28 2014-06-08 07:50:11.5 2456816.8265 ir140607.0224          [07:50:57.8
YALE-03A-0001  OBJECT GX339-4             30.0 H       20:14:14 2014-06-08 07:50:57.5 2456816.8271 ir140607.0225          [07:51:44.9
YALE-03A-0001  OBJECT GX339-4             30.1 H       20:15:00 2014-06-08 07:51:43.5 2456816.8276 ir140607.0226          [07:52:29.8
YALE-03A-0001  OBJECT GX339-4             30.0 H       20:15:46 2014-06-08 07:52:29.8 2456816.8281 ir140607.0227          [07:53:17.8
YALE-03A-0001  OBJECT GX339-4            180.0 I       20:13:30 2014-06-08 07:50:13.9 2456816.8266 ccd140607.0047         [07:53:57.7
YALE-03A-0001  OBJECT GX339-4             30.1 H       20:16:32 2014-06-08 07:53:15.6 2456816.8287 ir140607.0228          [07:54:03.3
SUNY-04A-0011  OBJECT N Sco 2014           4.0 J       20:18:48 2014-06-08 07:55:31.4 2456816.8302 ir140607.0229          [07:55:51.7
SUNY-04A-0011  OBJECT N Sco 2014           4.0 J       20:19:08 2014-06-08 07:55:51.2 2456816.8305 ir140607.0230          [07:56:12.5
SUNY-04A-0011  OBJECT N Sco 2014          10.0 I       20:18:51 2014-06-08 07:55:34.0 2456816.8303 ccd140607.0048         [07:56:27.8
SUNY-04A-0011  OBJECT N Sco 2014           4.0 J       20:19:28 2014-06-08 07:56:11.3 2456816.8307 ir140607.0231          [07:56:32.7
SUNY-04A-0011  OBJECT N Sco 2014           4.0 H       20:19:57 2014-06-08 07:56:39.4 2456816.8310 ir140607.0232          [07:56:59.7
SUNY-04A-0011  OBJECT N Sco 2014           4.0 H       20:20:16 2014-06-08 07:56:59.2 2456816.8312 ir140607.0233          [07:57:20.5
SUNY-04A-0011  OBJECT N Sco 2014           4.0 H       20:20:36 2014-06-08 07:57:19.2 2456816.8315 ir140607.0234          [07:57:39.4
SUNY-04A-0011  OBJECT N Sco 2014          30.0 B       20:19:59 2014-06-08 07:56:41.3 2456816.8310 ccd140607.0049         [07:57:55.9
SUNY-04A-0011  OBJECT N Sco 2014           4.0 K       20:21:19 2014-06-08 07:58:01.9 2456816.8320 ir140607.0235          [07:58:22.2
SUNY-04A-0011  OBJECT N Sco 2014           4.0 K       20:21:39 2014-06-08 07:58:21.7 2456816.8322 ir140607.0236          [07:58:42.9
SUNY-04A-0011  OBJECT N Sco 2014           4.0 K       20:21:59 2014-06-08 07:58:41.7 2456816.8324 ir140607.0237          [07:59:01.9
SUNY-04A-0011  OBJECT N Sco 2014          20.0 V       20:21:22 2014-06-08 07:58:04.5 2456816.8320 ccd140607.0050         [07:59:09.2
SUNY-04A-0011  OBJECT N Sco 2014           4.0 K       20:22:32 2014-06-08 07:59:14.2 2456816.8328 ir140607.0238          [07:59:34.4
SUNY-04A-0011  OBJECT N Sco 2014           4.0 K       20:22:52 2014-06-08 07:59:34.1 2456816.8330 ir140607.0239          [07:59:55.3
SUNY-04A-0011  OBJECT N Sco 2014           4.0 K       20:23:12 2014-06-08 07:59:54.1 2456816.8333 ir140607.0240          [08:00:14.4
SUNY-04A-0011  OBJECT N Sco 2014          15.0 R       20:22:34 2014-06-08 07:59:16.8 2456816.8328 ccd140607.0051         [08:00:16.5
CHILE-13B-0039 OBJECT V728 Sco           160.0 V       20:26:40 2014-06-08 08:03:21.4 2456816.8357 ccd140607.0052         [08:06:45.2
CHILE-13B-0039 OBJECT V728 Sco            80.0 V       20:30:11 2014-06-08 08:06:51.8 2456816.8381 ccd140607.0053         [08:08:56.4
LSU-11B-0003   OBJECT V3890 Sgr          100.0 J       20:34:07 2014-06-08 08:10:47.8 2456816.8408 ir140607.0241          [08:12:44.1
LSU-11B-0003   OBJECT V3890 Sgr          100.0 J       20:36:04 2014-06-08 08:12:43.9 2456816.8422 ir140607.0242          [08:14:41.5
LSU-11B-0003   OBJECT V3890 Sgr          200.0 R       20:34:10 2014-06-08 08:10:50.4 2456816.8409 ccd140607.0054         [08:16:20.5
OSU-03A-0001   OBJECT OB140896            50.0 H       20:43:09 2014-06-08 08:19:47.8 2456816.8471 ir140607.0243          [08:20:54.9
OSU-03A-0001   OBJECT OB140896            50.0 H       20:44:15 2014-06-08 08:20:53.7 2456816.8479 ir140607.0244          [08:21:59.8
OSU-03A-0001   OBJECT OB140896            50.0 H       20:45:21 2014-06-08 08:21:59.6 2456816.8486 ir140607.0245          [08:23:06.9
OSU-03A-0001   OBJECT OB140896            50.0 H       20:46:27 2014-06-08 08:23:05.6 2456816.8494 ir140607.0246          [08:24:12.1
OSU-03A-0001   OBJECT OB140896            50.0 H       20:47:33 2014-06-08 08:24:11.6 2456816.8501 ir140607.0247          [08:25:18.9
OSU-03A-0001   OBJECT OB140896           300.0 I       20:43:11 2014-06-08 08:19:50.4 2456816.8471 ccd140607.0055         [08:27:10.3
