Project        ImType Object           ExpTime Filter  LST      UTDate     UTC        JD           Filename               [Logged@UT]
ALL            BIAS   BIASES               0.0 V       10:43:31 2014-06-17 21:42:29.3 2456826.4045 ccd140617bias.0001     [21:43:14.1
ALL            BIAS   BIASES               0.0 V       10:44:17 2014-06-17 21:43:15.7 2456826.4050 ccd140617bias.0002     [21:43:59.6
ALL            BIAS   BIASES               0.0 V       10:45:04 2014-06-17 21:44:02.1 2456826.4056 ccd140617bias.0003     [21:44:47.1
ALL            BIAS   BIASES               0.0 V       10:45:50 2014-06-17 21:44:48.6 2456826.4061 ccd140617bias.0004     [21:45:32.4
ALL            BIAS   BIASES               0.0 V       10:46:37 2014-06-17 21:45:35.0 2456826.4066 ccd140617bias.0005     [21:46:19.7
ALL            BIAS   BIASES               0.0 V       10:47:24 2014-06-17 21:46:21.4 2456826.4072 ccd140617bias.0006     [21:47:05.3
ALL            BIAS   BIASES               0.0 V       10:48:10 2014-06-17 21:47:07.9 2456826.4077 ccd140617bias.0007     [21:47:52.6
ALL            BIAS   BIASES               0.0 V       10:48:57 2014-06-17 21:47:54.3 2456826.4083 ccd140617bias.0008     [21:48:38.2
ALL            BIAS   BIASES               0.0 V       10:49:43 2014-06-17 21:48:40.7 2456826.4088 ccd140617bias.0009     [21:49:25.4
ALL            BIAS   BIASES               0.0 V       10:50:30 2014-06-17 21:49:27.4 2456826.4093 ccd140617bias.0010     [21:50:11.4
ALL            OBJECT focus                7.0 H       16:28:50 2014-06-18 03:20:54.2 2456826.6436 irfoco.0001            [03:21:18.3
ALL            OBJECT focus               10.0 V       16:28:52 2014-06-18 03:20:56.5 2456826.6437 ccdfoco.0001           [03:21:50.5
ALL            OBJECT focus                7.0 H       16:31:40 2014-06-18 03:23:43.7 2456826.6456 irfoco.0002            [03:24:07.9
ALL            OBJECT focus               10.0 V       16:31:42 2014-06-18 03:23:46.1 2456826.6456 ccdfoco.0002           [03:24:40.1
ALL            OBJECT focus                7.0 H       16:34:01 2014-06-18 03:26:05.1 2456826.6472 irfoco.0003            [03:26:29.2
ALL            OBJECT focus               10.0 V       16:34:04 2014-06-18 03:26:07.4 2456826.6473 ccdfoco.0003           [03:27:01.5
ALL            OBJECT focus                7.0 H       16:35:24 2014-06-18 03:27:27.0 2456826.6482 irfoco.0004            [03:27:53.1
ALL            OBJECT focus               10.0 V       16:35:26 2014-06-18 03:27:29.3 2456826.6482 ccdfoco.0004           [03:28:24.3
ALL            OBJECT focus                7.0 H       16:37:04 2014-06-18 03:29:07.2 2456826.6494 irfoco.0005            [03:29:31.5
ALL            OBJECT focus               10.0 V       16:37:07 2014-06-18 03:29:09.6 2456826.6494 ccdfoco.0005           [03:30:03.6
OSU-03A-0001   OBJECT OB140289            50.0 H       16:42:07 2014-06-18 03:34:09.4 2456826.6529 ir140617.0001          [03:35:16.7
OSU-03A-0001   OBJECT OB140289            50.0 H       16:43:14 2014-06-18 03:35:15.7 2456826.6536 ir140617.0002          [03:36:22.1
OSU-03A-0001   OBJECT OB140289            50.0 H       16:44:20 2014-06-18 03:36:21.7 2456826.6544 ir140617.0003          [03:37:29.0
OSU-03A-0001   OBJECT OB140289            50.0 H       16:45:26 2014-06-18 03:37:27.8 2456826.6552 ir140617.0004          [03:38:34.1
OSU-03A-0001   OBJECT OB140289            50.0 H       16:46:32 2014-06-18 03:38:33.9 2456826.6559 ir140617.0005          [03:39:41.3
OSU-03A-0001   OBJECT OB140289           300.0 I       16:42:10 2014-06-18 03:34:12.0 2456826.6529 ccd140617.0001         [03:39:56.0
GSU-03A-0006   OBJECT j1709+2348          35.0 J       16:50:16 2014-06-18 03:42:17.2 2456826.6585 ir140617.0006          [03:43:09.5
GSU-03A-0006   OBJECT j1709+2348          35.0 J       16:51:07 2014-06-18 03:43:08.3 2456826.6591 ir140617.0007          [03:43:59.6
GSU-03A-0006   OBJECT j1709+2348          35.0 J       16:52:00 2014-06-18 03:44:00.4 2456826.6597 ir140617.0008          [03:44:52.8
GSU-03A-0006   OBJECT j1709+2348          35.0 J       16:52:51 2014-06-18 03:44:52.0 2456826.6603 ir140617.0009          [03:45:43.3
GSU-03A-0006   OBJECT j1709+2348         180.0 R       16:50:18 2014-06-18 03:42:19.5 2456826.6585 ccd140617.0002         [03:46:04.2
SUNY-04A-0011  OBJECT N Oph 2012          27.0 J       16:56:31 2014-06-18 03:48:31.3 2456826.6628 ir140617.0010          [03:49:14.6
SUNY-04A-0011  OBJECT N Oph 2012          27.0 J       16:57:14 2014-06-18 03:49:14.4 2456826.6633 ir140617.0011          [03:49:58.7
SUNY-04A-0011  OBJECT N Oph 2012          27.0 J       16:57:58 2014-06-18 03:49:57.8 2456826.6638 ir140617.0012          [03:50:41.2
SUNY-04A-0011  OBJECT N Oph 2012         100.0 I       16:56:34 2014-06-18 03:48:33.6 2456826.6629 ccd140617.0003         [03:50:58.4
SUNY-04A-0011  OBJECT N Oph 2012          27.0 H       16:59:06 2014-06-18 03:51:05.5 2456826.6646 ir140617.0013          [03:51:48.8
SUNY-04A-0011  OBJECT N Oph 2012          27.0 H       16:59:49 2014-06-18 03:51:48.7 2456826.6651 ir140617.0014          [03:52:33.1
SUNY-04A-0011  OBJECT N Oph 2012          27.0 H       17:00:33 2014-06-18 03:52:32.1 2456826.6656 ir140617.0015          [03:53:15.5
SUNY-04A-0011  OBJECT N Oph 2012         100.0 B       16:59:08 2014-06-18 03:51:07.7 2456826.6646 ccd140617.0004         [03:53:32.5
SUNY-04A-0011  OBJECT N Oph 2012          27.0 K       17:01:39 2014-06-18 03:53:38.5 2456826.6664 ir140617.0016          [03:54:21.9
SUNY-04A-0011  OBJECT N Oph 2012          27.0 K       17:02:23 2014-06-18 03:54:21.7 2456826.6669 ir140617.0017          [03:55:06.2
SUNY-04A-0011  OBJECT N Oph 2012          27.0 K       17:03:06 2014-06-18 03:55:04.8 2456826.6674 ir140617.0018          [03:55:48.2
SUNY-04A-0011  OBJECT N Oph 2012         100.0 V       17:01:42 2014-06-18 03:53:40.9 2456826.6664 ccd140617.0005         [03:56:05.6
SUNY-04A-0011  OBJECT N Oph 2012          27.0 K       17:04:12 2014-06-18 03:56:10.8 2456826.6681 ir140617.0019          [03:56:54.1
SUNY-04A-0011  OBJECT N Oph 2012          27.0 K       17:04:56 2014-06-18 03:56:54.2 2456826.6686 ir140617.0020          [03:57:38.5
SUNY-04A-0011  OBJECT N Oph 2012          27.0 K       17:05:39 2014-06-18 03:57:37.1 2456826.6691 ir140617.0021          [03:58:20.5
SUNY-04A-0011  OBJECT N Oph 2012         100.0 R       17:04:14 2014-06-18 03:56:13.2 2456826.6682 ccd140617.0006         [03:58:38.0
CHILE-13B-0039 OBJECT V728 Sco           160.0 V       17:09:19 2014-06-18 04:01:17.3 2456826.6717 ccd140617.0007         [04:04:41.3
CHILE-13B-0039 OBJECT V728 Sco            80.0 V       17:12:51 2014-06-18 04:04:47.8 2456826.6741 ccd140617.0008         [04:06:52.6
SUNY-04A-0011  OBJECT V2670 Oph           20.0 J       17:17:37 2014-06-18 04:09:33.5 2456826.6774 ir140617.0022          [04:10:09.9
SUNY-04A-0011  OBJECT V2670 Oph           20.0 J       17:18:13 2014-06-18 04:10:09.4 2456826.6779 ir140617.0023          [04:10:46.4
SUNY-04A-0011  OBJECT V2670 Oph           20.1 J       17:18:49 2014-06-18 04:10:45.6 2456826.6783 ir140617.0024          [04:11:21.8
SUNY-04A-0011  OBJECT V2670 Oph           79.0 I       17:17:39 2014-06-18 04:09:36.0 2456826.6775 ccd140617.0009         [04:11:39.8
SUNY-04A-0011  OBJECT V2670 Oph           20.1 H       17:19:50 2014-06-18 04:11:46.3 2456826.6790 ir140617.0025          [04:12:22.6
SUNY-04A-0011  OBJECT V2670 Oph           20.0 H       17:20:26 2014-06-18 04:12:22.4 2456826.6794 ir140617.0026          [04:12:59.7
SUNY-04A-0011  OBJECT V2670 Oph           20.0 H       17:21:03 2014-06-18 04:12:58.7 2456826.6798 ir140617.0027          [04:13:35.0
SUNY-04A-0011  OBJECT V2670 Oph           79.0 B       17:19:53 2014-06-18 04:11:48.8 2456826.6790 ccd140617.0010         [04:13:52.6
SUNY-04A-0011  OBJECT V2670 Oph           20.0 K       17:22:02 2014-06-18 04:13:58.2 2456826.6805 ir140617.0028          [04:14:34.3
SUNY-04A-0011  OBJECT V2670 Oph           20.0 K       17:22:39 2014-06-18 04:14:34.2 2456826.6809 ir140617.0029          [04:15:12.1
SUNY-04A-0011  OBJECT V2670 Oph           20.0 K       17:23:14 2014-06-18 04:15:10.1 2456826.6813 ir140617.0030          [04:15:46.4
SUNY-04A-0011  OBJECT V2670 Oph           79.0 V       17:22:05 2014-06-18 04:14:00.7 2456826.6805 ccd140617.0011         [04:16:04.6
SUNY-04A-0011  OBJECT V2670 Oph           20.1 K       17:24:14 2014-06-18 04:16:09.4 2456826.6820 ir140617.0031          [04:16:45.7
SUNY-04A-0011  OBJECT V2670 Oph           20.0 K       17:24:50 2014-06-18 04:16:45.4 2456826.6824 ir140617.0032          [04:17:22.9
SUNY-04A-0011  OBJECT V2670 Oph           20.0 K       17:25:26 2014-06-18 04:17:21.5 2456826.6828 ir140617.0033          [04:17:57.9
SUNY-04A-0011  OBJECT V2670 Oph           79.0 R       17:24:16 2014-06-18 04:16:11.8 2456826.6820 ccd140617.0012         [04:18:15.6
SUNY-04A-0011  OBJECT V745 Sco             4.0 J       17:29:24 2014-06-18 04:21:18.6 2456826.6856 ir140617.0034          [04:21:39.0
SUNY-04A-0011  OBJECT V745 Sco             4.0 J       17:29:45 2014-06-18 04:21:39.1 2456826.6858 ir140617.0035          [04:22:00.4
SUNY-04A-0011  OBJECT V745 Sco             4.0 J       17:30:05 2014-06-18 04:21:59.2 2456826.6861 ir140617.0036          [04:22:19.6
SUNY-04A-0011  OBJECT V745 Sco            15.0 I       17:29:27 2014-06-18 04:21:21.1 2456826.6856 ccd140617.0013         [04:22:21.6
SUNY-04A-0011  OBJECT V745 Sco             4.0 H       17:30:34 2014-06-18 04:22:28.3 2456826.6864 ir140617.0037          [04:22:48.6
SUNY-04A-0011  OBJECT V745 Sco             4.0 H       17:30:54 2014-06-18 04:22:48.6 2456826.6866 ir140617.0038          [04:23:10.3
SUNY-04A-0011  OBJECT V745 Sco             4.0 H       17:31:14 2014-06-18 04:23:08.6 2456826.6869 ir140617.0039          [04:23:28.9
SUNY-04A-0011  OBJECT V745 Sco            31.0 B       17:30:36 2014-06-18 04:22:30.9 2456826.6864 ccd140617.0014         [04:23:47.0
SUNY-04A-0011  OBJECT V745 Sco             4.0 K       17:31:59 2014-06-18 04:23:52.8 2456826.6874 ir140617.0040          [04:24:13.2
SUNY-04A-0011  OBJECT V745 Sco             4.0 K       17:32:19 2014-06-18 04:24:13.1 2456826.6876 ir140617.0041          [04:24:34.5
SUNY-04A-0011  OBJECT V745 Sco             4.0 K       17:32:39 2014-06-18 04:24:33.2 2456826.6878 ir140617.0042          [04:24:53.7
SUNY-04A-0011  OBJECT V745 Sco            31.0 V       17:32:01 2014-06-18 04:23:55.1 2456826.6874 ccd140617.0015         [04:25:10.9
SUNY-04A-0011  OBJECT V745 Sco             4.0 K       17:33:22 2014-06-18 04:25:16.2 2456826.6883 ir140617.0043          [04:25:36.5
SUNY-04A-0011  OBJECT V745 Sco             4.0 K       17:33:42 2014-06-18 04:25:36.2 2456826.6886 ir140617.0044          [04:25:57.7
SUNY-04A-0011  OBJECT V745 Sco            10.0 R       17:33:25 2014-06-18 04:25:18.8 2456826.6884 ccd140617.0016         [04:26:12.6
SUNY-04A-0011  OBJECT V745 Sco             4.0 K       17:34:03 2014-06-18 04:25:56.8 2456826.6888 ir140617.0045          [04:26:18.2
SUNY-04A-0011  OBJECT N Sgr 2009           4.0 J       17:36:11 2014-06-18 04:28:04.6 2456826.6903 ir140617.0046          [04:28:24.9
SUNY-04A-0011  OBJECT N Sgr 2009           4.0 J       17:36:31 2014-06-18 04:28:24.5 2456826.6905 ir140617.0047          [04:28:45.8
SUNY-04A-0011  OBJECT N Sgr 2009           2.0 I       17:36:14 2014-06-18 04:28:07.1 2456826.6903 ccd140617.0017         [04:28:53.0
SUNY-04A-0011  OBJECT N Sgr 2009           4.0 J       17:36:52 2014-06-18 04:28:44.9 2456826.6908 ir140617.0048          [04:29:06.3
SUNY-04A-0011  OBJECT N Sgr 2009           4.0 H       17:37:19 2014-06-18 04:29:12.7 2456826.6911 ir140617.0049          [04:29:32.9
SUNY-04A-0011  OBJECT N Sgr 2009           4.0 H       17:37:40 2014-06-18 04:29:33.1 2456826.6913 ir140617.0050          [04:29:54.4
SUNY-04A-0011  OBJECT N Sgr 2009           3.0 B       17:37:22 2014-06-18 04:29:14.9 2456826.6911 ccd140617.0018         [04:30:01.8
SUNY-04A-0011  OBJECT N Sgr 2009           4.0 H       17:38:00 2014-06-18 04:29:53.5 2456826.6916 ir140617.0051          [04:30:15.0
SUNY-04A-0011  OBJECT N Sgr 2009           4.0 K       17:38:27 2014-06-18 04:30:20.6 2456826.6919 ir140617.0052          [04:30:40.9
SUNY-04A-0011  OBJECT N Sgr 2009           4.0 K       17:38:48 2014-06-18 04:30:40.8 2456826.6921 ir140617.0053          [04:31:02.9
SUNY-04A-0011  OBJECT N Sgr 2009           1.0 V       17:38:30 2014-06-18 04:30:22.8 2456826.6919 ccd140617.0019         [04:31:07.7
SUNY-04A-0011  OBJECT N Sgr 2009           4.0 K       17:39:08 2014-06-18 04:31:01.1 2456826.6923 ir140617.0054          [04:31:23.0
SUNY-04A-0011  OBJECT N Sgr 2009           4.0 K       17:39:34 2014-06-18 04:31:27.2 2456826.6926 ir140617.0055          [04:31:47.5
SUNY-04A-0011  OBJECT N Sgr 2009           4.0 K       17:39:54 2014-06-18 04:31:47.2 2456826.6929 ir140617.0056          [04:32:08.7
SUNY-04A-0011  OBJECT N Sgr 2009           2.0 R       17:39:37 2014-06-18 04:31:29.8 2456826.6927 ccd140617.0020         [04:32:15.6
SUNY-04A-0011  OBJECT N Sgr 2009           4.0 K       17:40:15 2014-06-18 04:32:07.6 2456826.6931 ir140617.0057          [04:32:29.1
YALE-03A-0001  OBJECT V4641               20.0 K       17:47:47 2014-06-18 04:39:38.8 2456826.6983 ir140617.0058          [04:40:15.1
YALE-03A-0001  OBJECT V4641               20.0 B       17:47:50 2014-06-18 04:39:41.2 2456826.6984 ccd140617.0021         [04:40:45.9
YALE-03A-0001  OBJECT V4641               20.0 K       17:48:23 2014-06-18 04:40:15.0 2456826.6987 ir140617.0059          [04:40:51.3
YALE-03A-0001  OBJECT V4641               20.1 K       17:49:00 2014-06-18 04:40:51.4 2456826.6992 ir140617.0060          [04:41:28.9
YALE-03A-0001  OBJECT V4641               20.0 B       17:48:56 2014-06-18 04:40:47.6 2456826.6991 ccd140617.0022         [04:41:51.5
YALE-03A-0001  OBJECT V4641               20.0 K       17:49:36 2014-06-18 04:41:27.8 2456826.6996 ir140617.0061          [04:42:05.8
YALE-03A-0001  OBJECT V4641               20.1 K       17:50:13 2014-06-18 04:42:03.9 2456826.7000 ir140617.0062          [04:42:40.2
YALE-03A-0001  OBJECT V4641               20.0 B       17:50:03 2014-06-18 04:41:54.2 2456826.6999 ccd140617.0023         [04:42:59.1
YALE-03A-0001  OBJECT V4641               15.0 J       17:51:15 2014-06-18 04:43:06.5 2456826.7007 ir140617.0063          [04:43:37.8
YALE-03A-0001  OBJECT V4641               15.0 I       17:51:18 2014-06-18 04:43:09.1 2456826.7008 ccd140617.0024         [04:44:09.7
YALE-03A-0001  OBJECT V4641               15.0 J       17:51:47 2014-06-18 04:43:37.6 2456826.7011 ir140617.0064          [04:44:11.6
YALE-03A-0001  OBJECT V4641               15.1 J       17:51:47 2014-06-18 04:43:37.6 2456826.7011 ir140617.0065          [04:44:51.9
YALE-03A-0001  OBJECT V4641               15.0 I       17:52:21 2014-06-18 04:44:12.0 2456826.7015 ccd140617.0025         [04:45:10.9
YALE-03A-0001  OBJECT V4641               15.0 J       17:53:00 2014-06-18 04:44:51.0 2456826.7020 ir140617.0066          [04:45:23.5
YALE-03A-0001  OBJECT V4641               15.1 J       17:53:31 2014-06-18 04:45:22.0 2456826.7023 ir140617.0067          [04:45:53.4
YALE-03A-0001  OBJECT V4641               15.0 I       17:53:23 2014-06-18 04:45:13.5 2456826.7022 ccd140617.0026         [04:46:13.3
YALE-03A-0001  OBJECT V4641               15.1 H       17:54:30 2014-06-18 04:46:21.0 2456826.7030 ir140617.0068          [04:46:52.4
YALE-03A-0001  OBJECT V4641               15.0 V       17:54:33 2014-06-18 04:46:23.4 2456826.7030 ccd140617.0027         [04:47:23.4
YALE-03A-0001  OBJECT V4641               15.0 H       17:55:02 2014-06-18 04:46:52.0 2456826.7034 ir140617.0069          [04:47:25.6
YALE-03A-0001  OBJECT V4641               15.0 H       17:55:33 2014-06-18 04:47:23.5 2456826.7037 ir140617.0070          [04:47:56.1
YALE-03A-0001  OBJECT V4641               15.0 V       17:55:35 2014-06-18 04:47:24.9 2456826.7037 ccd140617.0028         [04:48:23.8
YALE-03A-0001  OBJECT V4641               15.1 H       17:56:05 2014-06-18 04:47:54.9 2456826.7041 ir140617.0071          [04:48:27.6
YALE-03A-0001  OBJECT V4641               15.0 H       17:56:36 2014-06-18 04:48:26.0 2456826.7044 ir140617.0072          [04:48:57.4
YALE-03A-0001  OBJECT V4641               15.0 V       17:56:36 2014-06-18 04:48:26.6 2456826.7044 ccd140617.0029         [04:49:26.9
LSU-14A-0001   OBJECT V1017 Sgr           60.0 J       18:02:09 2014-06-18 04:53:57.7 2456826.7083 ir140617.0073          [04:58:26.8
LSU-14A-0001   OBJECT V1017 Sgr          300.0 V       18:02:11 2014-06-18 04:54:00.2 2456826.7083 ccd140617.0030         [04:59:45.1
CHILE-13B-0039 OBJECT V1059 Sgr           80.0 V       18:13:01 2014-06-18 05:10:45.5 2456826.7158 ccd140617.0031         [05:12:49.5
CHILE-13B-0039 OBJECT V1059 Sgr           40.0 V       18:15:12 2014-06-18 05:12:56.5 2456826.7173 ccd140617.0032         [05:14:21.2
OSU-03A-0001   OBJECT OB140099            50.0 H       18:18:35 2014-06-18 05:16:18.9 2456826.7197 ir140617.0074          [05:17:26.3
OSU-03A-0001   OBJECT OB140099            50.0 H       18:19:41 2014-06-18 05:17:25.0 2456826.7204 ir140617.0075          [05:18:33.2
OSU-03A-0001   OBJECT OB140099            50.0 H       18:20:48 2014-06-18 05:18:31.3 2456826.7212 ir140617.0076          [05:19:37.5
OSU-03A-0001   OBJECT OB140099            50.0 H       18:21:54 2014-06-18 05:19:37.4 2456826.7220 ir140617.0077          [05:20:44.9
OSU-03A-0001   OBJECT OB140099            50.0 H       18:23:01 2014-06-18 05:20:43.7 2456826.7227 ir140617.0078          [05:21:50.1
OSU-03A-0001   OBJECT OB140099           300.0 I       18:18:38 2014-06-18 05:16:21.4 2456826.7197 ccd140617.0033         [05:22:06.2
OSU-03A-0001   OBJECT OB140874            50.0 H       18:25:06 2014-06-18 05:22:48.8 2456826.7242 ir140617.0079          [05:23:55.1
OSU-03A-0001   OBJECT OB140874            50.0 H       18:26:13 2014-06-18 05:23:55.0 2456826.7249 ir140617.0080          [05:25:02.5
OSU-03A-0001   OBJECT OB140874            50.0 H       18:27:19 2014-06-18 05:25:01.6 2456826.7257 ir140617.0081          [05:26:08.0
OSU-03A-0001   OBJECT OB140874            50.0 H       18:28:26 2014-06-18 05:26:07.8 2456826.7265 ir140617.0082          [05:27:15.7
OSU-03A-0001   OBJECT OB140874            50.0 H       18:29:32 2014-06-18 05:27:14.1 2456826.7272 ir140617.0083          [05:28:20.5
OSU-03A-0001   OBJECT OB140874           300.0 I       18:25:09 2014-06-18 05:22:51.4 2456826.7242 ccd140617.0034         [05:28:36.2
OSU-03A-0001   OBJECT OB140124            50.0 H       18:31:47 2014-06-18 05:29:28.8 2456826.7288 ir140617.0084          [05:30:35.1
OSU-03A-0001   OBJECT OB140124            50.0 H       18:32:53 2014-06-18 05:30:34.9 2456826.7296 ir140617.0085          [05:31:42.2
OSU-03A-0001   OBJECT OB140124            50.0 H       18:34:00 2014-06-18 05:31:41.2 2456826.7303 ir140617.0086          [05:32:47.6
OSU-03A-0001   OBJECT OB140124            50.0 H       18:35:06 2014-06-18 05:32:47.5 2456826.7311 ir140617.0087          [05:33:55.2
OSU-03A-0001   OBJECT OB140124            50.0 H       18:36:13 2014-06-18 05:33:53.5 2456826.7319 ir140617.0088          [05:34:59.7
OSU-03A-0001   OBJECT OB140124           300.0 I       18:31:50 2014-06-18 05:29:31.3 2456826.7288 ccd140617.0035         [05:35:16.3
OSU-03A-0001   OBJECT OB140667            50.0 H       18:38:49 2014-06-18 05:36:29.0 2456826.7337 ir140617.0089          [05:37:35.4
OSU-03A-0001   OBJECT OB140667            50.0 H       18:39:55 2014-06-18 05:37:34.8 2456826.7344 ir140617.0090          [05:38:42.3
OSU-03A-0001   OBJECT OB140667            50.0 H       18:41:01 2014-06-18 05:38:41.0 2456826.7352 ir140617.0091          [05:39:47.3
OSU-03A-0001   OBJECT OB140667            50.0 H       18:42:07 2014-06-18 05:39:47.1 2456826.7360 ir140617.0092          [05:40:55.3
OSU-03A-0001   OBJECT OB140667            50.0 H       18:43:13 2014-06-18 05:40:52.9 2456826.7367 ir140617.0093          [05:41:59.3
OSU-03A-0001   OBJECT OB140667           300.0 I       18:38:51 2014-06-18 05:36:31.5 2456826.7337 ccd140617.0036         [05:42:16.7
OSU-03A-0001   OBJECT OB141090            50.0 H       18:45:01 2014-06-18 05:42:40.4 2456826.7380 ir140617.0094          [05:43:46.6
OSU-03A-0001   OBJECT OB141090            50.0 H       18:46:07 2014-06-18 05:43:46.4 2456826.7387 ir140617.0095          [05:44:54.7
OSU-03A-0001   OBJECT OB141090            50.0 H       18:47:15 2014-06-18 05:44:53.6 2456826.7395 ir140617.0096          [05:46:00.0
OSU-03A-0001   OBJECT OB141090            50.0 H       18:48:21 2014-06-18 05:45:59.9 2456826.7403 ir140617.0097          [05:47:07.5
OSU-03A-0001   OBJECT OB141090            50.0 H       18:49:27 2014-06-18 05:47:06.2 2456826.7410 ir140617.0098          [05:48:12.4
OSU-03A-0001   OBJECT OB141090           300.0 I       18:45:03 2014-06-18 05:42:42.9 2456826.7380 ccd140617.0037         [05:48:27.8
NOAO-14A-0410  OBJECT RYSCO               30.0 H+ND4   18:52:44 2014-06-18 05:50:22.2 2456826.7433 ir140617.0099          [05:51:08.4
NOAO-14A-0410  OBJECT RYSCO               30.0 H+ND4   18:53:30 2014-06-18 05:51:08.0 2456826.7438 ir140617.0100          [05:51:55.5
NOAO-14A-0410  OBJECT RYSCO               59.1 V+ND4   18:52:47 2014-06-18 05:50:24.8 2456826.7433 ccd140617.0038         [05:52:07.8
NOAO-14A-0410  OBJECT RYSCO               30.1 H+ND4   18:54:16 2014-06-18 05:51:54.3 2456826.7444 ir140617.0101          [05:52:42.0
NOAO-14A-0410  OBJECT RYSCO               30.0 H+ND4   18:55:03 2014-06-18 05:52:40.8 2456826.7449 ir140617.0102          [05:53:27.1
NOAO-14A-0410  OBJECT RYSCO               59.1 V+ND4   18:54:33 2014-06-18 05:52:10.5 2456826.7446 ccd140617.0039         [05:53:54.7
NOAO-14A-0410  OBJECT RYSCO               30.1 H+ND4   18:55:49 2014-06-18 05:53:27.1 2456826.7454 ir140617.0103          [05:54:13.4
NOAO-14A-0410  OBJECT RYSCO               30.1 H+ND4   18:56:36 2014-06-18 05:54:13.4 2456826.7460 ir140617.0104          [05:55:00.8
NOAO-14A-0410  OBJECT RYSCO               30.1 H+ND4   18:57:22 2014-06-18 05:54:59.5 2456826.7465 ir140617.0105          [05:55:45.9
NOAO-14A-0410  OBJECT RYSCO                4.0 H       18:58:16 2014-06-18 05:55:53.3 2456826.7471 ir140617.0106          [05:56:31.0
NOAO-14A-0410  OBJECT RYSCO                4.0 H       18:58:53 2014-06-18 05:56:30.1 2456826.7476 ir140617.0107          [05:57:06.7
NOAO-14A-0410  OBJECT RYSCO                4.0 H       18:59:30 2014-06-18 05:57:06.7 2456826.7480 ir140617.0108          [05:57:44.3
NOAO-14A-0410  OBJECT RYSCO               80.0 V       18:58:18 2014-06-18 05:55:55.8 2456826.7472 ccd140617.0040         [05:57:59.7
NOAO-14A-0410  OBJECT RYSCO                4.0 H       19:00:07 2014-06-18 05:57:43.4 2456826.7484 ir140617.0109          [05:58:21.5
NOAO-14A-0410  OBJECT RYSCO                4.0 H       19:00:43 2014-06-18 05:58:19.8 2456826.7488 ir140617.0110          [05:58:56.4
NOAO-14A-0410  OBJECT RYSCO                4.0 H       19:01:19 2014-06-18 05:58:56.2 2456826.7493 ir140617.0111          [05:59:33.8
NOAO-14A-0410  OBJECT RYSCO               80.0 V       19:00:25 2014-06-18 05:58:02.3 2456826.7486 ccd140617.0041         [06:00:06.2
NOAO-14A-0410  OBJECT RYSCO                4.0 H       19:01:56 2014-06-18 05:59:33.0 2456826.7497 ir140617.0112          [06:00:10.9
YALE-03A-0001  OBJECT GRS1915+105         40.0 K       19:05:09 2014-06-18 06:02:45.4 2456826.7519 ir140617.0113          [06:03:41.7
YALE-03A-0001  OBJECT GRS1915+105         40.0 K       19:06:06 2014-06-18 06:03:41.4 2456826.7526 ir140617.0114          [06:04:38.8
YALE-03A-0001  OBJECT GRS1915+105         40.0 K       19:07:02 2014-06-18 06:04:38.0 2456826.7532 ir140617.0115          [06:05:34.3
YALE-03A-0001  OBJECT GRS1915+105         40.0 K       19:07:58 2014-06-18 06:05:34.2 2456826.7539 ir140617.0116          [06:06:32.0
YALE-03A-0001  OBJECT GRS1915+105         40.0 K       19:08:55 2014-06-18 06:06:30.4 2456826.7545 ir140617.0117          [06:07:26.8
YALE-03A-0001  OBJECT GRS1915+105         40.0 K       19:10:59 2014-06-18 06:08:33.6 2456826.7559 ir140617.0118          [06:09:31.3
YALE-03A-0001  OBJECT GRS1915+105         40.0 K       19:11:55 2014-06-18 06:09:29.7 2456826.7566 ir140617.0119          [06:10:26.0
YALE-03A-0001  OBJECT GRS1915+105         40.0 K       19:12:51 2014-06-18 06:10:26.0 2456826.7572 ir140617.0120          [06:11:23.3
YALE-03A-0001  OBJECT GRS1915+105         40.0 K       19:13:48 2014-06-18 06:11:22.4 2456826.7579 ir140617.0121          [06:12:18.5
YALE-03A-0001  OBJECT GRS1915+105         40.0 K       19:14:44 2014-06-18 06:12:18.3 2456826.7585 ir140617.0122          [06:13:15.9
YALE-03A-0001  OBJECT GRS1915+105         40.0 K       19:16:09 2014-06-18 06:13:43.8 2456826.7595 ir140617.0123          [06:14:40.0
YALE-03A-0001  OBJECT GRS1915+105         40.0 K       19:17:05 2014-06-18 06:14:39.6 2456826.7602 ir140617.0124          [06:15:37.5
YALE-03A-0001  OBJECT GRS1915+105         40.0 K       19:18:02 2014-06-18 06:15:36.0 2456826.7608 ir140617.0125          [06:16:32.3
YALE-03A-0001  OBJECT GRS1915+105         40.0 K       19:18:58 2014-06-18 06:16:32.3 2456826.7615 ir140617.0126          [06:17:29.6
YALE-03A-0001  OBJECT GRS1915+105         40.0 K       19:19:54 2014-06-18 06:17:28.2 2456826.7621 ir140617.0127          [06:18:24.6
YALE-03A-0001  OBJECT GRS1915+105         40.0 K       19:21:27 2014-06-18 06:19:00.6 2456826.7632 ir140617.0128          [06:19:58.1
YALE-03A-0001  OBJECT GRS1915+105         40.0 K       19:22:24 2014-06-18 06:19:56.9 2456826.7639 ir140617.0129          [06:20:53.3
YALE-03A-0001  OBJECT GRS1915+105         40.0 K       19:23:20 2014-06-18 06:20:53.2 2456826.7645 ir140617.0130          [06:21:50.9
YALE-03A-0001  OBJECT GRS1915+105         40.0 K       19:24:16 2014-06-18 06:21:49.4 2456826.7651 ir140617.0131          [06:22:45.7
YALE-03A-0001  OBJECT GRS1915+105         40.0 K       19:25:13 2014-06-18 06:22:45.4 2456826.7658 ir140617.0132          [06:23:43.0
YALE-03A-0001  OBJECT GRS1915+105         40.0 K       19:27:36 2014-06-18 06:25:08.2 2456826.7675 ir140617.0133          [06:26:04.4
YALE-03A-0001  OBJECT GRS1915+105         40.0 K       19:28:32 2014-06-18 06:26:03.9 2456826.7681 ir140617.0134          [06:27:02.1
YALE-03A-0001  OBJECT GRS1915+105         40.0 K       19:29:28 2014-06-18 06:27:00.0 2456826.7687 ir140617.0135          [06:27:56.3
YALE-03A-0001  OBJECT GRS1915+105         40.0 K       19:30:24 2014-06-18 06:27:56.0 2456826.7694 ir140617.0136          [06:28:54.1
YALE-03A-0001  OBJECT GRS1915+105         40.0 K       19:31:20 2014-06-18 06:28:52.0 2456826.7700 ir140617.0137          [06:29:48.4
LSU-14A-0001   OBJECT CI Aql              60.0 V       19:34:45 2014-06-18 06:32:16.7 2456826.7724 ccd140617.0042         [06:34:01.7
LSU-14A-0001   OBJECT CI Aql              60.0 V       19:36:32 2014-06-18 06:34:03.2 2456826.7736 ccd140617.0043         [06:35:47.1
LSU-14A-0001   OBJECT CI Aql              60.0 V       19:38:19 2014-06-18 06:35:49.6 2456826.7749 ccd140617.0044         [06:37:34.6
LSU-14A-0001   OBJECT CI Aql              60.0 V       19:40:06 2014-06-18 06:37:36.1 2456826.7761 ccd140617.0045         [06:39:20.0
LSU-14A-0001   OBJECT CI Aql              60.0 V       19:41:52 2014-06-18 06:39:22.5 2456826.7773 ccd140617.0046         [06:41:07.3
LSU-14A-0001   OBJECT CI Aql              60.0 V       19:43:39 2014-06-18 06:41:09.0 2456826.7786 ccd140617.0047         [06:42:52.9
LSU-14A-0001   OBJECT CI Aql              60.0 V       19:45:26 2014-06-18 06:42:55.5 2456826.7798 ccd140617.0048         [06:44:40.5
LSU-14A-0001   OBJECT CI Aql              60.0 V       19:47:13 2014-06-18 06:44:42.0 2456826.7810 ccd140617.0049         [06:46:25.9
LSU-14A-0001   OBJECT CI Aql              60.0 V       19:48:59 2014-06-18 06:46:28.4 2456826.7823 ccd140617.0050         [06:48:13.3
LSU-14A-0001   OBJECT CI Aql              60.0 V       19:50:46 2014-06-18 06:48:14.9 2456826.7835 ccd140617.0051         [06:49:58.8
LSU-14A-0001   OBJECT CI Aql              60.0 V       19:52:37 2014-06-18 06:50:05.3 2456826.7848 ccd140617.0052         [06:51:50.2
LSU-14A-0001   OBJECT CI Aql              60.0 V       19:54:24 2014-06-18 06:51:51.8 2456826.7860 ccd140617.0053         [06:53:35.6
LSU-14A-0001   OBJECT CI Aql              60.0 V       19:56:10 2014-06-18 06:53:38.2 2456826.7873 ccd140617.0054         [06:55:23.0
LSU-14A-0001   OBJECT CI Aql              60.0 V       19:57:57 2014-06-18 06:55:24.7 2456826.7885 ccd140617.0055         [06:57:08.5
LSU-14A-0001   OBJECT CI Aql              60.0 V       19:59:44 2014-06-18 06:57:11.1 2456826.7897 ccd140617.0056         [06:58:56.3
LSU-14A-0001   OBJECT CI Aql              60.0 V       20:01:31 2014-06-18 06:58:57.6 2456826.7909 ccd140617.0057         [07:00:41.6
LSU-14A-0001   OBJECT CI Aql              60.0 V       20:03:17 2014-06-18 07:00:44.2 2456826.7922 ccd140617.0058         [07:02:29.3
LSU-14A-0001   OBJECT CI Aql              60.0 V       20:05:04 2014-06-18 07:02:30.6 2456826.7934 ccd140617.0059         [07:04:14.5
LSU-14A-0001   OBJECT CI Aql              60.0 V       20:06:51 2014-06-18 07:04:17.1 2456826.7946 ccd140617.0060         [07:06:02.3
LSU-14A-0001   OBJECT CI Aql              60.0 V       20:08:38 2014-06-18 07:06:03.5 2456826.7959 ccd140617.0061         [07:07:47.5
LSU-14A-0001   OBJECT CI Aql              60.0 V       20:10:28 2014-06-18 07:07:53.9 2456826.7971 ccd140617.0062         [07:09:38.7
LSU-14A-0001   OBJECT CI Aql              60.0 V       20:12:15 2014-06-18 07:09:40.3 2456826.7984 ccd140617.0063         [07:11:24.2
LSU-14A-0001   OBJECT CI Aql              60.0 V       20:14:02 2014-06-18 07:11:26.7 2456826.7996 ccd140617.0064         [07:13:11.5
LSU-14A-0001   OBJECT CI Aql              60.0 V       20:15:49 2014-06-18 07:13:13.2 2456826.8009 ccd140617.0065         [07:14:57.1
LSU-14A-0001   OBJECT CI Aql              60.0 V       20:17:35 2014-06-18 07:14:59.7 2456826.8021 ccd140617.0066         [07:16:44.6
LSU-14A-0001   OBJECT CI Aql              60.0 V       20:19:22 2014-06-18 07:16:46.1 2456826.8033 ccd140617.0067         [07:18:30.0
LSU-14A-0001   OBJECT CI Aql              60.0 V       20:21:09 2014-06-18 07:18:32.6 2456826.8045 ccd140617.0068         [07:20:17.4
LSU-14A-0001   OBJECT CI Aql              60.0 V       20:22:56 2014-06-18 07:20:19.1 2456826.8058 ccd140617.0069         [07:22:03.0
LSU-14A-0001   OBJECT CI Aql              60.0 V       20:24:43 2014-06-18 07:22:05.5 2456826.8070 ccd140617.0070         [07:23:50.8
LSU-14A-0001   OBJECT CI Aql              60.0 V       20:26:29 2014-06-18 07:23:52.0 2456826.8082 ccd140617.0071         [07:25:36.0
LSU-14A-0001   OBJECT CI Aql              60.0 V       20:28:20 2014-06-18 07:25:42.6 2456826.8095 ccd140617.0072         [07:27:27.6
LSU-14A-0001   OBJECT CI Aql              60.0 V       20:30:07 2014-06-18 07:27:29.0 2456826.8108 ccd140617.0073         [07:29:12.9
LSU-14A-0001   OBJECT CI Aql              60.0 V       20:31:54 2014-06-18 07:29:15.4 2456826.8120 ccd140617.0074         [07:31:00.6
LSU-14A-0001   OBJECT CI Aql              60.0 V       20:33:40 2014-06-18 07:31:01.8 2456826.8132 ccd140617.0075         [07:32:45.7
LSU-14A-0001   OBJECT CI Aql              60.0 V       20:35:27 2014-06-18 07:32:48.4 2456826.8144 ccd140617.0076         [07:34:33.2
LSU-14A-0001   OBJECT CI Aql              60.0 V       20:37:14 2014-06-18 07:34:34.8 2456826.8157 ccd140617.0077         [07:36:18.7
LSU-14A-0001   OBJECT CI Aql              60.0 V       20:39:01 2014-06-18 07:36:21.4 2456826.8169 ccd140617.0078         [07:38:06.3
LSU-14A-0001   OBJECT CI Aql              60.0 V       20:40:47 2014-06-18 07:38:07.9 2456826.8182 ccd140617.0079         [07:39:51.8
LSU-14A-0001   OBJECT CI Aql              60.0 V       20:42:34 2014-06-18 07:39:54.3 2456826.8194 ccd140617.0080         [07:41:39.1
LSU-14A-0001   OBJECT CI Aql              60.0 V       20:44:21 2014-06-18 07:41:40.7 2456826.8206 ccd140617.0081         [07:43:24.7
LSU-14A-0001   OBJECT CI Aql              60.0 V       20:46:12 2014-06-18 07:43:31.2 2456826.8219 ccd140617.0082         [07:45:16.0
LSU-14A-0001   OBJECT CI Aql              60.0 V       20:47:58 2014-06-18 07:45:17.6 2456826.8231 ccd140617.0083         [07:47:01.6
LSU-14A-0001   OBJECT CI Aql              60.0 V       20:49:45 2014-06-18 07:47:04.1 2456826.8243 ccd140617.0084         [07:48:49.0
LSU-14A-0001   OBJECT CI Aql              60.0 V       20:51:32 2014-06-18 07:48:50.6 2456826.8256 ccd140617.0085         [07:50:34.6
LSU-14A-0001   OBJECT CI Aql              60.0 V       20:53:19 2014-06-18 07:50:37.1 2456826.8268 ccd140617.0086         [07:52:22.1
LSU-14A-0001   OBJECT CI Aql              60.0 V       20:55:05 2014-06-18 07:52:23.5 2456826.8281 ccd140617.0087         [07:54:07.4
LSU-14A-0001   OBJECT CI Aql              60.0 V       20:56:52 2014-06-18 07:54:10.0 2456826.8293 ccd140617.0088         [07:55:54.9
LSU-14A-0001   OBJECT CI Aql              60.0 V       20:58:39 2014-06-18 07:55:56.4 2456826.8305 ccd140617.0089         [07:57:40.4
LSU-14A-0001   OBJECT CI Aql              60.0 V       21:00:26 2014-06-18 07:57:43.0 2456826.8317 ccd140617.0090         [07:59:27.7
LSU-14A-0001   OBJECT CI Aql              60.0 V       21:02:12 2014-06-18 07:59:29.4 2456826.8330 ccd140617.0091         [08:01:13.4
YALE-03A-0001  OBJECT GRS1915+105         40.0 K       21:08:11 2014-06-18 08:05:27.2 2456826.8371 ir140617.0138          [08:06:25.6
YALE-03A-0001  OBJECT GRS1915+105         40.0 K       21:09:07 2014-06-18 08:06:23.2 2456826.8378 ir140617.0139          [08:07:19.6
YALE-03A-0001  OBJECT GRS1915+105         40.0 K       21:10:04 2014-06-18 08:07:19.5 2456826.8384 ir140617.0140          [08:08:16.9
YALE-03A-0001  OBJECT GRS1915+105         40.0 K       21:11:01 2014-06-18 08:08:15.9 2456826.8391 ir140617.0141          [08:09:12.3
YALE-03A-0001  OBJECT GRS1915+105         40.0 K       21:11:57 2014-06-18 08:09:12.0 2456826.8397 ir140617.0142          [08:10:09.6
CHILE-06B-0288 OBJECT CT481              250.0 R       21:16:37 2014-06-18 08:13:51.3 2456826.8430 ccd140617.0092         [08:18:45.3
CHILE-06B-0288 OBJECT CT491              250.0 R       21:25:08 2014-06-18 08:22:21.5 2456826.8489 ccd140617.0093         [08:27:16.4
YALE-08A-0001  OBJECT 2326-502            30.1 J       21:32:24 2014-06-18 08:29:35.9 2456826.8539 ir140617.0143          [08:30:22.3
YALE-08A-0001  OBJECT 2326-502            30.1 J       21:33:10 2014-06-18 08:30:21.8 2456826.8544 ir140617.0144          [08:31:09.2
YALE-08A-0001  OBJECT 2326-502            30.0 J       21:33:56 2014-06-18 08:31:08.0 2456826.8550 ir140617.0145          [08:31:54.3
YALE-08A-0001  OBJECT 2326-502            30.0 J       21:34:43 2014-06-18 08:31:54.2 2456826.8555 ir140617.0146          [08:32:41.6
YALE-08A-0001  OBJECT 2326-502           140.0 R       21:32:26 2014-06-18 08:29:38.3 2456826.8539 ccd140617.0094         [08:32:42.9
YALE-08A-0001  OBJECT 2326-502            30.1 J       21:35:30 2014-06-18 08:32:41.3 2456826.8560 ir140617.0147          [08:33:28.7
YALE-08A-0001  OBJECT 2326-502            30.1 K       21:36:24 2014-06-18 08:33:35.5 2456826.8567 ir140617.0148          [08:34:21.8
YALE-08A-0001  OBJECT 2326-502            30.1 K       21:37:10 2014-06-18 08:34:21.5 2456826.8572 ir140617.0149          [08:35:09.9
YALE-08A-0001  OBJECT 2326-502            30.0 K       21:37:57 2014-06-18 08:35:07.7 2456826.8577 ir140617.0150          [08:35:53.9
YALE-08A-0001  OBJECT 2326-502            30.0 K       21:38:43 2014-06-18 08:35:53.9 2456826.8583 ir140617.0151          [08:36:41.9
YALE-08A-0001  OBJECT 2326-502           180.0 B       21:36:27 2014-06-18 08:33:38.1 2456826.8567 ccd140617.0095         [08:37:21.9
YALE-08A-0001  OBJECT 2326-502            30.1 K       21:39:29 2014-06-18 08:36:39.8 2456826.8588 ir140617.0152          [08:37:27.9
YALE-08A-0001  OBJECT 2326-502            30.0 K       21:40:21 2014-06-18 08:37:31.6 2456826.8594 ir140617.0153          [08:38:17.9
YALE-08A-0001  OBJECT 2326-502            30.1 K       21:41:07 2014-06-18 08:38:17.5 2456826.8599 ir140617.0154          [08:39:04.9
YALE-08A-0001  OBJECT 2326-502            30.0 K       21:41:53 2014-06-18 08:39:03.7 2456826.8605 ir140617.0155          [08:39:50.1
YALE-08A-0001  OBJECT 2326-502            30.0 K       21:42:40 2014-06-18 08:39:50.0 2456826.8610 ir140617.0156          [08:40:37.5
YALE-08A-0001  OBJECT 2326-502           140.0 V       21:40:23 2014-06-18 08:37:34.1 2456826.8594 ccd140617.0096         [08:40:38.6
YALE-08A-0001  OBJECT 2326-502            30.1 K       21:43:27 2014-06-18 08:40:37.0 2456826.8615 ir140617.0157          [08:41:24.6
YALE-08A-0001  OBJECT 3C454.3             30.0 J       21:50:30 2014-06-18 08:47:39.4 2456826.8664 ir140617.0158          [08:48:25.7
YALE-08A-0001  OBJECT 3C454.3             30.1 J       21:51:17 2014-06-18 08:48:25.7 2456826.8670 ir140617.0159          [08:49:13.2
YALE-08A-0001  OBJECT 3C454.3             70.0 R       21:50:33 2014-06-18 08:47:41.8 2456826.8665 ccd140617.0097         [08:49:36.0
YALE-08A-0001  OBJECT 3C454.3             30.1 J       21:52:03 2014-06-18 08:49:12.1 2456826.8675 ir140617.0160          [08:49:59.5
YALE-08A-0001  OBJECT 3C454.3             30.0 J       21:52:50 2014-06-18 08:49:58.3 2456826.8680 ir140617.0161          [08:50:44.7
YALE-08A-0001  OBJECT 3C454.3             30.1 J       21:53:36 2014-06-18 08:50:44.7 2456826.8686 ir140617.0162          [08:51:32.3
YALE-08A-0001  OBJECT 3C454.3             30.1 K       21:54:31 2014-06-18 08:51:38.9 2456826.8692 ir140617.0163          [08:52:25.3
YALE-08A-0001  OBJECT 3C454.3             30.0 K       21:55:17 2014-06-18 08:52:24.8 2456826.8697 ir140617.0164          [08:53:12.7
YALE-08A-0001  OBJECT 3C454.3             90.0 B       21:54:33 2014-06-18 08:51:41.4 2456826.8692 ccd140617.0098         [08:53:55.3
YALE-08A-0001  OBJECT 3C454.3             30.0 K       21:56:03 2014-06-18 08:53:11.4 2456826.8703 ir140617.0165          [08:53:58.7
YALE-08A-0001  OBJECT 3C454.3             30.0 K       21:56:50 2014-06-18 08:53:57.6 2456826.8708 ir140617.0166          [08:54:44.0
YALE-08A-0001  OBJECT 3C454.3             30.0 K       21:57:41 2014-06-18 08:54:49.2 2456826.8714 ir140617.0167          [08:55:36.8
YALE-08A-0001  OBJECT 3C454.3             30.0 K       21:58:27 2014-06-18 08:55:35.1 2456826.8719 ir140617.0168          [08:56:21.4
YALE-08A-0001  OBJECT 3C454.3             70.0 V       21:57:44 2014-06-18 08:54:51.6 2456826.8714 ccd140617.0099         [08:56:46.4
YALE-08A-0001  OBJECT 3C454.3             30.0 K       21:59:14 2014-06-18 08:56:21.4 2456826.8725 ir140617.0169          [08:57:07.6
YALE-08A-0001  OBJECT 3C454.3             30.0 K       22:00:00 2014-06-18 08:57:07.5 2456826.8730 ir140617.0170          [08:57:55.0
YALE-08A-0001  OBJECT 0131-522            30.0 J       22:05:28 2014-06-18 09:02:34.9 2456826.8768 ir140617.0171          [09:03:21.2
YALE-08A-0001  OBJECT 0131-522            30.0 J       22:06:14 2014-06-18 09:03:21.0 2456826.8773 ir140617.0172          [09:04:08.3
YALE-08A-0001  OBJECT 0131-522            30.0 J       22:07:01 2014-06-18 09:04:07.4 2456826.8779 ir140617.0173          [09:04:53.7
YALE-08A-0001  OBJECT 0131-522           140.0 R       22:05:31 2014-06-18 09:02:37.5 2456826.8768 ccd140617.0100         [09:05:42.2
YALE-08A-0001  OBJECT 0131-522            30.1 J       22:08:42 2014-06-18 09:05:48.1 2456826.8790 ir140617.0174          [09:06:34.5
YALE-08A-0001  OBJECT 0131-522            30.0 J       22:09:28 2014-06-18 09:06:34.2 2456826.8796 ir140617.0175          [09:07:21.7
YALE-08A-0001  OBJECT 0131-522            30.1 J       22:10:15 2014-06-18 09:07:20.5 2456826.8801 ir140617.0176          [09:08:06.8
YALE-08A-0001  OBJECT 0131-522            30.0 J       22:11:01 2014-06-18 09:08:06.7 2456826.8806 ir140617.0177          [09:08:54.1
YALE-08A-0001  OBJECT 0131-522           180.0 B       22:08:45 2014-06-18 09:05:50.6 2456826.8791 ccd140617.0101         [09:09:34.5
