Project        ImType Object           ExpTime Filter  LST      UTDate     UTC        JD           Filename               [Logged@UT]
ALL            BIAS   BIASES               0.0 B       11:02:06 2014-06-20 21:49:12.9 2456829.4092 ccd140620bias.0001     [21:49:57.8
ALL            BIAS   BIASES               0.0 B       11:02:52 2014-06-20 21:49:59.4 2456829.4097 ccd140620bias.0002     [21:50:43.2
ALL            BIAS   BIASES               0.0 B       11:03:39 2014-06-20 21:50:45.8 2456829.4103 ccd140620bias.0003     [21:51:30.7
ALL            BIAS   BIASES               0.0 B       11:04:25 2014-06-20 21:51:32.4 2456829.4108 ccd140620bias.0004     [21:52:16.2
ALL            BIAS   BIASES               0.0 B       11:05:12 2014-06-20 21:52:18.8 2456829.4113 ccd140620bias.0005     [21:53:03.6
ALL            BIAS   BIASES               0.0 B       11:05:58 2014-06-20 21:53:05.2 2456829.4119 ccd140620bias.0006     [21:53:49.1
ALL            BIAS   BIASES               0.0 B       11:06:45 2014-06-20 21:53:51.7 2456829.4124 ccd140620bias.0007     [21:54:36.5
ALL            BIAS   BIASES               0.0 B       11:07:32 2014-06-20 21:54:38.2 2456829.4129 ccd140620bias.0008     [21:55:22.0
ALL            BIAS   BIASES               0.0 B       11:08:18 2014-06-20 21:55:24.6 2456829.4135 ccd140620bias.0009     [21:56:09.3
ALL            BIAS   BIASES               0.0 B       11:09:05 2014-06-20 21:56:11.0 2456829.4140 ccd140620bias.0010     [21:56:55.0
ALL            OBJECT focus                7.0 H       12:02:28 2014-06-20 22:49:25.4 2456829.4510 irfoco.0001            [22:49:49.5
ALL            OBJECT focus               10.0 V       12:02:30 2014-06-20 22:49:27.8 2456829.4510 ccdfoco.0001           [22:50:21.8
ALL            OBJECT focus                7.0 H       12:04:16 2014-06-20 22:51:12.8 2456829.4522 irfoco.0002            [22:51:36.9
ALL            OBJECT focus               10.0 V       12:04:18 2014-06-20 22:51:15.2 2456829.4523 ccdfoco.0002           [22:52:09.2
ALL            OBJECT focus                7.0 H       12:06:00 2014-06-20 22:52:57.3 2456829.4534 irfoco.0003            [22:53:21.4
ALL            OBJECT focus               10.0 V       12:06:03 2014-06-20 22:52:59.9 2456829.4535 ccdfoco.0003           [22:53:53.8
ALL            OBJECT focus                7.0 H       12:07:55 2014-06-20 22:54:52.0 2456829.4548 irfoco.0004            [22:55:16.3
ALL            OBJECT focus               10.0 V       12:07:58 2014-06-20 22:54:54.4 2456829.4548 ccdfoco.0004           [22:55:48.3
NOAO-14A-0410  OBJECT LCAR                 4.0 H+ND4   12:22:52 2014-06-20 23:09:46.3 2456829.4651 ir140620.0001          [23:10:23.9
NOAO-14A-0410  OBJECT LCAR                 4.0 H+ND4   12:23:29 2014-06-20 23:10:22.9 2456829.4655 ir140620.0002          [23:10:59.5
NOAO-14A-0410  OBJECT LCAR                 4.0 H+ND4   12:24:06 2014-06-20 23:10:59.8 2456829.4660 ir140620.0003          [23:11:37.6
NOAO-14A-0410  OBJECT LCAR                 4.0 H+ND4   12:24:43 2014-06-20 23:11:36.7 2456829.4664 ir140620.0004          [23:12:13.4
NOAO-14A-0410  OBJECT LCAR                 4.0 H+ND4   12:25:19 2014-06-20 23:12:13.1 2456829.4668 ir140620.0005          [23:12:51.0
NOAO-14A-0410  OBJECT LCAR                 4.0 H+ND4   12:25:56 2014-06-20 23:12:50.0 2456829.4673 ir140620.0006          [23:13:26.7
NOAO-14A-0410  OBJECT LCAR                 4.0 H+ND4   12:26:33 2014-06-20 23:13:26.8 2456829.4677 ir140620.0007          [23:14:04.5
GSU-03A-0006   OBJECT 1510-089            35.0 H       13:27:29 2014-06-21 00:14:13.0 2456829.5099 ir140620.0008          [00:15:04.1
GSU-03A-0006   OBJECT 1510-089            35.0 H       13:28:21 2014-06-21 00:15:04.5 2456829.5105 ir140620.0009          [00:15:56.8
GSU-03A-0006   OBJECT 1510-089            35.0 H       13:29:13 2014-06-21 00:15:56.0 2456829.5111 ir140620.0010          [00:16:47.2
GSU-03A-0006   OBJECT 1510-089           120.0 R       13:27:32 2014-06-21 00:14:15.6 2456829.5099 ccd140620.0001         [00:17:00.3
YALE-08A-0001  OBJECT 1510-089            30.1 J       13:31:39 2014-06-21 00:18:21.8 2456829.5128 ir140620.0011          [00:19:08.1
YALE-08A-0001  OBJECT 1510-089            30.0 J       13:32:25 2014-06-21 00:19:07.7 2456829.5133 ir140620.0012          [00:19:55.3
YALE-08A-0001  OBJECT 1510-089            70.0 R       13:31:41 2014-06-21 00:18:24.2 2456829.5128 ccd140620.0002         [00:20:18.1
YALE-08A-0001  OBJECT 1510-089            30.1 J       13:33:12 2014-06-21 00:19:54.6 2456829.5138 ir140620.0013          [00:20:42.0
YALE-08A-0001  OBJECT 1510-089            30.0 J       13:33:59 2014-06-21 00:20:41.0 2456829.5144 ir140620.0014          [00:21:27.5
YALE-08A-0001  OBJECT 1510-089            30.1 J       13:34:45 2014-06-21 00:21:27.2 2456829.5149 ir140620.0015          [00:22:14.6
YALE-08A-0001  OBJECT 1510-089            30.1 K       13:35:39 2014-06-21 00:22:21.3 2456829.5155 ir140620.0016          [00:23:07.6
YALE-08A-0001  OBJECT 1510-089            30.0 K       13:36:25 2014-06-21 00:23:07.2 2456829.5161 ir140620.0017          [00:23:54.4
YALE-08A-0001  OBJECT 1510-089            90.0 B       13:35:42 2014-06-21 00:22:23.8 2456829.5156 ccd140620.0003         [00:24:37.7
YALE-08A-0001  OBJECT 1510-089            30.0 K       13:37:12 2014-06-21 00:23:53.5 2456829.5166 ir140620.0018          [00:24:41.0
YALE-08A-0001  OBJECT 1510-089            30.1 K       13:37:58 2014-06-21 00:24:40.0 2456829.5171 ir140620.0019          [00:25:26.5
YALE-08A-0001  OBJECT 1510-089            30.0 K       13:38:50 2014-06-21 00:25:31.8 2456829.5177 ir140620.0020          [00:26:19.1
YALE-08A-0001  OBJECT 1510-089            30.0 K       13:39:37 2014-06-21 00:26:18.0 2456829.5183 ir140620.0021          [00:27:04.3
YALE-08A-0001  OBJECT 1510-089            70.0 V       13:38:53 2014-06-21 00:25:34.2 2456829.5178 ccd140620.0004         [00:27:28.9
YALE-08A-0001  OBJECT 1510-089            30.0 K       13:40:23 2014-06-21 00:27:04.4 2456829.5188 ir140620.0022          [00:27:50.6
YALE-08A-0001  OBJECT 1510-089            30.1 K       13:41:09 2014-06-21 00:27:50.7 2456829.5193 ir140620.0023          [00:28:38.4
OSU-03A-0001   OBJECT OB140987            50.0 H       14:01:33 2014-06-21 00:48:10.8 2456829.5335 ir140620.0024          [00:49:16.9
OSU-03A-0001   OBJECT OB140987            50.0 H       14:02:39 2014-06-21 00:49:16.7 2456829.5342 ir140620.0025          [00:50:23.9
OSU-03A-0001   OBJECT OB140987            50.0 H       14:03:45 2014-06-21 00:50:22.7 2456829.5350 ir140620.0026          [00:51:29.3
OSU-03A-0001   OBJECT OB140987            50.0 H       14:04:52 2014-06-21 00:51:29.2 2456829.5358 ir140620.0027          [00:52:36.3
OSU-03A-0001   OBJECT OB140987            50.0 H       14:05:58 2014-06-21 00:52:35.3 2456829.5365 ir140620.0028          [00:53:41.6
OSU-03A-0001   OBJECT OB140987           300.0 I       14:01:35 2014-06-21 00:48:13.1 2456829.5335 ccd140620.0005         [00:53:58.4
OSU-03A-0001   OBJECT OB140987            50.0 H       14:07:25 2014-06-21 00:54:01.6 2456829.5375 ir140620.0029          [00:55:07.8
OSU-03A-0001   OBJECT OB140987            50.0 H       14:08:31 2014-06-21 00:55:07.5 2456829.5383 ir140620.0030          [00:56:14.8
OSU-03A-0001   OBJECT OB140987            50.0 H       14:09:37 2014-06-21 00:56:13.7 2456829.5390 ir140620.0031          [00:57:21.1
OSU-03A-0001   OBJECT OB140987            50.0 H       14:10:45 2014-06-21 00:57:21.0 2456829.5398 ir140620.0032          [00:58:28.2
OSU-03A-0001   OBJECT OB140987            50.0 H       14:11:51 2014-06-21 00:58:26.8 2456829.5406 ir140620.0033          [00:59:33.1
OSU-03A-0001   OBJECT OB140987           300.0 I       14:07:27 2014-06-21 00:54:04.1 2456829.5376 ccd140620.0006         [00:59:48.9
OSU-03A-0001   OBJECT OB140987            50.0 H       14:13:17 2014-06-21 00:59:52.5 2456829.5416 ir140620.0034          [01:00:58.8
OSU-03A-0001   OBJECT OB140987            50.0 H       14:14:23 2014-06-21 01:00:58.4 2456829.5423 ir140620.0035          [01:02:05.6
OSU-03A-0001   OBJECT OB140987            50.0 H       14:15:29 2014-06-21 01:02:04.5 2456829.5431 ir140620.0036          [01:03:10.7
OSU-03A-0001   OBJECT OB140987            50.0 H       14:16:35 2014-06-21 01:03:10.5 2456829.5439 ir140620.0037          [01:04:18.4
OSU-03A-0001   OBJECT OB140987            50.0 H       14:17:41 2014-06-21 01:04:16.4 2456829.5446 ir140620.0038          [01:05:22.7
OSU-03A-0001   OBJECT OB140987           300.0 I       14:13:19 2014-06-21 00:59:55.2 2456829.5416 ccd140620.0007         [01:05:40.0
OSU-03A-0001   OBJECT OB140987            50.0 H       14:19:09 2014-06-21 01:05:43.9 2456829.5457 ir140620.0039          [01:06:50.2
OSU-03A-0001   OBJECT OB140987            50.0 H       14:20:15 2014-06-21 01:06:49.8 2456829.5464 ir140620.0040          [01:07:57.5
OSU-03A-0001   OBJECT OB140987            50.0 H       14:21:21 2014-06-21 01:07:56.2 2456829.5472 ir140620.0041          [01:09:02.4
OSU-03A-0001   OBJECT OB140987            50.0 H       14:22:28 2014-06-21 01:09:02.3 2456829.5480 ir140620.0042          [01:10:10.1
OSU-03A-0001   OBJECT OB140987            50.0 H       14:23:34 2014-06-21 01:10:08.6 2456829.5487 ir140620.0043          [01:11:14.7
OSU-03A-0001   OBJECT OB140987           300.0 I       14:19:11 2014-06-21 01:05:46.4 2456829.5457 ccd140620.0008         [01:11:31.3
OSU-03A-0001   OBJECT OB140987            50.0 H       14:25:01 2014-06-21 01:11:34.8 2456829.5497 ir140620.0044          [01:12:41.1
OSU-03A-0001   OBJECT OB140987            50.0 H       14:26:07 2014-06-21 01:12:40.8 2456829.5505 ir140620.0045          [01:13:48.3
OSU-03A-0001   OBJECT OB140987            50.0 H       14:27:13 2014-06-21 01:13:46.9 2456829.5512 ir140620.0046          [01:14:53.2
OSU-03A-0001   OBJECT OB140987            50.0 H       14:28:20 2014-06-21 01:14:53.2 2456829.5520 ir140620.0047          [01:16:00.7
OSU-03A-0001   OBJECT OB140987            50.0 H       14:29:26 2014-06-21 01:15:59.2 2456829.5528 ir140620.0048          [01:17:05.4
OSU-03A-0001   OBJECT OB140987           300.0 I       14:25:03 2014-06-21 01:11:37.3 2456829.5497 ccd140620.0009         [01:17:22.2
OSU-03A-0001   OBJECT OB140987            50.0 H       14:30:53 2014-06-21 01:17:26.0 2456829.5538 ir140620.0049          [01:18:32.3
OSU-03A-0001   OBJECT OB140987            50.0 H       14:31:59 2014-06-21 01:18:31.8 2456829.5545 ir140620.0050          [01:19:39.3
OSU-03A-0001   OBJECT OB140987            50.0 H       14:33:05 2014-06-21 01:19:37.9 2456829.5553 ir140620.0051          [01:20:44.2
OSU-03A-0001   OBJECT OB140987            50.0 H       14:34:12 2014-06-21 01:20:44.2 2456829.5561 ir140620.0052          [01:21:52.2
OSU-03A-0001   OBJECT OB140987            50.0 H       14:35:18 2014-06-21 01:21:50.2 2456829.5568 ir140620.0053          [01:22:56.7
OSU-03A-0001   OBJECT OB140987           300.0 I       14:30:55 2014-06-21 01:17:28.4 2456829.5538 ccd140620.0010         [01:23:13.2
OSU-03A-0001   OBJECT OB140987            50.0 H       14:36:45 2014-06-21 01:23:17.0 2456829.5578 ir140620.0054          [01:24:23.2
OSU-03A-0001   OBJECT OB140987            50.0 H       14:37:51 2014-06-21 01:24:22.8 2456829.5586 ir140620.0055          [01:25:30.4
OSU-03A-0001   OBJECT OB140987            50.0 H       14:38:57 2014-06-21 01:25:29.1 2456829.5594 ir140620.0056          [01:26:35.5
OSU-03A-0001   OBJECT OB140987            50.0 H       14:40:04 2014-06-21 01:26:35.5 2456829.5601 ir140620.0057          [01:27:42.6
OSU-03A-0001   OBJECT OB140987            50.0 H       14:41:10 2014-06-21 01:27:41.4 2456829.5609 ir140620.0058          [01:28:47.7
OSU-03A-0001   OBJECT OB140987           300.0 I       14:36:47 2014-06-21 01:23:19.5 2456829.5579 ccd140620.0011         [01:29:04.3
OSU-03A-0001   OBJECT OB140987            50.0 H       14:42:37 2014-06-21 01:29:08.3 2456829.5619 ir140620.0059          [01:30:14.5
OSU-03A-0001   OBJECT OB140987            50.0 H       14:43:43 2014-06-21 01:30:14.1 2456829.5627 ir140620.0060          [01:31:21.3
OSU-03A-0001   OBJECT OB140987            50.0 H       14:44:49 2014-06-21 01:31:20.2 2456829.5634 ir140620.0061          [01:32:26.9
OSU-03A-0001   OBJECT OB140987            50.0 H       14:45:56 2014-06-21 01:32:26.6 2456829.5642 ir140620.0062          [01:33:34.1
OSU-03A-0001   OBJECT OB140987            50.0 H       14:47:02 2014-06-21 01:33:32.6 2456829.5650 ir140620.0063          [01:34:38.9
OSU-03A-0001   OBJECT OB140987           300.0 I       14:42:40 2014-06-21 01:29:10.8 2456829.5619 ccd140620.0012         [01:34:56.3
OSU-03A-0001   OBJECT OB140987            50.0 H       14:48:29 2014-06-21 01:34:59.4 2456829.5660 ir140620.0064          [01:36:05.7
OSU-03A-0001   OBJECT OB140987            50.0 H       14:49:35 2014-06-21 01:36:05.4 2456829.5667 ir140620.0065          [01:37:13.8
OSU-03A-0001   OBJECT OB140987            50.0 H       14:50:42 2014-06-21 01:37:11.7 2456829.5675 ir140620.0066          [01:38:18.0
OSU-03A-0001   OBJECT OB140987            50.0 H       14:51:48 2014-06-21 01:38:17.9 2456829.5683 ir140620.0067          [01:39:25.1
OSU-03A-0001   OBJECT OB140987            50.0 H       14:52:54 2014-06-21 01:39:23.9 2456829.5690 ir140620.0068          [01:40:30.2
OSU-03A-0001   OBJECT OB140987           300.0 I       14:48:32 2014-06-21 01:35:02.0 2456829.5660 ccd140620.0013         [01:40:46.8
OSU-03A-0001   OBJECT OB140987            50.0 H       14:54:24 2014-06-21 01:40:53.5 2456829.5701 ir140620.0069          [01:41:59.8
OSU-03A-0001   OBJECT OB140987            50.0 H       14:55:30 2014-06-21 01:41:59.5 2456829.5708 ir140620.0070          [01:43:06.9
OSU-03A-0001   OBJECT OB140987            50.0 H       14:56:37 2014-06-21 01:43:06.1 2456829.5716 ir140620.0071          [01:44:12.3
OSU-03A-0001   OBJECT OB140987            50.0 H       14:57:44 2014-06-21 01:44:12.2 2456829.5724 ir140620.0072          [01:45:19.5
OSU-03A-0001   OBJECT OB140987            50.0 H       14:58:50 2014-06-21 01:45:18.5 2456829.5731 ir140620.0073          [01:46:24.8
OSU-03A-0001   OBJECT OB140987           300.0 V       14:54:27 2014-06-21 01:40:56.0 2456829.5701 ccd140620.0014         [01:46:40.8
OSU-03A-0001   OBJECT OB140987            50.0 H       15:00:43 2014-06-21 01:47:11.6 2456829.5744 ir140620.0074          [01:48:17.9
OSU-03A-0001   OBJECT OB140987            50.0 H       15:01:50 2014-06-21 01:48:18.4 2456829.5752 ir140620.0075          [01:49:26.1
OSU-03A-0001   OBJECT OB140987            50.0 H       15:02:57 2014-06-21 01:49:24.6 2456829.5760 ir140620.0076          [01:50:30.8
OSU-03A-0001   OBJECT OB140987            50.0 H       15:04:03 2014-06-21 01:50:30.6 2456829.5768 ir140620.0077          [01:51:38.1
OSU-03A-0001   OBJECT OB140987            50.0 H       15:05:09 2014-06-21 01:51:36.6 2456829.5775 ir140620.0078          [01:52:43.0
OSU-03A-0001   OBJECT OB140987           300.0 I       15:00:46 2014-06-21 01:47:14.0 2456829.5745 ccd140620.0015         [01:52:58.7
OSU-03A-0001   OBJECT OB140987            50.0 H       15:06:35 2014-06-21 01:53:02.6 2456829.5785 ir140620.0079          [01:54:08.9
OSU-03A-0001   OBJECT OB140987            50.0 H       15:07:41 2014-06-21 01:54:08.5 2456829.5793 ir140620.0080          [01:55:16.0
OSU-03A-0001   OBJECT OB140987            50.0 H       15:08:48 2014-06-21 01:55:14.7 2456829.5800 ir140620.0081          [01:56:21.0
OSU-03A-0001   OBJECT OB140987            50.0 H       15:09:54 2014-06-21 01:56:20.9 2456829.5808 ir140620.0082          [01:57:28.3
OSU-03A-0001   OBJECT OB140987            50.0 H       15:11:00 2014-06-21 01:57:26.8 2456829.5816 ir140620.0083          [01:58:33.2
OSU-03A-0001   OBJECT OB140987           300.0 I       15:06:38 2014-06-21 01:53:05.1 2456829.5785 ccd140620.0016         [01:58:49.9
OSU-03A-0001   OBJECT OB140987            50.0 H       15:12:27 2014-06-21 01:58:53.7 2456829.5826 ir140620.0084          [02:00:00.0
OSU-03A-0001   OBJECT OB140987            50.0 H       15:13:33 2014-06-21 01:59:59.5 2456829.5833 ir140620.0085          [02:01:06.8
OSU-03A-0001   OBJECT OB140987            50.0 H       15:14:40 2014-06-21 02:01:05.8 2456829.5841 ir140620.0086          [02:02:12.1
OSU-03A-0001   OBJECT OB140987            50.0 H       15:15:46 2014-06-21 02:02:12.0 2456829.5849 ir140620.0087          [02:03:20.1
OSU-03A-0001   OBJECT OB140987            50.0 H       15:16:52 2014-06-21 02:03:17.9 2456829.5856 ir140620.0088          [02:04:24.2
OSU-03A-0001   OBJECT OB140987           300.0 I       15:12:30 2014-06-21 01:58:56.3 2456829.5826 ccd140620.0017         [02:04:41.3
OSU-03A-0001   OBJECT OB140987            50.0 H       15:18:20 2014-06-21 02:04:45.1 2456829.5866 ir140620.0089          [02:05:51.4
OSU-03A-0001   OBJECT OB140987            50.0 H       15:19:26 2014-06-21 02:05:51.4 2456829.5874 ir140620.0090          [02:06:59.2
OSU-03A-0001   OBJECT OB140987            50.0 H       15:20:32 2014-06-21 02:06:57.5 2456829.5882 ir140620.0091          [02:08:03.8
OSU-03A-0001   OBJECT OB140987            50.0 H       15:21:40 2014-06-21 02:08:04.5 2456829.5889 ir140620.0092          [02:09:12.4
OSU-03A-0001   OBJECT OB140987            50.0 H       15:22:46 2014-06-21 02:09:10.3 2456829.5897 ir140620.0093          [02:10:16.6
OSU-03A-0001   OBJECT OB140987           300.0 I       15:18:22 2014-06-21 02:04:47.6 2456829.5867 ccd140620.0018         [02:10:32.4
OSU-03A-0001   OBJECT OB140987            50.0 H       15:24:12 2014-06-21 02:10:36.1 2456829.5907 ir140620.0094          [02:11:42.4
OSU-03A-0001   OBJECT OB140987            50.0 H       15:25:18 2014-06-21 02:11:42.1 2456829.5915 ir140620.0095          [02:12:49.6
OSU-03A-0001   OBJECT OB140987            50.0 H       15:26:24 2014-06-21 02:12:48.4 2456829.5922 ir140620.0096          [02:13:54.7
OSU-03A-0001   OBJECT OB140987            50.0 H       15:27:31 2014-06-21 02:13:54.6 2456829.5930 ir140620.0097          [02:15:01.9
OSU-03A-0001   OBJECT OB140987            50.0 H       15:28:37 2014-06-21 02:15:00.6 2456829.5938 ir140620.0098          [02:16:06.8
OSU-03A-0001   OBJECT OB140987           300.0 I       15:24:14 2014-06-21 02:10:38.5 2456829.5907 ccd140620.0019         [02:16:23.7
OSU-03A-0001   OBJECT OB140987            50.0 H       15:30:03 2014-06-21 02:16:26.8 2456829.5948 ir140620.0099          [02:17:33.0
OSU-03A-0001   OBJECT OB140987            50.0 H       15:31:10 2014-06-21 02:17:32.7 2456829.5955 ir140620.0100          [02:18:40.1
OSU-03A-0001   OBJECT OB140987            50.0 H       15:32:16 2014-06-21 02:18:38.8 2456829.5963 ir140620.0101          [02:19:45.1
OSU-03A-0001   OBJECT OB140987            50.0 H       15:33:22 2014-06-21 02:19:45.0 2456829.5970 ir140620.0102          [02:20:52.2
OSU-03A-0001   OBJECT OB140987            50.0 H       15:34:28 2014-06-21 02:20:50.8 2456829.5978 ir140620.0103          [02:21:57.0
OSU-03A-0001   OBJECT OB140987           300.0 I       15:30:06 2014-06-21 02:16:29.4 2456829.5948 ccd140620.0020         [02:22:14.1
OSU-03A-0001   OBJECT OB140987            50.0 H       15:35:55 2014-06-21 02:22:17.8 2456829.5988 ir140620.0104          [02:23:24.1
OSU-03A-0001   OBJECT OB140987            50.0 H       15:37:02 2014-06-21 02:23:23.9 2456829.5996 ir140620.0105          [02:24:31.2
OSU-03A-0001   OBJECT OB140987            50.0 H       15:38:08 2014-06-21 02:24:30.1 2456829.6003 ir140620.0106          [02:25:36.4
OSU-03A-0001   OBJECT OB140987            50.0 H       15:39:14 2014-06-21 02:25:36.2 2456829.6011 ir140620.0107          [02:26:44.3
OSU-03A-0001   OBJECT OB140987            50.0 H       15:40:20 2014-06-21 02:26:42.1 2456829.6019 ir140620.0108          [02:27:49.1
OSU-03A-0001   OBJECT OB140987           300.0 I       15:35:58 2014-06-21 02:22:20.5 2456829.5989 ccd140620.0021         [02:28:06.4
OSU-03A-0001   OBJECT OB140987            50.0 H       15:41:47 2014-06-21 02:28:09.0 2456829.6029 ir140620.0109          [02:29:15.3
OSU-03A-0001   OBJECT OB140987            50.0 H       15:42:54 2014-06-21 02:29:14.8 2456829.6036 ir140620.0110          [02:30:22.5
OSU-03A-0001   OBJECT OB140987            50.0 H       15:44:00 2014-06-21 02:30:20.8 2456829.6044 ir140620.0111          [02:31:27.1
OSU-03A-0001   OBJECT OB140987            50.0 H       15:45:06 2014-06-21 02:31:27.1 2456829.6052 ir140620.0112          [02:32:34.9
OSU-03A-0001   OBJECT OB140987            50.0 H       15:46:12 2014-06-21 02:32:32.9 2456829.6059 ir140620.0113          [02:33:39.2
OSU-03A-0001   OBJECT OB140987           300.0 I       15:41:50 2014-06-21 02:28:11.7 2456829.6029 ccd140620.0022         [02:33:56.4
OSU-03A-0001   OBJECT OB140987            50.0 H       15:47:40 2014-06-21 02:34:00.4 2456829.6069 ir140620.0114          [02:35:06.6
OSU-03A-0001   OBJECT OB140987            50.0 H       15:48:46 2014-06-21 02:35:06.1 2456829.6077 ir140620.0115          [02:36:13.7
OSU-03A-0001   OBJECT OB140987            50.0 H       15:49:52 2014-06-21 02:36:12.2 2456829.6085 ir140620.0116          [02:37:18.5
OSU-03A-0001   OBJECT OB140987            50.0 H       15:50:58 2014-06-21 02:37:18.4 2456829.6092 ir140620.0117          [02:38:26.4
OSU-03A-0001   OBJECT OB140987            50.0 H       15:52:04 2014-06-21 02:38:24.2 2456829.6100 ir140620.0118          [02:39:30.5
OSU-03A-0001   OBJECT OB140987           300.0 I       15:47:42 2014-06-21 02:34:02.8 2456829.6070 ccd140620.0023         [02:39:47.6
OSU-03A-0001   OBJECT OB140987            50.0 H       15:53:35 2014-06-21 02:39:54.5 2456829.6110 ir140620.0119          [02:41:00.8
OSU-03A-0001   OBJECT OB140987            50.0 H       15:54:41 2014-06-21 02:41:00.6 2456829.6118 ir140620.0120          [02:42:08.5
OSU-03A-0001   OBJECT OB140987            50.0 H       15:55:48 2014-06-21 02:42:06.9 2456829.6126 ir140620.0121          [02:43:13.2
OSU-03A-0001   OBJECT OB140987            50.0 H       15:56:54 2014-06-21 02:43:13.0 2456829.6134 ir140620.0122          [02:44:20.5
OSU-03A-0001   OBJECT OB140987            50.0 H       15:58:00 2014-06-21 02:44:19.0 2456829.6141 ir140620.0123          [02:45:25.2
OSU-03A-0001   OBJECT OB140987           300.0 V       15:53:37 2014-06-21 02:39:57.0 2456829.6111 ccd140620.0024         [02:45:41.7
YALE-03A-0001  OBJECT CenX-4              40.0 H       16:03:54 2014-06-21 02:50:11.4 2456829.6182 ir140620.0124          [02:51:07.8
YALE-03A-0001  OBJECT CenX-4              40.0 H       16:04:50 2014-06-21 02:51:07.6 2456829.6188 ir140620.0125          [02:52:05.4
YALE-03A-0001  OBJECT CenX-4              40.0 H       16:05:46 2014-06-21 02:52:03.9 2456829.6195 ir140620.0126          [02:53:00.0
YALE-03A-0001  OBJECT CenX-4              40.0 H       16:06:43 2014-06-21 02:53:00.1 2456829.6201 ir140620.0127          [02:53:57.4
YALE-03A-0001  OBJECT CenX-4              40.0 H       16:07:39 2014-06-21 02:53:56.0 2456829.6208 ir140620.0128          [02:54:52.3
YALE-03A-0001  OBJECT CenX-4              40.0 H       16:08:35 2014-06-21 02:54:51.9 2456829.6214 ir140620.0129          [02:55:49.2
YALE-03A-0001  OBJECT CenX-4             300.0 V       16:03:56 2014-06-21 02:50:13.9 2456829.6182 ccd140620.0025         [02:55:58.0
YALE-03A-0001  OBJECT CenX-4              40.0 H       16:09:48 2014-06-21 02:56:05.0 2456829.6223 ir140620.0130          [02:57:02.5
YALE-03A-0001  OBJECT CenX-4              40.0 H       16:10:44 2014-06-21 02:57:01.0 2456829.6229 ir140620.0131          [02:57:57.4
YALE-03A-0001  OBJECT CenX-4              40.0 H       16:11:41 2014-06-21 02:57:57.3 2456829.6236 ir140620.0132          [02:58:55.1
YALE-03A-0001  OBJECT CenX-4              40.0 H       16:12:38 2014-06-21 02:58:54.6 2456829.6242 ir140620.0133          [02:59:50.9
YALE-03A-0001  OBJECT CenX-4              40.0 H       16:13:34 2014-06-21 02:59:50.6 2456829.6249 ir140620.0134          [03:00:48.8
YALE-03A-0001  OBJECT CenX-4              40.0 H       16:14:31 2014-06-21 03:00:47.0 2456829.6255 ir140620.0135          [03:01:43.3
YALE-03A-0001  OBJECT CenX-4             300.0 I       16:09:51 2014-06-21 02:56:07.5 2456829.6223 ccd140620.0026         [03:01:52.6
NOAO-13B-0270  OBJECT 2014KS40_3          10.0 V       20:12:17 2014-06-21 06:57:54.3 2456829.7902 ccd140620.0027         [06:58:48.4
NOAO-13B-0270  OBJECT 2014KS40_3          10.0 V       20:13:14 2014-06-21 06:58:50.7 2456829.7909 ccd140620.0028         [06:59:45.4
NOAO-13B-0270  OBJECT 2014KS40_3          10.0 V       20:14:10 2014-06-21 06:59:47.1 2456829.7915 ccd140620.0029         [07:00:41.0
NOAO-13B-0270  OBJECT 2014KS40_3          10.0 V       20:15:07 2014-06-21 07:00:43.5 2456829.7922 ccd140620.0030         [07:01:38.3
NOAO-13B-0270  OBJECT 2014KS40_3          10.0 V       20:16:03 2014-06-21 07:01:39.9 2456829.7928 ccd140620.0031         [07:02:33.8
NOAO-13B-0270  OBJECT 2014KS40_3          10.0 V       20:17:00 2014-06-21 07:02:36.3 2456829.7935 ccd140620.0032         [07:03:31.1
NOAO-13B-0270  OBJECT 2014KS40_3          10.0 V       20:17:56 2014-06-21 07:03:32.7 2456829.7941 ccd140620.0033         [07:04:26.6
NOAO-13B-0270  OBJECT 2014KS40_3          10.0 V       20:18:53 2014-06-21 07:04:29.1 2456829.7948 ccd140620.0034         [07:05:24.1
NOAO-13B-0270  OBJECT 2014KS40_3          10.0 V       20:19:50 2014-06-21 07:05:25.6 2456829.7954 ccd140620.0035         [07:06:19.4
NOAO-13B-0270  OBJECT 2014KS40_3          10.0 V       20:20:46 2014-06-21 07:06:22.0 2456829.7961 ccd140620.0036         [07:07:16.9
NOAO-13B-0270  OBJECT 2014KS40_3          10.0 V       20:21:43 2014-06-21 07:07:18.4 2456829.7968 ccd140620.0037         [07:08:12.3
NOAO-13B-0270  OBJECT 2014KS40_3          10.0 V       20:22:39 2014-06-21 07:08:14.8 2456829.7974 ccd140620.0038         [07:09:09.5
NOAO-13B-0270  OBJECT 2014KS40_3          10.0 V       20:23:36 2014-06-21 07:09:11.2 2456829.7980 ccd140620.0039         [07:10:05.1
NOAO-13B-0270  OBJECT 2014KS40_3          10.0 V       20:24:32 2014-06-21 07:10:07.6 2456829.7987 ccd140620.0040         [07:11:02.5
NOAO-13B-0270  OBJECT 2014KS40_3          10.0 V       20:25:29 2014-06-21 07:11:04.0 2456829.7994 ccd140620.0041         [07:11:58.1
NOAO-13B-0270  OBJECT 2014KS40_3          10.0 V       20:26:26 2014-06-21 07:12:00.5 2456829.8000 ccd140620.0042         [07:12:55.3
NOAO-13B-0270  OBJECT 2014KS40_3          10.0 V       20:27:22 2014-06-21 07:12:56.9 2456829.8007 ccd140620.0043         [07:13:50.8
NOAO-13B-0270  OBJECT 2014KS40_3          10.0 V       20:28:19 2014-06-21 07:13:53.3 2456829.8013 ccd140620.0044         [07:14:48.1
NOAO-13B-0270  OBJECT 2014KS40_3          10.0 V       20:29:15 2014-06-21 07:14:49.7 2456829.8020 ccd140620.0045         [07:15:43.6
NOAO-13B-0270  OBJECT 2014KS40_3          10.0 V       20:30:12 2014-06-21 07:15:46.2 2456829.8026 ccd140620.0046         [07:16:41.0
NOAO-13B-0270  OBJECT 2014KS40_4          10.0 V       20:31:52 2014-06-21 07:17:26.3 2456829.8038 ccd140620.0047         [07:18:20.2
NOAO-13B-0270  OBJECT 2014KS40_4          10.0 V       20:32:49 2014-06-21 07:18:22.7 2456829.8044 ccd140620.0048         [07:19:17.5
NOAO-13B-0270  OBJECT 2014KS40_4          10.0 V       20:33:45 2014-06-21 07:19:19.1 2456829.8051 ccd140620.0049         [07:20:13.0
NOAO-13B-0270  OBJECT 2014KS40_4          10.0 V       20:34:42 2014-06-21 07:20:15.5 2456829.8057 ccd140620.0050         [07:21:10.6
NOAO-13B-0270  OBJECT 2014KS40_4          10.0 V       20:35:39 2014-06-21 07:21:12.0 2456829.8064 ccd140620.0051         [07:22:05.8
NOAO-13B-0270  OBJECT 2014KS40_4          10.0 V       20:36:35 2014-06-21 07:22:08.4 2456829.8070 ccd140620.0052         [07:23:03.1
NOAO-13B-0270  OBJECT 2014KS40_4          10.0 V       20:37:32 2014-06-21 07:23:04.8 2456829.8077 ccd140620.0053         [07:23:59.0
NOAO-13B-0270  OBJECT 2014KS40_4          10.0 V       20:38:28 2014-06-21 07:24:01.3 2456829.8084 ccd140620.0054         [07:24:56.1
NOAO-13B-0270  OBJECT 2014KS40_4          10.0 V       20:39:25 2014-06-21 07:24:57.8 2456829.8090 ccd140620.0055         [07:25:51.6
NOAO-13B-0270  OBJECT 2014KS40_4          10.0 V       20:40:22 2014-06-21 07:25:54.2 2456829.8097 ccd140620.0056         [07:26:49.3
NOAO-13B-0270  OBJECT 2014KS40_4          10.0 V       20:41:18 2014-06-21 07:26:50.7 2456829.8103 ccd140620.0057         [07:27:44.5
NOAO-13B-0270  OBJECT 2014KS40_4          10.0 V       20:42:15 2014-06-21 07:27:47.1 2456829.8110 ccd140620.0058         [07:28:41.8
NOAO-13B-0270  OBJECT 2014KS40_4          10.0 V       20:43:11 2014-06-21 07:28:43.5 2456829.8116 ccd140620.0059         [07:29:37.4
NOAO-13B-0270  OBJECT 2014KS40_4          10.0 V       20:44:08 2014-06-21 07:29:39.9 2456829.8123 ccd140620.0060         [07:30:34.8
NOAO-13B-0270  OBJECT 2014KS40_4          10.0 V       20:45:05 2014-06-21 07:30:36.3 2456829.8129 ccd140620.0061         [07:31:30.2
NOAO-13B-0270  OBJECT 2014KS40_4          10.0 V       20:46:01 2014-06-21 07:31:32.7 2456829.8136 ccd140620.0062         [07:32:27.6
NOAO-13B-0270  OBJECT 2014KS40_4          10.0 V       20:46:58 2014-06-21 07:32:29.1 2456829.8142 ccd140620.0063         [07:33:23.0
NOAO-13B-0270  OBJECT 2014KS40_4          10.0 V       20:47:54 2014-06-21 07:33:25.5 2456829.8149 ccd140620.0064         [07:34:20.7
NOAO-13B-0270  OBJECT 2014KS40_4          10.0 V       20:48:51 2014-06-21 07:34:21.9 2456829.8155 ccd140620.0065         [07:35:15.8
NOAO-13B-0270  OBJECT 2014KS40_4          10.0 V       20:49:47 2014-06-21 07:35:18.4 2456829.8162 ccd140620.0066         [07:36:13.2
NOAO-13B-0270  OBJECT 2014KS40_5          10.0 V       20:51:28 2014-06-21 07:36:58.5 2456829.8174 ccd140620.0067         [07:37:52.5
NOAO-13B-0270  OBJECT 2014KS40_5          10.0 V       20:52:24 2014-06-21 07:37:55.1 2456829.8180 ccd140620.0068         [07:38:49.9
NOAO-13B-0270  OBJECT 2014KS40_5          10.0 V       20:53:21 2014-06-21 07:38:51.5 2456829.8187 ccd140620.0069         [07:39:45.4
NOAO-13B-0270  OBJECT 2014KS40_5          10.0 V       20:54:18 2014-06-21 07:39:47.9 2456829.8193 ccd140620.0070         [07:40:42.6
NOAO-13B-0270  OBJECT 2014KS40_5          10.0 V       20:55:14 2014-06-21 07:40:44.3 2456829.8200 ccd140620.0071         [07:41:38.2
NOAO-13B-0270  OBJECT 2014KS40_5          10.0 V       20:56:11 2014-06-21 07:41:40.7 2456829.8206 ccd140620.0072         [07:42:35.6
NOAO-13B-0270  OBJECT 2014KS40_5          10.0 V       20:57:07 2014-06-21 07:42:37.1 2456829.8213 ccd140620.0073         [07:43:31.0
NOAO-13B-0270  OBJECT 2014KS40_5          10.0 V       20:58:04 2014-06-21 07:43:33.5 2456829.8219 ccd140620.0074         [07:44:28.3
NOAO-13B-0270  OBJECT 2014KS40_5          10.0 V       20:59:00 2014-06-21 07:44:30.0 2456829.8226 ccd140620.0075         [07:45:23.8
NOAO-13B-0270  OBJECT 2014KS40_5          10.0 V       20:59:57 2014-06-21 07:45:26.4 2456829.8232 ccd140620.0076         [07:46:22.0
NOAO-13B-0270  OBJECT 2014KS40_5          10.0 V       21:00:54 2014-06-21 07:46:22.8 2456829.8239 ccd140620.0077         [07:47:16.8
NOAO-13B-0270  OBJECT 2014KS40_5          10.0 V       21:01:50 2014-06-21 07:47:19.4 2456829.8245 ccd140620.0078         [07:48:14.5
NOAO-13B-0270  OBJECT 2014KS40_5          10.0 V       21:02:47 2014-06-21 07:48:15.8 2456829.8252 ccd140620.0079         [07:49:09.9
NOAO-13B-0270  OBJECT 2014KS40_5          10.0 V       21:03:43 2014-06-21 07:49:12.2 2456829.8258 ccd140620.0080         [07:50:07.3
NOAO-13B-0270  OBJECT 2014KS40_5          10.0 V       21:04:40 2014-06-21 07:50:08.6 2456829.8265 ccd140620.0081         [07:51:02.5
NOAO-13B-0270  OBJECT 2014KS40_5          10.0 V       21:05:37 2014-06-21 07:51:05.1 2456829.8271 ccd140620.0082         [07:52:00.1
NOAO-13B-0270  OBJECT 2014KS40_5          10.0 V       21:06:33 2014-06-21 07:52:01.5 2456829.8278 ccd140620.0083         [07:52:55.3
NOAO-13B-0270  OBJECT 2014KS40_5          10.0 V       21:07:30 2014-06-21 07:52:57.9 2456829.8284 ccd140620.0084         [07:53:52.7
NOAO-13B-0270  OBJECT 2014KS40_5          10.0 V       21:08:26 2014-06-21 07:53:54.3 2456829.8291 ccd140620.0085         [07:54:48.1
NOAO-13B-0270  OBJECT 2014KS40_5          10.0 V       21:09:23 2014-06-21 07:54:50.7 2456829.8298 ccd140620.0086         [07:55:45.5
NOAO-13B-0270  OBJECT 2014KS40_6          10.0 V       21:15:35 2014-06-21 08:01:01.6 2456829.8341 ccd140620.0087         [08:01:55.4
NOAO-13B-0270  OBJECT 2014KS40_6          10.0 V       21:16:31 2014-06-21 08:01:58.0 2456829.8347 ccd140620.0088         [08:02:52.8
NOAO-13B-0270  OBJECT 2014KS40_6          10.0 V       21:17:28 2014-06-21 08:02:54.4 2456829.8354 ccd140620.0089         [08:03:48.3
NOAO-13B-0270  OBJECT 2014KS40_6          10.0 V       21:18:25 2014-06-21 08:03:50.8 2456829.8360 ccd140620.0090         [08:04:45.7
NOAO-13B-0270  OBJECT 2014KS40_6          10.0 V       21:19:21 2014-06-21 08:04:47.2 2456829.8367 ccd140620.0091         [08:05:41.1
NOAO-13B-0270  OBJECT 2014KS40_6          10.0 V       21:20:18 2014-06-21 08:05:43.6 2456829.8373 ccd140620.0092         [08:06:38.4
NOAO-13B-0270  OBJECT 2014KS40_6          10.0 V       21:21:14 2014-06-21 08:06:40.1 2456829.8380 ccd140620.0093         [08:07:33.9
NOAO-13B-0270  OBJECT 2014KS40_6          10.0 V       21:22:11 2014-06-21 08:07:36.5 2456829.8386 ccd140620.0094         [08:08:31.2
NOAO-13B-0270  OBJECT 2014KS40_6          10.0 V       21:23:07 2014-06-21 08:08:32.9 2456829.8393 ccd140620.0095         [08:09:26.7
NOAO-13B-0270  OBJECT 2014KS40_6          10.0 V       21:24:04 2014-06-21 08:09:29.3 2456829.8399 ccd140620.0096         [08:10:24.0
NOAO-13B-0270  OBJECT 2014KS40_6          10.0 V       21:25:00 2014-06-21 08:10:25.7 2456829.8406 ccd140620.0097         [08:11:19.6
NOAO-13B-0270  OBJECT 2014KS40_6          10.0 V       21:25:57 2014-06-21 08:11:22.1 2456829.8412 ccd140620.0098         [08:12:16.9
NOAO-13B-0270  OBJECT 2014KS40_6          10.0 V       21:26:54 2014-06-21 08:12:18.6 2456829.8419 ccd140620.0099         [08:13:12.4
NOAO-13B-0270  OBJECT 2014KS40_6          10.0 V       21:27:50 2014-06-21 08:13:15.0 2456829.8425 ccd140620.0100         [08:14:09.9
NOAO-13B-0270  OBJECT 2014KS40_6          10.0 V       21:28:47 2014-06-21 08:14:11.4 2456829.8432 ccd140620.0101         [08:15:05.3
NOAO-13B-0270  OBJECT 2014KS40_6          10.0 V       21:29:43 2014-06-21 08:15:07.8 2456829.8438 ccd140620.0102         [08:16:02.6
NOAO-13B-0270  OBJECT 2014KS40_6          10.0 V       21:30:40 2014-06-21 08:16:04.2 2456829.8445 ccd140620.0103         [08:16:58.1
NOAO-13B-0270  OBJECT 2014KS40_6          10.0 V       21:31:36 2014-06-21 08:17:00.7 2456829.8451 ccd140620.0104         [08:17:55.6
NOAO-13B-0270  OBJECT 2014KS40_6          10.0 V       21:32:33 2014-06-21 08:17:57.1 2456829.8458 ccd140620.0105         [08:18:51.2
NOAO-13B-0270  OBJECT 2014KS40_6          10.0 V       21:33:30 2014-06-21 08:18:53.5 2456829.8465 ccd140620.0106         [08:19:48.9
NOAO-13B-0270  OBJECT 2014KS40_7          10.0 V       21:37:52 2014-06-21 08:23:14.9 2456829.8495 ccd140620.0107         [08:24:08.7
NOAO-13B-0270  OBJECT 2014KS40_7          10.0 V       21:38:48 2014-06-21 08:24:11.3 2456829.8501 ccd140620.0108         [08:25:06.0
NOAO-13B-0270  OBJECT 2014KS40_7          10.0 V       21:39:45 2014-06-21 08:25:07.7 2456829.8508 ccd140620.0109         [08:26:01.6
NOAO-13B-0270  OBJECT 2014KS40_7          10.0 V       21:40:41 2014-06-21 08:26:04.1 2456829.8514 ccd140620.0110         [08:26:58.8
NOAO-13B-0270  OBJECT 2014KS40_7          10.0 V       21:41:38 2014-06-21 08:27:00.5 2456829.8521 ccd140620.0111         [08:27:54.4
NOAO-13B-0270  OBJECT 2014KS40_7          10.0 V       21:42:35 2014-06-21 08:27:56.9 2456829.8528 ccd140620.0112         [08:28:51.6
NOAO-13B-0270  OBJECT 2014KS40_7          10.0 V       21:43:31 2014-06-21 08:28:53.3 2456829.8534 ccd140620.0113         [08:29:47.2
NOAO-13B-0270  OBJECT 2014KS40_7          10.0 V       21:44:28 2014-06-21 08:29:49.8 2456829.8541 ccd140620.0114         [08:30:44.6
NOAO-13B-0270  OBJECT 2014KS40_7          10.0 V       21:45:24 2014-06-21 08:30:46.2 2456829.8547 ccd140620.0115         [08:31:40.1
NOAO-13B-0270  OBJECT 2014KS40_7          10.0 V       21:46:21 2014-06-21 08:31:42.6 2456829.8554 ccd140620.0116         [08:32:37.3
NOAO-13B-0270  OBJECT 2014KS40_7          10.0 V       21:47:17 2014-06-21 08:32:39.0 2456829.8560 ccd140620.0117         [08:33:32.8
NOAO-13B-0270  OBJECT 2014KS40_7          10.0 V       21:48:14 2014-06-21 08:33:35.4 2456829.8567 ccd140620.0118         [08:34:30.1
NOAO-13B-0270  OBJECT 2014KS40_7          10.0 V       21:49:11 2014-06-21 08:34:31.8 2456829.8573 ccd140620.0119         [08:35:25.7
NOAO-13B-0270  OBJECT 2014KS40_7          10.0 V       21:50:07 2014-06-21 08:35:28.2 2456829.8580 ccd140620.0120         [08:36:22.9
NOAO-13B-0270  OBJECT 2014KS40_7          10.0 V       21:51:04 2014-06-21 08:36:24.6 2456829.8586 ccd140620.0121         [08:37:18.5
NOAO-13B-0270  OBJECT 2014KS40_7          10.0 V       21:52:00 2014-06-21 08:37:21.1 2456829.8593 ccd140620.0122         [08:38:16.7
NOAO-13B-0270  OBJECT 2014KS40_7          10.0 V       21:52:57 2014-06-21 08:38:17.6 2456829.8599 ccd140620.0123         [08:39:11.5
NOAO-13B-0270  OBJECT 2014KS40_7          10.0 V       21:53:54 2014-06-21 08:39:14.0 2456829.8606 ccd140620.0124         [08:40:08.8
NOAO-13B-0270  OBJECT 2014KS40_7          10.0 V       21:54:50 2014-06-21 08:40:10.5 2456829.8612 ccd140620.0125         [08:41:04.4
NOAO-13B-0270  OBJECT 2014KS40_7          10.0 V       21:55:47 2014-06-21 08:41:06.9 2456829.8619 ccd140620.0126         [08:42:01.7
NOAO-13B-0270  OBJECT 2014KS40_8          10.0 V       21:59:45 2014-06-21 08:45:04.5 2456829.8646 ccd140620.0127         [08:45:58.4
NOAO-13B-0270  OBJECT 2014KS40_8          10.0 V       22:00:42 2014-06-21 08:46:01.0 2456829.8653 ccd140620.0128         [08:46:55.8
NOAO-13B-0270  OBJECT 2014KS40_8          10.0 V       22:01:38 2014-06-21 08:46:57.5 2456829.8660 ccd140620.0129         [08:47:51.3
NOAO-13B-0270  OBJECT 2014KS40_8          10.0 V       22:02:35 2014-06-21 08:47:53.8 2456829.8666 ccd140620.0130         [08:48:48.5
NOAO-13B-0270  OBJECT 2014KS40_8          10.0 V       22:03:31 2014-06-21 08:48:50.3 2456829.8673 ccd140620.0131         [08:49:44.2
NOAO-13B-0270  OBJECT 2014KS40_8          10.0 V       22:04:28 2014-06-21 08:49:46.7 2456829.8679 ccd140620.0132         [08:50:41.4
NOAO-13B-0270  OBJECT 2014KS40_8          10.0 V       22:05:24 2014-06-21 08:50:43.2 2456829.8686 ccd140620.0133         [08:51:37.0
NOAO-13B-0270  OBJECT 2014KS40_8          10.0 V       22:06:21 2014-06-21 08:51:39.6 2456829.8692 ccd140620.0134         [08:52:34.2
NOAO-13B-0270  OBJECT 2014KS40_8          10.0 V       22:07:18 2014-06-21 08:52:36.0 2456829.8699 ccd140620.0135         [08:53:29.9
NOAO-13B-0270  OBJECT 2014KS40_8          10.0 V       22:08:14 2014-06-21 08:53:32.4 2456829.8705 ccd140620.0136         [08:54:27.0
NOAO-13B-0270  OBJECT 2014KS40_8          10.0 V       22:09:11 2014-06-21 08:54:28.8 2456829.8712 ccd140620.0137         [08:55:22.7
NOAO-13B-0270  OBJECT 2014KS40_8          10.0 V       22:10:08 2014-06-21 08:55:25.3 2456829.8718 ccd140620.0138         [08:56:20.0
NOAO-13B-0270  OBJECT 2014KS40_8          10.0 V       22:11:04 2014-06-21 08:56:21.8 2456829.8725 ccd140620.0139         [08:57:15.7
NOAO-13B-0270  OBJECT 2014KS40_8          10.0 V       22:12:01 2014-06-21 08:57:18.3 2456829.8731 ccd140620.0140         [08:58:13.0
NOAO-13B-0270  OBJECT 2014KS40_8          10.0 V       22:12:57 2014-06-21 08:58:14.8 2456829.8738 ccd140620.0141         [08:59:08.7
NOAO-13B-0270  OBJECT 2014KS40_8          10.0 V       22:13:54 2014-06-21 08:59:11.2 2456829.8744 ccd140620.0142         [09:00:05.9
NOAO-13B-0270  OBJECT 2014KS40_8          10.0 V       22:14:51 2014-06-21 09:00:07.6 2456829.8751 ccd140620.0143         [09:01:01.5
NOAO-13B-0270  OBJECT 2014KS40_8          10.0 V       22:15:47 2014-06-21 09:01:04.0 2456829.8758 ccd140620.0144         [09:01:58.7
NOAO-13B-0270  OBJECT 2014KS40_8          10.0 V       22:16:44 2014-06-21 09:02:00.4 2456829.8764 ccd140620.0145         [09:02:54.3
NOAO-13B-0270  OBJECT 2014KS40_8          10.0 V       22:17:40 2014-06-21 09:02:56.8 2456829.8770 ccd140620.0146         [09:03:51.5
YALE-08A-0001  OBJECT 3C454.3             30.0 J       22:24:36 2014-06-21 09:09:51.5 2456829.8819 ir140620.0136          [09:10:37.8
YALE-08A-0001  OBJECT 3C454.3             30.0 J       22:25:22 2014-06-21 09:10:37.4 2456829.8824 ir140620.0137          [09:11:24.7
YALE-08A-0001  OBJECT 3C454.3             70.0 R       22:24:39 2014-06-21 09:09:54.1 2456829.8819 ccd140620.0147         [09:11:48.0
YALE-08A-0001  OBJECT 3C454.3             30.0 J       22:26:08 2014-06-21 09:11:23.6 2456829.8829 ir140620.0138          [09:12:10.8
YALE-08A-0001  OBJECT 3C454.3             30.1 J       22:26:55 2014-06-21 09:12:09.7 2456829.8835 ir140620.0139          [09:12:55.8
YALE-08A-0001  OBJECT 3C454.3             30.0 J       22:27:41 2014-06-21 09:12:55.9 2456829.8840 ir140620.0140          [09:13:43.4
YALE-08A-0001  OBJECT 3C454.3             30.0 K       22:28:35 2014-06-21 09:13:50.1 2456829.8846 ir140620.0141          [09:14:36.4
YALE-08A-0001  OBJECT 3C454.3             30.0 K       22:29:22 2014-06-21 09:14:36.3 2456829.8851 ir140620.0142          [09:15:23.6
YALE-08A-0001  OBJECT 3C454.3             90.0 B       22:28:38 2014-06-21 09:13:52.7 2456829.8846 ccd140620.0148         [09:16:06.5
YALE-08A-0001  OBJECT 3C454.3             30.1 K       22:30:08 2014-06-21 09:15:22.8 2456829.8857 ir140620.0143          [09:16:10.4
YALE-08A-0001  OBJECT 3C454.3             30.0 K       22:30:55 2014-06-21 09:16:09.2 2456829.8862 ir140620.0144          [09:16:55.6
YALE-08A-0001  OBJECT 3C454.3             30.1 K       22:31:46 2014-06-21 09:17:00.7 2456829.8868 ir140620.0145          [09:17:47.8
YALE-08A-0001  OBJECT 3C454.3             30.1 K       22:32:33 2014-06-21 09:17:46.6 2456829.8873 ir140620.0146          [09:18:33.0
YALE-08A-0001  OBJECT 3C454.3             70.0 V       22:31:49 2014-06-21 09:17:03.1 2456829.8868 ccd140620.0149         [09:18:57.8
YALE-08A-0001  OBJECT 3C454.3             30.1 K       22:33:19 2014-06-21 09:18:32.8 2456829.8879 ir140620.0147          [09:19:19.1
YALE-08A-0001  OBJECT 3C454.3             30.0 K       22:34:05 2014-06-21 09:19:19.1 2456829.8884 ir140620.0148          [09:20:06.6
