Project        ImType Object           ExpTime Filter  LST      UTDate     UTC        JD           Filename               [Logged@UT]
ALL            BIAS   BIASES               0.0 V       14:06:22 2014-06-20 00:56:55.3 2456828.5395 ccdBias.0001           [00:57:40.2
ALL            BIAS   BIASES               0.0 V       14:07:08 2014-06-20 00:57:41.7 2456828.5401 ccdBias.0002           [00:58:25.6
ALL            BIAS   BIASES               0.0 V       14:07:55 2014-06-20 00:58:28.1 2456828.5406 ccdBias.0003           [00:59:12.8
ALL            BIAS   BIASES               0.0 V       14:08:41 2014-06-20 00:59:14.5 2456828.5411 ccdBias.0004           [00:59:58.4
ALL            BIAS   BIASES               0.0 V       14:09:28 2014-06-20 01:00:00.9 2456828.5417 ccdBias.0005           [01:00:45.7
ALL            BIAS   BIASES               0.0 H       14:12:49 2014-06-20 01:03:21.4 2456828.5440 ccdBias.0001           [01:04:05.3
ALL            BIAS   BIASES               0.0 H       14:13:35 2014-06-20 01:04:07.8 2456828.5445 ccdBias.0002           [01:04:52.5
ALL            BIAS   BIASES               0.0 H       14:14:22 2014-06-20 01:04:54.2 2456828.5451 ccdBias.0003           [01:05:38.1
ALL            BIAS   BIASES               0.0 H       14:15:09 2014-06-20 01:05:40.6 2456828.5456 ccdBias.0004           [01:06:25.3
ALL            BIAS   BIASES               0.0 H       14:15:55 2014-06-20 01:06:27.1 2456828.5461 ccdBias.0005           [01:07:10.9
ALL            BIAS   BIASES               0.0 V       14:16:42 2014-06-20 01:07:13.5 2456828.5467 ccdBias.0006           [01:07:58.2
ALL            BIAS   BIASES               0.0 V       14:17:28 2014-06-20 01:07:59.9 2456828.5472 ccdBias.0007           [01:08:43.8
ALL            BIAS   BIASES               0.0 V       14:18:15 2014-06-20 01:08:46.3 2456828.5477 ccdBias.0008           [01:09:31.0
ALL            BIAS   BIASES               0.0 V       14:19:01 2014-06-20 01:09:32.7 2456828.5483 ccdBias.0009           [01:10:16.7
ALL            BIAS   BIASES               0.0 V       14:19:48 2014-06-20 01:10:19.2 2456828.5488 ccdBias.0010           [01:11:03.9
ALL            BIAS   BIASES               0.0 V       14:22:52 2014-06-20 01:13:22.7 2456828.5510 ccdBias.0001           [01:14:06.7
ALL            BIAS   BIASES               0.0 V       14:23:39 2014-06-20 01:14:09.2 2456828.5515 ccdBias.0002           [01:14:53.9
ALL            BIAS   BIASES               0.0 V       14:24:25 2014-06-20 01:14:55.6 2456828.5520 ccdBias.0003           [01:15:39.5
ALL            BIAS   BIASES               0.0 V       14:25:12 2014-06-20 01:15:42.1 2456828.5526 ccdBias.0004           [01:16:26.9
ALL            BIAS   BIASES               0.0 V       14:25:58 2014-06-20 01:16:28.7 2456828.5531 ccdBias.0005           [01:17:12.6
ALL            BIAS   BIASES               0.0 V       14:26:45 2014-06-20 01:17:15.1 2456828.5536 ccdBias.0006           [01:17:59.9
ALL            BIAS   BIASES               0.0 V       14:27:32 2014-06-20 01:18:01.6 2456828.5542 ccdBias.0007           [01:18:45.5
ALL            BIAS   BIASES               0.0 V       14:28:18 2014-06-20 01:18:47.9 2456828.5547 ccdBias.0008           [01:19:32.6
ALL            BIAS   BIASES               0.0 V       14:29:05 2014-06-20 01:19:34.4 2456828.5553 ccdBias.0009           [01:20:18.2
ALL            BIAS   BIASES               0.0 V       14:29:51 2014-06-20 01:20:20.8 2456828.5558 ccdBias.0010           [01:21:05.6
OSU-03A-0001   OBJECT OB140987            50.0 H       14:40:44 2014-06-20 01:31:11.9 2456828.5633 ir140619.0001          [01:32:18.3
OSU-03A-0001   OBJECT OB140987            50.0 H       14:41:50 2014-06-20 01:32:17.8 2456828.5641 ir140619.0002          [01:33:25.1
OSU-03A-0001   OBJECT OB140987            50.0 H       14:42:57 2014-06-20 01:33:23.9 2456828.5649 ir140619.0003          [01:34:30.3
OSU-03A-0001   OBJECT OB140987            50.0 H       14:44:03 2014-06-20 01:34:30.2 2456828.5656 ir140619.0004          [01:35:38.8
OSU-03A-0001   OBJECT OB140987            50.0 H       14:45:09 2014-06-20 01:35:36.2 2456828.5664 ir140619.0005          [01:36:42.8
OSU-03A-0001   OBJECT OB140987           300.0 I       14:40:46 2014-06-20 01:31:14.3 2456828.5634 ccd140619.0001         [01:37:00.0
LSU-14A-0001   OBJECT U Sco              200.0 I       15:00:44 2014-06-20 01:51:08.4 2456828.5772 ccd140619.0002         [01:55:12.4
LSU-14A-0001   OBJECT U Sco              200.0 I       15:04:51 2014-06-20 01:55:14.9 2456828.5800 ccd140619.0003         [01:59:19.7
LSU-14A-0001   OBJECT U Sco              200.0 I       15:08:58 2014-06-20 01:59:21.4 2456828.5829 ccd140619.0004         [02:03:25.3
LSU-14A-0001   OBJECT U Sco              200.0 I       15:13:05 2014-06-20 02:03:27.9 2456828.5857 ccd140619.0005         [02:07:32.5
LSU-14A-0001   OBJECT U Sco              200.0 I       15:17:12 2014-06-20 02:07:34.3 2456828.5886 ccd140619.0006         [02:11:38.1
LSU-14A-0001   OBJECT U Sco              200.0 I       15:21:19 2014-06-20 02:11:40.7 2456828.5914 ccd140619.0007         [02:15:45.4
LSU-14A-0001   OBJECT U Sco              200.0 I       15:25:27 2014-06-20 02:15:47.2 2456828.5943 ccd140619.0008         [02:19:51.1
LSU-14A-0001   OBJECT U Sco              200.0 I       15:29:34 2014-06-20 02:19:53.7 2456828.5971 ccd140619.0009         [02:23:58.4
LSU-14A-0001   OBJECT U Sco              200.0 I       15:33:41 2014-06-20 02:24:00.1 2456828.6000 ccd140619.0010         [02:28:04.0
LSU-14A-0001   OBJECT U Sco              200.0 I       15:37:48 2014-06-20 02:28:06.5 2456828.6028 ccd140619.0011         [02:32:11.3
LSU-14A-0001   OBJECT U Sco              200.0 I       15:41:55 2014-06-20 02:32:13.0 2456828.6057 ccd140619.0012         [02:36:17.0
LSU-14A-0001   OBJECT U Sco              200.0 I       15:46:06 2014-06-20 02:36:23.6 2456828.6086 ccd140619.0013         [02:40:28.3
LSU-14A-0001   OBJECT U Sco              200.0 I       15:50:14 2014-06-20 02:40:30.2 2456828.6115 ccd140619.0014         [02:44:34.0
LSU-14A-0001   OBJECT U Sco              200.0 I       15:54:21 2014-06-20 02:44:36.6 2456828.6143 ccd140619.0015         [02:48:41.3
LSU-14A-0001   OBJECT U Sco              200.0 I       15:58:28 2014-06-20 02:48:43.2 2456828.6172 ccd140619.0016         [02:52:47.1
LSU-14A-0001   OBJECT U Sco              200.0 I       16:02:35 2014-06-20 02:52:49.7 2456828.6200 ccd140619.0017         [02:56:54.3
LSU-14A-0001   OBJECT U Sco              200.0 I       16:06:42 2014-06-20 02:56:56.2 2456828.6229 ccd140619.0018         [03:01:00.1
LSU-14A-0001   OBJECT U Sco              200.0 I       16:10:49 2014-06-20 03:01:02.6 2456828.6257 ccd140619.0019         [03:05:07.3
LSU-14A-0001   OBJECT U Sco              200.0 I       16:14:57 2014-06-20 03:05:09.0 2456828.6286 ccd140619.0020         [03:09:13.0
LSU-14A-0001   OBJECT U Sco              200.0 I       16:19:04 2014-06-20 03:09:15.5 2456828.6314 ccd140619.0021         [03:13:20.2
LSU-14A-0001   OBJECT U Sco              200.0 I       16:23:11 2014-06-20 03:13:21.9 2456828.6343 ccd140619.0022         [03:17:25.8
LSU-14A-0001   OBJECT U Sco              200.0 I       16:27:18 2014-06-20 03:17:28.4 2456828.6371 ccd140619.0023         [03:21:33.2
LSU-14A-0001   OBJECT U Sco              200.0 I       16:31:30 2014-06-20 03:21:39.4 2456828.6400 ccd140619.0024         [03:25:43.2
LSU-14A-0001   OBJECT U Sco              200.0 I       16:35:37 2014-06-20 03:25:45.8 2456828.6429 ccd140619.0025         [03:29:50.6
LSU-14A-0001   OBJECT U Sco              200.0 I       16:39:44 2014-06-20 03:29:52.3 2456828.6457 ccd140619.0026         [03:33:56.1
LSU-14A-0001   OBJECT U Sco              200.0 I       16:43:51 2014-06-20 03:33:58.7 2456828.6486 ccd140619.0027         [03:38:03.4
LSU-14A-0001   OBJECT U Sco              200.0 I       16:47:58 2014-06-20 03:38:05.2 2456828.6514 ccd140619.0028         [03:42:09.0
LSU-14A-0001   OBJECT U Sco              200.0 I       16:52:05 2014-06-20 03:42:11.6 2456828.6543 ccd140619.0029         [03:46:16.4
LSU-14A-0001   OBJECT U Sco              200.0 I       16:56:13 2014-06-20 03:46:18.1 2456828.6571 ccd140619.0030         [03:50:22.0
LSU-14A-0001   OBJECT U Sco              200.0 I       17:00:20 2014-06-20 03:50:24.6 2456828.6600 ccd140619.0031         [03:54:29.3
LSU-14A-0001   OBJECT U Sco              200.0 I       17:04:27 2014-06-20 03:54:31.0 2456828.6629 ccd140619.0032         [03:58:34.9
LSU-14A-0001   OBJECT U Sco              200.0 I       17:08:34 2014-06-20 03:58:37.5 2456828.6657 ccd140619.0033         [04:02:42.2
LSU-14A-0001   OBJECT U Sco              200.0 I       17:12:41 2014-06-20 04:02:43.9 2456828.6686 ccd140619.0034         [04:06:48.2
LSU-14A-0001   OBJECT U Sco              200.0 I       17:16:52 2014-06-20 04:06:54.7 2456828.6715 ccd140619.0035         [04:10:59.5
LSU-14A-0001   OBJECT U Sco              200.0 I       17:21:00 2014-06-20 04:11:01.1 2456828.6743 ccd140619.0036         [04:15:05.0
LSU-14A-0001   OBJECT U Sco              200.0 I       17:25:07 2014-06-20 04:15:07.6 2456828.6772 ccd140619.0037         [04:19:12.4
LSU-14A-0001   OBJECT U Sco              200.0 I       17:29:14 2014-06-20 04:19:14.1 2456828.6800 ccd140619.0038         [04:23:18.0
LSU-14A-0001   OBJECT U Sco              200.0 I       17:33:21 2014-06-20 04:23:20.6 2456828.6829 ccd140619.0039         [04:27:25.5
LSU-14A-0001   OBJECT U Sco              200.0 I       17:37:28 2014-06-20 04:27:27.0 2456828.6857 ccd140619.0040         [04:31:30.9
LSU-14A-0001   OBJECT U Sco              200.0 I       17:41:35 2014-06-20 04:31:33.5 2456828.6886 ccd140619.0041         [04:35:38.2
LSU-14A-0001   OBJECT U Sco              200.0 I       17:45:43 2014-06-20 04:35:40.0 2456828.6914 ccd140619.0042         [04:39:43.8
LSU-14A-0001   OBJECT U Sco              200.0 I       17:49:50 2014-06-20 04:39:46.4 2456828.6943 ccd140619.0043         [04:43:51.2
LSU-14A-0001   OBJECT U Sco              200.0 I       17:53:57 2014-06-20 04:43:52.9 2456828.6971 ccd140619.0044         [04:47:56.8
LSU-14A-0001   OBJECT U Sco              200.0 I       17:58:04 2014-06-20 04:47:59.4 2456828.7000 ccd140619.0045         [04:52:04.1
OSU-03A-0001   OBJECT OB140987            50.0 H       18:16:45 2014-06-20 05:06:37.1 2456828.7129 ir140619.0006          [05:07:43.2
OSU-03A-0001   OBJECT OB140987            50.0 H       18:17:51 2014-06-20 05:07:43.2 2456828.7137 ir140619.0007          [05:08:50.5
OSU-03A-0001   OBJECT OB140987            50.0 H       18:18:57 2014-06-20 05:08:49.4 2456828.7145 ir140619.0008          [05:09:55.7
OSU-03A-0001   OBJECT OB140987            50.0 H       18:20:04 2014-06-20 05:09:55.5 2456828.7152 ir140619.0009          [05:11:02.8
OSU-03A-0001   OBJECT OB140987            50.0 H       18:21:10 2014-06-20 05:11:01.4 2456828.7160 ir140619.0010          [05:12:07.7
OSU-03A-0001   OBJECT OB140987           300.0 I       18:16:47 2014-06-20 05:06:39.6 2456828.7130 ccd140619.0046         [05:12:24.4
GSU-03A-0006   OBJECT 1553+113            25.1 K       18:26:21 2014-06-20 05:16:12.1 2456828.7196 ir140619.0011          [05:16:53.4
GSU-03A-0006   OBJECT 1553+113            25.1 K       18:27:02 2014-06-20 05:16:53.0 2456828.7201 ir140619.0012          [05:17:35.2
GSU-03A-0006   OBJECT 1553+113            25.0 K       18:27:44 2014-06-20 05:17:34.3 2456828.7205 ir140619.0013          [05:18:15.6
GSU-03A-0006   OBJECT 1553+113            25.1 K       18:28:25 2014-06-20 05:18:15.3 2456828.7210 ir140619.0014          [05:18:57.5
GSU-03A-0006   OBJECT 1553+113           140.0 R       18:26:24 2014-06-20 05:16:14.7 2456828.7196 ccd140619.0047         [05:19:18.7
YALE-08A-0001  OBJECT 1510-089            30.0 J       18:33:01 2014-06-20 05:22:50.5 2456828.7242 ir140619.0015          [05:23:37.7
YALE-08A-0001  OBJECT 1510-089            30.0 J       18:33:47 2014-06-20 05:23:36.5 2456828.7247 ir140619.0016          [05:24:22.9
YALE-08A-0001  OBJECT 1510-089            70.0 R       18:33:03 2014-06-20 05:22:53.1 2456828.7242 ccd140619.0048         [05:24:47.8
YALE-08A-0001  OBJECT 1510-089            30.0 J       18:34:34 2014-06-20 05:24:23.4 2456828.7253 ir140619.0017          [05:25:09.7
YALE-08A-0001  OBJECT 1510-089            30.0 J       18:34:34 2014-06-20 05:24:23.4 2456828.7253 ir140619.0018          [05:26:06.5
YALE-08A-0001  OBJECT 1510-089            30.0 J       18:36:16 2014-06-20 05:26:05.6 2456828.7264 ir140619.0019          [05:26:51.9
YALE-08A-0001  OBJECT 1510-089            30.1 K       18:37:10 2014-06-20 05:26:59.5 2456828.7271 ir140619.0020          [05:27:47.0
YALE-08A-0001  OBJECT 1510-089            30.1 K       18:37:57 2014-06-20 05:27:45.6 2456828.7276 ir140619.0021          [05:28:31.9
YALE-08A-0001  OBJECT 1510-089            90.0 B       18:37:13 2014-06-20 05:27:01.9 2456828.7271 ccd140619.0049         [05:29:16.6
YALE-08A-0001  OBJECT 1510-089            30.0 K       18:38:43 2014-06-20 05:28:32.2 2456828.7281 ir140619.0022          [05:29:19.3
YALE-08A-0001  OBJECT 1510-089            30.0 K       18:39:31 2014-06-20 05:29:19.4 2456828.7287 ir140619.0023          [05:30:07.7
YALE-08A-0001  OBJECT 1510-089            30.1 K       18:40:23 2014-06-20 05:30:11.3 2456828.7293 ir140619.0024          [05:30:57.7
YALE-08A-0001  OBJECT 1510-089            30.0 K       18:41:09 2014-06-20 05:30:57.6 2456828.7298 ir140619.0025          [05:31:44.8
YALE-08A-0001  OBJECT 1510-089            70.0 V       18:40:25 2014-06-20 05:30:13.9 2456828.7293 ccd140619.0050         [05:32:07.7
YALE-08A-0001  OBJECT 1510-089            30.1 K       18:41:56 2014-06-20 05:31:43.9 2456828.7304 ir140619.0026          [05:32:31.2
YALE-08A-0001  OBJECT 1510-089            30.0 K       18:42:42 2014-06-20 05:32:30.1 2456828.7309 ir140619.0027          [05:33:16.5
OSU-03A-0001   OBJECT OB140987            50.0 H       18:47:34 2014-06-20 05:37:21.7 2456828.7343 ir140619.0028          [05:38:28.9
OSU-03A-0001   OBJECT OB140987            50.0 H       18:48:41 2014-06-20 05:38:27.9 2456828.7350 ir140619.0029          [05:39:34.2
OSU-03A-0001   OBJECT OB140987            50.0 H       18:49:47 2014-06-20 05:39:34.1 2456828.7358 ir140619.0030          [05:40:41.3
OSU-03A-0001   OBJECT OB140987            50.0 H       18:50:54 2014-06-20 05:40:40.4 2456828.7366 ir140619.0031          [05:41:46.7
OSU-03A-0001   OBJECT OB140987            50.0 H       18:52:00 2014-06-20 05:41:46.5 2456828.7373 ir140619.0032          [05:42:53.9
OSU-03A-0001   OBJECT OB140987           300.0 I       18:47:37 2014-06-20 05:37:24.2 2456828.7343 ccd140619.0051         [05:43:08.2
YALE-03A-0001  OBJECT 4U1543-47           30.0 J       18:56:42 2014-06-20 05:46:27.9 2456828.7406 ir140619.0033          [05:47:15.3
YALE-03A-0001  OBJECT 4U1543-47           30.0 J       18:57:28 2014-06-20 05:47:13.9 2456828.7411 ir140619.0034          [05:48:00.2
YALE-03A-0001  OBJECT 4U1543-47           30.0 J       18:58:15 2014-06-20 05:48:00.5 2456828.7417 ir140619.0035          [05:48:47.5
YALE-03A-0001  OBJECT 4U1543-47           30.1 J       18:59:01 2014-06-20 05:48:46.8 2456828.7422 ir140619.0036          [05:49:33.1
YALE-03A-0001  OBJECT 4U1543-47          180.0 V       18:56:44 2014-06-20 05:46:30.4 2456828.7406 ccd140619.0052         [05:50:15.1
YALE-03A-0001  OBJECT 4U1543-47           30.0 J       18:59:48 2014-06-20 05:49:33.0 2456828.7427 ir140619.0037          [05:50:19.4
YALE-03A-0001  OBJECT 4U1543-47           30.1 H       19:00:42 2014-06-20 05:50:27.1 2456828.7434 ir140619.0038          [05:51:14.4
YALE-03A-0001  OBJECT 4U1543-47           30.0 H       19:01:28 2014-06-20 05:51:13.3 2456828.7439 ir140619.0039          [05:51:59.6
YALE-03A-0001  OBJECT 4U1543-47           30.1 H       19:02:15 2014-06-20 05:51:59.7 2456828.7444 ir140619.0040          [05:52:47.0
YALE-03A-0001  OBJECT 4U1543-47           30.1 H       19:03:01 2014-06-20 05:52:46.3 2456828.7450 ir140619.0041          [05:53:32.6
YALE-03A-0001  OBJECT 4U1543-47          180.0 I       19:00:44 2014-06-20 05:50:29.6 2456828.7434 ccd140619.0053         [05:54:14.3
YALE-03A-0001  OBJECT 4U1543-47           30.1 H       19:03:48 2014-06-20 05:53:32.5 2456828.7455 ir140619.0042          [05:54:18.9
OSU-03A-0001   OBJECT OB140987            50.0 H       19:08:12 2014-06-20 05:57:56.1 2456828.7486 ir140619.0043          [05:59:03.3
OSU-03A-0001   OBJECT OB140987            50.0 H       19:09:18 2014-06-20 05:59:02.0 2456828.7493 ir140619.0044          [06:00:08.2
OSU-03A-0001   OBJECT OB140987            50.0 H       19:09:18 2014-06-20 05:59:02.0 2456828.7493 ir140619.0045          [06:01:25.0
OSU-03A-0001   OBJECT OB140987            50.0 H       19:11:41 2014-06-20 06:01:24.0 2456828.7510 ir140619.0046          [06:02:30.1
OSU-03A-0001   OBJECT OB140987            50.0 H       19:12:46 2014-06-20 06:02:29.7 2456828.7517 ir140619.0047          [06:03:36.9
OSU-03A-0001   OBJECT OB140987           300.0 I       19:08:15 2014-06-20 05:57:58.7 2456828.7486 ccd140619.0054         [06:03:42.5
YALE-03A-0001  OBJECT XTEJ1550-564        70.0 J       19:18:13 2014-06-20 06:07:55.3 2456828.7555 ir140619.0048          [06:09:22.6
YALE-03A-0001  OBJECT XTEJ1550-564        70.0 J       19:19:39 2014-06-20 06:09:21.4 2456828.7565 ir140619.0049          [06:10:47.8
YALE-03A-0001  OBJECT XTEJ1550-564        70.0 J       19:21:06 2014-06-20 06:10:47.7 2456828.7575 ir140619.0050          [06:12:15.0
YALE-03A-0001  OBJECT XTEJ1550-564        70.0 J       19:22:33 2014-06-20 06:12:14.2 2456828.7585 ir140619.0051          [06:13:40.4
YALE-03A-0001  OBJECT XTEJ1550-564        70.0 J       19:23:59 2014-06-20 06:13:40.1 2456828.7595 ir140619.0052          [06:15:07.4
YALE-03A-0001  OBJECT XTEJ1550-564        70.0 J       19:25:25 2014-06-20 06:15:06.4 2456828.7605 ir140619.0053          [06:16:32.7
YALE-03A-0001  OBJECT XTEJ1550-564        70.0 J       19:26:52 2014-06-20 06:16:32.5 2456828.7615 ir140619.0054          [06:17:59.9
YALE-03A-0001  OBJECT XTEJ1550-564       600.0 V       19:18:15 2014-06-20 06:07:57.8 2456828.7555 ccd140619.0055         [06:18:41.8
YALE-03A-0001  OBJECT XTEJ1550-564        60.0 K       19:29:10 2014-06-20 06:18:50.8 2456828.7631 ir140619.0055          [06:20:08.0
YALE-03A-0001  OBJECT XTEJ1550-564        60.0 K       19:30:27 2014-06-20 06:20:07.0 2456828.7640 ir140619.0056          [06:21:23.3
YALE-03A-0001  OBJECT XTEJ1550-564        60.0 K       19:31:43 2014-06-20 06:21:23.4 2456828.7648 ir140619.0057          [06:22:40.7
YALE-03A-0001  OBJECT XTEJ1550-564        60.0 K       19:33:00 2014-06-20 06:22:39.6 2456828.7657 ir140619.0058          [06:23:55.8
YALE-03A-0001  OBJECT XTEJ1550-564        60.0 K       19:34:16 2014-06-20 06:23:55.4 2456828.7666 ir140619.0059          [06:25:12.6
YALE-03A-0001  OBJECT XTEJ1550-564        60.0 K       19:35:32 2014-06-20 06:25:11.4 2456828.7675 ir140619.0060          [06:26:27.7
YALE-03A-0001  OBJECT XTEJ1550-564        60.0 K       19:36:49 2014-06-20 06:26:28.3 2456828.7684 ir140619.0061          [06:27:45.5
YALE-03A-0001  OBJECT XTEJ1550-564       600.0 I       19:29:13 2014-06-20 06:18:53.3 2456828.7631 ccd140619.0056         [06:29:37.3
OSU-03A-0001   OBJECT OB140987           300.0 I       19:42:47 2014-06-20 06:32:25.5 2456828.7725 ccd140619.0057         [06:38:10.1
OSU-03A-0001   OBJECT OB140987            50.0 H       19:49:31 2014-06-20 06:39:07.9 2456828.7772 ir140619.0062          [06:40:14.0
OSU-03A-0001   OBJECT OB140987            50.0 H       19:50:37 2014-06-20 06:40:13.8 2456828.7779 ir140619.0063          [06:41:21.1
OSU-03A-0001   OBJECT OB140987            50.0 H       19:51:44 2014-06-20 06:41:20.3 2456828.7787 ir140619.0064          [06:42:26.6
OSU-03A-0001   OBJECT OB140987            50.0 H       19:52:50 2014-06-20 06:42:26.6 2456828.7795 ir140619.0065          [06:43:33.9
OSU-03A-0001   OBJECT OB140987            50.0 H       19:53:56 2014-06-20 06:43:32.7 2456828.7802 ir140619.0066          [06:44:38.9
OSU-03A-0001   OBJECT OB140987           300.0 I       19:49:33 2014-06-20 06:39:10.3 2456828.7772 ccd140619.0058         [06:44:55.0
YALE-08A-0001  OBJECT 1550-242            30.0 J       19:58:41 2014-06-20 06:48:17.2 2456828.7835 ir140619.0067          [06:49:03.6
YALE-08A-0001  OBJECT 1550-242            30.1 J       19:59:28 2014-06-20 06:49:03.4 2456828.7841 ir140619.0068          [06:49:50.7
YALE-08A-0001  OBJECT 1550-242            30.0 J       20:00:14 2014-06-20 06:49:49.6 2456828.7846 ir140619.0069          [06:50:35.8
YALE-08A-0001  OBJECT 1550-242           140.0 R       19:58:44 2014-06-20 06:48:19.9 2456828.7836 ccd140619.0059         [06:51:24.5
YALE-08A-0001  OBJECT 1550-242            30.0 J       20:01:55 2014-06-20 06:51:30.6 2456828.7858 ir140619.0070          [06:52:16.8
YALE-08A-0001  OBJECT 1550-242            30.1 J       20:02:41 2014-06-20 06:52:16.6 2456828.7863 ir140619.0071          [06:53:03.9
YALE-08A-0001  OBJECT 1550-242            30.0 J       20:03:28 2014-06-20 06:53:03.0 2456828.7868 ir140619.0072          [06:53:49.3
YALE-08A-0001  OBJECT 1550-242            30.0 J       20:04:15 2014-06-20 06:53:49.4 2456828.7874 ir140619.0073          [06:54:36.9
YALE-08A-0001  OBJECT 1550-242           180.0 B       20:01:58 2014-06-20 06:51:33.1 2456828.7858 ccd140619.0060         [06:55:17.0
GSU-03A-0006   OBJECT 1622-297            35.0 H       20:09:34 2014-06-20 06:59:07.9 2456828.7911 ir140619.0074          [07:00:00.1
GSU-03A-0006   OBJECT 1622-297            35.0 H       20:10:25 2014-06-20 06:59:59.0 2456828.7917 ir140619.0075          [07:00:50.3
GSU-03A-0006   OBJECT 1622-297            35.0 H       20:11:17 2014-06-20 07:00:50.1 2456828.7922 ir140619.0076          [07:01:42.4
GSU-03A-0006   OBJECT 1622-297            35.0 H       20:12:08 2014-06-20 07:01:41.3 2456828.7928 ir140619.0077          [07:02:32.4
GSU-03A-0006   OBJECT 1622-297           180.0 R       20:09:36 2014-06-20 06:59:10.4 2456828.7911 ccd140619.0061         [07:02:55.1
OSU-03A-0001   OBJECT OB140987            50.0 H       20:16:04 2014-06-20 07:05:36.5 2456828.7956 ir140619.0078          [07:06:42.8
OSU-03A-0001   OBJECT OB140987            50.0 H       20:17:10 2014-06-20 07:06:42.4 2456828.7963 ir140619.0079          [07:07:49.6
OSU-03A-0001   OBJECT OB140987            50.0 H       20:18:16 2014-06-20 07:07:48.6 2456828.7971 ir140619.0080          [07:08:54.9
OSU-03A-0001   OBJECT OB140987            50.0 H       20:19:22 2014-06-20 07:08:54.7 2456828.7979 ir140619.0081          [07:10:02.2
OSU-03A-0001   OBJECT OB140987            50.0 H       20:20:29 2014-06-20 07:10:00.8 2456828.7986 ir140619.0082          [07:11:07.1
OSU-03A-0001   OBJECT OB140987           300.0 I       20:16:06 2014-06-20 07:05:39.0 2456828.7956 ccd140619.0062         [07:11:23.8
DUBLIN-11B-000 OBJECT Alv60               30.0 J       20:24:21 2014-06-20 07:13:52.9 2456828.8013 ir140619.0083          [07:15:13.5
DUBLIN-11B-000 OBJECT Alv60              110.0 I       20:24:24 2014-06-20 07:13:55.4 2456828.8013 ccd140619.0063         [07:16:30.2
DUBLIN-11B-000 OBJECT Alv60               30.0 J       20:25:42 2014-06-20 07:15:13.3 2456828.8022 ir140619.0084          [07:16:34.4
DUBLIN-11B-000 OBJECT Alv60               30.1 J       20:27:04 2014-06-20 07:16:34.6 2456828.8032 ir140619.0085          [07:17:56.2
DUBLIN-11B-000 OBJECT Alv60              110.0 I       20:27:01 2014-06-20 07:16:32.1 2456828.8032 ccd140619.0064         [07:19:05.9
DUBLIN-11B-000 OBJECT Alv60               30.1 J       20:28:24 2014-06-20 07:17:55.2 2456828.8041 ir140619.0086          [07:19:16.7
DUBLIN-11B-000 OBJECT Alv60               30.0 J       20:29:45 2014-06-20 07:19:15.5 2456828.8050 ir140619.0087          [07:20:36.0
DUBLIN-11B-000 OBJECT Alv60              110.0 I       20:29:38 2014-06-20 07:19:08.6 2456828.8050 ccd140619.0065         [07:21:43.2
DUBLIN-11B-000 OBJECT Alv60               30.1 K       20:32:23 2014-06-20 07:21:53.0 2456828.8069 ir140619.0088          [07:23:13.5
DUBLIN-11B-000 OBJECT Alv60              110.0 R       20:32:26 2014-06-20 07:21:55.6 2456828.8069 ccd140619.0066         [07:24:30.2
DUBLIN-11B-000 OBJECT Alv60               30.0 K       20:33:43 2014-06-20 07:23:13.5 2456828.8078 ir140619.0089          [07:24:34.5
DUBLIN-11B-000 OBJECT Alv60               30.1 K       20:33:43 2014-06-20 07:23:13.5 2456828.8078 ir140619.0090          [07:26:05.6
DUBLIN-11B-000 OBJECT Alv60              110.0 R       20:35:02 2014-06-20 07:24:32.2 2456828.8087 ccd140619.0067         [07:27:06.0
DUBLIN-11B-000 OBJECT Alv60               30.1 K       20:36:35 2014-06-20 07:26:05.0 2456828.8098 ir140619.0091          [07:27:26.6
DUBLIN-11B-000 OBJECT Alv60               30.0 K       20:37:56 2014-06-20 07:27:25.2 2456828.8107 ir140619.0092          [07:28:45.8
DUBLIN-11B-000 OBJECT Alv60              110.0 R       20:37:39 2014-06-20 07:27:08.6 2456828.8105 ccd140619.0068         [07:29:43.2
CHILE-13B-0039 OBJECT OY Ara             160.0 V       20:44:27 2014-06-20 07:33:54.8 2456828.8152 ccd140619.0069         [07:37:18.8
CHILE-13B-0039 OBJECT OY Ara              80.0 V       20:47:58 2014-06-20 07:37:25.3 2456828.8177 ccd140619.0070         [07:39:30.0
OSU-03A-0001   OBJECT OB140987            50.0 H       20:57:47 2014-06-20 07:47:13.0 2456828.8245 ir140619.0093          [07:48:19.2
OSU-03A-0001   OBJECT OB140987            50.0 H       20:58:53 2014-06-20 07:48:18.9 2456828.8252 ir140619.0094          [07:49:26.6
OSU-03A-0001   OBJECT OB140987            50.0 H       21:00:00 2014-06-20 07:49:25.5 2456828.8260 ir140619.0095          [07:50:31.7
OSU-03A-0001   OBJECT OB140987            50.0 H       21:01:06 2014-06-20 07:50:31.5 2456828.8268 ir140619.0096          [07:51:38.8
OSU-03A-0001   OBJECT OB140987            50.0 H       21:02:12 2014-06-20 07:51:37.5 2456828.8275 ir140619.0097          [07:52:43.7
OSU-03A-0001   OBJECT OB140987           300.0 I       20:57:49 2014-06-20 07:47:15.4 2456828.8245 ccd140619.0071         [07:53:01.6
OSU-03A-0001   OBJECT OB140987            50.0 H       21:03:39 2014-06-20 07:53:04.1 2456828.8285 ir140619.0098          [07:54:10.3
OSU-03A-0001   OBJECT OB140987            50.0 H       21:04:45 2014-06-20 07:54:09.9 2456828.8293 ir140619.0099          [07:55:19.6
OSU-03A-0001   OBJECT OB140987            50.0 H       21:05:51 2014-06-20 07:55:16.1 2456828.8300 ir140619.0100          [07:56:22.3
OSU-03A-0001   OBJECT OB140987            50.0 H       21:06:58 2014-06-20 07:56:22.1 2456828.8308 ir140619.0101          [07:57:31.7
OSU-03A-0001   OBJECT OB140987            50.0 H       21:08:04 2014-06-20 07:57:28.2 2456828.8316 ir140619.0102          [07:58:34.5
OSU-03A-0001   OBJECT OB140987           300.0 I       21:03:42 2014-06-20 07:53:06.6 2456828.8286 ccd140619.0072         [07:58:51.8
OSU-03A-0001   OBJECT OB140987            50.0 H       21:09:31 2014-06-20 07:58:55.1 2456828.8326 ir140619.0103          [08:00:01.3
OSU-03A-0001   OBJECT OB140987            50.0 H       21:10:37 2014-06-20 08:00:01.1 2456828.8333 ir140619.0104          [08:01:08.4
OSU-03A-0001   OBJECT OB140987            50.0 H       21:11:43 2014-06-20 08:01:07.1 2456828.8341 ir140619.0105          [08:02:13.4
OSU-03A-0001   OBJECT OB140987            50.0 H       21:12:50 2014-06-20 08:02:13.2 2456828.8349 ir140619.0106          [08:03:20.5
OSU-03A-0001   OBJECT OB140987            50.0 H       21:13:56 2014-06-20 08:03:19.2 2456828.8356 ir140619.0107          [08:04:25.5
OSU-03A-0001   OBJECT OB140987           300.0 I       21:09:34 2014-06-20 07:58:57.7 2456828.8326 ccd140619.0073         [08:04:42.4
OSU-03A-0001   OBJECT OB140987            50.0 H       21:15:23 2014-06-20 08:04:45.9 2456828.8366 ir140619.0108          [08:05:52.2
OSU-03A-0001   OBJECT OB140987            50.0 H       21:16:29 2014-06-20 08:05:51.8 2456828.8374 ir140619.0109          [08:06:59.0
OSU-03A-0001   OBJECT OB140987            50.0 H       21:17:35 2014-06-20 08:06:58.0 2456828.8382 ir140619.0110          [08:08:04.3
OSU-03A-0001   OBJECT OB140987            50.0 H       21:18:42 2014-06-20 08:08:04.2 2456828.8389 ir140619.0111          [08:09:12.2
OSU-03A-0001   OBJECT OB140987            50.0 H       21:19:48 2014-06-20 08:09:10.2 2456828.8397 ir140619.0112          [08:10:16.5
OSU-03A-0001   OBJECT OB140987           300.0 I       21:15:25 2014-06-20 08:04:48.5 2456828.8367 ccd140619.0074         [08:10:33.2
OSU-03A-0001   OBJECT OB140987            50.0 H       21:21:15 2014-06-20 08:10:37.4 2456828.8407 ir140619.0113          [08:11:43.7
OSU-03A-0001   OBJECT OB140987            50.0 H       21:22:21 2014-06-20 08:11:43.2 2456828.8415 ir140619.0114          [08:12:50.4
OSU-03A-0001   OBJECT OB140987            50.0 H       21:23:28 2014-06-20 08:12:49.4 2456828.8422 ir140619.0115          [08:13:55.7
OSU-03A-0001   OBJECT OB140987            50.0 H       21:24:34 2014-06-20 08:13:55.6 2456828.8430 ir140619.0116          [08:15:02.9
OSU-03A-0001   OBJECT OB140987            50.0 H       21:25:41 2014-06-20 08:15:01.9 2456828.8438 ir140619.0117          [08:16:08.3
OSU-03A-0001   OBJECT OB140987           300.0 I       21:21:18 2014-06-20 08:10:39.8 2456828.8407 ccd140619.0075         [08:16:24.5
OSU-03A-0001   OBJECT OB140987            50.0 H       21:27:07 2014-06-20 08:16:28.1 2456828.8448 ir140619.0118          [08:17:34.4
OSU-03A-0001   OBJECT OB140987            50.0 H       21:28:13 2014-06-20 08:17:34.1 2456828.8455 ir140619.0119          [08:18:41.3
OSU-03A-0001   OBJECT OB140987            50.0 H       21:29:19 2014-06-20 08:18:40.1 2456828.8463 ir140619.0120          [08:19:46.5
OSU-03A-0001   OBJECT OB140987            50.0 H       21:30:26 2014-06-20 08:19:46.2 2456828.8471 ir140619.0121          [08:20:54.0
OSU-03A-0001   OBJECT OB140987            50.0 H       21:31:32 2014-06-20 08:20:52.0 2456828.8478 ir140619.0122          [08:21:58.3
OSU-03A-0001   OBJECT OB140987           300.0 I       21:27:09 2014-06-20 08:16:30.6 2456828.8448 ccd140619.0076         [08:22:15.2
OSU-03A-0001   OBJECT OB140987            50.0 H       21:32:59 2014-06-20 08:22:19.2 2456828.8488 ir140619.0123          [08:23:25.6
OSU-03A-0001   OBJECT OB140987            50.0 H       21:34:05 2014-06-20 08:23:25.2 2456828.8496 ir140619.0124          [08:24:32.5
OSU-03A-0001   OBJECT OB140987            50.0 H       21:35:12 2014-06-20 08:24:31.4 2456828.8504 ir140619.0125          [08:25:37.6
OSU-03A-0001   OBJECT OB140987            50.0 H       21:36:18 2014-06-20 08:25:37.4 2456828.8511 ir140619.0126          [08:26:45.2
OSU-03A-0001   OBJECT OB140987            50.0 H       21:37:24 2014-06-20 08:26:43.2 2456828.8519 ir140619.0127          [08:27:49.5
OSU-03A-0001   OBJECT OB140987           300.0 I       21:33:02 2014-06-20 08:22:21.9 2456828.8489 ccd140619.0077         [08:28:06.7
OSU-03A-0001   OBJECT OB140987            50.0 H       21:38:51 2014-06-20 08:28:10.4 2456828.8529 ir140619.0128          [08:29:16.7
OSU-03A-0001   OBJECT OB140987            50.0 H       21:39:57 2014-06-20 08:29:16.1 2456828.8537 ir140619.0129          [08:30:23.4
OSU-03A-0001   OBJECT OB140987            50.0 H       21:41:03 2014-06-20 08:30:22.1 2456828.8544 ir140619.0130          [08:31:28.4
OSU-03A-0001   OBJECT OB140987            50.0 H       21:42:10 2014-06-20 08:31:28.4 2456828.8552 ir140619.0131          [08:32:35.7
OSU-03A-0001   OBJECT OB140987            50.0 H       21:43:16 2014-06-20 08:32:34.3 2456828.8560 ir140619.0132          [08:33:40.7
OSU-03A-0001   OBJECT OB140987           300.0 I       21:38:54 2014-06-20 08:28:13.0 2456828.8529 ccd140619.0078         [08:33:57.8
OSU-03A-0001   OBJECT OB140987            50.0 H       21:44:43 2014-06-20 08:34:01.4 2456828.8570 ir140619.0133          [08:35:07.7
OSU-03A-0001   OBJECT OB140987            50.0 H       21:45:49 2014-06-20 08:35:07.3 2456828.8577 ir140619.0134          [08:36:14.5
OSU-03A-0001   OBJECT OB140987            50.0 H       21:46:56 2014-06-20 08:36:13.4 2456828.8585 ir140619.0135          [08:37:19.7
OSU-03A-0001   OBJECT OB140987            50.0 H       21:48:02 2014-06-20 08:37:19.5 2456828.8593 ir140619.0136          [08:38:27.3
OSU-03A-0001   OBJECT OB140987            50.0 H       21:49:08 2014-06-20 08:38:25.3 2456828.8600 ir140619.0137          [08:39:31.6
OSU-03A-0001   OBJECT OB140987           300.0 I       21:44:46 2014-06-20 08:34:03.9 2456828.8570 ccd140619.0079         [08:39:48.6
OSU-03A-0001   OBJECT OB140987            50.0 H       21:50:38 2014-06-20 08:39:55.1 2456828.8611 ir140619.0138          [08:41:01.5
OSU-03A-0001   OBJECT OB140987            50.0 H       21:50:38 2014-06-20 08:39:55.1 2456828.8611 ir140619.0139          [08:42:18.3
OSU-03A-0001   OBJECT OB140987            50.0 H       21:53:00 2014-06-20 08:42:17.3 2456828.8627 ir140619.0140          [08:43:23.6
OSU-03A-0001   OBJECT OB140987            50.0 H       21:54:07 2014-06-20 08:43:23.6 2456828.8635 ir140619.0141          [08:44:31.5
OSU-03A-0001   OBJECT OB140987            50.0 H       21:55:13 2014-06-20 08:44:29.6 2456828.8642 ir140619.0142          [08:45:35.9
OSU-03A-0001   OBJECT OB140987           300.0 V       21:50:40 2014-06-20 08:39:57.7 2456828.8611 ccd140619.0080         [08:45:42.5
OSU-03A-0001   OBJECT OB140987            50.0 H       21:57:52 2014-06-20 08:47:08.5 2456828.8661 ir140619.0143          [08:48:14.8
OSU-03A-0001   OBJECT OB140987            50.0 H       21:58:58 2014-06-20 08:48:14.3 2456828.8668 ir140619.0144          [08:49:21.6
OSU-03A-0001   OBJECT OB140987            50.0 H       22:00:05 2014-06-20 08:49:20.6 2456828.8676 ir140619.0145          [08:50:26.8
OSU-03A-0001   OBJECT OB140987            50.0 H       22:01:11 2014-06-20 08:50:26.6 2456828.8684 ir140619.0146          [08:51:34.5
OSU-03A-0001   OBJECT OB140987            50.0 H       22:02:17 2014-06-20 08:51:32.5 2456828.8691 ir140619.0147          [08:52:38.8
OSU-03A-0001   OBJECT OB140987           300.0 I       21:57:55 2014-06-20 08:47:11.0 2456828.8661 ccd140619.0081         [08:52:55.8
OSU-03A-0001   OBJECT OB140987            50.0 H       22:03:45 2014-06-20 08:52:59.7 2456828.8701 ir140619.0148          [08:54:06.0
OSU-03A-0001   OBJECT OB140987            50.0 H       22:04:51 2014-06-20 08:54:05.6 2456828.8709 ir140619.0149          [08:55:12.8
OSU-03A-0001   OBJECT OB140987            50.0 H       22:05:57 2014-06-20 08:55:12.0 2456828.8717 ir140619.0150          [08:56:18.3
OSU-03A-0001   OBJECT OB140987            50.0 H       22:07:04 2014-06-20 08:56:18.2 2456828.8724 ir140619.0151          [08:57:25.5
OSU-03A-0001   OBJECT OB140987            50.0 H       22:08:10 2014-06-20 08:57:24.1 2456828.8732 ir140619.0152          [08:58:30.5
OSU-03A-0001   OBJECT OB140987           300.0 I       22:03:47 2014-06-20 08:53:02.3 2456828.8702 ccd140619.0082         [08:58:47.0
OSU-03A-0001   OBJECT OB140987            50.0 H       22:09:37 2014-06-20 08:58:50.8 2456828.8742 ir140619.0153          [08:59:57.1
OSU-03A-0001   OBJECT OB140987            50.0 H       22:10:43 2014-06-20 08:59:56.7 2456828.8750 ir140619.0154          [09:01:03.9
OSU-03A-0001   OBJECT OB140987            50.0 H       22:11:49 2014-06-20 09:01:02.9 2456828.8757 ir140619.0155          [09:02:09.3
OSU-03A-0001   OBJECT OB140987            50.0 H       22:12:56 2014-06-20 09:02:09.1 2456828.8765 ir140619.0156          [09:03:17.0
OSU-03A-0001   OBJECT OB140987            50.0 H       22:14:02 2014-06-20 09:03:15.0 2456828.8773 ir140619.0157          [09:04:21.3
OSU-03A-0001   OBJECT OB140987           300.0 I       22:09:39 2014-06-20 08:58:53.2 2456828.8742 ccd140619.0083         [09:04:39.4
OSU-03A-0001   OBJECT OB140987            50.0 H       22:15:28 2014-06-20 09:04:41.5 2456828.8783 ir140619.0158          [09:05:47.8
OSU-03A-0001   OBJECT OB140987            50.0 H       22:16:34 2014-06-20 09:05:47.3 2456828.8790 ir140619.0159          [09:06:55.4
OSU-03A-0001   OBJECT OB140987            50.0 H       22:17:40 2014-06-20 09:06:53.4 2456828.8798 ir140619.0160          [09:07:59.8
OSU-03A-0001   OBJECT OB140987            50.0 H       22:18:47 2014-06-20 09:07:59.4 2456828.8805 ir140619.0161          [09:09:07.4
OSU-03A-0001   OBJECT OB140987            50.0 H       22:19:53 2014-06-20 09:09:05.3 2456828.8813 ir140619.0162          [09:10:11.7
OSU-03A-0001   OBJECT OB140987           300.0 I       22:15:31 2014-06-20 09:04:44.0 2456828.8783 ccd140619.0084         [09:10:28.8
OSU-03A-0001   OBJECT OB140987            50.0 H       22:21:20 2014-06-20 09:10:32.6 2456828.8823 ir140619.0163          [09:11:39.0
OSU-03A-0001   OBJECT OB140987            50.0 H       22:22:27 2014-06-20 09:11:38.5 2456828.8831 ir140619.0164          [09:12:45.8
OSU-03A-0001   OBJECT OB140987            50.0 H       22:23:33 2014-06-20 09:12:44.7 2456828.8838 ir140619.0165          [09:13:51.0
OSU-03A-0001   OBJECT OB140987            50.0 H       22:24:39 2014-06-20 09:13:51.0 2456828.8846 ir140619.0166          [09:14:58.8
OSU-03A-0001   OBJECT OB140987            50.0 H       22:25:45 2014-06-20 09:14:56.9 2456828.8854 ir140619.0167          [09:16:03.2
OSU-03A-0001   OBJECT OB140987           300.0 I       22:21:23 2014-06-20 09:10:35.1 2456828.8824 ccd140619.0085         [09:16:19.8
OSU-03A-0001   OBJECT OB140987            50.0 H       22:27:13 2014-06-20 09:16:23.8 2456828.8864 ir140619.0168          [09:17:30.1
OSU-03A-0001   OBJECT OB140987            50.0 H       22:28:19 2014-06-20 09:17:29.7 2456828.8871 ir140619.0169          [09:18:36.9
OSU-03A-0001   OBJECT OB140987            50.0 H       22:29:25 2014-06-20 09:18:35.7 2456828.8879 ir140619.0170          [09:19:42.0
OSU-03A-0001   OBJECT OB140987            50.0 H       22:30:31 2014-06-20 09:19:41.9 2456828.8887 ir140619.0171          [09:20:49.2
OSU-03A-0001   OBJECT OB140987            50.0 H       22:31:37 2014-06-20 09:20:48.1 2456828.8895 ir140619.0172          [09:21:54.3
OSU-03A-0001   OBJECT OB140987           300.0 I       22:27:15 2014-06-20 09:16:26.3 2456828.8864 ccd140619.0086         [09:22:10.9
OSU-03A-0001   OBJECT OB140987            50.0 H       22:33:05 2014-06-20 09:22:15.1 2456828.8904 ir140619.0173          [09:23:21.4
OSU-03A-0001   OBJECT OB140987            50.0 H       22:34:11 2014-06-20 09:23:21.2 2456828.8912 ir140619.0174          [09:24:28.5
OSU-03A-0001   OBJECT OB140987            50.0 H       22:35:17 2014-06-20 09:24:27.4 2456828.8920 ir140619.0175          [09:25:33.7
OSU-03A-0001   OBJECT OB140987            50.0 H       22:36:24 2014-06-20 09:25:33.4 2456828.8928 ir140619.0176          [09:26:41.3
OSU-03A-0001   OBJECT OB140987            50.0 H       22:37:30 2014-06-20 09:26:39.4 2456828.8935 ir140619.0177          [09:27:45.6
OSU-03A-0001   OBJECT OB140987           300.0 I       22:33:07 2014-06-20 09:22:17.5 2456828.8905 ccd140619.0087         [09:28:02.4
OSU-03A-0001   OBJECT OB140987            50.0 H       22:38:57 2014-06-20 09:28:06.2 2456828.8945 ir140619.0178          [09:29:12.5
OSU-03A-0001   OBJECT OB140987            50.0 H       22:40:03 2014-06-20 09:29:12.1 2456828.8953 ir140619.0179          [09:30:19.3
OSU-03A-0001   OBJECT OB140987            50.0 H       22:41:09 2014-06-20 09:30:18.2 2456828.8960 ir140619.0180          [09:31:24.4
OSU-03A-0001   OBJECT OB140987            50.0 H       22:42:15 2014-06-20 09:31:24.2 2456828.8968 ir140619.0181          [09:32:31.6
OSU-03A-0001   OBJECT OB140987            50.0 H       22:43:22 2014-06-20 09:32:30.3 2456828.8976 ir140619.0182          [09:33:36.6
OSU-03A-0001   OBJECT OB140987           300.0 I       22:38:59 2014-06-20 09:28:08.7 2456828.8945 ccd140619.0088         [09:33:53.4
OSU-03A-0001   OBJECT OB140987            50.0 H       22:44:49 2014-06-20 09:33:57.5 2456828.8986 ir140619.0183          [09:35:03.8
OSU-03A-0001   OBJECT OB140987            50.0 H       22:45:55 2014-06-20 09:35:03.6 2456828.8994 ir140619.0184          [09:36:11.0
OSU-03A-0001   OBJECT OB140987            50.0 H       22:47:02 2014-06-20 09:36:09.9 2456828.9001 ir140619.0185          [09:37:16.2
OSU-03A-0001   OBJECT OB140987            50.0 H       22:48:08 2014-06-20 09:37:15.9 2456828.9009 ir140619.0186          [09:38:23.8
OSU-03A-0001   OBJECT OB140987            50.0 H       22:49:14 2014-06-20 09:38:21.9 2456828.9016 ir140619.0187          [09:39:28.2
OSU-03A-0001   OBJECT OB140987           300.0 I       22:44:52 2014-06-20 09:34:00.0 2456828.8986 ccd140619.0089         [09:39:45.4
OSU-03A-0001   OBJECT OB140987            50.0 H       22:50:44 2014-06-20 09:39:51.6 2456828.9027 ir140619.0188          [09:40:57.9
OSU-03A-0001   OBJECT OB140987            50.0 H       22:51:50 2014-06-20 09:40:57.5 2456828.9034 ir140619.0189          [09:42:06.8
OSU-03A-0001   OBJECT OB140987            50.0 H       22:52:57 2014-06-20 09:42:03.7 2456828.9042 ir140619.0190          [09:43:10.0
OSU-03A-0001   OBJECT OB140987            50.0 H       22:54:03 2014-06-20 09:43:10.1 2456828.9050 ir140619.0191          [09:44:17.9
OSU-03A-0001   OBJECT OB140987            50.0 H       22:55:09 2014-06-20 09:44:16.1 2456828.9057 ir140619.0192          [09:45:22.3
OSU-03A-0001   OBJECT OB140987           300.0 V       22:50:47 2014-06-20 09:39:54.2 2456828.9027 ccd140619.0090         [09:45:38.9
CHILE-13B-0039 OBJECT V2572 Sgr           90.0 V       23:02:45 2014-06-20 09:51:50.0 2456828.9110 ccd140619.0091         [09:54:03.9
CHILE-13B-0039 OBJECT V2572 Sgr           45.0 V       23:05:06 2014-06-20 09:54:10.9 2456828.9126 ccd140619.0092         [09:55:41.2
CHILE-13B-0039 OBJECT V363 Sgr           260.0 V       23:10:17 2014-06-20 09:59:20.8 2456828.9162 ccd140619.0093         [10:04:24.8
CHILE-13B-0039 OBJECT V363 Sgr           130.0 V       23:15:28 2014-06-20 10:04:31.5 2456828.9198 ccd140619.0094         [10:07:26.3
YALE-08A-0001  OBJECT 0131-522            30.0 J       23:23:37 2014-06-20 10:12:38.7 2456828.9254 ir140619.0193          [10:13:25.0
YALE-08A-0001  OBJECT 0131-522            30.1 J       23:24:23 2014-06-20 10:13:24.7 2456828.9260 ir140619.0194          [10:14:11.9
YALE-08A-0001  OBJECT 0131-522            30.1 J       23:25:09 2014-06-20 10:14:11.0 2456828.9265 ir140619.0195          [10:14:57.2
YALE-08A-0001  OBJECT 0131-522           140.0 R       23:23:39 2014-06-20 10:12:41.1 2456828.9255 ccd140619.0095         [10:15:45.8
YALE-08A-0001  OBJECT 0131-522            30.0 J       23:26:51 2014-06-20 10:15:52.1 2456828.9277 ir140619.0196          [10:16:38.4
YALE-08A-0001  OBJECT 0131-522            30.0 J       23:27:37 2014-06-20 10:16:38.1 2456828.9282 ir140619.0197          [10:17:25.4
YALE-08A-0001  OBJECT 0131-522            30.0 J       23:28:23 2014-06-20 10:17:24.3 2456828.9287 ir140619.0198          [10:18:10.6
YALE-08A-0001  OBJECT 0131-522            30.1 J       23:29:09 2014-06-20 10:18:10.6 2456828.9293 ir140619.0199          [10:18:58.1
YALE-08A-0001  OBJECT 0131-522           180.0 B       23:26:53 2014-06-20 10:15:54.5 2456828.9277 ccd140619.0096         [10:19:38.5
