Project        ImType Object           ExpTime Filter  LST      UTDate     UTC        JD           Filename               [Logged@UT]
ALL            BIAS   BIASES               0.0 V       05:25:34 2014-06-11 16:48:59.8 2456820.2007 ccd140611.0001         [16:49:44.6
ALL            BIAS   BIASES               0.0 V       05:26:21 2014-06-11 16:49:46.9 2456820.2012 ccd140611.0002         [16:50:30.7
ALL            BIAS   BIASES               0.0 V       05:27:08 2014-06-11 16:50:33.4 2456820.2018 ccd140611.0003         [16:51:18.2
ALL            BIAS   BIASES               0.0 V       05:27:54 2014-06-11 16:51:19.9 2456820.2023 ccd140611.0004         [16:52:03.7
ALL            BIAS   BIASES               0.0 V       05:28:41 2014-06-11 16:52:06.5 2456820.2029 ccd140611.0005         [16:52:51.1
ALL            BIAS   BIASES               0.0 V       05:29:28 2014-06-11 16:52:53.5 2456820.2034 ccd140611.0006         [16:53:37.3
ALL            BIAS   BIASES               0.0 V       05:30:15 2014-06-11 16:53:40.1 2456820.2039 ccd140611.0007         [16:54:24.6
ALL            BIAS   BIASES               0.0 V       05:31:02 2014-06-11 16:54:27.0 2456820.2045 ccd140611.0008         [16:55:10.8
ALL            BIAS   BIASES               0.0 V       05:31:49 2014-06-11 16:55:13.6 2456820.2050 ccd140611.0009         [16:55:58.2
ALL            BIAS   BIASES               0.0 V       05:32:36 2014-06-11 16:56:00.5 2456820.2056 ccd140611.0010         [16:56:44.6
ALL            OBJECT JUNK                 1.0 I       05:46:52 2014-06-11 17:10:15.0 2456820.2155 ccd140611junk.0001     [17:11:00.6
ALL            FLAT   B Dome Flat         10.0 B       05:47:47 2014-06-11 17:11:09.5 2456820.2161 ccd140611domeB.0001    [17:12:03.3
ALL            FLAT   B Dome Flat         10.0 B       05:48:44 2014-06-11 17:12:06.1 2456820.2167 ccd140611domeB.0002    [17:13:01.8
ALL            FLAT   B Dome Flat         10.0 B       05:49:40 2014-06-11 17:13:02.5 2456820.2174 ccd140611domeB.0003    [17:13:56.4
ALL            FLAT   B Dome Flat         10.0 B       05:50:37 2014-06-11 17:13:58.9 2456820.2180 ccd140611domeB.0004    [17:14:53.7
ALL            FLAT   B Dome Flat         10.0 B       05:51:34 2014-06-11 17:14:55.9 2456820.2187 ccd140611domeB.0005    [17:15:49.8
ALL            FLAT   B Dome Flat         10.0 B       05:52:31 2014-06-11 17:15:52.4 2456820.2193 ccd140611domeB.0006    [17:16:47.1
ALL            FLAT   B Dome Flat         10.0 B       05:53:27 2014-06-11 17:16:48.8 2456820.2200 ccd140611domeB.0007    [17:17:42.6
ALL            FLAT   B Dome Flat         10.0 B       05:54:24 2014-06-11 17:17:45.3 2456820.2207 ccd140611domeB.0008    [17:18:39.9
ALL            FLAT   B Dome Flat         10.0 B       05:55:21 2014-06-11 17:18:42.3 2456820.2213 ccd140611domeB.0009    [17:19:36.2
ALL            FLAT   B Dome Flat         10.0 B       05:56:18 2014-06-11 17:19:38.8 2456820.2220 ccd140611domeB.0010    [17:20:33.4
ALL            FLAT   V Dome Flat         75.0 V       05:57:21 2014-06-11 17:20:41.3 2456820.2227 ccd140611domeV.0001    [17:22:40.1
ALL            FLAT   V Dome Flat         75.0 V       05:59:23 2014-06-11 17:22:42.9 2456820.2241 ccd140611domeV.0002    [17:24:42.6
ALL            FLAT   V Dome Flat         75.0 V       06:01:25 2014-06-11 17:24:45.0 2456820.2255 ccd140611domeV.0003    [17:26:43.8
ALL            FLAT   V Dome Flat         75.0 V       06:27:35 2014-06-11 17:50:51.2 2456820.2437 ccd140611domeV.0004    [17:52:50.8
ALL            FLAT   V Dome Flat         75.0 V       06:29:38 2014-06-11 17:52:53.2 2456820.2451 ccd140611domeV.0005    [17:54:52.0
ALL            FLAT   V Dome Flat         75.0 V       06:31:40 2014-06-11 17:54:54.8 2456820.2465 ccd140611domeV.0006    [17:56:54.5
ALL            OBJECT 1123-6415          180.0 V       08:29:27 2014-06-11 19:52:23.1 2456820.3280 ccd140611domeV.0007    [19:56:07.0
ALL            OBJECT 1123-6415          180.0 V       08:33:42 2014-06-11 19:56:37.5 2456820.3310 ccd140611domeV.0008    [20:00:22.1
ALL            OBJECT 1123-6415          180.0 V       08:38:04 2014-06-11 20:00:58.1 2456820.3340 ccd140611domeV.0009    [20:04:42.0
ALL            OBJECT 1123-6415          180.0 V       08:42:56 2014-06-11 20:05:49.5 2456820.3374 ccd140611domeV.0010    [20:09:34.1
ALL            FLAT   R Dome Flat         40.0 R       08:47:49 2014-06-11 20:10:41.7 2456820.3408 ccd140611domeR.0001    [20:12:05.5
ALL            FLAT   R Dome Flat         40.0 R       08:49:16 2014-06-11 20:12:08.3 2456820.3418 ccd140611domeR.0002    [20:13:32.9
ALL            FLAT   R Dome Flat         40.0 R       08:50:42 2014-06-11 20:13:34.7 2456820.3428 ccd140611domeR.0003    [20:14:58.5
ALL            FLAT   R Dome Flat         40.0 R       08:52:09 2014-06-11 20:15:01.1 2456820.3438 ccd140611domeR.0004    [20:16:25.7
ALL            FLAT   R Dome Flat         40.0 R       08:53:36 2014-06-11 20:16:27.5 2456820.3448 ccd140611domeR.0005    [20:17:51.3
ALL            FLAT   R Dome Flat         40.0 R       08:55:02 2014-06-11 20:17:54.1 2456820.3458 ccd140611domeR.0006    [20:19:18.8
ALL            FLAT   R Dome Flat         40.0 R       08:56:30 2014-06-11 20:19:21.1 2456820.3468 ccd140611domeR.0007    [20:20:45.0
ALL            FLAT   R Dome Flat         40.0 R       08:57:57 2014-06-11 20:20:47.7 2456820.3478 ccd140611domeR.0008    [20:22:12.3
ALL            FLAT   R Dome Flat         40.0 R       08:59:24 2014-06-11 20:22:14.8 2456820.3488 ccd140611domeR.0009    [20:23:38.6
ALL            FLAT   R Dome Flat         40.0 R       09:00:51 2014-06-11 20:23:41.3 2456820.3498 ccd140611domeR.0010    [20:25:05.9
ALL            FLAT   I Dome Flat         85.0 I       09:03:12 2014-06-11 20:26:01.9 2456820.3514 ccd140611domeI.0001    [20:28:10.7
ALL            FLAT   I Dome Flat         85.0 I       09:05:24 2014-06-11 20:28:13.6 2456820.3529 ccd140611domeI.0002    [20:30:23.1
ALL            FLAT   I Dome Flat         85.0 I       09:07:36 2014-06-11 20:30:25.5 2456820.3545 ccd140611domeI.0003    [20:32:34.3
ALL            FLAT   I Dome Flat         85.0 I       09:09:48 2014-06-11 20:32:37.1 2456820.3560 ccd140611domeI.0004    [20:34:46.9
ALL            FLAT   I Dome Flat         85.0 I       09:12:01 2014-06-11 20:34:49.4 2456820.3575 ccd140611domeI.0005    [20:36:58.2
ALL            FLAT   I Dome Flat         85.0 I       09:14:13 2014-06-11 20:37:01.0 2456820.3590 ccd140611domeI.0006    [20:39:10.5
ALL            FLAT   I Dome Flat         85.0 I       09:16:25 2014-06-11 20:39:13.0 2456820.3606 ccd140611domeI.0007    [20:41:21.8
ALL            FLAT   I Dome Flat         85.0 I       09:18:37 2014-06-11 20:41:24.7 2456820.3621 ccd140611domeI.0008    [20:43:34.2
ALL            FLAT   I Dome Flat         85.0 I       09:20:49 2014-06-11 20:43:36.6 2456820.3636 ccd140611domeI.0009    [20:45:45.5
ALL            FLAT   I Dome Flat         85.0 I       09:23:01 2014-06-11 20:45:48.2 2456820.3651 ccd140611domeI.0010    [20:47:57.7
ALL            OBJECT JUNK                 1.0 I       09:33:18 2014-06-11 20:56:02.9 2456820.3723 ccd140611junk2.0001    [20:56:47.7
ALL            BIAS   BIASES               0.0 I       09:35:27 2014-06-11 20:58:12.4 2456820.3737 ccd140611bias.0001     [20:58:56.9
ALL            BIAS   BIASES               0.0 I       09:36:14 2014-06-11 20:58:58.8 2456820.3743 ccd140611bias.0002     [20:59:42.5
ALL            OBJECT 1123-6415          180.0 I       09:46:16 2014-06-11 21:08:58.8 2456820.3812 ccd140611bias.0003     [21:12:43.4
ALL            BIAS   BIASES               0.0 I       09:52:44 2014-06-11 21:15:26.1 2456820.3857 ccd140611bias.0004     [21:16:09.8
ALL            BIAS   BIASES               0.0 I       09:53:38 2014-06-11 21:16:19.8 2456820.3863 ccd140611bias.0005     [21:17:04.3
ALL            BIAS   BIASES               0.0 I       09:54:38 2014-06-11 21:17:19.6 2456820.3870 ccd140611bias.0006     [21:18:03.3
ALL            BIAS   BIASES               0.0 I       09:55:32 2014-06-11 21:18:14.1 2456820.3877 ccd140611bias.0007     [21:18:58.7
ALL            BIAS   BIASES               0.0 I       09:56:27 2014-06-11 21:19:08.2 2456820.3883 ccd140611bias.0008     [21:20:35.1
ALL            BIAS   BIASES               0.0 I       09:57:19 2014-06-11 21:20:00.8 2456820.3889 ccd140611bias.0009     [21:20:45.4
ALL            BIAS   BIASES               0.0 I       09:58:16 2014-06-11 21:20:57.1 2456820.3895 ccd140611bias.0010     [21:21:40.9
ALL            OBJECT JUNK                 5.0 K       10:24:29 2014-06-11 21:47:06.1 2456820.4077 ir140611junk.0001      [21:47:29.1
ALL            OBJECT JUNK                 5.0 K       10:24:50 2014-06-11 21:47:26.8 2456820.4079 ir140611junk.0002      [21:47:48.0
ALL            OBJECT JUNK                 1.0 I       10:24:32 2014-06-11 21:47:08.5 2456820.4077 ccd140611.0011         [21:47:54.1
ALL            OBJECT JUNK                 5.0 K       10:25:10 2014-06-11 21:47:47.2 2456820.4082 ir140611junk.0003      [21:48:08.5
ALL            OBJECT JUNK                 5.0 K       10:25:31 2014-06-11 21:48:07.5 2456820.4084 ir140611junk.0004      [21:48:30.8
ALL            OBJECT JUNK                 5.0 K       10:25:52 2014-06-11 21:48:28.8 2456820.4087 ir140611junk.0005      [21:48:50.2
ALL            OBJECT K Dome Flat         15.1 K       10:27:48 2014-06-11 21:50:24.5 2456820.4100 ir140611domeK.0001     [21:50:56.8
ALL            OBJECT K Dome Flat         15.1 K       10:28:19 2014-06-11 21:50:55.8 2456820.4104 ir140611domeK.0002     [21:51:27.1
ALL            OBJECT K Dome Flat         15.1 K       10:28:51 2014-06-11 21:51:27.0 2456820.4107 ir140611domeK.0003     [21:51:59.3
ALL            OBJECT K Dome Flat         15.1 K       10:29:22 2014-06-11 21:51:58.3 2456820.4111 ir140611domeK.0004     [21:52:29.6
ALL            OBJECT K Dome Flat         15.0 K       10:29:54 2014-06-11 21:52:29.9 2456820.4115 ir140611domeK.0005     [21:53:02.3
ALL            OBJECT K Dome Flat         15.0 K       10:30:25 2014-06-11 21:53:01.3 2456820.4118 ir140611domeK.0006     [21:53:32.8
ALL            OBJECT K Dome Flat         15.0 K       10:30:57 2014-06-11 21:53:32.6 2456820.4122 ir140611domeK.0007     [21:54:04.9
ALL            OBJECT K Dome Flat         15.1 K       10:31:28 2014-06-11 21:54:03.5 2456820.4125 ir140611domeK.0008     [21:54:35.0
ALL            OBJECT K Dome Flat         15.0 K       10:31:59 2014-06-11 21:54:34.5 2456820.4129 ir140611domeK.0009     [21:55:06.8
ALL            OBJECT K Dome Flat         15.0 K       10:32:30 2014-06-11 21:55:05.7 2456820.4133 ir140611domeK.0010     [21:55:37.1
ALL            OBJECT K Dome Flat         15.1 K       10:32:30 2014-06-11 21:55:05.7 2456820.4133 ir140611domeK.0011     [21:56:19.1
ALL            OBJECT K Dome Flat         15.1 K       10:33:42 2014-06-11 21:56:17.8 2456820.4141 ir140611domeK.0012     [21:56:49.2
ALL            OBJECT K Dome Flat         15.0 K       10:34:13 2014-06-11 21:56:48.9 2456820.4145 ir140611domeK.0013     [21:57:21.5
ALL            OBJECT K Dome Flat         15.1 K       10:34:45 2014-06-11 21:57:20.4 2456820.4148 ir140611domeK.0014     [21:57:51.9
ALL            OBJECT K Dome Flat         15.1 K       10:35:20 2014-06-11 21:57:55.3 2456820.4152 ir140611domeK.0015     [21:58:27.6
ALL            OBJECT K Dome Flat         15.0 K       10:35:51 2014-06-11 21:58:26.3 2456820.4156 ir140611domeK.0016     [21:58:57.5
ALL            OBJECT K Dome Flat         15.0 K       10:36:23 2014-06-11 21:58:57.9 2456820.4159 ir140611domeK.0017     [21:59:30.2
ALL            OBJECT K Dome Flat         15.0 K       10:36:54 2014-06-11 21:59:29.1 2456820.4163 ir140611domeK.0018     [22:00:00.6
ALL            OBJECT K Dome Flat         15.0 K       10:37:25 2014-06-11 22:00:00.0 2456820.4167 ir140611domeK.0019     [22:00:32.4
ALL            OBJECT K Dome Flat         15.1 K       10:37:56 2014-06-11 22:00:31.2 2456820.4170 ir140611domeK.0020     [22:01:02.6
ALL            OBJECT K Dome Flat         15.1 K       10:38:28 2014-06-11 22:01:02.3 2456820.4174 ir140611domeK.0021     [22:01:34.7
ALL            OBJECT K Dome Flat         15.0 K       10:38:59 2014-06-11 22:01:33.3 2456820.4177 ir140611domeK.0022     [22:02:04.6
ALL            OBJECT K Dome Flat         15.1 K       10:39:30 2014-06-11 22:02:04.2 2456820.4181 ir140611domeK.0023     [22:02:36.5
ALL            OBJECT K Dome Flat         15.0 K       10:40:01 2014-06-11 22:02:35.5 2456820.4185 ir140611domeK.0024     [22:03:06.9
ALL            OBJECT K Dome Flat         15.0 K       10:40:32 2014-06-11 22:03:06.7 2456820.4188 ir140611domeK.0025     [22:03:39.0
ALL            OBJECT K Dome Flat         15.0 K       10:41:05 2014-06-11 22:03:38.8 2456820.4192 ir140611domeK.0026     [22:04:10.1
ALL            OBJECT K Dome Flat         15.1 K       10:41:36 2014-06-11 22:04:10.1 2456820.4196 ir140611domeK.0027     [22:04:42.5
ALL            OBJECT K Dome Flat         15.0 K       10:42:07 2014-06-11 22:04:41.5 2456820.4199 ir140611domeK.0028     [22:05:13.0
ALL            OBJECT K Dome Flat         15.0 K       10:42:42 2014-06-11 22:05:16.2 2456820.4203 ir140611domeK.0029     [22:05:48.5
ALL            OBJECT K Dome Flat         15.0 K       10:43:13 2014-06-11 22:05:47.1 2456820.4207 ir140611domeK.0030     [22:06:18.4
ALL            OBJECT K Dome Flat         15.1 K       10:43:45 2014-06-11 22:06:18.4 2456820.4211 ir140611domeK.0031     [22:06:50.7
ALL            OBJECT K Dome Flat         15.1 K       10:44:16 2014-06-11 22:06:49.7 2456820.4214 ir140611domeK.0032     [22:07:21.1
ALL            OBJECT K Dome Flat         15.0 K       10:44:47 2014-06-11 22:07:20.7 2456820.4218 ir140611domeK.0033     [22:07:53.0
ALL            OBJECT K Dome Flat         15.1 K       10:45:18 2014-06-11 22:07:52.0 2456820.4221 ir140611domeK.0034     [22:08:23.4
ALL            OBJECT K Dome Flat         15.1 K       10:45:50 2014-06-11 22:08:23.1 2456820.4225 ir140611domeK.0035     [22:08:55.5
ALL            OBJECT K Dome Flat         15.0 K       10:46:21 2014-06-11 22:08:54.1 2456820.4229 ir140611domeK.0036     [22:09:25.5
ALL            OBJECT K Dome Flat         15.1 K       10:46:52 2014-06-11 22:09:25.0 2456820.4232 ir140611domeK.0037     [22:09:57.3
ALL            OBJECT K Dome Flat         15.1 K       10:47:23 2014-06-11 22:09:56.5 2456820.4236 ir140611domeK.0038     [22:10:27.9
ALL            OBJECT K Dome Flat         15.1 K       10:47:23 2014-06-11 22:09:56.5 2456820.4236 ir140611domeK.0039     [22:11:10.6
ALL            OBJECT K Dome Flat         15.1 K       10:48:35 2014-06-11 22:11:08.6 2456820.4244 ir140611domeK.0040     [22:11:40.0
ALL            OBJECT K Dome Flat         15.1 K       10:49:07 2014-06-11 22:11:39.8 2456820.4248 ir140611domeK.0041     [22:12:12.1
ALL            OBJECT K Dome Flat         15.1 K       10:49:38 2014-06-11 22:12:11.2 2456820.4251 ir140611domeK.0042     [22:12:42.6
ALL            OBJECT K Dome Flat         15.0 K       10:50:13 2014-06-11 22:12:46.1 2456820.4255 ir140611domeK.0043     [22:13:18.2
ALL            OBJECT K Dome Flat         15.1 K       10:50:45 2014-06-11 22:13:17.5 2456820.4259 ir140611domeK.0044     [22:13:48.8
ALL            OBJECT K Dome Flat         15.1 K       10:51:16 2014-06-11 22:13:48.7 2456820.4263 ir140611domeK.0045     [22:14:21.0
ALL            OBJECT K Dome Flat         15.1 K       10:51:47 2014-06-11 22:14:19.9 2456820.4266 ir140611domeK.0046     [22:14:51.3
ALL            OBJECT K Dome Flat         15.1 K       10:52:19 2014-06-11 22:14:51.2 2456820.4270 ir140611domeK.0047     [22:15:23.3
ALL            OBJECT K Dome Flat         15.0 K       10:52:50 2014-06-11 22:15:22.5 2456820.4273 ir140611domeK.0048     [22:15:53.8
ALL            OBJECT K Dome Flat         15.0 K       10:53:22 2014-06-11 22:15:53.9 2456820.4277 ir140611domeK.0049     [22:16:26.2
ALL            OBJECT K Dome Flat         15.1 K       10:53:53 2014-06-11 22:16:24.8 2456820.4281 ir140611domeK.0050     [22:16:56.2
ALL            OBJECT K Dome Flat         15.0 K       10:54:24 2014-06-11 22:16:55.7 2456820.4284 ir140611domeK.0051     [22:17:27.9
ALL            OBJECT K Dome Flat         15.1 K       10:54:55 2014-06-11 22:17:26.9 2456820.4288 ir140611domeK.0052     [22:17:58.3
ALL            OBJECT K Dome Flat         15.1 K       10:55:26 2014-06-11 22:17:58.3 2456820.4292 ir140611domeK.0053     [22:18:30.6
ALL            OBJECT K Dome Flat         15.1 K       10:55:58 2014-06-11 22:18:29.5 2456820.4295 ir140611domeK.0054     [22:19:00.8
ALL            OBJECT K Dome Flat         15.0 K       10:56:29 2014-06-11 22:19:00.5 2456820.4299 ir140611domeK.0055     [22:19:32.7
ALL            OBJECT K Dome Flat         15.0 K       10:57:00 2014-06-11 22:19:31.7 2456820.4302 ir140611domeK.0056     [22:20:03.1
ALL            OBJECT K Dome Flat         15.0 K       10:57:35 2014-06-11 22:20:06.5 2456820.4306 ir140611domeK.0057     [22:20:38.8
ALL            OBJECT K Dome Flat         15.1 K       10:58:06 2014-06-11 22:20:37.6 2456820.4310 ir140611domeK.0058     [22:21:09.0
ALL            OBJECT K Dome Flat         15.1 K       10:58:06 2014-06-11 22:20:37.6 2456820.4310 ir140611domeK.0059     [22:21:51.0
ALL            OBJECT K Dome Flat         15.1 K       10:59:19 2014-06-11 22:21:50.2 2456820.4318 ir140611domeK.0060     [22:22:21.5
ALL            OBJECT K Dome Flat         15.0 K       10:59:50 2014-06-11 22:22:21.1 2456820.4322 ir140611domeK.0061     [22:22:53.3
ALL            OBJECT K Dome Flat         15.0 K       11:00:21 2014-06-11 22:22:52.2 2456820.4326 ir140611domeK.0062     [22:23:23.4
ALL            OBJECT K Dome Flat         15.0 K       11:00:52 2014-06-11 22:23:23.4 2456820.4329 ir140611domeK.0063     [22:23:55.8
ALL            OBJECT K Dome Flat         15.0 K       11:01:23 2014-06-11 22:23:54.3 2456820.4333 ir140611domeK.0064     [22:24:25.5
ALL            OBJECT K Dome Flat         15.1 K       11:01:54 2014-06-11 22:24:25.1 2456820.4336 ir140611domeK.0065     [22:24:57.4
ALL            OBJECT K Dome Flat         15.1 K       11:02:26 2014-06-11 22:24:56.3 2456820.4340 ir140611domeK.0066     [22:25:27.7
ALL            OBJECT K Dome Flat         15.1 K       11:02:57 2014-06-11 22:25:27.7 2456820.4344 ir140611domeK.0067     [22:26:00.0
ALL            OBJECT K Dome Flat         15.1 K       11:03:29 2014-06-11 22:25:59.7 2456820.4347 ir140611domeK.0068     [22:26:30.9
ALL            OBJECT K Dome Flat         15.1 K       11:04:00 2014-06-11 22:26:30.8 2456820.4351 ir140611domeK.0069     [22:27:03.1
ALL            OBJECT K Dome Flat         15.1 K       11:04:32 2014-06-11 22:27:02.0 2456820.4354 ir140611domeK.0070     [22:27:33.5
ALL            OBJECT JUNK                 5.0 K       11:23:22 2014-06-11 22:45:49.6 2456820.4485 ir140611junk2.0001     [22:46:12.3
ALL            OBJECT JUNK                 5.0 K       11:23:43 2014-06-11 22:46:10.3 2456820.4487 ir140611junk2.0002     [22:46:31.7
ALL            OBJECT JUNK                 1.0 I       11:23:25 2014-06-11 22:45:52.1 2456820.4485 ccd140611.0012         [22:46:37.7
ALL            OBJECT JUNK                 5.0 K       11:24:04 2014-06-11 22:46:30.8 2456820.4490 ir140611junk2.0003     [22:46:52.1
ALL            OBJECT JUNK                 5.0 K       11:24:24 2014-06-11 22:46:51.2 2456820.4492 ir140611junk2.0004     [22:47:14.0
ALL            OBJECT JUNK                 5.0 K       11:24:45 2014-06-11 22:47:12.0 2456820.4494 ir140611junk2.0005     [22:47:33.3
ALL            FLAT   K Dome LampOff      15.1 K       11:25:12 2014-06-11 22:47:38.5 2456820.4498 ir140611domeoffK.0001  [22:48:10.9
ALL            FLAT   K Dome LampOff      15.1 K       11:25:43 2014-06-11 22:48:09.6 2456820.4501 ir140611domeoffK.0002  [22:48:41.0
ALL            FLAT   K Dome LampOff      15.1 K       11:26:14 2014-06-11 22:48:40.9 2456820.4505 ir140611domeoffK.0003  [22:49:13.2
ALL            FLAT   K Dome LampOff      15.1 K       11:26:45 2014-06-11 22:49:12.2 2456820.4508 ir140611domeoffK.0004  [22:49:43.5
ALL            FLAT   K Dome LampOff      15.0 K       11:27:17 2014-06-11 22:49:43.1 2456820.4512 ir140611domeoffK.0005  [22:50:15.3
ALL            FLAT   K Dome LampOff      15.1 K       11:27:48 2014-06-11 22:50:14.3 2456820.4515 ir140611domeoffK.0006  [22:50:45.7
ALL            FLAT   K Dome LampOff      15.0 K       11:28:19 2014-06-11 22:50:45.6 2456820.4519 ir140611domeoffK.0007  [22:51:17.7
ALL            FLAT   K Dome LampOff      15.0 K       11:28:50 2014-06-11 22:51:16.5 2456820.4523 ir140611domeoffK.0008  [22:51:47.8
ALL            FLAT   K Dome LampOff      15.1 K       11:29:21 2014-06-11 22:51:47.6 2456820.4526 ir140611domeoffK.0009  [22:52:20.0
ALL            FLAT   K Dome LampOff      15.0 K       11:29:53 2014-06-11 22:52:19.0 2456820.4530 ir140611domeoffK.0010  [22:52:50.5
ALL            FLAT   K Dome LampOff      15.0 K       11:30:24 2014-06-11 22:52:50.6 2456820.4534 ir140611domeoffK.0011  [22:53:22.7
ALL            FLAT   K Dome LampOff      15.1 K       11:30:56 2014-06-11 22:53:21.6 2456820.4537 ir140611domeoffK.0012  [22:53:52.8
ALL            FLAT   K Dome LampOff      15.0 K       11:31:27 2014-06-11 22:53:52.7 2456820.4541 ir140611domeoffK.0013  [22:54:25.0
ALL            FLAT   K Dome LampOff      15.1 K       11:31:58 2014-06-11 22:54:23.8 2456820.4544 ir140611domeoffK.0014  [22:54:56.1
ALL            FLAT   K Dome LampOff      15.1 K       11:32:34 2014-06-11 22:54:59.6 2456820.4549 ir140611domeoffK.0015  [22:55:31.8
ALL            FLAT   K Dome LampOff      15.1 K       11:33:05 2014-06-11 22:55:30.4 2456820.4552 ir140611domeoffK.0016  [22:56:01.7
ALL            FLAT   K Dome LampOff      15.0 K       11:33:05 2014-06-11 22:55:30.4 2456820.4552 ir140611domeoffK.0017  [22:56:43.7
ALL            FLAT   K Dome LampOff      15.1 K       11:34:17 2014-06-11 22:56:42.7 2456820.4561 ir140611domeoffK.0018  [22:57:14.0
ALL            FLAT   K Dome LampOff      15.0 K       11:34:48 2014-06-11 22:57:13.6 2456820.4564 ir140611domeoffK.0019  [22:57:46.0
ALL            FLAT   K Dome LampOff      15.0 K       11:35:20 2014-06-11 22:57:44.9 2456820.4568 ir140611domeoffK.0020  [22:58:16.1
ALL            FLAT   K Dome LampOff      15.0 K       11:35:51 2014-06-11 22:58:16.0 2456820.4571 ir140611domeoffK.0021  [22:58:48.2
ALL            FLAT   K Dome LampOff      15.1 K       11:36:22 2014-06-11 22:58:46.9 2456820.4575 ir140611domeoffK.0022  [22:59:18.1
ALL            FLAT   K Dome LampOff      15.0 K       11:36:53 2014-06-11 22:59:17.8 2456820.4578 ir140611domeoffK.0023  [22:59:50.0
ALL            FLAT   K Dome LampOff      15.1 K       11:37:24 2014-06-11 22:59:49.0 2456820.4582 ir140611domeoffK.0024  [23:00:20.3
ALL            FLAT   K Dome LampOff      15.0 K       11:37:24 2014-06-11 22:59:49.0 2456820.4582 ir140611domeoffK.0025  [23:01:02.3
ALL            FLAT   K Dome LampOff      15.0 K       11:38:36 2014-06-11 23:01:01.0 2456820.4590 ir140611domeoffK.0026  [23:01:32.1
ALL            FLAT   K Dome LampOff      15.0 K       11:39:07 2014-06-11 23:01:31.9 2456820.4594 ir140611domeoffK.0027  [23:02:04.0
ALL            FLAT   K Dome LampOff      15.0 K       11:39:38 2014-06-11 23:02:03.0 2456820.4598 ir140611domeoffK.0028  [23:02:34.3
ALL            FLAT   K Dome LampOff      15.0 K       11:40:13 2014-06-11 23:02:37.9 2456820.4602 ir140611domeoffK.0029  [23:03:10.0
ALL            FLAT   K Dome LampOff      15.0 K       11:40:44 2014-06-11 23:03:08.8 2456820.4605 ir140611domeoffK.0030  [23:03:40.0
ALL            FLAT   K Dome LampOff      15.1 K       11:41:16 2014-06-11 23:03:40.0 2456820.4609 ir140611domeoffK.0031  [23:04:12.3
ALL            FLAT   K Dome LampOff      15.1 K       11:41:47 2014-06-11 23:04:11.3 2456820.4612 ir140611domeoffK.0032  [23:04:42.6
ALL            FLAT   K Dome LampOff      15.1 K       11:42:18 2014-06-11 23:04:42.3 2456820.4616 ir140611domeoffK.0033  [23:05:14.3
ALL            FLAT   K Dome LampOff      15.1 K       11:42:50 2014-06-11 23:05:14.4 2456820.4620 ir140611domeoffK.0034  [23:05:45.8
ALL            FLAT   K Dome LampOff      15.0 K       11:43:22 2014-06-11 23:05:45.7 2456820.4623 ir140611domeoffK.0035  [23:06:17.9
ALL            FLAT   K Dome LampOff      15.0 K       11:43:53 2014-06-11 23:06:16.8 2456820.4627 ir140611domeoffK.0036  [23:06:48.1
ALL            FLAT   K Dome LampOff      15.0 K       11:44:24 2014-06-11 23:06:47.8 2456820.4630 ir140611domeoffK.0037  [23:07:20.2
ALL            FLAT   K Dome LampOff      15.0 K       11:44:56 2014-06-11 23:07:19.3 2456820.4634 ir140611domeoffK.0038  [23:07:50.6
ALL            FLAT   K Dome LampOff      15.0 K       11:45:27 2014-06-11 23:07:50.5 2456820.4638 ir140611domeoffK.0039  [23:08:22.7
ALL            FLAT   K Dome LampOff      15.0 K       11:45:58 2014-06-11 23:08:21.5 2456820.4641 ir140611domeoffK.0040  [23:08:52.7
ALL            FLAT   K Dome LampOff      15.0 K       11:46:29 2014-06-11 23:08:52.6 2456820.4645 ir140611domeoffK.0041  [23:09:24.8
ALL            FLAT   K Dome LampOff      15.0 K       11:47:00 2014-06-11 23:09:23.8 2456820.4649 ir140611domeoffK.0042  [23:09:55.1
ALL            FLAT   K Dome LampOff      15.1 K       11:47:35 2014-06-11 23:09:58.7 2456820.4653 ir140611domeoffK.0043  [23:10:30.9
ALL            FLAT   K Dome LampOff      15.0 K       11:48:06 2014-06-11 23:10:29.7 2456820.4656 ir140611domeoffK.0044  [23:11:01.0
ALL            FLAT   K Dome LampOff      15.0 K       11:48:38 2014-06-11 23:11:00.9 2456820.4660 ir140611domeoffK.0045  [23:11:33.2
ALL            FLAT   K Dome LampOff      15.0 K       11:49:09 2014-06-11 23:11:32.2 2456820.4663 ir140611domeoffK.0046  [23:12:03.4
ALL            FLAT   K Dome LampOff      15.0 K       11:49:40 2014-06-11 23:12:03.1 2456820.4667 ir140611domeoffK.0047  [23:12:35.4
ALL            FLAT   K Dome LampOff      15.0 K       11:50:11 2014-06-11 23:12:34.4 2456820.4671 ir140611domeoffK.0048  [23:13:05.7
ALL            FLAT   K Dome LampOff      15.1 K       11:50:43 2014-06-11 23:13:05.6 2456820.4674 ir140611domeoffK.0049  [23:13:37.8
ALL            FLAT   K Dome LampOff      15.0 K       11:51:14 2014-06-11 23:13:36.7 2456820.4678 ir140611domeoffK.0050  [23:14:08.0
ALL            FLAT   K Dome LampOff      15.0 K       11:51:45 2014-06-11 23:14:07.7 2456820.4681 ir140611domeoffK.0051  [23:14:39.9
ALL            FLAT   K Dome LampOff      15.0 K       11:52:16 2014-06-11 23:14:39.0 2456820.4685 ir140611domeoffK.0052  [23:15:10.3
ALL            FLAT   K Dome LampOff      15.0 K       11:52:48 2014-06-11 23:15:10.1 2456820.4689 ir140611domeoffK.0053  [23:15:42.4
ALL            FLAT   K Dome LampOff      15.0 K       11:53:19 2014-06-11 23:15:41.1 2456820.4692 ir140611domeoffK.0054  [23:16:12.3
ALL            FLAT   K Dome LampOff      15.0 K       11:53:50 2014-06-11 23:16:12.5 2456820.4696 ir140611domeoffK.0055  [23:16:44.7
ALL            FLAT   K Dome LampOff      15.1 K       11:54:22 2014-06-11 23:16:43.9 2456820.4699 ir140611domeoffK.0056  [23:17:15.3
ALL            FLAT   K Dome LampOff      15.1 K       11:54:56 2014-06-11 23:17:18.5 2456820.4704 ir140611domeoffK.0057  [23:17:51.1
ALL            FLAT   K Dome LampOff      15.1 K       11:55:28 2014-06-11 23:17:49.7 2456820.4707 ir140611domeoffK.0058  [23:18:21.1
ALL            FLAT   K Dome LampOff      15.1 K       11:55:28 2014-06-11 23:17:49.7 2456820.4707 ir140611domeoffK.0059  [23:19:03.1
ALL            FLAT   K Dome LampOff      15.0 K       11:56:40 2014-06-11 23:19:02.0 2456820.4715 ir140611domeoffK.0060  [23:19:33.3
ALL            FLAT   K Dome LampOff      15.0 K       11:57:11 2014-06-11 23:19:33.1 2456820.4719 ir140611domeoffK.0061  [23:20:05.3
ALL            FLAT   K Dome LampOff      15.1 K       11:57:43 2014-06-11 23:20:04.3 2456820.4723 ir140611domeoffK.0062  [23:20:35.7
ALL            FLAT   K Dome LampOff      15.1 K       11:58:14 2014-06-11 23:20:35.6 2456820.4726 ir140611domeoffK.0063  [23:21:07.8
ALL            FLAT   K Dome LampOff      15.1 K       11:58:45 2014-06-11 23:21:06.7 2456820.4730 ir140611domeoffK.0064  [23:21:38.0
ALL            FLAT   K Dome LampOff      15.0 K       11:59:16 2014-06-11 23:21:37.6 2456820.4734 ir140611domeoffK.0065  [23:22:09.9
ALL            FLAT   K Dome LampOff      15.1 K       11:59:48 2014-06-11 23:22:08.9 2456820.4737 ir140611domeoffK.0066  [23:22:40.2
ALL            FLAT   K Dome LampOff      15.0 K       11:59:48 2014-06-11 23:22:08.9 2456820.4737 ir140611domeoffK.0067  [23:23:22.7
ALL            FLAT   K Dome LampOff      15.1 K       12:00:59 2014-06-11 23:23:20.7 2456820.4745 ir140611domeoffK.0068  [23:23:52.0
ALL            FLAT   K Dome LampOff      15.1 K       12:01:31 2014-06-11 23:23:51.9 2456820.4749 ir140611domeoffK.0069  [23:24:24.2
ALL            FLAT   K Dome LampOff      15.1 K       12:02:02 2014-06-11 23:24:23.3 2456820.4753 ir140611domeoffK.0070  [23:24:54.7
