Project        ImType Object           ExpTime Filter  LST      UTDate     UTC        JD           Filename               [Logged@UT]
ALL            BIAS   BIASES               0.0 I       11:17:46 2014-06-14 22:28:26.7 2456823.4364 ccd140614bias.0001     [22:29:11.5
ALL            BIAS   BIASES               0.0 I       11:18:33 2014-06-14 22:29:13.7 2456823.4370 ccd140614bias.0002     [22:29:57.5
ALL            BIAS   BIASES               0.0 I       11:19:20 2014-06-14 22:30:00.3 2456823.4375 ccd140614bias.0003     [22:30:44.9
ALL            BIAS   BIASES               0.0 I       11:20:07 2014-06-14 22:30:46.7 2456823.4380 ccd140614bias.0004     [22:31:30.5
ALL            BIAS   BIASES               0.0 I       11:20:53 2014-06-14 22:31:33.3 2456823.4386 ccd140614bias.0005     [22:32:17.8
ALL            BIAS   BIASES               0.0 I       11:21:40 2014-06-14 22:32:20.2 2456823.4391 ccd140614bias.0006     [22:33:04.0
ALL            BIAS   BIASES               0.0 I       11:22:27 2014-06-14 22:33:06.8 2456823.4397 ccd140614bias.0007     [22:33:51.3
ALL            BIAS   BIASES               0.0 I       11:23:14 2014-06-14 22:33:53.8 2456823.4402 ccd140614bias.0008     [22:34:37.6
ALL            BIAS   BIASES               0.0 I       11:24:01 2014-06-14 22:34:40.2 2456823.4408 ccd140614bias.0009     [22:35:24.8
ALL            BIAS   BIASES               0.0 I       11:24:48 2014-06-14 22:35:27.1 2456823.4413 ccd140614bias.0010     [22:36:11.1
ALL            OBJECT focus                7.0 H       11:30:01 2014-06-14 22:40:39.2 2456823.4449 irfoco.0001            [22:41:03.3
ALL            OBJECT focus               10.0 V       11:30:03 2014-06-14 22:40:41.8 2456823.4449 ccdfoco.0001           [22:41:35.6
ALL            OBJECT focus                7.0 H       11:32:07 2014-06-14 22:42:45.4 2456823.4464 irfoco.0002            [22:43:09.4
ALL            OBJECT focus               10.0 V       11:32:10 2014-06-14 22:42:47.8 2456823.4464 ccdfoco.0002           [22:43:41.7
ALL            OBJECT focus                7.0 H       11:34:14 2014-06-14 22:44:51.5 2456823.4478 irfoco.0003            [22:45:15.6
ALL            OBJECT focus               10.0 V       11:34:16 2014-06-14 22:44:54.1 2456823.4479 ccdfoco.0003           [22:45:48.0
ALL            OBJECT focus                7.0 H       11:35:27 2014-06-14 22:46:04.2 2456823.4487 irfoco.0004            [22:46:28.3
ALL            OBJECT focus               10.0 V       11:35:29 2014-06-14 22:46:06.7 2456823.4487 ccdfoco.0004           [22:47:00.6
ALL            OBJECT focus                7.0 H       11:36:58 2014-06-14 22:47:35.1 2456823.4497 irfoco.0005            [22:47:59.2
ALL            OBJECT focus               10.0 V       11:37:00 2014-06-14 22:47:37.6 2456823.4497 ccdfoco.0005           [22:48:31.6
CHILE-13B-0039 OBJECT HS Pup             110.0 V       11:42:30 2014-06-14 22:53:06.2 2456823.4536 ccd140614.0001         [22:55:41.0
CHILE-13B-0039 OBJECT HS Pup              55.0 V       11:45:11 2014-06-14 22:55:47.2 2456823.4554 ccd140614.0002         [22:57:26.1
NOAO-14A-0410  OBJECT LCAR                 4.0 H+ND4   11:52:14 2014-06-14 23:02:48.9 2456823.4603 ir140614.0001          [23:03:26.5
NOAO-14A-0410  OBJECT LCAR                 4.0 H+ND4   11:52:51 2014-06-14 23:03:25.2 2456823.4607 ir140614.0002          [23:04:02.4
NOAO-14A-0410  OBJECT LCAR                 4.0 H+ND4   11:53:28 2014-06-14 23:04:02.3 2456823.4611 ir140614.0003          [23:04:39.9
NOAO-14A-0410  OBJECT LCAR                 4.0 H+ND4   11:54:04 2014-06-14 23:04:38.9 2456823.4616 ir140614.0004          [23:05:15.6
NOAO-14A-0410  OBJECT LCAR                 4.0 H+ND4   11:54:41 2014-06-14 23:05:15.1 2456823.4620 ir140614.0005          [23:05:53.0
NOAO-14A-0410  OBJECT LCAR                 4.0 H+ND4   11:55:18 2014-06-14 23:05:51.9 2456823.4624 ir140614.0006          [23:06:28.5
NOAO-14A-0410  OBJECT LCAR                 4.0 H+ND4   11:55:54 2014-06-14 23:06:28.4 2456823.4628 ir140614.0007          [23:07:06.1
NOAO-14A-0410  OBJECT LCARLEFT            12.0 H       11:57:30 2014-06-14 23:08:04.2 2456823.4639 ir140614.0008          [23:09:04.7
NOAO-14A-0410  OBJECT LCARLEFT            12.0 H       11:58:31 2014-06-14 23:09:04.3 2456823.4646 ir140614.0009          [23:10:05.8
NOAO-14A-0410  OBJECT LCARLEFT            12.0 H       11:59:31 2014-06-14 23:10:04.8 2456823.4653 ir140614.0010          [23:11:05.4
NOAO-14A-0410  OBJECT LCARLEFT            12.0 H       12:00:32 2014-06-14 23:11:05.3 2456823.4660 ir140614.0011          [23:12:06.8
NOAO-14A-0410  OBJECT LCARLEFT            12.0 H       12:01:32 2014-06-14 23:12:05.5 2456823.4667 ir140614.0012          [23:13:06.1
NOAO-14A-0410  OBJECT LCARLEFT            12.0 H       12:02:33 2014-06-14 23:13:05.9 2456823.4674 ir140614.0013          [23:14:07.5
NOAO-14A-0410  OBJECT LCARLEFT            12.0 H       12:03:33 2014-06-14 23:14:06.3 2456823.4681 ir140614.0014          [23:15:07.0
NOAO-14A-0410  OBJECT LCARRIGHT            4.0 H       12:05:30 2014-06-14 23:16:02.4 2456823.4695 ir140614.0015          [23:16:40.0
NOAO-14A-0410  OBJECT LCARRIGHT            4.0 H       12:06:06 2014-06-14 23:16:38.6 2456823.4699 ir140614.0016          [23:17:15.3
NOAO-14A-0410  OBJECT LCARRIGHT            4.0 H       12:06:43 2014-06-14 23:17:15.3 2456823.4703 ir140614.0017          [23:17:52.9
NOAO-14A-0410  OBJECT LCARRIGHT            4.0 H       12:07:20 2014-06-14 23:17:52.1 2456823.4707 ir140614.0018          [23:18:29.0
NOAO-14A-0410  OBJECT LCARRIGHT            4.0 H       12:07:56 2014-06-14 23:18:28.5 2456823.4712 ir140614.0019          [23:19:07.0
NOAO-14A-0410  OBJECT LCARRIGHT            4.0 H       12:08:33 2014-06-14 23:19:04.9 2456823.4716 ir140614.0020          [23:19:41.5
NOAO-14A-0410  OBJECT LCARRIGHT            4.0 H       12:09:09 2014-06-14 23:19:41.3 2456823.4720 ir140614.0021          [23:20:19.9
NOAO-14A-0016  OBJECT WASP-19             30.0 V       12:13:38 2014-06-14 23:24:09.3 2456823.4751 ccd140614.0003         [23:25:23.1
NOAO-14A-0016  OBJECT WASP-19             30.0 V       12:14:55 2014-06-14 23:25:25.8 2456823.4760 ccd140614.0004         [23:26:40.5
NOAO-14A-0016  OBJECT WASP-19             30.0 V       12:16:11 2014-06-14 23:26:42.2 2456823.4769 ccd140614.0005         [23:27:56.1
NOAO-14A-0016  OBJECT WASP-19             30.0 V       12:17:28 2014-06-14 23:27:58.6 2456823.4778 ccd140614.0006         [23:29:13.2
NOAO-14A-0016  OBJECT WASP-19             30.0 V       12:18:45 2014-06-14 23:29:15.6 2456823.4787 ccd140614.0007         [23:30:29.5
NOAO-14A-0016  OBJECT WASP-19             30.0 V       12:20:02 2014-06-14 23:30:32.0 2456823.4795 ccd140614.0008         [23:31:46.7
CHILE-12B-0001 OBJECT V648 Car             5.0 B       12:23:50 2014-06-14 23:34:19.9 2456823.4822 ccd140614.0009         [23:35:08.7
CHILE-12B-0001 OBJECT V648 Car             5.0 V       12:24:47 2014-06-14 23:35:16.5 2456823.4828 ccd140614.0010         [23:36:06.1
CHILE-12B-0001 OBJECT V648 Car             3.0 R       12:25:45 2014-06-14 23:36:13.8 2456823.4835 ccd140614.0011         [23:37:00.7
CHILE-12B-0001 OBJECT V648 Car             2.0 I       12:26:42 2014-06-14 23:37:11.0 2456823.4842 ccd140614.0012         [23:37:57.5
YALE-08A-0001  OBJECT 1038-5311           30.1 J       12:31:18 2014-06-14 23:41:46.6 2456823.4874 ir140614.0022          [23:42:33.0
YALE-08A-0001  OBJECT 1038-5311           30.0 J       12:32:04 2014-06-14 23:42:32.5 2456823.4879 ir140614.0023          [23:43:20.4
YALE-08A-0001  OBJECT 1038-5311           30.0 J       12:32:50 2014-06-14 23:43:18.6 2456823.4884 ir140614.0024          [23:45:31.3
YALE-08A-0001  OBJECT 1038-5311          140.0 R       12:31:21 2014-06-14 23:41:49.1 2456823.4874 ccd140614.0013         [00:10:21.4
YALE-08A-0001  OBJECT 1038-5311           30.1 J       12:35:11 2014-06-14 23:45:38.9 2456823.4900 ir140614.0025          [00:10:22.6
YALE-08A-0001  OBJECT 1038-5311           30.1 J       12:35:57 2014-06-14 23:46:24.8 2456823.4906 ir140614.0026          [00:10:23.8
YALE-08A-0001  OBJECT 1038-5311           30.0 J       12:36:44 2014-06-14 23:47:11.0 2456823.4911 ir140614.0027          [00:10:25.1
YALE-08A-0001  OBJECT 1038-5311           30.0 J       12:37:30 2014-06-14 23:47:57.2 2456823.4916 ir140614.0028          [00:10:26.3
YALE-08A-0001  OBJECT 1038-5311          180.0 B       12:35:14 2014-06-14 23:45:41.5 2456823.4901 ccd140614.0014         [00:10:26.9
YALE-08A-0001  OBJECT 1057-6027           30.1 J       12:41:04 2014-06-14 23:51:30.7 2456823.4941 ir140614.0029          [00:11:11.3
YALE-08A-0001  OBJECT 1057-6027           30.0 J       12:41:50 2014-06-14 23:52:16.6 2456823.4946 ir140614.0030          [00:11:12.5
YALE-08A-0001  OBJECT 1057-6027           30.1 J       12:42:37 2014-06-14 23:53:03.1 2456823.4952 ir140614.0031          [00:11:13.6
YALE-08A-0001  OBJECT 1057-6027          140.0 R       12:41:06 2014-06-14 23:51:33.3 2456823.4941 ccd140614.0015         [00:11:14.4
YALE-08A-0001  OBJECT 1057-6027           30.1 J       12:44:17 2014-06-14 23:54:43.5 2456823.4963 ir140614.0032          [00:11:15.6
YALE-08A-0001  OBJECT 1057-6027           30.1 J       12:45:03 2014-06-14 23:55:29.5 2456823.4969 ir140614.0033          [00:11:16.8
YALE-08A-0001  OBJECT 1057-6027           30.0 J       12:45:50 2014-06-14 23:56:15.6 2456823.4974 ir140614.0034          [00:11:18.0
YALE-08A-0001  OBJECT 1057-6027           30.1 J       12:46:36 2014-06-14 23:57:01.8 2456823.4979 ir140614.0035          [00:11:19.2
YALE-08A-0001  OBJECT 1057-6027          180.0 B       12:44:20 2014-06-14 23:54:46.1 2456823.4964 ccd140614.0016         [00:11:19.9
YALE-08A-0001  OBJECT 1057-6027           30.1 J       12:51:22 2014-06-15 00:01:46.9 2456823.5012 ir140614.0036          [00:11:21.1
YALE-08A-0001  OBJECT 1057-6027           30.0 J       12:52:08 2014-06-15 00:02:32.8 2456823.5018 ir140614.0037          [00:11:22.2
YALE-08A-0001  OBJECT 1057-6027           30.0 J       12:52:54 2014-06-15 00:03:18.9 2456823.5023 ir140614.0038          [00:11:23.5
YALE-08A-0001  OBJECT 1057-6027          140.0 R       12:51:24 2014-06-15 00:01:49.4 2456823.5013 ccd140614.0017         [00:11:24.1
YALE-08A-0001  OBJECT 1057-6027           30.0 J       12:54:35 2014-06-15 00:04:59.5 2456823.5035 ir140614.0039          [00:11:25.3
YALE-08A-0001  OBJECT 1057-6027           30.0 J       12:55:21 2014-06-15 00:05:45.3 2456823.5040 ir140614.0040          [00:11:26.5
YALE-08A-0001  OBJECT 1057-6027           30.0 J       12:56:07 2014-06-15 00:06:31.5 2456823.5045 ir140614.0041          [00:11:27.8
YALE-08A-0001  OBJECT 1057-6027           30.1 J       12:56:54 2014-06-15 00:07:17.9 2456823.5051 ir140614.0042          [00:11:28.9
YALE-08A-0001  OBJECT 1057-6027          180.0 B       12:54:38 2014-06-15 00:05:02.2 2456823.5035 ccd140614.0018         [00:11:29.7
YALE-08A-0001  OBJECT 1057-6027           30.1 J       13:05:59 2014-06-15 00:16:22.2 2456823.5114 ir140614.0043          [00:17:09.5
YALE-08A-0001  OBJECT 1057-6027           30.0 J       13:06:45 2014-06-15 00:17:08.1 2456823.5119 ir140614.0044          [00:17:54.5
YALE-08A-0001  OBJECT 1057-6027           30.0 J       13:07:32 2014-06-15 00:17:54.3 2456823.5124 ir140614.0045          [00:18:41.6
YALE-08A-0001  OBJECT 1057-6027          140.0 R       13:06:02 2014-06-15 00:16:24.7 2456823.5114 ccd140614.0019         [00:20:21.4
CHILE-13B-0039 OBJECT X Cir              170.0 V       13:32:46 2014-06-15 00:43:04.1 2456823.5299 ccd140614.0021         [00:46:39.0
CHILE-13B-0039 OBJECT X Cir              340.0 V       13:36:27 2014-06-15 00:46:44.9 2456823.5325 ccd140614.0022         [00:53:08.7
GSU-03A-0006   OBJECT 1514-24             25.1 K       13:45:20 2014-06-15 00:55:36.5 2456823.5386 ir140614.0048          [00:56:18.9
GSU-03A-0006   OBJECT 1514-24             25.1 K       13:46:01 2014-06-15 00:56:17.4 2456823.5391 ir140614.0049          [00:57:42.0
GSU-03A-0006   OBJECT 1514-24             25.1 K       13:46:43 2014-06-15 00:56:58.6 2456823.5396 ir140614.0050          [00:57:43.6
GSU-03A-0006   OBJECT 1514-24             25.1 K       13:47:24 2014-06-15 00:57:39.7 2456823.5400 ir140614.0051          [00:58:21.1
GSU-03A-0006   OBJECT 1514-24            140.0 R       13:45:23 2014-06-15 00:55:39.2 2456823.5387 ccd140614.0023         [00:58:43.8
OSU-03A-0001   OBJECT OB141021            50.0 H       13:51:03 2014-06-15 01:01:18.5 2456823.5426 ir140614.0052          [01:03:08.0
OSU-03A-0001   OBJECT OB141021            50.0 H       13:52:09 2014-06-15 01:02:24.5 2456823.5433 ir140614.0053          [01:03:31.6
OSU-03A-0001   OBJECT OB141021            50.0 H       13:53:15 2014-06-15 01:03:30.4 2456823.5441 ir140614.0054          [01:04:36.8
OSU-03A-0001   OBJECT OB141021            50.0 H       13:54:22 2014-06-15 01:04:36.4 2456823.5449 ir140614.0055          [01:05:44.2
OSU-03A-0001   OBJECT OB141021            50.0 H       13:55:28 2014-06-15 01:05:42.2 2456823.5456 ir140614.0056          [01:06:48.5
OSU-03A-0001   OBJECT OB141021           300.0 I       13:51:06 2014-06-15 01:01:21.0 2456823.5426 ccd140614.0024         [01:07:05.9
OSU-03B-0001   OBJECT SDSS1322           150.0 J       13:59:15 2014-06-15 01:09:28.9 2456823.5482 ir140614.0057          [01:12:15.3
OSU-03B-0001   OBJECT SDSS1322           150.0 J       14:02:01 2014-06-15 01:12:14.7 2456823.5502 ir140614.0058          [01:15:02.0
OSU-03B-0001   OBJECT SDSS1322           300.0 R       13:59:17 2014-06-15 01:09:31.5 2456823.5483 ccd140614.0025         [01:15:15.3
OSU-03B-0001   OBJECT SDSS1322           150.0 J       14:04:48 2014-06-15 01:15:01.0 2456823.5521 ir140614.0059          [01:17:48.1
OSU-03B-0001   OBJECT SDSS1322           150.0 J       14:07:34 2014-06-15 01:17:47.1 2456823.5540 ir140614.0060          [01:21:16.6
OSU-03B-0001   OBJECT SDSS1322           300.0 R       14:05:05 2014-06-15 01:15:17.9 2456823.5523 ccd140614.0026         [01:21:17.7
OSU-03B-0001   OBJECT SDSS1322           150.0 J       14:10:21 2014-06-15 01:20:32.9 2456823.5559 ir140614.0061          [01:23:19.2
OSU-03B-0001   OBJECT SDSS1322           150.0 J       14:13:07 2014-06-15 01:23:18.9 2456823.5579 ir140614.0062          [01:26:06.2
OSU-03B-0001   OBJECT SDSS1322           300.0 R       14:10:50 2014-06-15 01:21:05.7 2456823.5563 ccd140614.0027         [01:27:42.3
ALL            OBJECT test                 5.0 J       15:55:53 2014-06-15 03:05:48.4 2456823.6290 ir140614.0065          [03:06:11.5
ALL            OBJECT test                 5.0 I       15:55:56 2014-06-15 03:05:50.8 2456823.6291 ccd140614.0029         [03:06:39.8
OSU-03A-0001   OBJECT OB141021            50.0 H       16:03:08 2014-06-15 03:13:01.5 2456823.6340 ir140614.0066          [03:14:09.4
OSU-03A-0001   OBJECT OB141021            50.0 H       16:04:14 2014-06-15 03:14:07.2 2456823.6348 ir140614.0067          [03:15:13.6
OSU-03A-0001   OBJECT OB141021            50.0 H       16:05:20 2014-06-15 03:15:13.4 2456823.6356 ir140614.0068          [03:16:20.9
OSU-03A-0001   OBJECT OB141021            50.0 H       16:06:26 2014-06-15 03:16:19.5 2456823.6363 ir140614.0069          [03:17:25.9
OSU-03A-0001   OBJECT OB141021            50.0 H       16:07:32 2014-06-15 03:17:25.2 2456823.6371 ir140614.0070          [03:18:32.8
OSU-03A-0001   OBJECT OB141021           300.0 I       16:03:11 2014-06-15 03:13:04.1 2456823.6341 ccd140614.0030         [03:18:47.9
OSU-03A-0001   OBJECT OB140772            50.0 H       16:11:55 2014-06-15 03:21:46.9 2456823.6401 ir140614.0071          [03:22:55.3
OSU-03A-0001   OBJECT OB140772            50.0 H       16:13:01 2014-06-15 03:22:52.8 2456823.6409 ir140614.0072          [03:23:59.0
OSU-03A-0001   OBJECT OB140772            50.0 H       16:14:07 2014-06-15 03:23:58.7 2456823.6417 ir140614.0073          [03:25:06.4
OSU-03A-0001   OBJECT OB140772            50.0 H       16:15:14 2014-06-15 03:25:05.4 2456823.6424 ir140614.0074          [03:26:11.8
OSU-03A-0001   OBJECT OB140772            50.0 H       16:16:20 2014-06-15 03:26:11.3 2456823.6432 ir140614.0075          [03:27:19.6
OSU-03A-0001   OBJECT OB140772           300.0 I       16:11:57 2014-06-15 03:21:49.5 2456823.6402 ccd140614.0031         [03:27:33.4
OSU-03A-0001   OBJECT OB141050            50.0 H       16:18:41 2014-06-15 03:28:32.4 2456823.6448 ir140614.0076          [03:29:40.2
OSU-03A-0001   OBJECT OB141050            50.0 H       16:19:47 2014-06-15 03:29:38.2 2456823.6456 ir140614.0077          [03:30:44.5
OSU-03A-0001   OBJECT OB141050            50.0 H       16:20:54 2014-06-15 03:30:44.3 2456823.6464 ir140614.0078          [03:31:51.9
OSU-03A-0001   OBJECT OB141050            50.0 H       16:22:00 2014-06-15 03:31:50.4 2456823.6471 ir140614.0079          [03:32:56.7
OSU-03A-0001   OBJECT OB141050            50.0 H       16:23:06 2014-06-15 03:32:56.2 2456823.6479 ir140614.0080          [03:34:03.8
OSU-03A-0001   OBJECT OB141050           300.0 I       16:18:44 2014-06-15 03:28:34.9 2456823.6448 ccd140614.0032         [03:34:18.7
OSU-03A-0001   OBJECT OB140500            50.0 H       16:25:35 2014-06-15 03:35:24.7 2456823.6496 ir140614.0081          [03:36:33.0
OSU-03A-0001   OBJECT OB140500            50.0 H       16:26:41 2014-06-15 03:36:30.5 2456823.6504 ir140614.0082          [03:37:36.9
OSU-03A-0001   OBJECT OB140500            50.0 H       16:27:47 2014-06-15 03:37:36.6 2456823.6511 ir140614.0083          [03:38:44.0
OSU-03A-0001   OBJECT OB140500            50.0 H       16:28:53 2014-06-15 03:38:42.7 2456823.6519 ir140614.0084          [03:39:49.1
OSU-03A-0001   OBJECT OB140500            50.0 H       16:29:59 2014-06-15 03:39:48.5 2456823.6527 ir140614.0085          [03:40:55.9
OSU-03A-0001   OBJECT OB140500           300.0 I       16:25:37 2014-06-15 03:35:27.3 2456823.6496 ccd140614.0033         [03:41:11.1
GSU-03A-0006   OBJECT j1644+2619          35.0 J       16:34:23 2014-06-15 03:44:11.5 2456823.6557 ir140614.0086          [03:45:04.0
GSU-03A-0006   OBJECT j1644+2619          35.0 J       16:35:14 2014-06-15 03:45:02.5 2456823.6563 ir140614.0087          [03:45:53.9
GSU-03A-0006   OBJECT j1644+2619          35.0 J       16:36:06 2014-06-15 03:45:54.0 2456823.6569 ir140614.0088          [03:46:46.5
GSU-03A-0006   OBJECT j1644+2619          35.0 J       16:36:57 2014-06-15 03:46:45.4 2456823.6575 ir140614.0089          [03:47:36.7
GSU-03A-0006   OBJECT j1644+2619         180.0 R       16:34:26 2014-06-15 03:44:14.1 2456823.6557 ccd140614.0034         [03:47:58.7
YALE-08A-0001  OBJECT 1610-6649           30.0 J       16:43:25 2014-06-15 03:53:12.6 2456823.6620 ir140614.0090          [03:53:59.0
YALE-08A-0001  OBJECT 1610-6649           30.1 J       16:44:12 2014-06-15 03:53:58.5 2456823.6625 ir140614.0091          [03:54:45.9
YALE-08A-0001  OBJECT 1610-6649           30.1 J       16:44:58 2014-06-15 03:54:44.7 2456823.6630 ir140614.0092          [03:55:31.1
YALE-08A-0001  OBJECT 1610-6649          140.0 R       16:43:28 2014-06-15 03:53:15.0 2456823.6620 ccd140614.0035         [03:56:19.6
YALE-08A-0001  OBJECT 1610-6649           30.1 J       16:46:39 2014-06-15 03:56:25.8 2456823.6642 ir140614.0093          [03:57:12.2
YALE-08A-0001  OBJECT 1610-6649           30.1 J       16:47:25 2014-06-15 03:57:11.7 2456823.6647 ir140614.0094          [03:57:59.1
YALE-08A-0001  OBJECT 1610-6649           30.0 J       16:48:12 2014-06-15 03:57:57.9 2456823.6653 ir140614.0095          [03:58:44.3
YALE-08A-0001  OBJECT 1610-6649           30.0 J       16:48:58 2014-06-15 03:58:44.1 2456823.6658 ir140614.0096          [03:59:31.5
YALE-08A-0001  OBJECT 1610-6649          180.0 B       16:46:42 2014-06-15 03:56:28.4 2456823.6642 ccd140614.0036         [04:00:12.3
NOAO-14A-0257  OBJECT Abell48            540.0 V       16:55:33 2014-06-15 04:05:18.4 2456823.6704 ccd140614.0037         [04:15:03.0
NOAO-14A-0257  OBJECT Abell48            540.0 V       17:05:22 2014-06-15 04:15:05.4 2456823.6771 ccd140614.0038         [04:24:49.2
NOAO-14A-0257  OBJECT Abell48            540.0 V       17:15:10 2014-06-15 04:24:52.0 2456823.6839 ccd140614.0039         [04:34:36.7
NOAO-14A-0257  OBJECT Abell48            540.0 V       17:24:59 2014-06-15 04:34:39.1 2456823.6907 ccd140614.0040         [04:44:23.0
NOAO-14A-0257  OBJECT Abell48            540.0 V       17:34:47 2014-06-15 04:44:25.5 2456823.6975 ccd140614.0041         [04:54:10.2
ALL            OBJECT focus                7.0 H       17:48:09 2014-06-15 04:57:45.0 2456823.7068 irfoco.0001            [04:58:08.1
ALL            OBJECT focus               10.0 V       17:48:11 2014-06-15 04:57:47.7 2456823.7068 ccdfoco.0001           [04:58:42.3
ALL            OBJECT focus                7.0 H       17:49:47 2014-06-15 04:59:23.7 2456823.7079 irfoco.0002            [04:59:46.8
ALL            OBJECT focus               10.0 V       17:49:50 2014-06-15 04:59:26.2 2456823.7080 ccdfoco.0002           [05:00:20.9
ALL            OBJECT focus                7.0 H       17:51:56 2014-06-15 05:01:32.2 2456823.7094 irfoco.0003            [05:01:55.4
ALL            OBJECT focus               10.0 V       17:51:59 2014-06-15 05:01:34.8 2456823.7094 ccdfoco.0003           [05:02:29.5
OSU-03A-0001   OBJECT OB140678            50.0 H       17:55:44 2014-06-15 05:05:19.1 2456823.7120 ir140614.0097          [05:06:25.3
OSU-03A-0001   OBJECT OB140678            50.0 H       17:56:50 2014-06-15 05:06:25.0 2456823.7128 ir140614.0098          [05:07:32.2
OSU-03A-0001   OBJECT OB140678            50.0 H       17:57:56 2014-06-15 05:07:30.9 2456823.7136 ir140614.0099          [05:08:37.2
OSU-03A-0001   OBJECT OB140678            50.0 H       17:59:02 2014-06-15 05:08:37.0 2456823.7143 ir140614.0100          [05:09:44.3
OSU-03A-0001   OBJECT OB140678            50.0 H       18:00:08 2014-06-15 05:09:42.8 2456823.7151 ir140614.0101          [05:10:49.1
OSU-03A-0001   OBJECT OB140678           300.0 I       17:55:46 2014-06-15 05:05:21.5 2456823.7121 ccd140614.0042         [05:11:06.2
OSU-03A-0001   OBJECT OB140866            50.0 H       18:02:16 2014-06-15 05:11:50.6 2456823.7166 ir140614.0102          [05:12:56.8
OSU-03A-0001   OBJECT OB140866            50.0 H       18:03:22 2014-06-15 05:12:56.5 2456823.7173 ir140614.0103          [05:14:03.6
OSU-03A-0001   OBJECT OB140866            50.0 H       18:04:29 2014-06-15 05:14:02.5 2456823.7181 ir140614.0104          [05:15:09.2
OSU-03A-0001   OBJECT OB140866            50.0 H       18:05:35 2014-06-15 05:15:09.1 2456823.7189 ir140614.0105          [05:16:16.4
OSU-03A-0001   OBJECT OB140866            50.0 H       18:06:42 2014-06-15 05:16:15.1 2456823.7196 ir140614.0106          [05:17:21.3
OSU-03A-0001   OBJECT OB140866           300.0 I       18:02:19 2014-06-15 05:11:53.0 2456823.7166 ccd140614.0043         [05:17:37.6
OSU-03A-0001   OBJECT OB140923            50.0 H       18:09:04 2014-06-15 05:18:36.7 2456823.7213 ir140614.0107          [05:19:43.0
OSU-03A-0001   OBJECT OB140923            50.0 H       18:10:10 2014-06-15 05:19:42.5 2456823.7220 ir140614.0108          [05:20:49.7
OSU-03A-0001   OBJECT OB140923            50.0 H       18:11:17 2014-06-15 05:20:49.5 2456823.7228 ir140614.0109          [05:21:55.8
OSU-03A-0001   OBJECT OB140923            50.0 H       18:12:23 2014-06-15 05:21:55.6 2456823.7236 ir140614.0110          [05:23:03.4
OSU-03A-0001   OBJECT OB140923            50.0 H       18:13:29 2014-06-15 05:23:01.4 2456823.7243 ir140614.0111          [05:24:07.5
OSU-03A-0001   OBJECT OB140923           300.0 I       18:09:06 2014-06-15 05:18:39.4 2456823.7213 ccd140614.0044         [05:24:24.0
OSU-03A-0001   OBJECT OB140896            50.0 H       18:16:01 2014-06-15 05:25:33.3 2456823.7261 ir140614.0112          [05:26:39.5
OSU-03A-0001   OBJECT OB140896            50.0 H       18:17:07 2014-06-15 05:26:39.0 2456823.7269 ir140614.0113          [05:27:46.4
OSU-03A-0001   OBJECT OB140896            50.0 H       18:18:14 2014-06-15 05:27:45.0 2456823.7276 ir140614.0114          [05:28:51.3
OSU-03A-0001   OBJECT OB140896            50.0 H       18:19:20 2014-06-15 05:28:51.1 2456823.7284 ir140614.0115          [05:29:59.0
OSU-03A-0001   OBJECT OB140896            50.0 H       18:20:26 2014-06-15 05:29:57.0 2456823.7291 ir140614.0116          [05:31:03.2
OSU-03A-0001   OBJECT OB140896           300.0 I       18:16:04 2014-06-15 05:25:35.8 2456823.7261 ccd140614.0045         [05:31:21.0
OSU-03A-0001   OBJECT MB14275             50.0 H       18:22:18 2014-06-15 05:31:49.3 2456823.7304 ir140614.0117          [05:32:55.5
OSU-03A-0001   OBJECT MB14275             50.0 H       18:23:24 2014-06-15 05:32:54.9 2456823.7312 ir140614.0118          [05:34:02.2
OSU-03A-0001   OBJECT MB14275             50.0 H       18:24:30 2014-06-15 05:34:00.8 2456823.7320 ir140614.0119          [05:35:07.2
OSU-03A-0001   OBJECT MB14275             50.0 H       18:25:37 2014-06-15 05:35:06.9 2456823.7327 ir140614.0120          [05:36:14.1
OSU-03A-0001   OBJECT MB14275             50.0 H       18:26:43 2014-06-15 05:36:12.6 2456823.7335 ir140614.0121          [05:37:18.9
OSU-03A-0001   OBJECT MB14275            300.0 I       18:22:21 2014-06-15 05:31:51.8 2456823.7305 ccd140614.0046         [05:37:36.5
GSU-03A-0006   OBJECT 1622-297            35.0 H       18:29:46 2014-06-15 05:39:15.7 2456823.7356 ir140614.0122          [05:40:07.3
GSU-03A-0006   OBJECT 1622-297            35.0 H       18:30:37 2014-06-15 05:40:06.9 2456823.7362 ir140614.0123          [05:40:59.2
GSU-03A-0006   OBJECT 1622-297            35.0 H       18:31:28 2014-06-15 05:40:57.8 2456823.7368 ir140614.0124          [05:41:49.2
GSU-03A-0006   OBJECT 1622-297            35.0 H       18:32:20 2014-06-15 05:41:49.0 2456823.7374 ir140614.0125          [05:42:41.3
GSU-03A-0006   OBJECT 1622-297           180.0 R       18:29:48 2014-06-15 05:39:18.2 2456823.7356 ccd140614.0047         [05:43:02.0
CHILE-13B-0039 OBJECT OY Ara             160.0 V       18:36:03 2014-06-15 05:45:31.9 2456823.7400 ccd140614.0048         [05:48:56.6
CHILE-13B-0039 OBJECT OY Ara              80.0 V       18:39:35 2014-06-15 05:49:02.7 2456823.7424 ccd140614.0049         [05:51:06.5
OSU-03A-0001   OBJECT OB140419            50.0 H       18:43:53 2014-06-15 05:53:20.2 2456823.7454 ir140614.0126          [05:54:28.0
OSU-03A-0001   OBJECT OB140419            50.0 H       18:44:59 2014-06-15 05:54:26.0 2456823.7461 ir140614.0127          [05:55:32.3
OSU-03A-0001   OBJECT OB140419            50.0 H       18:46:05 2014-06-15 05:55:32.0 2456823.7469 ir140614.0128          [05:56:39.8
OSU-03A-0001   OBJECT OB140419            50.0 H       18:47:12 2014-06-15 05:56:38.6 2456823.7477 ir140614.0129          [05:57:44.7
OSU-03A-0001   OBJECT OB140419            50.0 H       18:48:18 2014-06-15 05:57:44.3 2456823.7484 ir140614.0130          [05:58:52.4
OSU-03A-0001   OBJECT OB140419           300.0 I       18:43:55 2014-06-15 05:53:22.6 2456823.7454 ccd140614.0050         [05:59:06.4
OSU-03A-0001   OBJECT OB140471            50.0 H       18:50:39 2014-06-15 06:00:05.7 2456823.7501 ir140614.0131          [06:01:13.6
OSU-03A-0001   OBJECT OB140471            50.0 H       18:51:46 2014-06-15 06:01:11.5 2456823.7508 ir140614.0132          [06:02:17.8
OSU-03A-0001   OBJECT OB140471            50.0 H       18:52:52 2014-06-15 06:02:17.6 2456823.7516 ir140614.0133          [06:03:25.1
OSU-03A-0001   OBJECT OB140471            50.0 H       18:53:58 2014-06-15 06:03:23.5 2456823.7524 ir140614.0134          [06:04:29.8
OSU-03A-0001   OBJECT OB140471            50.0 H       18:55:04 2014-06-15 06:04:29.3 2456823.7531 ir140614.0135          [06:05:36.6
OSU-03A-0001   OBJECT OB140471           300.0 I       18:50:42 2014-06-15 06:00:08.2 2456823.7501 ccd140614.0051         [06:05:52.0
OSU-03A-0001   OBJECT OB140962            50.0 H       18:56:58 2014-06-15 06:06:22.9 2456823.7544 ir140614.0136          [06:07:30.8
OSU-03A-0001   OBJECT OB140962            50.0 H       18:58:04 2014-06-15 06:07:28.8 2456823.7552 ir140614.0137          [06:08:35.0
OSU-03A-0001   OBJECT OB140962            50.0 H       18:59:10 2014-06-15 06:08:34.8 2456823.7560 ir140614.0138          [06:09:42.1
OSU-03A-0001   OBJECT OB140962            50.0 H       19:00:17 2014-06-15 06:09:41.4 2456823.7567 ir140614.0139          [06:10:47.6
OSU-03A-0001   OBJECT OB140962            50.0 H       19:01:23 2014-06-15 06:10:47.1 2456823.7575 ir140614.0140          [06:11:54.4
OSU-03A-0001   OBJECT OB140962           300.0 I       18:57:00 2014-06-15 06:06:25.3 2456823.7545 ccd140614.0052         [06:12:09.1
YALE-08A-0001  OBJECT 1931+0938           30.0 J       19:04:36 2014-06-15 06:14:00.3 2456823.7597 ir140614.0141          [06:14:47.7
YALE-08A-0001  OBJECT 1931+0938           30.1 J       19:05:22 2014-06-15 06:14:46.2 2456823.7603 ir140614.0142          [06:15:32.6
YALE-08A-0001  OBJECT 1931+0938           30.0 J       19:06:09 2014-06-15 06:15:32.6 2456823.7608 ir140614.0143          [06:16:19.9
YALE-08A-0001  OBJECT 1931+0938          140.0 R       19:04:39 2014-06-15 06:14:02.9 2456823.7598 ccd140614.0053         [06:17:06.7
YALE-08A-0001  OBJECT 1931+0938           30.0 J       19:07:50 2014-06-15 06:17:13.2 2456823.7620 ir140614.0144          [06:18:00.6
YALE-08A-0001  OBJECT 1931+0938           30.1 J       19:08:36 2014-06-15 06:17:59.2 2456823.7625 ir140614.0145          [06:18:45.5
YALE-08A-0001  OBJECT 1931+0938           30.1 J       19:09:22 2014-06-15 06:18:45.4 2456823.7630 ir140614.0146          [06:19:32.6
YALE-08A-0001  OBJECT 1931+0938           30.1 J       19:10:09 2014-06-15 06:19:31.5 2456823.7636 ir140614.0147          [06:20:17.8
YALE-08A-0001  OBJECT 1931+0938          180.0 B       19:07:52 2014-06-15 06:17:15.8 2456823.7620 ccd140614.0054         [06:21:00.4
SUNY-04A-0011  OBJECT V745 Sco             4.0 J       19:13:52 2014-06-15 06:23:14.6 2456823.7662 ir140614.0148          [06:23:34.9
SUNY-04A-0011  OBJECT V745 Sco             4.0 J       19:14:12 2014-06-15 06:23:34.6 2456823.7664 ir140614.0149          [06:23:56.5
SUNY-04A-0011  OBJECT V745 Sco             4.0 J       19:14:33 2014-06-15 06:23:55.1 2456823.7666 ir140614.0150          [06:24:15.5
SUNY-04A-0011  OBJECT V745 Sco            15.0 I       19:13:55 2014-06-15 06:23:17.1 2456823.7662 ccd140614.0055         [06:24:17.4
SUNY-04A-0011  OBJECT V745 Sco             4.0 H       19:15:02 2014-06-15 06:24:24.1 2456823.7670 ir140614.0151          [06:25:27.5
SUNY-04A-0011  OBJECT V745 Sco             4.0 H       19:15:22 2014-06-15 06:24:44.0 2456823.7672 ir140614.0152          [06:25:30.0
SUNY-04A-0011  OBJECT V745 Sco             4.0 H       19:15:22 2014-06-15 06:24:44.0 2456823.7672 ir140614.0153          [06:25:34.2
SUNY-04A-0011  OBJECT V745 Sco            31.0 B       19:15:04 2014-06-15 06:24:26.6 2456823.7670 ccd140614.0056         [06:25:42.2
SUNY-04A-0011  OBJECT V745 Sco             4.0 K       19:16:26 2014-06-15 06:25:48.1 2456823.7679 ir140614.0154          [06:26:51.6
SUNY-04A-0011  OBJECT V745 Sco             4.0 K       19:16:46 2014-06-15 06:26:08.1 2456823.7682 ir140614.0155          [06:26:54.1
SUNY-04A-0011  OBJECT V745 Sco             4.0 K       19:16:46 2014-06-15 06:26:08.1 2456823.7682 ir140614.0156          [06:26:57.9
SUNY-04A-0011  OBJECT V745 Sco            31.0 V       19:16:29 2014-06-15 06:25:50.7 2456823.7679 ccd140614.0057         [06:27:06.6
SUNY-04A-0011  OBJECT V745 Sco             4.0 K       19:17:50 2014-06-15 06:27:11.7 2456823.7689 ir140614.0157          [06:28:15.1
SUNY-04A-0011  OBJECT V745 Sco             4.0 K       19:18:10 2014-06-15 06:27:31.5 2456823.7691 ir140614.0158          [06:28:19.2
SUNY-04A-0011  OBJECT V745 Sco             4.0 K       19:18:10 2014-06-15 06:27:31.5 2456823.7691 ir140614.0159          [06:28:21.5
SUNY-04A-0011  OBJECT V745 Sco            10.0 R       19:17:52 2014-06-15 06:27:14.2 2456823.7689 ccd140614.0058         [06:29:33.3
YALE-03A-0001  OBJECT GX339-4             30.0 K       19:40:34 2014-06-15 06:49:51.8 2456823.7846 ir140614.0160          [06:50:39.4
YALE-03A-0001  OBJECT GX339-4             30.0 K       19:41:20 2014-06-15 06:50:37.9 2456823.7852 ir140614.0161          [06:51:24.2
YALE-03A-0001  OBJECT GX339-4             30.0 K       19:42:07 2014-06-15 06:51:24.3 2456823.7857 ir140614.0162          [06:52:11.7
YALE-03A-0001  OBJECT GX339-4             30.0 K       19:42:53 2014-06-15 06:52:10.5 2456823.7862 ir140614.0163          [06:53:40.0
YALE-03A-0001  OBJECT GX339-4            180.0 B       19:40:36 2014-06-15 06:49:54.4 2456823.7847 ccd140614.0060         [06:53:43.5
YALE-03A-0001  OBJECT GX339-4             30.1 K       19:43:39 2014-06-15 06:52:56.3 2456823.7868 ir140614.0164          [06:53:45.0
YALE-03A-0001  OBJECT GX339-4             30.1 J       19:44:34 2014-06-15 06:53:51.0 2456823.7874 ir140614.0165          [06:54:38.4
YALE-03A-0001  OBJECT GX339-4             30.0 J       19:45:20 2014-06-15 06:54:37.0 2456823.7879 ir140614.0166          [06:56:06.5
YALE-03A-0001  OBJECT GX339-4             30.0 J       19:46:07 2014-06-15 06:55:23.8 2456823.7885 ir140614.0167          [06:56:11.3
YALE-03A-0001  OBJECT GX339-4             30.1 J       19:46:53 2014-06-15 06:56:10.1 2456823.7890 ir140614.0168          [06:56:56.5
YALE-03A-0001  OBJECT GX339-4             30.1 J       19:47:39 2014-06-15 06:56:56.3 2456823.7895 ir140614.0169          [06:57:43.5
YALE-03A-0001  OBJECT GX339-4             30.0 J       19:48:26 2014-06-15 06:57:42.5 2456823.7901 ir140614.0170          [06:58:28.8
YALE-03A-0001  OBJECT GX339-4             30.0 J       19:48:26 2014-06-15 06:57:42.5 2456823.7901 ir140614.0171          [06:59:25.8
YALE-03A-0001  OBJECT GX339-4            300.0 V       19:44:36 2014-06-15 06:53:53.5 2456823.7874 ccd140614.0061         [07:01:13.6
ALL            OBJECT test                 5.0 H       20:07:31 2014-06-15 07:16:44.3 2456823.8033 ir140614.0173          [07:17:06.8
ALL            OBJECT test                 5.0 V       20:07:33 2014-06-15 07:16:46.8 2456823.8033 ccd140614.0062         [07:17:35.7
OSU-03A-0001   OBJECT OB141049            50.0 H       20:08:48 2014-06-15 07:18:01.3 2456823.8042 ir140614.0174          [07:19:08.6
OSU-03A-0001   OBJECT OB141049            50.0 H       20:09:54 2014-06-15 07:19:07.2 2456823.8049 ir140614.0175          [07:20:13.6
OSU-03A-0001   OBJECT OB141049            50.0 H       20:11:00 2014-06-15 07:20:13.4 2456823.8057 ir140614.0176          [07:21:20.8
OSU-03A-0001   OBJECT OB141049            50.0 H       20:12:07 2014-06-15 07:21:19.7 2456823.8065 ir140614.0177          [07:22:26.1
OSU-03A-0001   OBJECT OB141049            50.0 H       20:13:13 2014-06-15 07:22:25.6 2456823.8073 ir140614.0178          [07:23:32.9
OSU-03A-0001   OBJECT OB141049           300.0 I       20:08:50 2014-06-15 07:18:03.9 2456823.8042 ccd140614.0063         [07:23:47.7
OSU-03A-0001   OBJECT OB140987            50.0 H       20:15:11 2014-06-15 07:24:23.5 2456823.8086 ir140614.0179          [07:25:30.8
OSU-03A-0001   OBJECT OB140987            50.0 H       20:16:18 2014-06-15 07:25:29.9 2456823.8094 ir140614.0180          [07:26:36.3
OSU-03A-0001   OBJECT OB140987            50.0 H       20:17:24 2014-06-15 07:26:36.3 2456823.8101 ir140614.0181          [07:27:43.6
OSU-03A-0001   OBJECT OB140987            50.0 H       20:18:31 2014-06-15 07:27:42.7 2456823.8109 ir140614.0182          [07:28:49.2
OSU-03A-0001   OBJECT OB140987            50.0 H       20:19:37 2014-06-15 07:28:48.7 2456823.8117 ir140614.0183          [07:29:55.9
OSU-03A-0001   OBJECT OB140987           300.0 I       20:15:14 2014-06-15 07:24:26.2 2456823.8086 ccd140614.0064         [07:30:10.0
OSU-03A-0001   OBJECT OB140914            50.0 H       20:21:53 2014-06-15 07:31:04.2 2456823.8133 ir140614.0184          [07:32:11.5
OSU-03A-0001   OBJECT OB140914            50.0 H       20:22:59 2014-06-15 07:32:10.1 2456823.8140 ir140614.0185          [07:33:16.5
OSU-03A-0001   OBJECT OB140914            50.0 H       20:24:05 2014-06-15 07:33:16.4 2456823.8148 ir140614.0186          [07:34:23.6
OSU-03A-0001   OBJECT OB140914            50.0 H       20:25:12 2014-06-15 07:34:22.4 2456823.8155 ir140614.0187          [07:35:28.7
OSU-03A-0001   OBJECT OB140914            50.0 H       20:26:18 2014-06-15 07:35:28.2 2456823.8163 ir140614.0188          [07:36:35.8
OSU-03A-0001   OBJECT OB140914           300.0 I       20:21:56 2014-06-15 07:31:06.9 2456823.8133 ccd140614.0065         [07:36:50.7
LSU-11B-0003   OBJECT V3890 Sgr          100.0 J       20:29:56 2014-06-15 07:39:05.5 2456823.8188 ir140614.0189          [07:41:02.7
LSU-11B-0003   OBJECT V3890 Sgr          100.0 J       20:31:52 2014-06-15 07:41:01.4 2456823.8202 ir140614.0190          [07:42:57.6
LSU-11B-0003   OBJECT V3890 Sgr          200.0 R       20:29:58 2014-06-15 07:39:08.0 2456823.8188 ccd140614.0066         [07:43:12.6
LSU-14A-0001   OBJECT V1017 Sgr           60.0 J       20:34:45 2014-06-15 07:43:54.0 2456823.8222 ir140614.0191          [07:48:23.1
LSU-14A-0001   OBJECT V1017 Sgr          300.0 V       20:34:47 2014-06-15 07:43:56.5 2456823.8222 ccd140614.0067         [07:49:41.1
CHILE-13B-0039 OBJECT V363 Sgr           260.0 V       20:42:31 2014-06-15 07:51:39.2 2456823.8275 ccd140614.0068         [07:56:43.0
CHILE-13B-0039 OBJECT V363 Sgr           130.0 V       20:47:43 2014-06-15 07:56:50.2 2456823.8311 ccd140614.0069         [07:59:45.3
YALE-08A-0001  OBJECT 3C454.3             30.0 J       20:53:02 2014-06-15 08:02:08.3 2456823.8348 ir140614.0192          [08:02:55.0
YALE-08A-0001  OBJECT 3C454.3             30.1 J       20:53:48 2014-06-15 08:02:54.5 2456823.8354 ir140614.0193          [08:03:42.5
YALE-08A-0001  OBJECT 3C454.3             70.0 R       20:53:05 2014-06-15 08:02:10.9 2456823.8349 ccd140614.0070         [08:04:47.9
YALE-08A-0001  OBJECT 3C454.3             30.0 J       20:54:35 2014-06-15 08:03:41.2 2456823.8359 ir140614.0194          [08:04:49.4
YALE-08A-0001  OBJECT 3C454.3             30.0 J       20:54:35 2014-06-15 08:03:41.2 2456823.8359 ir140614.0195          [08:06:06.4
YALE-08A-0001  OBJECT 3C454.3             30.0 J       20:56:17 2014-06-15 08:05:22.8 2456823.8371 ir140614.0196          [08:06:10.2
YALE-08A-0001  OBJECT 3C454.3             30.0 K       20:57:12 2014-06-15 08:06:17.1 2456823.8377 ir140614.0197          [08:07:46.6
YALE-08A-0001  OBJECT 3C454.3             30.0 K       20:57:58 2014-06-15 08:07:03.2 2456823.8382 ir140614.0198          [08:07:50.5
YALE-08A-0001  OBJECT 3C454.3             90.0 B       20:57:14 2014-06-15 08:06:19.7 2456823.8377 ccd140614.0071         [08:09:26.2
YALE-08A-0001  OBJECT 2142-75             30.1 J       21:21:04 2014-06-15 08:30:05.9 2456823.8542 ir140614.0201          [08:30:53.4
YALE-08A-0001  OBJECT 2142-75             30.0 J       21:21:50 2014-06-15 08:30:51.8 2456823.8548 ir140614.0202          [08:31:38.2
YALE-08A-0001  OBJECT 2142-75             70.0 R       21:21:07 2014-06-15 08:30:08.5 2456823.8543 ccd140614.0072         [08:32:03.2
YALE-08A-0001  OBJECT 2142-75             30.0 J       21:22:37 2014-06-15 08:31:37.8 2456823.8553 ir140614.0203          [08:32:24.3
YALE-08A-0001  OBJECT 2142-75             30.0 J       21:23:23 2014-06-15 08:32:23.9 2456823.8558 ir140614.0204          [08:33:11.8
YALE-08A-0001  OBJECT 2142-75             30.0 J       21:24:09 2014-06-15 08:33:09.8 2456823.8564 ir140614.0205          [08:33:56.3
YALE-08A-0001  OBJECT 2142-75             30.1 K       21:25:03 2014-06-15 08:34:03.9 2456823.8570 ir140614.0206          [08:34:51.2
YALE-08A-0001  OBJECT 2142-75             30.0 K       21:25:49 2014-06-15 08:34:49.9 2456823.8575 ir140614.0207          [08:35:36.3
YALE-08A-0001  OBJECT 2142-75             90.0 B       21:25:05 2014-06-15 08:34:06.0 2456823.8570 ccd140614.0073         [08:36:20.5
YALE-08A-0001  OBJECT 2142-75             30.0 K       21:26:35 2014-06-15 08:35:36.2 2456823.8581 ir140614.0208          [08:36:22.5
YALE-08A-0001  OBJECT 2142-75             30.1 K       21:27:22 2014-06-15 08:36:22.4 2456823.8586 ir140614.0209          [08:37:10.0
YALE-08A-0001  OBJECT 2142-75             30.1 K       21:28:14 2014-06-15 08:37:14.4 2456823.8592 ir140614.0210          [08:38:00.8
YALE-08A-0001  OBJECT 2142-75             30.1 K       21:29:01 2014-06-15 08:38:01.2 2456823.8597 ir140614.0211          [08:38:48.4
YALE-08A-0001  OBJECT 2142-75             70.0 V       21:28:17 2014-06-15 08:37:16.9 2456823.8592 ccd140614.0074         [08:39:10.7
YALE-08A-0001  OBJECT 2142-75             30.1 K       21:29:47 2014-06-15 08:38:47.3 2456823.8603 ir140614.0212          [08:39:34.5
YALE-08A-0001  OBJECT 2142-75             30.1 K       21:30:33 2014-06-15 08:39:33.3 2456823.8608 ir140614.0213          [08:40:19.7
CHILE-06B-0288 OBJECT J2143              400.0 R       21:36:53 2014-06-15 08:45:51.7 2456823.8652 ccd140614.0075         [08:53:16.4
CHILE-06B-0288 OBJECT CT564              250.0 R       21:46:17 2014-06-15 08:55:14.4 2456823.8717 ccd140614.0076         [09:00:08.2
YALE-08A-0001  OBJECT 0131-522            30.0 J       21:54:43 2014-06-15 09:03:38.6 2456823.8775 ir140614.0214          [09:04:25.9
YALE-08A-0001  OBJECT 0131-522            30.0 J       21:55:29 2014-06-15 09:04:24.5 2456823.8781 ir140614.0215          [09:05:10.8
YALE-08A-0001  OBJECT 0131-522            30.1 J       21:56:15 2014-06-15 09:05:10.9 2456823.8786 ir140614.0216          [09:05:58.2
YALE-08A-0001  OBJECT 0131-522           140.0 R       21:54:45 2014-06-15 09:03:41.1 2456823.8776 ccd140614.0077         [09:06:44.9
YALE-08A-0001  OBJECT 0131-522            30.0 J       21:57:56 2014-06-15 09:06:51.6 2456823.8798 ir140614.0217          [09:07:39.1
YALE-08A-0001  OBJECT 0131-522            30.0 J       21:58:42 2014-06-15 09:07:37.4 2456823.8803 ir140614.0218          [09:08:23.6
YALE-08A-0001  OBJECT 0131-522            30.1 J       21:59:29 2014-06-15 09:08:23.7 2456823.8808 ir140614.0219          [09:09:10.9
YALE-08A-0001  OBJECT 0131-522            30.0 J       22:00:15 2014-06-15 09:09:10.1 2456823.8814 ir140614.0220          [09:09:56.5
YALE-08A-0001  OBJECT 0131-522           180.0 B       21:57:59 2014-06-15 09:06:54.1 2456823.8798 ccd140614.0078         [09:10:38.8
YALE-08A-0001  OBJECT 3C454.3             30.1 J       22:05:02 2014-06-15 09:13:56.5 2456823.8847 ir140614.0221          [09:14:42.8
YALE-08A-0001  OBJECT 3C454.3             30.0 J       22:05:48 2014-06-15 09:14:42.4 2456823.8852 ir140614.0222          [09:15:29.6
YALE-08A-0001  OBJECT 3C454.3             70.0 R       22:05:05 2014-06-15 09:13:59.1 2456823.8847 ccd140614.0079         [09:15:52.9
YALE-08A-0001  OBJECT 3C454.3             30.1 J       22:06:34 2014-06-15 09:15:28.5 2456823.8857 ir140614.0223          [09:16:15.8
YALE-08A-0001  OBJECT 3C454.3             30.0 J       22:07:21 2014-06-15 09:16:14.7 2456823.8863 ir140614.0224          [09:17:01.1
YALE-08A-0001  OBJECT 3C454.3             30.0 J       22:08:07 2014-06-15 09:17:00.6 2456823.8868 ir140614.0225          [09:17:48.1
YALE-08A-0001  OBJECT 3C454.3             30.0 K       22:09:01 2014-06-15 09:17:54.6 2456823.8874 ir140614.0226          [09:18:41.0
YALE-08A-0001  OBJECT 3C454.3             30.1 K       22:09:47 2014-06-15 09:18:40.6 2456823.8880 ir140614.0227          [09:19:28.0
YALE-08A-0001  OBJECT 3C454.3             90.0 B       22:09:03 2014-06-15 09:17:57.2 2456823.8875 ccd140614.0080         [09:20:10.9
YALE-08A-0001  OBJECT 3C454.3             30.0 K       22:10:33 2014-06-15 09:19:26.8 2456823.8885 ir140614.0228          [09:20:14.3
YALE-08A-0001  OBJECT 3C454.3             30.0 K       22:11:20 2014-06-15 09:20:13.1 2456823.8890 ir140614.0229          [09:20:59.5
YALE-08A-0001  OBJECT 3C454.3             30.0 K       22:12:11 2014-06-15 09:21:04.5 2456823.8896 ir140614.0230          [09:21:51.9
YALE-08A-0001  OBJECT 3C454.3             30.1 K       22:12:57 2014-06-15 09:21:50.5 2456823.8902 ir140614.0231          [09:22:36.9
YALE-08A-0001  OBJECT 3C454.3             70.0 V       22:12:14 2014-06-15 09:21:07.0 2456823.8897 ccd140614.0081         [09:23:01.5
YALE-08A-0001  OBJECT 3C454.3             30.0 K       22:13:44 2014-06-15 09:22:36.7 2456823.8907 ir140614.0232          [09:23:23.0
YALE-08A-0001  OBJECT 3C454.3             30.1 K       22:14:30 2014-06-15 09:23:22.8 2456823.8912 ir140614.0233          [09:24:10.2
