Project        ImType Object           ExpTime Filter  LST      UTDate     UTC        JD           Filename               [Logged@UT]
ALL            BIAS   BIASES               0.0 B       10:56:09 2014-06-18 21:51:09.5 2456827.4105 ccd140618bias.0001     [21:51:54.4
ALL            BIAS   BIASES               0.0 B       10:56:56 2014-06-18 21:51:55.9 2456827.4111 ccd140618bias.0002     [21:52:39.8
ALL            BIAS   BIASES               0.0 B       10:57:42 2014-06-18 21:52:42.4 2456827.4116 ccd140618bias.0003     [21:53:27.1
ALL            BIAS   BIASES               0.0 B       10:58:29 2014-06-18 21:53:28.8 2456827.4121 ccd140618bias.0004     [21:54:12.7
ALL            BIAS   BIASES               0.0 B       10:59:15 2014-06-18 21:54:15.2 2456827.4127 ccd140618bias.0005     [21:54:59.9
ALL            BIAS   BIASES               0.0 B       11:00:02 2014-06-18 21:55:01.6 2456827.4132 ccd140618bias.0006     [21:55:45.5
ALL            BIAS   BIASES               0.0 B       11:00:49 2014-06-18 21:55:48.1 2456827.4137 ccd140618bias.0007     [21:56:32.8
ALL            BIAS   BIASES               0.0 B       11:01:35 2014-06-18 21:56:34.5 2456827.4143 ccd140618bias.0008     [21:57:18.4
ALL            BIAS   BIASES               0.0 B       11:02:22 2014-06-18 21:57:21.2 2456827.4148 ccd140618bias.0009     [21:58:05.8
ALL            BIAS   BIASES               0.0 B       11:03:08 2014-06-18 21:58:07.6 2456827.4154 ccd140618bias.0010     [21:58:51.6
ALL            OBJECT focus                7.0 H       11:44:32 2014-06-18 22:39:23.8 2456827.4440 irfoco.0001            [22:39:48.1
ALL            OBJECT focus               10.0 V       11:44:34 2014-06-18 22:39:26.1 2456827.4441 ccdfoco.0001           [22:40:20.1
ALL            OBJECT focus                7.0 H       11:45:54 2014-06-18 22:40:46.0 2456827.4450 irfoco.0002            [22:41:10.0
ALL            OBJECT focus               10.0 V       11:45:56 2014-06-18 22:40:47.6 2456827.4450 ccdfoco.0002           [22:41:41.6
ALL            OBJECT focus                7.0 H       11:48:42 2014-06-18 22:43:33.3 2456827.4469 irfoco.0003            [22:43:57.4
ALL            OBJECT focus               10.0 V       11:48:44 2014-06-18 22:43:35.6 2456827.4469 ccdfoco.0003           [22:44:29.6
ALL            OBJECT focus                7.0 H       11:49:48 2014-06-18 22:44:39.2 2456827.4477 irfoco.0004            [22:45:03.7
ALL            OBJECT focus               10.0 V       11:49:50 2014-06-18 22:44:41.7 2456827.4477 ccdfoco.0004           [22:45:35.8
YALE-08A-0001  OBJECT 0850-1213           30.1 J       11:56:46 2014-06-18 22:51:36.1 2456827.4525 ir140618.0001          [22:52:24.0
YALE-08A-0001  OBJECT 0850-1213           30.0 J       11:57:32 2014-06-18 22:52:22.1 2456827.4530 ir140618.0002          [22:53:08.4
YALE-08A-0001  OBJECT 0850-1213           30.0 J       11:58:18 2014-06-18 22:53:08.3 2456827.4536 ir140618.0003          [22:53:55.7
YALE-08A-0001  OBJECT 0850-1213          140.0 R       11:56:48 2014-06-18 22:51:38.6 2456827.4525 ccd140618.0001         [22:54:42.6
YALE-08A-0001  OBJECT 0850-1213           30.1 J       11:59:59 2014-06-18 22:54:49.2 2456827.4547 ir140618.0004          [22:55:37.1
YALE-08A-0001  OBJECT 0850-1213           30.0 J       12:00:45 2014-06-18 22:55:35.1 2456827.4553 ir140618.0005          [22:56:21.5
YALE-08A-0001  OBJECT 0850-1213           30.0 J       12:01:32 2014-06-18 22:56:21.5 2456827.4558 ir140618.0006          [22:57:11.3
YALE-08A-0001  OBJECT 0850-1213           30.0 J       12:02:19 2014-06-18 22:57:08.4 2456827.4564 ir140618.0007          [22:57:54.9
YALE-08A-0001  OBJECT 0850-1213          180.0 B       12:00:02 2014-06-18 22:54:51.7 2456827.4548 ccd140618.0002         [22:58:38.2
YALE-08A-0001  OBJECT 1059-1134           30.0 J       12:05:50 2014-06-18 23:00:38.4 2456827.4588 ir140618.0008          [23:01:24.8
YALE-08A-0001  OBJECT 1059-1134           30.1 J       12:06:36 2014-06-18 23:01:24.6 2456827.4593 ir140618.0009          [23:02:12.0
YALE-08A-0001  OBJECT 1059-1134           30.0 J       12:07:22 2014-06-18 23:02:11.0 2456827.4599 ir140618.0010          [23:02:57.4
YALE-08A-0001  OBJECT 1059-1134          140.0 R       12:05:52 2014-06-18 23:00:40.9 2456827.4588 ccd140618.0003         [23:03:45.8
YALE-08A-0001  OBJECT 1059-1134           30.0 J       12:09:03 2014-06-18 23:03:51.6 2456827.4610 ir140618.0011          [23:04:37.9
YALE-08A-0001  OBJECT 1059-1134           30.0 J       12:09:50 2014-06-18 23:04:37.6 2456827.4616 ir140618.0012          [23:05:24.9
YALE-08A-0001  OBJECT 1059-1134           30.0 J       12:10:36 2014-06-18 23:05:23.9 2456827.4621 ir140618.0013          [23:06:10.5
YALE-08A-0001  OBJECT 1059-1134           30.0 J       12:11:22 2014-06-18 23:06:10.3 2456827.4626 ir140618.0014          [23:06:57.7
YALE-08A-0001  OBJECT 1059-1134          180.0 B       12:09:06 2014-06-18 23:03:54.1 2456827.4610 ccd140618.0004         [23:07:38.0
CHILE-13B-0039 OBJECT V365 Car            90.0 V       12:15:34 2014-06-18 23:10:20.8 2456827.4655 ccd140618.0005         [23:12:35.7
CHILE-13B-0039 OBJECT V365 Car            45.0 V       12:17:55 2014-06-18 23:12:41.8 2456827.4671 ccd140618.0006         [23:14:10.8
SUNY-04A-0011  OBJECT QY Mus              27.0 J       12:21:41 2014-06-18 23:16:26.9 2456827.4698 ir140618.0015          [23:17:11.2
SUNY-04A-0011  OBJECT QY Mus              27.0 J       12:22:25 2014-06-18 23:17:10.7 2456827.4703 ir140618.0016          [23:17:54.0
SUNY-04A-0011  OBJECT QY Mus              27.0 J       12:23:08 2014-06-18 23:17:54.1 2456827.4708 ir140618.0017          [23:18:39.7
SUNY-04A-0011  OBJECT QY Mus             100.0 I       12:21:43 2014-06-18 23:16:29.4 2456827.4698 ccd140618.0007         [23:18:54.4
SUNY-04A-0011  OBJECT QY Mus              27.0 H       12:24:15 2014-06-18 23:19:00.7 2456827.4715 ir140618.0018          [23:19:46.3
SUNY-04A-0011  OBJECT QY Mus              27.0 H       12:24:58 2014-06-18 23:19:43.8 2456827.4720 ir140618.0019          [23:20:27.3
SUNY-04A-0011  OBJECT QY Mus              27.0 H       12:25:41 2014-06-18 23:20:27.0 2456827.4725 ir140618.0020          [23:21:11.4
SUNY-04A-0011  OBJECT QY Mus             100.0 B       12:24:17 2014-06-18 23:19:03.1 2456827.4716 ccd140618.0008         [23:21:27.1
SUNY-04A-0011  OBJECT QY Mus              27.0 K       12:26:48 2014-06-18 23:21:33.7 2456827.4733 ir140618.0021          [23:22:18.0
SUNY-04A-0011  OBJECT QY Mus              27.0 K       12:27:31 2014-06-18 23:22:16.8 2456827.4738 ir140618.0022          [23:23:00.3
SUNY-04A-0011  OBJECT QY Mus              27.0 K       12:28:15 2014-06-18 23:23:00.1 2456827.4743 ir140618.0023          [23:23:44.6
SUNY-04A-0011  OBJECT QY Mus             100.0 V       12:26:51 2014-06-18 23:21:36.1 2456827.4733 ccd140618.0009         [23:24:00.1
SUNY-04A-0011  OBJECT QY Mus              27.0 K       12:29:21 2014-06-18 23:24:05.8 2456827.4751 ir140618.0024          [23:24:50.1
SUNY-04A-0011  OBJECT QY Mus              27.0 K       12:30:04 2014-06-18 23:24:49.0 2456827.4756 ir140618.0025          [23:25:32.4
SUNY-04A-0011  OBJECT QY Mus              27.0 K       12:30:47 2014-06-18 23:25:32.1 2456827.4761 ir140618.0026          [23:26:16.5
SUNY-04A-0011  OBJECT QY Mus             100.0 R       12:29:23 2014-06-18 23:24:08.2 2456827.4751 ccd140618.0010         [23:26:32.2
YALE-08A-0001  OBJECT 1424-41             30.0 J       12:34:00 2014-06-18 23:28:44.7 2456827.4783 ir140618.0027          [23:29:32.1
YALE-08A-0001  OBJECT 1424-41             30.0 J       12:34:47 2014-06-18 23:29:30.7 2456827.4788 ir140618.0028          [23:30:17.1
YALE-08A-0001  OBJECT 1424-41             70.0 R       12:34:03 2014-06-18 23:28:47.2 2456827.4783 ccd140618.0011         [23:30:41.9
YALE-08A-0001  OBJECT 1424-41             30.0 J       12:34:47 2014-06-18 23:29:30.7 2456827.4788 ir140618.0029          [23:31:13.2
YALE-08A-0001  OBJECT 1424-41             30.0 J       12:36:30 2014-06-18 23:31:13.5 2456827.4800 ir140618.0030          [23:32:00.7
YALE-08A-0001  OBJECT 1424-41             30.0 J       12:37:16 2014-06-18 23:31:59.6 2456827.4805 ir140618.0031          [23:32:46.1
YALE-08A-0001  OBJECT 1424-41             30.0 K       12:38:10 2014-06-18 23:32:53.5 2456827.4812 ir140618.0032          [23:33:40.9
YALE-08A-0001  OBJECT 1424-41             30.1 K       12:38:57 2014-06-18 23:33:40.1 2456827.4817 ir140618.0033          [23:34:26.5
YALE-08A-0001  OBJECT 1424-41             90.0 B       12:38:12 2014-06-18 23:32:56.0 2456827.4812 ccd140618.0012         [23:35:10.8
YALE-08A-0001  OBJECT 1424-41             30.1 K       12:39:43 2014-06-18 23:34:26.3 2456827.4822 ir140618.0034          [23:35:12.7
YALE-08A-0001  OBJECT 1424-41             30.0 K       12:40:29 2014-06-18 23:35:12.5 2456827.4828 ir140618.0035          [23:36:00.0
YALE-08A-0001  OBJECT 1424-41             30.0 K       12:41:22 2014-06-18 23:36:04.5 2456827.4834 ir140618.0036          [23:36:51.6
YALE-08A-0001  OBJECT 1424-41             30.0 K       12:42:08 2014-06-18 23:36:51.1 2456827.4839 ir140618.0037          [23:37:38.4
YALE-08A-0001  OBJECT 1424-41             70.0 V       12:41:24 2014-06-18 23:36:07.0 2456827.4834 ccd140618.0013         [23:38:00.9
YALE-08A-0001  OBJECT 1424-41             30.0 K       12:42:55 2014-06-18 23:37:37.3 2456827.4845 ir140618.0038          [23:38:24.6
YALE-08A-0001  OBJECT 1424-41             30.0 K       12:43:41 2014-06-18 23:38:23.7 2456827.4850 ir140618.0039          [23:39:10.2
CHILE-13B-0039 OBJECT X Cir              170.0 V       12:46:40 2014-06-18 23:41:21.8 2456827.4871 ccd140618.0014         [23:44:56.4
CHILE-13B-0039 OBJECT X Cir              340.0 V       12:50:21 2014-06-18 23:45:02.7 2456827.4896 ccd140618.0015         [23:51:26.7
YALE-08A-0001  OBJECT 1510-089            30.0 J       13:00:07 2014-06-18 23:54:47.1 2456827.4964 ir140618.0040          [23:55:34.6
YALE-08A-0001  OBJECT 1510-089            30.0 J       13:00:53 2014-06-18 23:55:33.1 2456827.4969 ir140618.0041          [23:56:19.5
YALE-08A-0001  OBJECT 1510-089            70.0 R       13:00:10 2014-06-18 23:54:49.7 2456827.4964 ccd140618.0016         [23:56:44.4
YALE-08A-0001  OBJECT 1510-089            30.0 J       13:01:40 2014-06-18 23:56:19.5 2456827.4975 ir140618.0042          [23:57:05.8
YALE-08A-0001  OBJECT 1510-089            30.0 J       13:02:27 2014-06-18 23:57:06.0 2456827.4980 ir140618.0043          [23:57:53.7
YALE-08A-0001  OBJECT 1510-089            30.1 J       13:03:13 2014-06-18 23:57:52.2 2456827.4985 ir140618.0044          [23:58:38.6
YALE-08A-0001  OBJECT 1510-089            30.1 K       13:04:07 2014-06-18 23:58:46.3 2456827.4992 ir140618.0045          [23:59:34.0
YALE-08A-0001  OBJECT 1510-089            30.1 K       13:04:54 2014-06-18 23:59:33.0 2456827.4997 ir140618.0046          [00:00:19.4
YALE-08A-0001  OBJECT 1510-089            90.0 B       13:04:09 2014-06-18 23:58:48.6 2456827.4992 ccd140618.0017         [00:01:03.3
YALE-08A-0001  OBJECT 1510-089            30.0 K       13:05:40 2014-06-19 00:00:19.2 2456827.5002 ir140618.0047          [00:01:05.7
YALE-08A-0001  OBJECT 1510-089            30.0 K       13:06:27 2014-06-19 00:01:05.6 2456827.5008 ir140618.0048          [00:01:53.1
YALE-08A-0001  OBJECT 1510-089            30.1 K       13:07:19 2014-06-19 00:01:57.6 2456827.5014 ir140618.0049          [00:02:44.0
YALE-08A-0001  OBJECT 1510-089            30.0 K       13:08:05 2014-06-19 00:02:43.5 2456827.5019 ir140618.0050          [00:03:30.8
YALE-08A-0001  OBJECT 1510-089            70.0 V       13:07:21 2014-06-19 00:02:00.1 2456827.5014 ccd140618.0018         [00:03:54.0
YALE-08A-0001  OBJECT 1510-089            30.0 K       13:08:51 2014-06-19 00:03:29.8 2456827.5024 ir140618.0051          [00:04:17.1
YALE-08A-0001  OBJECT 1510-089            30.0 K       13:09:38 2014-06-19 00:04:16.2 2456827.5030 ir140618.0052          [00:05:02.6
GSU-03A-0006   OBJECT 1514-24             25.1 K       13:12:16 2014-06-19 00:06:53.9 2456827.5048 ir140618.0053          [00:07:36.9
GSU-03A-0006   OBJECT 1514-24             25.0 K       13:12:57 2014-06-19 00:07:35.1 2456827.5053 ir140618.0054          [00:08:16.4
GSU-03A-0006   OBJECT 1514-24             25.1 K       13:12:57 2014-06-19 00:07:35.1 2456827.5053 ir140618.0055          [00:09:08.9
GSU-03A-0006   OBJECT 1514-24             25.0 K       13:14:31 2014-06-19 00:09:08.0 2456827.5063 ir140618.0056          [00:09:49.4
GSU-03A-0006   OBJECT 1514-24            140.0 R       13:12:18 2014-06-19 00:06:56.3 2456827.5048 ccd140618.0019         [00:10:01.3
YALE-03A-0001  OBJECT 4U1543-47           30.0 J       13:17:31 2014-06-19 00:12:07.6 2456827.5084 ir140618.0057          [00:12:54.0
YALE-03A-0001  OBJECT 4U1543-47           30.1 J       13:18:17 2014-06-19 00:12:53.8 2456827.5090 ir140618.0058          [00:13:41.5
YALE-03A-0001  OBJECT 4U1543-47           30.1 J       13:19:03 2014-06-19 00:13:40.0 2456827.5095 ir140618.0059          [00:14:26.4
YALE-03A-0001  OBJECT 4U1543-47           30.0 J       13:19:50 2014-06-19 00:14:26.5 2456827.5100 ir140618.0060          [00:15:16.3
YALE-03A-0001  OBJECT 4U1543-47          180.0 V       13:17:33 2014-06-19 00:12:09.9 2456827.5085 ccd140618.0020         [00:15:54.1
YALE-03A-0001  OBJECT 4U1543-47           30.1 J       13:20:36 2014-06-19 00:15:12.7 2456827.5106 ir140618.0061          [00:16:00.2
YALE-03A-0001  OBJECT 4U1543-47           30.0 H       13:21:31 2014-06-19 00:16:07.2 2456827.5112 ir140618.0062          [00:16:53.6
YALE-03A-0001  OBJECT 4U1543-47           30.0 H       13:22:17 2014-06-19 00:16:53.5 2456827.5117 ir140618.0063          [00:17:41.5
YALE-03A-0001  OBJECT 4U1543-47           30.1 H       13:23:04 2014-06-19 00:17:40.1 2456827.5123 ir140618.0064          [00:18:26.5
YALE-03A-0001  OBJECT 4U1543-47           30.0 H       13:23:51 2014-06-19 00:18:26.9 2456827.5128 ir140618.0065          [00:19:14.2
YALE-03A-0001  OBJECT 4U1543-47          180.0 I       13:21:33 2014-06-19 00:16:09.7 2456827.5112 ccd140618.0021         [00:19:53.6
YALE-03A-0001  OBJECT 4U1543-47           30.1 H       13:24:37 2014-06-19 00:19:13.0 2456827.5134 ir140618.0066          [00:20:00.6
YALE-08A-0001  OBJECT 1550-242            30.1 J       13:28:52 2014-06-19 00:23:27.6 2456827.5163 ir140618.0067          [00:24:13.8
YALE-08A-0001  OBJECT 1550-242            30.0 J       13:29:39 2014-06-19 00:24:13.7 2456827.5168 ir140618.0068          [00:25:01.1
YALE-08A-0001  OBJECT 1550-242            30.1 J       13:30:25 2014-06-19 00:25:00.2 2456827.5174 ir140618.0069          [00:25:46.6
YALE-08A-0001  OBJECT 1550-242           140.0 R       13:28:55 2014-06-19 00:23:29.8 2456827.5163 ccd140618.0022         [00:26:34.6
YALE-08A-0001  OBJECT 1550-242            30.1 J       13:32:06 2014-06-19 00:26:41.1 2456827.5185 ir140618.0070          [00:27:27.3
YALE-08A-0001  OBJECT 1550-242            30.0 J       13:32:52 2014-06-19 00:27:27.1 2456827.5191 ir140618.0071          [00:28:14.7
YALE-08A-0001  OBJECT 1550-242            30.0 J       13:33:39 2014-06-19 00:28:13.5 2456827.5196 ir140618.0072          [00:29:00.0
YALE-08A-0001  OBJECT 1550-242            30.0 J       13:34:26 2014-06-19 00:28:59.8 2456827.5201 ir140618.0073          [00:29:47.7
YALE-08A-0001  OBJECT 1550-242           180.0 B       13:32:09 2014-06-19 00:26:43.4 2456827.5186 ccd140618.0023         [00:30:27.3
YALE-03A-0001  OBJECT GROJ1655-40         30.0 J       13:37:57 2014-06-19 00:32:30.4 2456827.5226 ir140618.0074          [00:33:19.0
YALE-03A-0001  OBJECT GROJ1655-40         30.1 J       13:38:44 2014-06-19 00:33:17.4 2456827.5231 ir140618.0075          [00:34:03.8
YALE-03A-0001  OBJECT GROJ1655-40         30.1 J       13:39:31 2014-06-19 00:34:04.0 2456827.5237 ir140618.0076          [00:34:51.9
YALE-03A-0001  OBJECT GROJ1655-40        120.0 V       13:37:59 2014-06-19 00:32:32.8 2456827.5226 ccd140618.0024         [00:35:16.6
YALE-03A-0001  OBJECT GROJ1655-40         30.0 J       13:40:17 2014-06-19 00:34:50.4 2456827.5242 ir140618.0077          [00:35:38.2
YALE-03A-0001  OBJECT GROJ1655-40         30.0 K       13:41:12 2014-06-19 00:35:45.4 2456827.5248 ir140618.0078          [00:36:31.8
YALE-03A-0001  OBJECT GROJ1655-40         30.1 K       13:41:59 2014-06-19 00:36:31.9 2456827.5254 ir140618.0079          [00:37:19.4
YALE-03A-0001  OBJECT GROJ1655-40         30.0 K       13:42:45 2014-06-19 00:37:18.2 2456827.5259 ir140618.0080          [00:38:04.7
YALE-03A-0001  OBJECT GROJ1655-40        120.0 I       13:41:15 2014-06-19 00:35:47.8 2456827.5249 ccd140618.0025         [00:38:32.7
YALE-03A-0001  OBJECT GROJ1655-40         30.0 K       13:42:45 2014-06-19 00:37:18.2 2456827.5259 ir140618.0081          [00:39:00.8
YALE-03A-0001  OBJECT GX339-4             30.0 K       13:46:37 2014-06-19 00:41:09.4 2456827.5286 ir140618.0082          [00:41:57.0
YALE-03A-0001  OBJECT GX339-4             30.1 K       13:47:23 2014-06-19 00:41:55.6 2456827.5291 ir140618.0083          [00:42:41.9
YALE-03A-0001  OBJECT GX339-4             30.0 K       13:48:10 2014-06-19 00:42:41.9 2456827.5296 ir140618.0084          [00:43:29.9
YALE-03A-0001  OBJECT GX339-4             30.0 K       13:48:56 2014-06-19 00:43:28.3 2456827.5302 ir140618.0085          [00:44:14.8
YALE-03A-0001  OBJECT GX339-4            180.0 B       13:46:40 2014-06-19 00:41:11.9 2456827.5286 ccd140618.0026         [00:44:56.7
YALE-03A-0001  OBJECT GX339-4             30.0 K       13:49:43 2014-06-19 00:44:14.8 2456827.5307 ir140618.0086          [00:45:01.4
YALE-03A-0001  OBJECT GX339-4             30.1 J       13:50:36 2014-06-19 00:45:08.0 2456827.5313 ir140618.0087          [00:45:55.5
YALE-03A-0001  OBJECT GX339-4             30.0 J       13:51:23 2014-06-19 00:45:54.4 2456827.5319 ir140618.0088          [00:46:40.8
YALE-03A-0001  OBJECT GX339-4             30.0 J       13:51:23 2014-06-19 00:45:54.4 2456827.5319 ir140618.0089          [00:47:37.8
YALE-03A-0001  OBJECT GX339-4             30.0 J       13:53:06 2014-06-19 00:47:37.1 2456827.5331 ir140618.0090          [00:48:23.5
YALE-03A-0001  OBJECT GX339-4             30.0 J       13:53:52 2014-06-19 00:48:23.2 2456827.5336 ir140618.0091          [00:49:10.7
YALE-03A-0001  OBJECT GX339-4             30.0 J       13:54:39 2014-06-19 00:49:09.7 2456827.5341 ir140618.0092          [00:49:56.1
YALE-03A-0001  OBJECT GX339-4             30.1 J       13:54:39 2014-06-19 00:49:09.7 2456827.5341 ir140618.0093          [00:50:53.1
YALE-03A-0001  OBJECT GX339-4            300.0 V       13:50:39 2014-06-19 00:45:10.5 2456827.5314 ccd140618.0027         [00:50:54.4
YALE-03A-0001  OBJECT GX339-4             30.1 J       13:56:21 2014-06-19 00:50:51.9 2456827.5353 ir140618.0094          [00:51:39.8
YALE-03A-0001  OBJECT GX339-4             30.1 H       13:57:16 2014-06-19 00:51:46.5 2456827.5360 ir140618.0095          [00:52:32.9
YALE-03A-0001  OBJECT GX339-4             30.0 H       13:58:02 2014-06-19 00:52:32.6 2456827.5365 ir140618.0096          [00:53:20.4
YALE-03A-0001  OBJECT GX339-4             30.0 H       13:58:49 2014-06-19 00:53:19.2 2456827.5370 ir140618.0097          [00:54:05.3
YALE-03A-0001  OBJECT GX339-4             30.0 H       13:59:35 2014-06-19 00:54:05.4 2456827.5376 ir140618.0098          [00:54:53.6
YALE-03A-0001  OBJECT GX339-4            180.0 I       13:57:18 2014-06-19 00:51:49.0 2456827.5360 ccd140618.0028         [00:55:32.9
YALE-03A-0001  OBJECT GX339-4             30.1 H       14:00:21 2014-06-19 00:54:51.4 2456827.5381 ir140618.0099          [00:55:39.0
OSU-03A-0001   OBJECT OB140392            50.0 H       14:03:09 2014-06-19 00:57:38.9 2456827.5400 ir140618.0100          [00:58:45.1
OSU-03A-0001   OBJECT OB140392            50.0 H       14:04:15 2014-06-19 00:58:44.8 2456827.5408 ir140618.0101          [00:59:52.6
OSU-03A-0001   OBJECT OB140392            50.0 H       14:05:22 2014-06-19 00:59:51.1 2456827.5416 ir140618.0102          [01:00:57.3
OSU-03A-0001   OBJECT OB140392            50.0 H       14:06:28 2014-06-19 01:00:57.2 2456827.5423 ir140618.0103          [01:02:04.8
OSU-03A-0001   OBJECT OB140392            50.0 H       14:07:34 2014-06-19 01:02:03.4 2456827.5431 ir140618.0104          [01:03:09.7
OSU-03A-0001   OBJECT OB140392           300.0 I       14:03:12 2014-06-19 00:57:41.4 2456827.5401 ccd140618.0029         [01:03:26.3
OSU-03A-0001   OBJECT OB140944            50.0 H       14:09:35 2014-06-19 01:04:03.5 2456827.5445 ir140618.0105          [01:05:09.9
OSU-03A-0001   OBJECT OB140944            50.0 H       14:10:41 2014-06-19 01:05:09.6 2456827.5452 ir140618.0106          [01:06:17.0
OSU-03A-0001   OBJECT OB140944            50.0 H       14:11:48 2014-06-19 01:06:15.8 2456827.5460 ir140618.0107          [01:07:22.1
OSU-03A-0001   OBJECT OB140944            50.0 H       14:12:54 2014-06-19 01:07:22.0 2456827.5468 ir140618.0108          [01:08:29.4
OSU-03A-0001   OBJECT OB140944            50.0 H       14:14:00 2014-06-19 01:08:27.9 2456827.5475 ir140618.0109          [01:09:34.1
OSU-03A-0001   OBJECT OB140944           300.0 I       14:09:37 2014-06-19 01:04:06.0 2456827.5445 ccd140618.0030         [01:09:50.8
OSU-03A-0001   OBJECT OB140807            50.0 H       14:16:00 2014-06-19 01:10:27.0 2456827.5489 ir140618.0110          [01:11:33.4
OSU-03A-0001   OBJECT OB140807            50.0 H       14:17:06 2014-06-19 01:11:32.9 2456827.5497 ir140618.0111          [01:12:40.3
OSU-03A-0001   OBJECT OB140807            50.0 H       14:18:12 2014-06-19 01:12:39.1 2456827.5504 ir140618.0112          [01:13:45.4
OSU-03A-0001   OBJECT OB140807            50.0 H       14:18:12 2014-06-19 01:12:39.1 2456827.5504 ir140618.0113          [01:15:02.4
OSU-03A-0001   OBJECT OB140807            50.0 H       14:20:34 2014-06-19 01:15:01.1 2456827.5521 ir140618.0114          [01:16:07.4
OSU-03A-0001   OBJECT OB140807           300.0 I       14:16:02 2014-06-19 01:10:29.5 2456827.5490 ccd140618.0031         [01:16:14.6
OSU-03A-0001   OBJECT OB140650            50.0 H       14:22:19 2014-06-19 01:16:45.4 2456827.5533 ir140618.0115          [01:17:51.8
OSU-03A-0001   OBJECT OB140650            50.0 H       14:23:25 2014-06-19 01:17:51.5 2456827.5541 ir140618.0116          [01:18:58.8
OSU-03A-0001   OBJECT OB140650            50.0 H       14:24:32 2014-06-19 01:18:57.8 2456827.5548 ir140618.0117          [01:20:04.2
OSU-03A-0001   OBJECT OB140650            50.0 H       14:25:38 2014-06-19 01:20:04.2 2456827.5556 ir140618.0118          [01:21:11.5
OSU-03A-0001   OBJECT OB140650            50.0 H       14:26:45 2014-06-19 01:21:10.3 2456827.5564 ir140618.0119          [01:22:16.5
OSU-03A-0001   OBJECT OB140650           300.0 I       14:22:22 2014-06-19 01:16:48.0 2456827.5533 ccd140618.0032         [01:22:32.9
OSU-03A-0001   OBJECT OB141050            50.0 H       14:28:44 2014-06-19 01:23:09.4 2456827.5578 ir140618.0120          [01:24:15.6
OSU-03A-0001   OBJECT OB141050            50.0 H       14:29:50 2014-06-19 01:24:15.3 2456827.5585 ir140618.0121          [01:25:22.7
OSU-03A-0001   OBJECT OB141050            50.0 H       14:30:57 2014-06-19 01:25:21.6 2456827.5593 ir140618.0122          [01:26:28.1
OSU-03A-0001   OBJECT OB141050            50.0 H       14:32:03 2014-06-19 01:26:28.1 2456827.5600 ir140618.0123          [01:27:35.5
OSU-03A-0001   OBJECT OB141050            50.0 H       14:33:09 2014-06-19 01:27:34.0 2456827.5608 ir140618.0124          [01:28:40.3
OSU-03A-0001   OBJECT OB141050           300.0 I       14:28:47 2014-06-19 01:23:12.0 2456827.5578 ccd140618.0033         [01:28:56.8
YALE-03A-0001  OBJECT V4641               20.0 K       14:36:30 2014-06-19 01:30:53.6 2456827.5631 ir140618.0125          [01:31:29.8
YALE-03A-0001  OBJECT V4641               20.0 B       14:36:32 2014-06-19 01:30:55.9 2456827.5631 ccd140618.0034         [01:32:00.7
YALE-03A-0001  OBJECT V4641               20.0 K       14:37:06 2014-06-19 01:31:29.6 2456827.5635 ir140618.0126          [01:32:05.9
YALE-03A-0001  OBJECT V4641               20.1 K       14:37:06 2014-06-19 01:31:29.6 2456827.5635 ir140618.0127          [01:32:53.4
YALE-03A-0001  OBJECT V4641               20.0 B       14:37:38 2014-06-19 01:32:02.4 2456827.5639 ccd140618.0035         [01:33:06.2
YALE-03A-0001  OBJECT V4641               20.0 K       14:38:28 2014-06-19 01:32:52.1 2456827.5645 ir140618.0128          [01:33:29.7
YALE-03A-0001  OBJECT V4641               20.1 K       14:39:04 2014-06-19 01:33:28.1 2456827.5649 ir140618.0129          [01:34:04.4
YALE-03A-0001  OBJECT V4641               20.0 B       14:38:45 2014-06-19 01:33:08.8 2456827.5647 ccd140618.0036         [01:34:13.7
YALE-03A-0001  OBJECT V4641               15.1 J       14:39:58 2014-06-19 01:34:21.2 2456827.5655 ir140618.0130          [01:34:52.5
YALE-03A-0001  OBJECT V4641               15.0 I       14:40:00 2014-06-19 01:34:23.6 2456827.5655 ccd140618.0037         [01:35:23.6
YALE-03A-0001  OBJECT V4641               15.0 J       14:40:30 2014-06-19 01:34:52.9 2456827.5659 ir140618.0131          [01:35:25.9
YALE-03A-0001  OBJECT V4641               15.1 J       14:41:00 2014-06-19 01:35:23.7 2456827.5663 ir140618.0132          [01:35:56.0
YALE-03A-0001  OBJECT V4641               15.0 I       14:41:02 2014-06-19 01:35:25.2 2456827.5663 ccd140618.0038         [01:36:24.1
YALE-03A-0001  OBJECT V4641               15.0 J       14:41:32 2014-06-19 01:35:55.0 2456827.5666 ir140618.0133          [01:36:27.6
YALE-03A-0001  OBJECT V4641               15.0 J       14:42:03 2014-06-19 01:36:26.4 2456827.5670 ir140618.0134          [01:36:57.6
YALE-03A-0001  OBJECT V4641               15.0 I       14:42:04 2014-06-19 01:36:27.0 2456827.5670 ccd140618.0039         [01:37:27.4
YALE-03A-0001  OBJECT V4641               15.1 H       14:43:11 2014-06-19 01:37:34.1 2456827.5678 ir140618.0135          [01:38:05.3
YALE-03A-0001  OBJECT V4641               15.0 V       14:43:14 2014-06-19 01:37:36.6 2456827.5678 ccd140618.0040         [01:38:37.0
YALE-03A-0001  OBJECT V4641               15.0 H       14:43:42 2014-06-19 01:38:04.9 2456827.5681 ir140618.0136          [01:38:38.8
YALE-03A-0001  OBJECT V4641               15.1 H       14:44:14 2014-06-19 01:38:36.5 2456827.5685 ir140618.0137          [01:39:09.0
YALE-03A-0001  OBJECT V4641               15.1 H       14:44:45 2014-06-19 01:39:08.1 2456827.5688 ir140618.0138          [01:39:39.3
YALE-03A-0001  OBJECT V4641               15.0 V       14:43:14 2014-06-19 01:37:36.6 2456827.5678 ccd140618.0041         [01:39:49.0
YALE-03A-0001  OBJECT V4641               15.1 H       14:45:16 2014-06-19 01:39:39.1 2456827.5692 ir140618.0139          [01:40:10.4
YALE-03A-0001  OBJECT V4641               15.0 V       14:45:27 2014-06-19 01:39:50.0 2456827.5693 ccd140618.0042         [01:40:50.0
SUNY-04A-0011  OBJECT N Sgr 2014           4.0 J       14:48:24 2014-06-19 01:42:45.7 2456827.5714 ir140618.0140          [01:43:06.0
SUNY-04A-0011  OBJECT N Sgr 2014           4.0 J       14:48:43 2014-06-19 01:43:05.6 2456827.5716 ir140618.0141          [01:43:27.0
SUNY-04A-0011  OBJECT N Sgr 2014           4.0 J       14:49:04 2014-06-19 01:43:25.7 2456827.5718 ir140618.0142          [01:43:45.8
SUNY-04A-0011  OBJECT N Sgr 2014          15.0 I       14:48:26 2014-06-19 01:42:48.0 2456827.5714 ccd140618.0043         [01:43:48.6
SUNY-04A-0011  OBJECT N Sgr 2014           4.0 H       14:49:33 2014-06-19 01:43:54.5 2456827.5722 ir140618.0143          [01:44:14.8
SUNY-04A-0011  OBJECT N Sgr 2014           4.0 H       14:49:52 2014-06-19 01:44:14.4 2456827.5724 ir140618.0144          [01:44:36.6
SUNY-04A-0011  OBJECT N Sgr 2014           4.0 H       14:50:13 2014-06-19 01:44:34.7 2456827.5726 ir140618.0145          [01:44:55.0
SUNY-04A-0011  OBJECT N Sgr 2014          31.0 B       14:49:35 2014-06-19 01:43:57.1 2456827.5722 ccd140618.0044         [01:45:13.3
SUNY-04A-0011  OBJECT N Sgr 2014           4.0 K       14:50:57 2014-06-19 01:45:18.9 2456827.5731 ir140618.0146          [01:45:39.2
SUNY-04A-0011  OBJECT N Sgr 2014           4.0 K       14:51:17 2014-06-19 01:45:38.9 2456827.5734 ir140618.0147          [01:46:00.5
SUNY-04A-0011  OBJECT N Sgr 2014           4.0 K       14:51:37 2014-06-19 01:45:59.1 2456827.5736 ir140618.0148          [01:46:19.4
SUNY-04A-0011  OBJECT N Sgr 2014          20.0 V       14:51:00 2014-06-19 01:45:21.5 2456827.5732 ccd140618.0045         [01:46:26.3
SUNY-04A-0011  OBJECT N Sgr 2014           4.0 K       14:52:10 2014-06-19 01:46:31.2 2456827.5740 ir140618.0149          [01:46:51.5
SUNY-04A-0011  OBJECT N Sgr 2014           4.0 K       14:52:30 2014-06-19 01:46:51.1 2456827.5742 ir140618.0150          [01:47:12.4
SUNY-04A-0011  OBJECT N Sgr 2014           4.0 K       14:52:50 2014-06-19 01:47:11.2 2456827.5744 ir140618.0151          [01:47:31.6
SUNY-04A-0011  OBJECT N Sgr 2014          15.0 R       14:52:12 2014-06-19 01:46:33.7 2456827.5740 ccd140618.0046         [01:47:34.2
LSU-14A-0001   OBJECT V3890 Sgr           50.0 J       14:55:30 2014-06-19 01:49:51.2 2456827.5763 ir140618.0152          [01:53:40.3
LSU-14A-0001   OBJECT V3890 Sgr          200.0 R       14:55:33 2014-06-19 01:49:53.8 2456827.5763 ccd140618.0047         [01:53:58.6
CHILE-13B-0039 OBJECT V1059 Sgr           80.0 V       15:01:37 2014-06-19 01:55:56.6 2456827.5805 ccd140618.0048         [01:58:00.6
CHILE-13B-0039 OBJECT V1059 Sgr           40.0 V       15:03:47 2014-06-19 01:58:07.2 2456827.5820 ccd140618.0049         [01:59:32.1
CHILE-13B-0039 OBJECT V363 Sgr           260.0 V       15:07:30 2014-06-19 02:01:49.0 2456827.5846 ccd140618.0050         [02:06:53.0
CHILE-13B-0039 OBJECT V363 Sgr           130.0 V       15:12:41 2014-06-19 02:06:59.7 2456827.5882 ccd140618.0051         [02:09:54.4
OSU-03A-0001   OBJECT OB140500            50.0 H       15:18:17 2014-06-19 02:12:34.1 2456827.5921 ir140618.0153          [02:13:40.3
OSU-03A-0001   OBJECT OB140500            50.0 H       15:19:23 2014-06-19 02:13:40.0 2456827.5928 ir140618.0154          [02:14:47.5
OSU-03A-0001   OBJECT OB140500            50.0 H       15:20:29 2014-06-19 02:14:46.3 2456827.5936 ir140618.0155          [02:15:52.6
OSU-03A-0001   OBJECT OB140500            50.0 H       15:21:36 2014-06-19 02:15:52.6 2456827.5944 ir140618.0156          [02:16:59.9
OSU-03A-0001   OBJECT OB140500            50.0 H       15:22:42 2014-06-19 02:16:58.7 2456827.5951 ir140618.0157          [02:18:05.0
OSU-03A-0001   OBJECT OB140500           300.0 I       15:18:19 2014-06-19 02:12:36.6 2456827.5921 ccd140618.0052         [02:18:21.4
OSU-03A-0001   OBJECT OB140939            50.0 H       15:24:45 2014-06-19 02:19:01.5 2456827.5965 ir140618.0158          [02:20:07.6
OSU-03A-0001   OBJECT OB140939            50.0 H       15:25:51 2014-06-19 02:20:07.4 2456827.5973 ir140618.0159          [02:21:15.0
OSU-03A-0001   OBJECT OB140939            50.0 H       15:26:58 2014-06-19 02:21:13.8 2456827.5981 ir140618.0160          [02:22:20.1
OSU-03A-0001   OBJECT OB140939            50.0 H       15:28:04 2014-06-19 02:22:20.0 2456827.5988 ir140618.0161          [02:23:27.4
OSU-03A-0001   OBJECT OB140939            50.0 H       15:29:11 2014-06-19 02:23:26.0 2456827.5996 ir140618.0162          [02:24:32.3
OSU-03A-0001   OBJECT OB140939           300.0 I       15:24:48 2014-06-19 02:19:04.0 2456827.5966 ccd140618.0053         [02:24:48.9
OSU-03A-0001   OBJECT OB140955            50.0 H       15:32:19 2014-06-19 02:26:33.5 2456827.6018 ir140618.0163          [02:27:39.8
OSU-03A-0001   OBJECT OB140955            50.0 H       15:33:25 2014-06-19 02:27:39.5 2456827.6025 ir140618.0164          [02:28:47.0
OSU-03A-0001   OBJECT OB140955            50.0 H       15:34:31 2014-06-19 02:28:45.6 2456827.6033 ir140618.0165          [02:29:52.0
OSU-03A-0001   OBJECT OB140955            50.0 H       15:35:37 2014-06-19 02:29:51.9 2456827.6041 ir140618.0166          [02:30:59.5
OSU-03A-0001   OBJECT OB140955            50.0 H       15:36:44 2014-06-19 02:30:58.0 2456827.6048 ir140618.0167          [02:32:04.3
OSU-03A-0001   OBJECT OB140955           300.0 I       15:32:21 2014-06-19 02:26:36.0 2456827.6018 ccd140618.0054         [02:32:20.9
OSU-03A-0001   OBJECT OB140289            50.0 H       15:38:41 2014-06-19 02:32:54.7 2456827.6062 ir140618.0168          [02:34:01.0
OSU-03A-0001   OBJECT OB140289            50.0 H       15:39:47 2014-06-19 02:34:00.7 2456827.6069 ir140618.0169          [02:35:08.1
OSU-03A-0001   OBJECT OB140289            50.0 H       15:40:53 2014-06-19 02:35:06.8 2456827.6077 ir140618.0170          [02:36:13.1
OSU-03A-0001   OBJECT OB140289            50.0 H       15:42:00 2014-06-19 02:36:13.1 2456827.6085 ir140618.0171          [02:37:20.5
OSU-03A-0001   OBJECT OB140289            50.0 H       15:43:06 2014-06-19 02:37:19.1 2456827.6093 ir140618.0172          [02:38:25.4
OSU-03A-0001   OBJECT OB140289           300.0 I       15:38:43 2014-06-19 02:32:57.2 2456827.6062 ccd140618.0055         [02:38:42.1
OSU-03A-0001   OBJECT OB140298            50.0 H       15:45:07 2014-06-19 02:39:19.9 2456827.6107 ir140618.0173          [02:40:26.3
OSU-03A-0001   OBJECT OB140298            50.0 H       15:46:13 2014-06-19 02:40:25.9 2456827.6114 ir140618.0174          [02:41:33.5
OSU-03A-0001   OBJECT OB140298            50.0 H       15:47:20 2014-06-19 02:41:32.1 2456827.6122 ir140618.0175          [02:42:38.3
OSU-03A-0001   OBJECT OB140298            50.0 H       15:48:26 2014-06-19 02:42:38.4 2456827.6129 ir140618.0176          [02:43:46.6
OSU-03A-0001   OBJECT OB140298            50.0 H       15:49:32 2014-06-19 02:43:44.2 2456827.6137 ir140618.0177          [02:44:50.5
OSU-03A-0001   OBJECT OB140298           300.0 I       15:45:10 2014-06-19 02:39:22.3 2456827.6107 ccd140618.0056         [02:45:07.1
GSU-03A-0006   OBJECT j1644+2619          35.0 J       15:53:19 2014-06-19 02:47:30.7 2456827.6163 ir140618.0178          [02:48:22.0
GSU-03A-0006   OBJECT j1644+2619          35.0 J       15:54:10 2014-06-19 02:48:21.6 2456827.6169 ir140618.0179          [02:49:14.3
GSU-03A-0006   OBJECT j1644+2619          35.0 J       15:55:02 2014-06-19 02:49:13.1 2456827.6175 ir140618.0180          [02:50:05.0
GSU-03A-0006   OBJECT j1644+2619          35.0 J       15:55:54 2014-06-19 02:50:05.0 2456827.6181 ir140618.0181          [02:50:58.0
GSU-03A-0006   OBJECT j1644+2619         180.0 R       15:53:22 2014-06-19 02:47:33.3 2456827.6164 ccd140618.0057         [02:51:17.2
NOAO-14A-0257  OBJECT Abell48            540.0 V       15:59:34 2014-06-19 02:53:44.1 2456827.6206 ccd140618.0058         [03:03:28.8
NOAO-14A-0257  OBJECT Abell48            540.0 V       16:09:22 2014-06-19 03:03:30.5 2456827.6274 ccd140618.0059         [03:13:14.3
NOAO-14A-0257  OBJECT Abell48            540.0 V       16:19:10 2014-06-19 03:13:16.9 2456827.6342 ccd140618.0060         [03:23:01.8
NOAO-14A-0257  OBJECT Abell48            540.0 V       16:28:58 2014-06-19 03:23:03.4 2456827.6410 ccd140618.0061         [03:32:47.2
NOAO-14A-0257  OBJECT Abell48            540.0 V       16:38:46 2014-06-19 03:32:49.8 2456827.6478 ccd140618.0062         [03:42:34.6
ALL            OBJECT focus                7.0 H       16:55:08 2014-06-19 03:49:09.4 2456827.6591 irfoco.0001            [03:49:32.6
ALL            OBJECT focus               10.0 V       16:55:11 2014-06-19 03:49:12.0 2456827.6592 ccdfoco.0001           [03:50:06.8
ALL            OBJECT test                20.0 V       17:03:16 2014-06-19 03:57:16.2 2456827.6648 ccd140618.0063         [03:58:20.1
NOAO-13B-0270  OBJECT 2014KS40_1          20.0 V       17:27:14 2014-06-19 04:21:09.6 2456827.6814 ccd140618.0064         [04:22:14.4
NOAO-13B-0270  OBJECT 2014KS40_1          20.0 V       17:28:20 2014-06-19 04:22:16.1 2456827.6821 ccd140618.0065         [04:23:20.0
NOAO-13B-0270  OBJECT 2014KS40_1          20.0 V       17:29:27 2014-06-19 04:23:22.6 2456827.6829 ccd140618.0066         [04:24:27.4
NOAO-13B-0270  OBJECT 2014KS40_1          20.0 V       17:30:33 2014-06-19 04:24:29.1 2456827.6837 ccd140618.0067         [04:25:32.9
NOAO-13B-0270  OBJECT 2014KS40_1          20.0 V       17:31:40 2014-06-19 04:25:35.5 2456827.6844 ccd140618.0068         [04:26:40.3
NOAO-13B-0270  OBJECT 2014KS40_1          20.0 V       17:32:47 2014-06-19 04:26:41.9 2456827.6852 ccd140618.0069         [04:27:45.8
NOAO-13B-0270  OBJECT 2014KS40_1          20.0 V       17:33:53 2014-06-19 04:27:48.4 2456827.6860 ccd140618.0070         [04:28:53.4
NOAO-13B-0270  OBJECT 2014KS40_1          20.0 V       17:35:00 2014-06-19 04:28:54.8 2456827.6867 ccd140618.0071         [04:29:58.6
NOAO-13B-0270  OBJECT 2014KS40_1          20.0 V       17:36:07 2014-06-19 04:30:01.3 2456827.6875 ccd140618.0072         [04:31:06.3
NOAO-13B-0270  OBJECT 2014KS40_1          20.0 V       17:37:13 2014-06-19 04:31:07.7 2456827.6883 ccd140618.0073         [04:32:11.6
NOAO-13B-0270  OBJECT 2014KS40_1          20.0 V       17:38:20 2014-06-19 04:32:14.1 2456827.6891 ccd140618.0074         [04:33:19.3
NOAO-13B-0270  OBJECT 2014KS40_1          20.0 V       17:39:27 2014-06-19 04:33:20.5 2456827.6898 ccd140618.0075         [04:34:24.4
NOAO-13B-0270  OBJECT 2014KS40_1          20.0 V       17:40:33 2014-06-19 04:34:26.9 2456827.6906 ccd140618.0076         [04:35:31.6
NOAO-13B-0270  OBJECT 2014KS40_1          20.0 V       17:41:40 2014-06-19 04:35:33.4 2456827.6914 ccd140618.0077         [04:36:37.2
NOAO-13B-0270  OBJECT 2014KS40_1          20.0 V       17:42:46 2014-06-19 04:36:39.8 2456827.6921 ccd140618.0078         [04:37:44.6
NOAO-13B-0270  OBJECT 2014KS40_1          20.0 V       17:43:53 2014-06-19 04:37:46.3 2456827.6929 ccd140618.0079         [04:38:50.2
NOAO-13B-0270  OBJECT 2014KS40_1          20.0 V       17:45:00 2014-06-19 04:38:52.8 2456827.6937 ccd140618.0080         [04:39:57.7
NOAO-13B-0270  OBJECT 2014KS40_1          20.0 V       17:46:06 2014-06-19 04:39:59.2 2456827.6944 ccd140618.0081         [04:41:03.0
NOAO-13B-0270  OBJECT 2014KS40_1          20.0 V       17:47:13 2014-06-19 04:41:05.7 2456827.6952 ccd140618.0082         [04:42:11.3
NOAO-13B-0270  OBJECT 2014KS40_1          20.0 V       17:48:19 2014-06-19 04:42:12.1 2456827.6960 ccd140618.0083         [04:43:16.2
NOAO-13B-0270  OBJECT 2014KS40_1          20.0 V       17:49:30 2014-06-19 04:43:22.6 2456827.6968 ccd140618.0084         [04:44:28.1
NOAO-13B-0270  OBJECT 2014KS40_1          20.0 V       17:50:37 2014-06-19 04:44:29.1 2456827.6976 ccd140618.0085         [04:45:33.0
NOAO-13B-0270  OBJECT 2014KS40_1          20.0 V       17:51:44 2014-06-19 04:45:35.6 2456827.6983 ccd140618.0086         [04:46:40.4
NOAO-13B-0270  OBJECT 2014KS40_1          20.0 V       17:52:50 2014-06-19 04:46:42.0 2456827.6991 ccd140618.0087         [04:47:45.9
NOAO-13B-0270  OBJECT 2014KS40_2          20.0 V       17:58:52 2014-06-19 04:52:42.8 2456827.7033 ccd140618.0090         [04:53:47.6
NOAO-13B-0270  OBJECT 2014KS40_2          20.0 V       17:59:59 2014-06-19 04:53:49.2 2456827.7040 ccd140618.0091         [04:54:53.2
NOAO-13B-0270  OBJECT 2014KS40_2          20.0 V       18:01:05 2014-06-19 04:54:55.7 2456827.7048 ccd140618.0092         [04:56:00.4
NOAO-13B-0270  OBJECT 2014KS40_2          20.0 V       18:02:12 2014-06-19 04:56:02.1 2456827.7056 ccd140618.0093         [04:57:06.1
NOAO-13B-0270  OBJECT 2014KS40_2          20.0 V       18:03:18 2014-06-19 04:57:08.6 2456827.7064 ccd140618.0094         [04:58:13.4
NOAO-13B-0270  OBJECT 2014KS40_2          20.0 V       18:04:25 2014-06-19 04:58:15.0 2456827.7071 ccd140618.0095         [04:59:19.0
NOAO-13B-0270  OBJECT 2014KS40_2          20.0 V       18:05:32 2014-06-19 04:59:21.5 2456827.7079 ccd140618.0096         [05:00:26.2
NOAO-13B-0270  OBJECT 2014KS40_2          20.0 V       18:06:38 2014-06-19 05:00:27.9 2456827.7087 ccd140618.0097         [05:01:31.8
NOAO-13B-0270  OBJECT 2014KS40_2          20.0 V       18:07:45 2014-06-19 05:01:34.3 2456827.7094 ccd140618.0098         [05:02:39.0
NOAO-13B-0270  OBJECT 2014KS40_2          20.0 V       18:08:51 2014-06-19 05:02:40.7 2456827.7102 ccd140618.0099         [05:03:44.6
NOAO-13B-0270  OBJECT 2014KS40_2          20.0 V       18:09:58 2014-06-19 05:03:47.2 2456827.7110 ccd140618.0100         [05:04:52.1
NOAO-13B-0270  OBJECT 2014KS40_3          20.0 V       18:11:56 2014-06-19 05:05:44.4 2456827.7123 ccd140618.0101         [05:06:48.3
NOAO-13B-0270  OBJECT 2014KS40_3          20.0 V       18:13:02 2014-06-19 05:06:50.9 2456827.7131 ccd140618.0102         [05:07:56.0
NOAO-13B-0270  OBJECT 2014KS40_3          20.0 V       18:14:09 2014-06-19 05:07:57.5 2456827.7139 ccd140618.0103         [05:09:01.6
NOAO-13B-0270  OBJECT 2014KS40_3          20.0 V       18:15:16 2014-06-19 05:09:03.9 2456827.7146 ccd140618.0104         [05:10:08.6
NOAO-13B-0270  OBJECT 2014KS40_3          20.0 V       18:16:22 2014-06-19 05:10:10.3 2456827.7154 ccd140618.0105         [05:11:14.2
NOAO-13B-0270  OBJECT 2014KS40_3          20.0 V       18:17:29 2014-06-19 05:11:16.8 2456827.7162 ccd140618.0106         [05:12:22.2
NOAO-13B-0270  OBJECT 2014KS40_3          20.0 V       18:18:35 2014-06-19 05:12:23.2 2456827.7169 ccd140618.0107         [05:13:27.1
NOAO-13B-0270  OBJECT 2014KS40_3          20.0 V       18:19:42 2014-06-19 05:13:29.6 2456827.7177 ccd140618.0108         [05:14:34.8
NOAO-13B-0270  OBJECT 2014KS40_3          20.0 V       18:20:49 2014-06-19 05:14:36.1 2456827.7185 ccd140618.0109         [05:15:40.0
NOAO-13B-0270  OBJECT 2014KS40_3          20.0 V       18:21:55 2014-06-19 05:15:42.6 2456827.7192 ccd140618.0110         [05:16:47.3
NOAO-13B-0270  OBJECT 2014KS40_3          20.0 V       18:23:02 2014-06-19 05:16:49.0 2456827.7200 ccd140618.0111         [05:17:52.9
NOAO-13B-0270  OBJECT 2014KS40_3          20.0 V       18:24:09 2014-06-19 05:17:55.6 2456827.7208 ccd140618.0112         [05:19:00.3
NOAO-13B-0270  OBJECT 2014KS40_3          20.0 V       18:25:15 2014-06-19 05:19:02.0 2456827.7215 ccd140618.0113         [05:20:05.9
NOAO-13B-0270  OBJECT 2014KS40_3          20.0 V       18:26:22 2014-06-19 05:20:08.5 2456827.7223 ccd140618.0114         [05:21:13.3
NOAO-13B-0270  OBJECT 2014KS40_3          20.0 V       18:27:29 2014-06-19 05:21:14.9 2456827.7231 ccd140618.0115         [05:22:18.8
NOAO-13B-0270  OBJECT 2014KS40_3          20.0 V       18:28:35 2014-06-19 05:22:21.4 2456827.7239 ccd140618.0116         [05:23:26.1
NOAO-13B-0270  OBJECT 2014KS40_3          20.0 V       18:29:42 2014-06-19 05:23:27.8 2456827.7246 ccd140618.0117         [05:24:31.7
NOAO-13B-0270  OBJECT 2014KS40_3          20.0 V       18:30:49 2014-06-19 05:24:34.3 2456827.7254 ccd140618.0118         [05:25:39.0
NOAO-13B-0270  OBJECT 2014KS40_3          20.0 V       18:31:55 2014-06-19 05:25:40.7 2456827.7262 ccd140618.0119         [05:26:44.6
NOAO-13B-0270  OBJECT 2014KS40_3          20.0 V       18:33:02 2014-06-19 05:26:47.2 2456827.7269 ccd140618.0120         [05:27:52.1
NOAO-13B-0270  OBJECT 2014KS40_4          20.0 V       18:36:01 2014-06-19 05:29:45.4 2456827.7290 ccd140618.0121         [05:30:49.2
NOAO-13B-0270  OBJECT 2014KS40_4          20.0 V       18:37:07 2014-06-19 05:30:51.8 2456827.7298 ccd140618.0122         [05:31:56.8
NOAO-13B-0270  OBJECT 2014KS40_4          20.0 V       18:38:14 2014-06-19 05:31:58.2 2456827.7305 ccd140618.0123         [05:33:02.1
NOAO-13B-0270  OBJECT 2014KS40_4          20.0 V       18:39:21 2014-06-19 05:33:04.7 2456827.7313 ccd140618.0124         [05:34:09.6
NOAO-13B-0270  OBJECT 2014KS40_4          20.0 V       18:40:27 2014-06-19 05:34:11.1 2456827.7321 ccd140618.0125         [05:35:15.0
NOAO-13B-0270  OBJECT 2014KS40_4          20.0 V       18:41:33 2014-06-19 05:35:17.5 2456827.7328 ccd140618.0126         [05:36:22.3
NOAO-13B-0270  OBJECT 2014KS40_4          20.0 V       18:42:40 2014-06-19 05:36:23.9 2456827.7336 ccd140618.0127         [05:37:28.0
NOAO-13B-0270  OBJECT 2014KS40_4          20.0 V       18:43:47 2014-06-19 05:37:30.4 2456827.7344 ccd140618.0128         [05:38:35.1
NOAO-13B-0270  OBJECT 2014KS40_4          20.0 V       18:44:53 2014-06-19 05:38:36.9 2456827.7352 ccd140618.0129         [05:39:40.7
NOAO-13B-0270  OBJECT 2014KS40_4          20.0 V       18:46:00 2014-06-19 05:39:43.3 2456827.7359 ccd140618.0130         [05:40:48.1
NOAO-13B-0270  OBJECT 2014KS40_4          20.0 V       18:47:07 2014-06-19 05:40:49.8 2456827.7367 ccd140618.0131         [05:41:53.7
NOAO-13B-0270  OBJECT 2014KS40_4          20.0 V       18:48:13 2014-06-19 05:41:56.2 2456827.7375 ccd140618.0132         [05:43:01.0
NOAO-13B-0270  OBJECT 2014KS40_4          20.0 V       18:49:20 2014-06-19 05:43:02.7 2456827.7382 ccd140618.0133         [05:44:06.6
NOAO-13B-0270  OBJECT 2014KS40_4          20.0 V       18:50:27 2014-06-19 05:44:09.2 2456827.7390 ccd140618.0134         [05:45:14.3
NOAO-13B-0270  OBJECT 2014KS40_4          20.0 V       18:51:33 2014-06-19 05:45:15.7 2456827.7398 ccd140618.0135         [05:46:19.5
NOAO-13B-0270  OBJECT 2014KS40_4          20.0 V       18:52:40 2014-06-19 05:46:22.1 2456827.7405 ccd140618.0136         [05:47:26.9
NOAO-13B-0270  OBJECT 2014KS40_4          20.0 V       18:53:47 2014-06-19 05:47:28.6 2456827.7413 ccd140618.0137         [05:48:32.5
NOAO-13B-0270  OBJECT 2014KS40_4          20.0 V       18:54:53 2014-06-19 05:48:35.0 2456827.7421 ccd140618.0138         [05:49:39.8
NOAO-13B-0270  OBJECT 2014KS40_4          20.0 V       18:56:00 2014-06-19 05:49:41.4 2456827.7428 ccd140618.0139         [05:50:45.4
NOAO-13B-0270  OBJECT 2014KS40_4          20.0 V       18:57:06 2014-06-19 05:50:47.9 2456827.7436 ccd140618.0140         [05:51:52.7
OSU-03A-0001   OBJECT OB140099            50.0 H       19:00:28 2014-06-19 05:54:08.4 2456827.7459 ir140618.0182          [05:55:14.5
OSU-03A-0001   OBJECT OB140099            50.0 H       19:01:33 2014-06-19 05:55:14.1 2456827.7467 ir140618.0183          [05:56:21.5
OSU-03A-0001   OBJECT OB140099            50.0 H       19:02:40 2014-06-19 05:56:20.3 2456827.7475 ir140618.0184          [05:57:26.5
OSU-03A-0001   OBJECT OB140099            50.0 H       19:03:46 2014-06-19 05:57:26.5 2456827.7482 ir140618.0185          [05:58:33.9
OSU-03A-0001   OBJECT OB140099            50.0 H       19:04:52 2014-06-19 05:58:32.4 2456827.7490 ir140618.0186          [05:59:38.7
OSU-03A-0001   OBJECT OB140099           300.0 I       19:00:30 2014-06-19 05:54:10.8 2456827.7460 ccd140618.0141         [05:59:55.6
OSU-03A-0001   OBJECT OB140874            50.0 H       19:06:56 2014-06-19 06:00:35.4 2456827.7504 ir140618.0187          [06:01:41.7
OSU-03A-0001   OBJECT OB140874            50.0 H       19:08:02 2014-06-19 06:01:41.3 2456827.7512 ir140618.0188          [06:02:49.2
OSU-03A-0001   OBJECT OB140874            50.0 H       19:09:08 2014-06-19 06:02:47.8 2456827.7519 ir140618.0189          [06:03:54.1
OSU-03A-0001   OBJECT OB140874            50.0 H       19:10:15 2014-06-19 06:03:53.9 2456827.7527 ir140618.0190          [06:05:02.0
OSU-03A-0001   OBJECT OB140874            50.0 H       19:11:21 2014-06-19 06:04:59.7 2456827.7535 ir140618.0191          [06:06:06.0
OSU-03A-0001   OBJECT OB140874           300.0 I       19:06:58 2014-06-19 06:00:38.0 2456827.7504 ccd140618.0142         [06:06:23.0
OSU-03A-0001   OBJECT OB140124            50.0 H       19:13:34 2014-06-19 06:07:12.5 2456827.7550 ir140618.0192          [06:08:18.8
OSU-03A-0001   OBJECT OB140124            50.0 H       19:14:40 2014-06-19 06:08:18.5 2456827.7558 ir140618.0193          [06:09:26.3
OSU-03A-0001   OBJECT OB140124            50.0 H       19:15:46 2014-06-19 06:09:24.6 2456827.7565 ir140618.0194          [06:10:30.9
OSU-03A-0001   OBJECT OB140124            50.0 H       19:16:53 2014-06-19 06:10:30.7 2456827.7573 ir140618.0195          [06:11:38.8
OSU-03A-0001   OBJECT OB140124            50.0 H       19:17:59 2014-06-19 06:11:36.7 2456827.7581 ir140618.0196          [06:12:42.9
OSU-03A-0001   OBJECT OB140124           300.0 I       19:13:36 2014-06-19 06:07:15.0 2456827.7550 ccd140618.0143         [06:12:59.9
OSU-03A-0001   OBJECT OB140667            50.0 H       19:20:19 2014-06-19 06:13:56.4 2456827.7597 ir140618.0197          [06:15:02.7
OSU-03A-0001   OBJECT OB140667            50.0 H       19:21:25 2014-06-19 06:15:02.4 2456827.7604 ir140618.0198          [06:16:09.7
OSU-03A-0001   OBJECT OB140667            50.0 H       19:22:31 2014-06-19 06:16:08.5 2456827.7612 ir140618.0199          [06:17:14.8
OSU-03A-0001   OBJECT OB140667            50.0 H       19:23:38 2014-06-19 06:17:14.7 2456827.7620 ir140618.0200          [06:18:23.0
OSU-03A-0001   OBJECT OB140667            50.0 H       19:24:44 2014-06-19 06:18:20.6 2456827.7627 ir140618.0201          [06:19:27.0
OSU-03A-0001   OBJECT OB140667           300.0 I       19:20:21 2014-06-19 06:13:58.8 2456827.7597 ccd140618.0144         [06:19:43.7
NOAO-13B-0270  OBJECT 2014KS40_5          20.0 V       19:28:54 2014-06-19 06:22:30.3 2456827.7656 ccd140618.0145         [06:23:34.2
NOAO-13B-0270  OBJECT 2014KS40_5          20.0 V       19:30:01 2014-06-19 06:23:36.8 2456827.7664 ccd140618.0146         [06:24:41.6
NOAO-13B-0270  OBJECT 2014KS40_5          20.0 V       19:31:07 2014-06-19 06:24:43.3 2456827.7672 ccd140618.0147         [06:25:47.1
NOAO-13B-0270  OBJECT 2014KS40_5          20.0 V       19:32:14 2014-06-19 06:25:49.7 2456827.7679 ccd140618.0148         [06:26:54.6
NOAO-13B-0270  OBJECT 2014KS40_5          20.0 V       19:33:21 2014-06-19 06:26:56.1 2456827.7687 ccd140618.0149         [06:28:00.0
NOAO-13B-0270  OBJECT 2014KS40_5          20.0 V       19:34:27 2014-06-19 06:28:02.6 2456827.7695 ccd140618.0150         [06:29:07.4
NOAO-13B-0270  OBJECT 2014KS40_5          20.0 V       19:35:34 2014-06-19 06:29:09.0 2456827.7703 ccd140618.0151         [06:30:12.9
NOAO-13B-0270  OBJECT 2014KS40_5          20.0 V       19:36:41 2014-06-19 06:30:15.4 2456827.7710 ccd140618.0152         [06:31:20.2
NOAO-13B-0270  OBJECT 2014KS40_5          20.0 V       19:37:47 2014-06-19 06:31:21.9 2456827.7718 ccd140618.0153         [06:32:25.8
NOAO-13B-0270  OBJECT 2014KS40_5          20.0 V       19:38:54 2014-06-19 06:32:28.4 2456827.7725 ccd140618.0154         [06:33:33.3
NOAO-13B-0270  OBJECT 2014KS40_5          20.0 V       19:40:01 2014-06-19 06:33:34.9 2456827.7733 ccd140618.0155         [06:34:38.8
NOAO-13B-0270  OBJECT 2014KS40_5          20.0 V       19:41:07 2014-06-19 06:34:41.4 2456827.7741 ccd140618.0156         [06:35:46.3
NOAO-13B-0270  OBJECT 2014KS40_5          20.0 V       19:42:14 2014-06-19 06:35:47.8 2456827.7749 ccd140618.0157         [06:36:51.8
NOAO-13B-0270  OBJECT 2014KS40_5          20.0 V       19:43:21 2014-06-19 06:36:54.3 2456827.7756 ccd140618.0158         [06:37:59.1
NOAO-13B-0270  OBJECT 2014KS40_5          20.0 V       19:44:27 2014-06-19 06:38:00.7 2456827.7764 ccd140618.0159         [06:39:04.9
NOAO-13B-0270  OBJECT 2014KS40_5          20.0 V       19:45:34 2014-06-19 06:39:07.3 2456827.7772 ccd140618.0160         [06:40:12.0
NOAO-13B-0270  OBJECT 2014KS40_5          20.0 V       19:46:40 2014-06-19 06:40:13.6 2456827.7779 ccd140618.0161         [06:41:17.5
NOAO-13B-0270  OBJECT 2014KS40_5          20.0 V       19:47:47 2014-06-19 06:41:20.2 2456827.7787 ccd140618.0162         [06:42:25.1
NOAO-13B-0270  OBJECT 2014KS40_5          20.0 V       19:48:54 2014-06-19 06:42:26.6 2456827.7795 ccd140618.0163         [06:43:30.6
NOAO-13B-0270  OBJECT 2014KS40_5          20.0 V       19:50:00 2014-06-19 06:43:33.1 2456827.7802 ccd140618.0164         [06:44:38.2
NOAO-13B-0270  OBJECT 2014KS40_6          20.0 V       19:53:03 2014-06-19 06:46:35.6 2456827.7824 ccd140618.0165         [06:47:39.5
NOAO-13B-0270  OBJECT 2014KS40_6          20.0 V       19:54:10 2014-06-19 06:47:42.1 2456827.7831 ccd140618.0166         [06:48:47.0
NOAO-13B-0270  OBJECT 2014KS40_6          20.0 V       19:55:17 2014-06-19 06:48:48.6 2456827.7839 ccd140618.0167         [06:49:52.4
NOAO-13B-0270  OBJECT 2014KS40_6          20.0 V       19:56:23 2014-06-19 06:49:55.0 2456827.7847 ccd140618.0168         [06:50:59.7
NOAO-13B-0270  OBJECT 2014KS40_6          20.0 V       19:57:30 2014-06-19 06:51:01.4 2456827.7854 ccd140618.0169         [06:52:05.3
NOAO-13B-0270  OBJECT 2014KS40_6          20.0 V       19:58:37 2014-06-19 06:52:07.8 2456827.7862 ccd140618.0170         [06:53:12.7
NOAO-13B-0270  OBJECT 2014KS40_6          20.0 V       19:59:43 2014-06-19 06:53:14.2 2456827.7870 ccd140618.0171         [06:54:18.1
NOAO-13B-0270  OBJECT 2014KS40_6          20.0 V       20:00:50 2014-06-19 06:54:20.6 2456827.7877 ccd140618.0172         [06:55:25.6
NOAO-13B-0270  OBJECT 2014KS40_6          20.0 V       20:01:56 2014-06-19 06:55:27.1 2456827.7885 ccd140618.0173         [06:56:31.0
NOAO-13B-0270  OBJECT 2014KS40_6          20.0 V       20:03:03 2014-06-19 06:56:33.5 2456827.7893 ccd140618.0174         [06:57:38.3
NOAO-13B-0270  OBJECT 2014KS40_6          20.0 V       20:04:10 2014-06-19 06:57:40.0 2456827.7900 ccd140618.0175         [06:58:43.9
NOAO-13B-0270  OBJECT 2014KS40_6          20.0 V       20:05:16 2014-06-19 06:58:46.4 2456827.7908 ccd140618.0176         [06:59:51.6
NOAO-13B-0270  OBJECT 2014KS40_6          20.0 V       20:06:23 2014-06-19 06:59:52.9 2456827.7916 ccd140618.0177         [07:00:56.9
NOAO-13B-0270  OBJECT 2014KS40_6          20.0 V       20:07:30 2014-06-19 07:00:59.4 2456827.7924 ccd140618.0178         [07:02:04.2
NOAO-13B-0270  OBJECT 2014KS40_6          20.0 V       20:08:36 2014-06-19 07:02:05.8 2456827.7931 ccd140618.0179         [07:03:09.8
NOAO-13B-0270  OBJECT 2014KS40_6          20.0 V       20:09:43 2014-06-19 07:03:12.3 2456827.7939 ccd140618.0180         [07:04:17.1
NOAO-13B-0270  OBJECT 2014KS40_6          20.0 V       20:10:50 2014-06-19 07:04:18.7 2456827.7947 ccd140618.0181         [07:05:22.6
NOAO-13B-0270  OBJECT 2014KS40_6          20.0 V       20:11:56 2014-06-19 07:05:25.2 2456827.7954 ccd140618.0182         [07:06:30.1
NOAO-13B-0270  OBJECT 2014KS40_6          20.0 V       20:13:03 2014-06-19 07:06:31.7 2456827.7962 ccd140618.0183         [07:07:35.5
NOAO-13B-0270  OBJECT 2014KS40_6          20.0 V       20:14:09 2014-06-19 07:07:38.1 2456827.7970 ccd140618.0184         [07:08:43.0
NOAO-13B-0270  OBJECT 2014KS40_7          20.0 V       20:15:57 2014-06-19 07:09:25.6 2456827.7982 ccd140618.0185         [07:10:29.6
NOAO-13B-0270  OBJECT 2014KS40_7          20.0 V       20:17:04 2014-06-19 07:10:32.1 2456827.7990 ccd140618.0186         [07:11:37.1
NOAO-13B-0270  OBJECT 2014KS40_7          20.0 V       20:18:10 2014-06-19 07:11:38.5 2456827.7997 ccd140618.0187         [07:12:42.4
NOAO-13B-0270  OBJECT 2014KS40_7          20.0 V       20:19:17 2014-06-19 07:12:45.0 2456827.8005 ccd140618.0188         [07:13:50.2
NOAO-13B-0270  OBJECT 2014KS40_7          20.0 V       20:20:24 2014-06-19 07:13:51.5 2456827.8013 ccd140618.0189         [07:14:55.4
NOAO-13B-0270  OBJECT 2014KS40_7          20.0 V       20:21:31 2014-06-19 07:14:58.0 2456827.8021 ccd140618.0190         [07:16:02.9
NOAO-13B-0270  OBJECT 2014KS40_7          20.0 V       20:22:37 2014-06-19 07:16:04.4 2456827.8028 ccd140618.0191         [07:17:08.4
NOAO-13B-0270  OBJECT 2014KS40_7          20.0 V       20:23:44 2014-06-19 07:17:10.9 2456827.8036 ccd140618.0192         [07:18:15.7
NOAO-13B-0270  OBJECT 2014KS40_7          20.0 V       20:24:50 2014-06-19 07:18:17.4 2456827.8044 ccd140618.0193         [07:19:21.3
NOAO-13B-0270  OBJECT 2014KS40_7          20.0 V       20:25:57 2014-06-19 07:19:23.8 2456827.8051 ccd140618.0194         [07:20:28.7
NOAO-13B-0270  OBJECT 2014KS40_7          20.0 V       20:27:04 2014-06-19 07:20:30.3 2456827.8059 ccd140618.0195         [07:21:34.2
NOAO-13B-0270  OBJECT 2014KS40_7          20.0 V       20:28:10 2014-06-19 07:21:36.8 2456827.8067 ccd140618.0196         [07:22:41.9
NOAO-13B-0270  OBJECT 2014KS40_7          20.0 V       20:29:17 2014-06-19 07:22:43.2 2456827.8075 ccd140618.0197         [07:23:47.1
NOAO-13B-0270  OBJECT 2014KS40_7          20.0 V       20:30:24 2014-06-19 07:23:49.7 2456827.8082 ccd140618.0198         [07:24:54.8
NOAO-13B-0270  OBJECT 2014KS40_7          20.0 V       20:31:30 2014-06-19 07:24:56.1 2456827.8090 ccd140618.0199         [07:26:00.0
NOAO-13B-0270  OBJECT 2014KS40_7          20.0 V       20:32:37 2014-06-19 07:26:02.5 2456827.8098 ccd140618.0200         [07:27:07.4
NOAO-13B-0270  OBJECT 2014KS40_7          20.0 V       20:33:43 2014-06-19 07:27:09.0 2456827.8105 ccd140618.0201         [07:28:12.8
NOAO-13B-0270  OBJECT 2014KS40_7          20.0 V       20:34:50 2014-06-19 07:28:15.4 2456827.8113 ccd140618.0202         [07:29:20.3
NOAO-13B-0270  OBJECT 2014KS40_7          20.0 V       20:35:57 2014-06-19 07:29:21.9 2456827.8121 ccd140618.0203         [07:30:25.8
NOAO-13B-0270  OBJECT 2014KS40_7          20.0 V       20:37:03 2014-06-19 07:30:28.4 2456827.8128 ccd140618.0204         [07:31:33.3
NOAO-13B-0270  OBJECT 2014KS40_8          20.0 V       20:39:49 2014-06-19 07:33:13.4 2456827.8147 ccd140618.0205         [07:34:17.3
NOAO-13B-0270  OBJECT 2014KS40_8          20.0 V       20:40:56 2014-06-19 07:34:19.8 2456827.8155 ccd140618.0206         [07:35:24.7
NOAO-13B-0270  OBJECT 2014KS40_8          20.0 V       20:42:02 2014-06-19 07:35:26.3 2456827.8163 ccd140618.0207         [07:36:30.1
NOAO-13B-0270  OBJECT 2014KS40_8          20.0 V       20:43:09 2014-06-19 07:36:32.7 2456827.8171 ccd140618.0208         [07:37:37.5
NOAO-13B-0270  OBJECT 2014KS40_8          20.0 V       20:44:15 2014-06-19 07:37:39.2 2456827.8178 ccd140618.0209         [07:38:43.0
NOAO-13B-0270  OBJECT 2014KS40_8          20.0 V       20:45:22 2014-06-19 07:38:45.6 2456827.8186 ccd140618.0210         [07:39:50.3
NOAO-13B-0270  OBJECT 2014KS40_8          20.0 V       20:46:29 2014-06-19 07:39:52.0 2456827.8194 ccd140618.0211         [07:40:55.9
NOAO-13B-0270  OBJECT 2014KS40_8          20.0 V       20:47:35 2014-06-19 07:40:58.5 2456827.8201 ccd140618.0212         [07:42:04.1
NOAO-13B-0270  OBJECT 2014KS40_8          20.0 V       20:48:42 2014-06-19 07:42:04.9 2456827.8209 ccd140618.0213         [07:43:08.8
NOAO-13B-0270  OBJECT 2014KS40_8          20.0 V       20:49:48 2014-06-19 07:43:11.3 2456827.8217 ccd140618.0214         [07:44:16.4
NOAO-13B-0270  OBJECT 2014KS40_8          20.0 V       20:50:55 2014-06-19 07:44:17.7 2456827.8224 ccd140618.0215         [07:45:21.6
NOAO-13B-0270  OBJECT 2014KS40_8          20.0 V       20:52:02 2014-06-19 07:45:24.2 2456827.8232 ccd140618.0216         [07:46:29.3
NOAO-13B-0270  OBJECT 2014KS40_8          20.0 V       20:53:08 2014-06-19 07:46:30.5 2456827.8240 ccd140618.0217         [07:47:34.4
NOAO-13B-0270  OBJECT 2014KS40_8          20.0 V       20:54:15 2014-06-19 07:47:37.0 2456827.8247 ccd140618.0218         [07:48:41.8
NOAO-13B-0270  OBJECT 2014KS40_8          20.0 V       20:55:21 2014-06-19 07:48:43.4 2456827.8255 ccd140618.0219         [07:49:47.4
NOAO-13B-0270  OBJECT 2014KS40_8          20.0 V       20:56:28 2014-06-19 07:49:50.0 2456827.8263 ccd140618.0220         [07:50:54.9
NOAO-13B-0270  OBJECT 2014KS40_8          20.0 V       20:57:35 2014-06-19 07:50:56.5 2456827.8270 ccd140618.0221         [07:52:00.3
NOAO-13B-0270  OBJECT 2014KS40_8          20.0 V       20:58:41 2014-06-19 07:52:02.9 2456827.8278 ccd140618.0222         [07:53:07.8
NOAO-13B-0270  OBJECT 2014KS40_8          20.0 V       20:59:48 2014-06-19 07:53:09.5 2456827.8286 ccd140618.0223         [07:54:13.4
NOAO-13B-0270  OBJECT 2014KS40_8          20.0 V       21:00:55 2014-06-19 07:54:16.0 2456827.8294 ccd140618.0224         [07:55:20.8
NOAO-13B-0270  OBJECT 2014KS40_9          20.0 V       21:02:43 2014-06-19 07:56:03.9 2456827.8306 ccd140618.0225         [07:57:07.8
NOAO-13B-0270  OBJECT 2014KS40_9          20.0 V       21:03:50 2014-06-19 07:57:10.3 2456827.8314 ccd140618.0226         [07:58:15.1
NOAO-13B-0270  OBJECT 2014KS40_9          20.0 V       21:04:56 2014-06-19 07:58:16.8 2456827.8321 ccd140618.0227         [07:59:20.7
NOAO-13B-0270  OBJECT 2014KS40_9          20.0 V       21:06:03 2014-06-19 07:59:23.2 2456827.8329 ccd140618.0228         [08:00:28.2
NOAO-13B-0270  OBJECT 2014KS40_9          20.0 V       21:07:10 2014-06-19 08:00:29.6 2456827.8337 ccd140618.0229         [08:01:33.5
NOAO-13B-0270  OBJECT 2014KS40_9          20.0 V       21:08:16 2014-06-19 08:01:36.0 2456827.8344 ccd140618.0230         [08:02:41.4
NOAO-13B-0270  OBJECT 2014KS40_9          20.0 V       21:09:23 2014-06-19 08:02:42.5 2456827.8352 ccd140618.0231         [08:03:46.4
NOAO-13B-0270  OBJECT 2014KS40_9          20.0 V       21:10:29 2014-06-19 08:03:48.9 2456827.8360 ccd140618.0232         [08:04:53.7
NOAO-13B-0270  OBJECT 2014KS40_9          20.0 V       21:11:36 2014-06-19 08:04:55.3 2456827.8368 ccd140618.0233         [08:05:59.2
NOAO-13B-0270  OBJECT 2014KS40_9          20.0 V       21:12:43 2014-06-19 08:06:01.8 2456827.8375 ccd140618.0234         [08:07:07.1
NOAO-13B-0270  OBJECT 2014KS40_9          20.0 V       21:13:49 2014-06-19 08:07:08.2 2456827.8383 ccd140618.0235         [08:08:12.1
NOAO-13B-0270  OBJECT 2014KS40_9          20.0 V       21:14:56 2014-06-19 08:08:14.7 2456827.8391 ccd140618.0236         [08:09:19.5
NOAO-13B-0270  OBJECT 2014KS40_9          20.0 V       21:16:02 2014-06-19 08:09:21.1 2456827.8398 ccd140618.0237         [08:10:25.0
NOAO-13B-0270  OBJECT 2014KS40_9          20.0 V       21:17:09 2014-06-19 08:10:27.6 2456827.8406 ccd140618.0238         [08:11:32.4
NOAO-13B-0270  OBJECT 2014KS40_9          20.0 V       21:18:16 2014-06-19 08:11:34.1 2456827.8414 ccd140618.0239         [08:12:38.0
NOAO-13B-0270  OBJECT 2014KS40_9          20.0 V       21:19:23 2014-06-19 08:12:40.6 2456827.8421 ccd140618.0240         [08:13:45.7
NOAO-13B-0270  OBJECT 2014KS40_9          20.0 V       21:20:29 2014-06-19 08:13:47.0 2456827.8429 ccd140618.0241         [08:14:50.9
NOAO-13B-0270  OBJECT 2014KS40_9          20.0 V       21:21:36 2014-06-19 08:14:53.4 2456827.8437 ccd140618.0242         [08:15:58.3
NOAO-13B-0270  OBJECT 2014KS40_9          20.0 V       21:22:42 2014-06-19 08:15:59.9 2456827.8445 ccd140618.0243         [08:17:03.8
NOAO-13B-0270  OBJECT 2014KS40_9          20.0 V       21:23:49 2014-06-19 08:17:06.4 2456827.8452 ccd140618.0244         [08:18:11.2
CHILE-06B-0288 OBJECT J2215              400.0 R       21:27:53 2014-06-19 08:21:09.9 2456827.8480 ccd140618.0245         [08:28:33.8
CHILE-06B-0288 OBJECT J2218              400.0 R       21:35:59 2014-06-19 08:29:14.1 2456827.8536 ccd140618.0246         [08:36:39.3
CHILE-06B-0288 OBJECT CT975              250.0 R       21:45:38 2014-06-19 08:38:51.3 2456827.8603 ccd140618.0247         [08:43:45.1
GSU-03A-0006   OBJECT pks2142-75          35.0 K       21:53:22 2014-06-19 08:46:34.2 2456827.8657 ir140618.0202          [08:47:26.8
GSU-03A-0006   OBJECT pks2142-75          35.0 K       21:54:13 2014-06-19 08:47:25.2 2456827.8663 ir140618.0203          [08:48:16.9
GSU-03A-0006   OBJECT pks2142-75          35.0 K       21:55:05 2014-06-19 08:48:16.8 2456827.8669 ir140618.0204          [08:49:09.6
GSU-03A-0006   OBJECT pks2142-75          35.0 K       21:55:56 2014-06-19 08:49:08.1 2456827.8675 ir140618.0205          [08:49:59.6
GSU-03A-0006   OBJECT pks2142-75         180.0 R       21:53:24 2014-06-19 08:46:36.6 2456827.8657 ccd140618.0248         [08:50:22.2
YALE-08A-0001  OBJECT 2142-75             30.1 J       21:59:26 2014-06-19 08:52:37.6 2456827.8699 ir140618.0206          [08:53:23.9
YALE-08A-0001  OBJECT 2142-75             30.1 J       22:00:12 2014-06-19 08:53:23.6 2456827.8704 ir140618.0207          [08:54:10.9
YALE-08A-0001  OBJECT 2142-75             70.0 R       21:59:29 2014-06-19 08:52:40.1 2456827.8699 ccd140618.0249         [08:54:34.0
YALE-08A-0001  OBJECT 2142-75             30.0 J       22:00:59 2014-06-19 08:54:09.9 2456827.8709 ir140618.0208          [08:54:57.5
YALE-08A-0001  OBJECT 2142-75             30.1 J       22:01:45 2014-06-19 08:54:56.4 2456827.8715 ir140618.0209          [08:55:42.7
YALE-08A-0001  OBJECT 2142-75             30.1 J       22:02:31 2014-06-19 08:55:42.4 2456827.8720 ir140618.0210          [08:56:29.9
YALE-08A-0001  OBJECT 2142-75             30.0 K       22:03:26 2014-06-19 08:56:36.8 2456827.8726 ir140618.0211          [08:57:23.1
YALE-08A-0001  OBJECT 2142-75             30.1 K       22:04:12 2014-06-19 08:57:22.8 2456827.8732 ir140618.0212          [08:58:10.5
YALE-08A-0001  OBJECT 2142-75             90.0 B       22:03:28 2014-06-19 08:56:39.1 2456827.8727 ccd140618.0250         [08:58:53.0
YALE-08A-0001  OBJECT 2142-75             30.0 K       22:04:58 2014-06-19 08:58:09.0 2456827.8737 ir140618.0213          [08:58:56.6
YALE-08A-0001  OBJECT 2142-75             30.1 K       22:05:45 2014-06-19 08:58:55.4 2456827.8743 ir140618.0214          [08:59:41.7
YALE-08A-0001  OBJECT 2142-75             30.1 K       22:06:37 2014-06-19 08:59:47.1 2456827.8748 ir140618.0215          [09:00:34.5
YALE-08A-0001  OBJECT 2142-75             30.0 K       22:07:23 2014-06-19 09:00:33.3 2456827.8754 ir140618.0216          [09:01:19.6
YALE-08A-0001  OBJECT 2142-75             70.0 V       22:06:39 2014-06-19 08:59:49.5 2456827.8749 ccd140618.0251         [09:01:44.2
YALE-08A-0001  OBJECT 2142-75             30.1 K       22:08:09 2014-06-19 09:01:19.4 2456827.8759 ir140618.0217          [09:02:05.8
YALE-08A-0001  OBJECT 2142-75             30.0 K       22:08:56 2014-06-19 09:02:05.6 2456827.8765 ir140618.0218          [09:02:53.5
YALE-08A-0001  OBJECT 3C454.3             30.0 J       22:12:30 2014-06-19 09:05:39.0 2456827.8789 ir140618.0219          [09:06:25.5
YALE-08A-0001  OBJECT 3C454.3             30.0 J       22:13:16 2014-06-19 09:06:25.2 2456827.8795 ir140618.0220          [09:07:12.8
YALE-08A-0001  OBJECT 3C454.3             70.0 R       22:12:32 2014-06-19 09:05:41.4 2456827.8790 ccd140618.0252         [09:07:35.3
YALE-08A-0001  OBJECT 3C454.3             30.0 J       22:14:03 2014-06-19 09:07:11.6 2456827.8800 ir140618.0221          [09:07:59.1
YALE-08A-0001  OBJECT 3C454.3             30.0 J       22:14:49 2014-06-19 09:07:58.2 2456827.8805 ir140618.0222          [09:08:44.6
YALE-08A-0001  OBJECT 3C454.3             30.0 J       22:15:36 2014-06-19 09:08:44.4 2456827.8811 ir140618.0223          [09:09:32.0
YALE-08A-0001  OBJECT 3C454.3             30.1 K       22:16:30 2014-06-19 09:09:38.5 2456827.8817 ir140618.0224          [09:10:25.0
YALE-08A-0001  OBJECT 3C454.3             30.1 K       22:17:16 2014-06-19 09:10:24.5 2456827.8822 ir140618.0225          [09:11:11.9
YALE-08A-0001  OBJECT 3C454.3             90.0 B       22:16:32 2014-06-19 09:09:41.0 2456827.8817 ccd140618.0253         [09:11:54.9
YALE-08A-0001  OBJECT 3C454.3             30.0 K       22:18:02 2014-06-19 09:11:10.7 2456827.8828 ir140618.0226          [09:11:58.3
YALE-08A-0001  OBJECT 3C454.3             30.0 K       22:18:49 2014-06-19 09:11:57.2 2456827.8833 ir140618.0227          [09:12:43.7
YALE-08A-0001  OBJECT 3C454.3             30.1 K       22:19:40 2014-06-19 09:12:48.6 2456827.8839 ir140618.0228          [09:13:36.3
YALE-08A-0001  OBJECT 3C454.3             30.0 K       22:20:26 2014-06-19 09:13:34.6 2456827.8844 ir140618.0229          [09:14:21.4
YALE-08A-0001  OBJECT 3C454.3             70.0 V       22:19:43 2014-06-19 09:12:51.1 2456827.8839 ccd140618.0254         [09:14:45.8
YALE-08A-0001  OBJECT 3C454.3             30.1 K       22:21:14 2014-06-19 09:14:21.3 2456827.8850 ir140618.0230          [09:15:07.7
YALE-08A-0001  OBJECT 3C454.3             30.0 K       22:22:00 2014-06-19 09:15:07.7 2456827.8855 ir140618.0231          [09:15:55.3
