Project        ImType Object           ExpTime Filter  LST      UTDate     UTC        JD           Filename               [Logged@UT]
ALL            BIAS   BIASES               0.0 V       10:27:01 2014-06-15 21:33:53.7 2456824.3985 ccd140615bias.0001     [21:34:38.6
ALL            BIAS   BIASES               0.0 V       10:27:47 2014-06-15 21:34:40.1 2456824.3991 ccd140615bias.0002     [21:35:23.9
ALL            BIAS   BIASES               0.0 V       10:28:34 2014-06-15 21:35:26.6 2456824.3996 ccd140615bias.0003     [21:36:11.3
ALL            BIAS   BIASES               0.0 V       10:29:21 2014-06-15 21:36:13.0 2456824.4002 ccd140615bias.0004     [21:36:56.8
ALL            BIAS   BIASES               0.0 V       10:34:08 2014-06-15 21:40:59.3 2456824.4035 ccd140615bias.0005     [21:41:43.9
ALL            BIAS   BIASES               0.0 V       10:34:55 2014-06-15 21:41:46.3 2456824.4040 ccd140615bias.0006     [21:42:30.1
ALL            BIAS   BIASES               0.0 V       10:36:06 2014-06-15 21:42:57.1 2456824.4048 ccd140615bias.0007     [21:43:41.6
ALL            BIAS   BIASES               0.0 V       10:36:53 2014-06-15 21:43:44.1 2456824.4054 ccd140615bias.0008     [21:44:27.9
ALL            BIAS   BIASES               0.0 V       10:37:45 2014-06-15 21:44:36.2 2456824.4060 ccd140615bias.0009     [21:45:20.8
ALL            BIAS   BIASES               0.0 V       10:38:32 2014-06-15 21:45:23.1 2456824.4065 ccd140615bias.0010     [21:46:06.9
ALL            OBJECT focus                7.0 H       11:26:41 2014-06-15 22:33:23.7 2456824.4399 irfoco.0001            [22:33:47.8
ALL            OBJECT focus               10.0 V       11:26:43 2014-06-15 22:33:26.4 2456824.4399 ccdfoco.0001           [22:34:20.2
ALL            OBJECT focus                7.0 H       11:27:45 2014-06-15 22:34:27.4 2456824.4406 irfoco.0002            [22:34:51.6
ALL            OBJECT focus               10.0 V       11:27:47 2014-06-15 22:34:30.1 2456824.4406 ccdfoco.0002           [22:35:23.9
ALL            OBJECT focus                7.0 H       11:28:59 2014-06-15 22:35:41.5 2456824.4414 irfoco.0003            [22:36:05.7
ALL            OBJECT focus               10.0 V       11:29:02 2014-06-15 22:35:44.0 2456824.4415 ccdfoco.0003           [22:36:37.9
YALE-08A-0001  OBJECT 3C279               30.0 J       11:37:48 2014-06-15 22:44:29.3 2456824.4476 ir140615.0001          [22:45:16.6
YALE-08A-0001  OBJECT 3C279               30.1 J       11:38:34 2014-06-15 22:45:15.2 2456824.4481 ir140615.0002          [22:46:01.6
YALE-08A-0001  OBJECT 3C279               70.0 R       11:37:51 2014-06-15 22:44:31.9 2456824.4476 ccd140615.0001         [22:46:26.5
YALE-08A-0001  OBJECT 3C279               30.1 J       11:39:21 2014-06-15 22:46:01.4 2456824.4486 ir140615.0003          [22:46:47.7
YALE-08A-0001  OBJECT 3C279               30.0 J       11:40:07 2014-06-15 22:46:47.8 2456824.4492 ir140615.0004          [22:47:35.1
YALE-08A-0001  OBJECT 3C279               30.0 J       11:40:53 2014-06-15 22:47:33.7 2456824.4497 ir140615.0005          [22:48:20.1
YALE-08A-0001  OBJECT 3C279               30.1 K       11:41:46 2014-06-15 22:48:26.9 2456824.4503 ir140615.0006          [22:49:14.1
YALE-08A-0001  OBJECT 3C279               30.1 K       11:42:32 2014-06-15 22:49:12.7 2456824.4508 ir140615.0007          [22:49:59.1
YALE-08A-0001  OBJECT 3C279               70.0 B       11:41:49 2014-06-15 22:48:29.4 2456824.4503 ccd140615.0002         [22:50:24.0
YALE-08A-0001  OBJECT 3C279               30.0 K       11:43:19 2014-06-15 22:49:58.8 2456824.4514 ir140615.0008          [22:50:45.2
YALE-08A-0001  OBJECT 3C279               30.1 K       11:44:05 2014-06-15 22:50:44.9 2456824.4519 ir140615.0009          [22:51:32.9
YALE-08A-0001  OBJECT 3C279               30.1 K       11:44:51 2014-06-15 22:51:30.9 2456824.4524 ir140615.0010          [22:52:17.4
YALE-08A-0001  OBJECT 3C279               30.0 K       11:45:42 2014-06-15 22:52:21.8 2456824.4530 ir140615.0011          [22:53:09.9
YALE-08A-0001  OBJECT 3C279               30.0 K       11:46:28 2014-06-15 22:53:07.9 2456824.4536 ir140615.0012          [22:53:54.4
YALE-08A-0001  OBJECT 3C279               70.0 V       11:45:45 2014-06-15 22:52:24.4 2456824.4531 ccd140615.0003         [22:54:19.1
YALE-08A-0001  OBJECT 3C279               30.0 K       11:47:14 2014-06-15 22:53:54.1 2456824.4541 ir140615.0013          [22:54:40.5
YALE-08A-0001  OBJECT 3C279               30.1 K       11:48:01 2014-06-15 22:54:40.2 2456824.4546 ir140615.0014          [22:55:28.6
YALE-08A-0001  OBJECT 3C279               30.0 K       11:48:47 2014-06-15 22:55:26.4 2456824.4552 ir140615.0015          [22:56:12.8
OSU-03B-0001   OBJECT sdss1226           150.0 J       11:51:41 2014-06-15 22:58:20.0 2456824.4572 ir140615.0016          [23:01:07.5
OSU-03B-0001   OBJECT sdss1226           150.0 J       11:54:28 2014-06-15 23:01:05.9 2456824.4591 ir140615.0017          [23:03:52.2
OSU-03B-0001   OBJECT sdss1226           300.0 R       11:51:44 2014-06-15 22:58:22.6 2456824.4572 ccd140615.0004         [23:04:07.2
OSU-03B-0001   OBJECT sdss1226           150.0 J       11:57:14 2014-06-15 23:03:51.9 2456824.4610 ir140615.0018          [23:06:38.3
OSU-03B-0001   OBJECT sdss1226           150.0 J       12:00:00 2014-06-15 23:06:38.0 2456824.4629 ir140615.0019          [23:09:25.8
OSU-03B-0001   OBJECT sdss1226           300.0 R       11:57:31 2014-06-15 23:04:09.0 2456824.4612 ccd140615.0005         [23:09:52.8
OSU-03B-0001   OBJECT sdss1226           150.0 J       12:02:47 2014-06-15 23:09:23.8 2456824.4649 ir140615.0020          [23:12:11.1
OSU-03B-0001   OBJECT sdss1226           150.0 J       12:05:33 2014-06-15 23:12:09.7 2456824.4668 ir140615.0021          [23:14:56.1
OSU-03B-0001   OBJECT sdss1226           300.0 R       12:03:19 2014-06-15 23:09:55.6 2456824.4652 ccd140615.0006         [23:15:40.2
OSU-03B-0001   OBJECT sdss1226           150.0 J       12:09:10 2014-06-15 23:15:46.3 2456824.4693 ir140615.0022          [23:18:32.7
OSU-03B-0001   OBJECT sdss1226           150.0 J       12:11:57 2014-06-15 23:18:32.2 2456824.4712 ir140615.0023          [23:21:19.5
OSU-03B-0001   OBJECT sdss1226           300.0 B       12:09:13 2014-06-15 23:15:48.8 2456824.4693 ccd140615.0007         [23:22:59.0
OSU-03B-0001   OBJECT sdss1226           150.0 J       12:14:43 2014-06-15 23:21:18.4 2456824.4731 ir140615.0024          [23:24:05.9
OSU-03B-0001   OBJECT sdss1226           150.0 J       12:17:31 2014-06-15 23:24:05.2 2456824.4751 ir140615.0025          [23:28:27.8
OSU-03B-0001   OBJECT q1355              150.0 J       12:43:54 2014-06-15 23:50:24.4 2456824.4933 ir140615.0027          [23:53:11.8
OSU-03B-0001   OBJECT q1355              150.0 J       12:46:40 2014-06-15 23:53:10.3 2456824.4953 ir140615.0028          [23:55:56.7
OSU-03B-0001   OBJECT q1355              300.0 R       12:43:57 2014-06-15 23:50:26.9 2456824.4934 ccd140615.0010         [23:56:11.6
OSU-03B-0001   OBJECT q1355              150.0 J       12:49:27 2014-06-15 23:55:56.4 2456824.4972 ir140615.0029          [23:58:42.8
OSU-03B-0001   OBJECT q1355              150.0 J       12:52:14 2014-06-15 23:58:42.6 2456824.4991 ir140615.0030          [00:01:30.6
OSU-03B-0001   OBJECT q1355              300.0 R       12:49:44 2014-06-15 23:56:13.3 2456824.4974 ccd140615.0011         [00:01:57.1
OSU-03B-0001   OBJECT q1355              150.0 J       12:55:00 2014-06-16 00:01:28.6 2456824.5010 ir140615.0031          [00:04:15.9
OSU-03B-0001   OBJECT q1355              150.0 J       12:57:47 2014-06-16 00:04:14.5 2456824.5030 ir140615.0032          [00:07:00.9
OSU-03B-0001   OBJECT q1355              300.0 R       12:55:31 2014-06-16 00:01:59.8 2456824.5014 ccd140615.0012         [00:07:44.5
OSU-03B-0001   OBJECT q1355              150.0 J       13:01:23 2014-06-16 00:07:50.3 2456824.5054 ir140615.0033          [00:10:36.7
OSU-03B-0001   OBJECT q1355              150.0 J       13:04:09 2014-06-16 00:10:36.5 2456824.5074 ir140615.0034          [00:13:23.7
OSU-03B-0001   OBJECT q1355              300.0 B       13:01:25 2014-06-16 00:07:52.8 2456824.5055 ccd140615.0013         [00:15:46.2
OSU-03B-0001   OBJECT q1355              150.0 J       13:06:56 2014-06-16 00:13:22.5 2456824.5093 ir140615.0035          [00:16:10.3
OSU-03B-0001   OBJECT q1355              150.0 J       13:09:43 2014-06-16 00:16:09.1 2456824.5112 ir140615.0036          [00:18:55.4
OSU-03B-0001   OBJECT q1355              300.0 B       13:07:13 2014-06-16 00:13:39.6 2456824.5095 ccd140615.0014         [00:19:24.2
OSU-03B-0001   OBJECT q1355              150.0 J       13:12:29 2014-06-16 00:18:55.0 2456824.5131 ir140615.0037          [00:21:41.5
OSU-03B-0001   OBJECT q1355              150.0 J       13:15:16 2014-06-16 00:21:41.2 2456824.5151 ir140615.0038          [00:24:28.8
OSU-03B-0001   OBJECT q1355              300.0 B       13:13:01 2014-06-16 00:19:26.5 2456824.5135 ccd140615.0015         [00:26:03.1
GSU-03A-0006   OBJECT 1553+113            25.0 K       13:35:23 2014-06-16 00:41:45.0 2456824.5290 ir140615.0039          [00:42:27.6
GSU-03A-0006   OBJECT 1553+113            25.0 K       13:36:04 2014-06-16 00:42:26.0 2456824.5295 ir140615.0040          [00:43:07.9
GSU-03A-0006   OBJECT 1553+113            25.0 K       13:36:46 2014-06-16 00:43:07.3 2456824.5299 ir140615.0041          [00:43:49.6
GSU-03A-0006   OBJECT 1553+113            25.0 K       13:37:27 2014-06-16 00:43:48.5 2456824.5304 ir140615.0042          [00:44:29.8
GSU-03A-0006   OBJECT 1553+113           140.0 R       13:35:26 2014-06-16 00:41:47.5 2456824.5290 ccd140615.0017         [00:44:52.2
YALE-03A-0001  OBJECT CenX-4              40.0 H       13:40:56 2014-06-16 00:47:16.4 2456824.5328 ir140615.0043          [00:48:12.8
YALE-03A-0001  OBJECT CenX-4              40.0 H       13:41:52 2014-06-16 00:48:12.3 2456824.5335 ir140615.0044          [00:49:09.6
YALE-03A-0001  OBJECT CenX-4              40.0 H       13:42:48 2014-06-16 00:49:08.4 2456824.5341 ir140615.0045          [00:50:04.8
YALE-03A-0001  OBJECT CenX-4              40.0 H       13:43:44 2014-06-16 00:50:04.6 2456824.5348 ir140615.0046          [00:51:01.9
YALE-03A-0001  OBJECT CenX-4              40.0 H       13:44:40 2014-06-16 00:51:00.5 2456824.5354 ir140615.0047          [00:51:56.9
YALE-03A-0001  OBJECT CenX-4              40.0 H       13:45:37 2014-06-16 00:51:56.6 2456824.5361 ir140615.0048          [00:52:54.0
YALE-03A-0001  OBJECT CenX-4             300.0 V       13:40:58 2014-06-16 00:47:18.9 2456824.5329 ccd140615.0018         [00:53:02.6
YALE-03A-0001  OBJECT CenX-4              40.0 H       13:46:50 2014-06-16 00:53:10.0 2456824.5369 ir140615.0049          [00:54:07.3
YALE-03A-0001  OBJECT CenX-4              40.0 H       13:47:46 2014-06-16 00:54:06.0 2456824.5376 ir140615.0050          [00:55:02.5
YALE-03A-0001  OBJECT CenX-4              40.0 H       13:48:43 2014-06-16 00:55:02.5 2456824.5382 ir140615.0051          [00:55:59.7
YALE-03A-0001  OBJECT CenX-4              40.0 H       13:49:39 2014-06-16 00:55:58.7 2456824.5389 ir140615.0052          [00:56:55.2
YALE-03A-0001  OBJECT CenX-4              40.0 H       13:50:35 2014-06-16 00:56:54.6 2456824.5395 ir140615.0053          [00:57:52.0
YALE-03A-0001  OBJECT CenX-4              40.0 H       13:51:32 2014-06-16 00:57:50.8 2456824.5402 ir140615.0054          [00:58:47.2
YALE-03A-0001  OBJECT CenX-4             300.0 I       13:46:53 2014-06-16 00:53:12.4 2456824.5370 ccd140615.0019         [00:58:57.0
OSU-03A-0001   OBJECT OB140650            50.0 H       13:56:11 2014-06-16 01:02:29.1 2456824.5434 ir140615.0055          [01:03:35.6
OSU-03A-0001   OBJECT OB140650            50.0 H       13:57:17 2014-06-16 01:03:35.1 2456824.5442 ir140615.0056          [01:04:42.4
OSU-03A-0001   OBJECT OB140650            50.0 H       13:58:23 2014-06-16 01:04:41.3 2456824.5449 ir140615.0057          [01:05:47.6
OSU-03A-0001   OBJECT OB140650            50.0 H       13:59:30 2014-06-16 01:05:47.9 2456824.5457 ir140615.0058          [01:06:55.3
OSU-03A-0001   OBJECT OB140650            50.0 H       14:00:36 2014-06-16 01:06:53.9 2456824.5465 ir140615.0059          [01:08:00.3
OSU-03A-0001   OBJECT OB140650           300.0 I       13:56:13 2014-06-16 01:02:31.6 2456824.5434 ccd140615.0020         [01:08:16.2
YALE-03A-0001  OBJECT 4U1543-47           30.1 J       14:03:39 2014-06-16 01:09:56.4 2456824.5486 ir140615.0060          [01:10:42.9
YALE-03A-0001  OBJECT 4U1543-47           30.0 J       14:04:26 2014-06-16 01:10:42.6 2456824.5491 ir140615.0061          [01:11:29.9
YALE-03A-0001  OBJECT 4U1543-47           30.1 J       14:05:12 2014-06-16 01:11:28.9 2456824.5496 ir140615.0062          [01:12:15.3
YALE-03A-0001  OBJECT 4U1543-47           30.0 J       14:05:58 2014-06-16 01:12:15.1 2456824.5502 ir140615.0063          [01:13:02.7
YALE-03A-0001  OBJECT 4U1543-47          180.0 V       14:03:42 2014-06-16 01:09:58.9 2456824.5486 ccd140615.0021         [01:13:42.9
YALE-03A-0001  OBJECT 4U1543-47           30.0 J       14:06:45 2014-06-16 01:13:01.3 2456824.5507 ir140615.0064          [01:13:48.7
YALE-03A-0001  OBJECT 4U1543-47           30.1 H       14:07:39 2014-06-16 01:13:55.5 2456824.5513 ir140615.0065          [01:14:41.9
YALE-03A-0001  OBJECT 4U1543-47           30.0 H       14:08:25 2014-06-16 01:14:41.5 2456824.5519 ir140615.0066          [01:15:28.8
YALE-03A-0001  OBJECT 4U1543-47           30.1 H       14:09:11 2014-06-16 01:15:27.9 2456824.5524 ir140615.0067          [01:16:14.2
YALE-03A-0001  OBJECT 4U1543-47           30.0 H       14:09:58 2014-06-16 01:16:14.3 2456824.5529 ir140615.0068          [01:17:01.6
YALE-03A-0001  OBJECT 4U1543-47          180.0 I       14:07:42 2014-06-16 01:13:58.1 2456824.5514 ccd140615.0022         [01:17:41.9
YALE-03A-0001  OBJECT 4U1543-47           30.0 H       14:10:44 2014-06-16 01:17:00.5 2456824.5535 ir140615.0069          [01:17:48.1
SUNY-04A-0011  OBJECT DE Cir              45.0 J       14:13:44 2014-06-16 01:19:59.1 2456824.5556 ir140615.0070          [01:21:43.6
SUNY-04A-0011  OBJECT DE Cir              45.0 J       14:14:45 2014-06-16 01:20:59.8 2456824.5562 ir140615.0071          [01:22:02.3
SUNY-04A-0011  OBJECT DE Cir              45.0 J       14:15:46 2014-06-16 01:22:00.9 2456824.5570 ir140615.0072          [01:23:46.2
SUNY-04A-0011  OBJECT DE Cir             154.0 I       14:13:46 2014-06-16 01:20:01.5 2456824.5556 ccd140615.0023         [01:33:49.0
SUNY-04A-0011  OBJECT DE Cir              45.0 H       14:17:39 2014-06-16 01:23:54.3 2456824.5583 ir140615.0073          [01:34:33.4
SUNY-04A-0011  OBJECT DE Cir              45.0 H       14:18:40 2014-06-16 01:24:55.1 2456824.5590 ir140615.0074          [01:34:34.6
SUNY-04A-0011  OBJECT DE Cir              45.0 H       14:19:42 2014-06-16 01:25:56.1 2456824.5597 ir140615.0075          [01:34:35.8
SUNY-04A-0011  OBJECT DE Cir             154.0 B       14:17:42 2014-06-16 01:23:56.8 2456824.5583 ccd140615.0024         [01:34:36.6
SUNY-04A-0011  OBJECT DE Cir              30.0 K       14:21:07 2014-06-16 01:27:21.8 2456824.5607 ir140615.0076          [01:34:37.8
SUNY-04A-0011  OBJECT DE Cir              30.0 K       14:21:53 2014-06-16 01:28:07.7 2456824.5612 ir140615.0077          [01:34:39.1
SUNY-04A-0011  OBJECT DE Cir              30.1 K       14:22:40 2014-06-16 01:28:53.9 2456824.5617 ir140615.0078          [01:34:40.3
SUNY-04A-0011  OBJECT DE Cir             109.0 V       14:21:10 2014-06-16 01:27:24.1 2456824.5607 ccd140615.0025         [01:34:41.1
SUNY-04A-0011  OBJECT DE Cir              30.0 K       14:23:49 2014-06-16 01:30:02.4 2456824.5625 ir140615.0079          [01:34:42.3
SUNY-04A-0011  OBJECT DE Cir              30.0 K       14:24:35 2014-06-16 01:30:48.6 2456824.5631 ir140615.0080          [01:34:43.6
SUNY-04A-0011  OBJECT DE Cir              30.0 K       14:25:21 2014-06-16 01:31:34.6 2456824.5636 ir140615.0081          [01:34:44.8
SUNY-04A-0011  OBJECT DE Cir             109.0 R       14:23:51 2014-06-16 01:30:04.9 2456824.5626 ccd140615.0026         [01:34:45.5
ALL            OBJECT TEST                 4.0 H       14:40:02 2014-06-16 01:46:13.2 2456824.5738 ir140615.0083          [01:46:34.5
ALL            OBJECT TEST                 5.0 R       14:40:04 2014-06-16 01:46:15.7 2456824.5738 ccd140615.0028         [01:47:57.4
ALL            OBJECT TEST                 4.0 H       14:56:36 2014-06-16 02:02:44.4 2456824.5852 ir140615.0085          [02:03:06.3
ALL            OBJECT TEST                 5.0 R       14:56:38 2014-06-16 02:02:47.0 2456824.5853 ccd140615.0030         [02:03:35.9
YALE-03A-0001  OBJECT XTEJ1550-564        70.0 J       14:58:22 2014-06-16 02:04:30.1 2456824.5865 ir140615.0086          [02:05:57.3
YALE-03A-0001  OBJECT XTEJ1550-564        70.0 J       14:59:48 2014-06-16 02:05:56.0 2456824.5875 ir140615.0087          [02:07:22.4
YALE-03A-0001  OBJECT XTEJ1550-564        70.0 J       15:01:14 2014-06-16 02:07:22.1 2456824.5885 ir140615.0088          [02:08:49.4
YALE-03A-0001  OBJECT XTEJ1550-564        70.0 J       15:02:41 2014-06-16 02:08:48.3 2456824.5894 ir140615.0089          [02:10:14.7
YALE-03A-0001  OBJECT XTEJ1550-564        70.0 J       15:04:07 2014-06-16 02:10:14.2 2456824.5905 ir140615.0090          [02:11:41.5
YALE-03A-0001  OBJECT XTEJ1550-564        70.0 J       15:05:33 2014-06-16 02:11:40.4 2456824.5914 ir140615.0091          [02:13:06.6
YALE-03A-0001  OBJECT XTEJ1550-564        70.0 J       15:07:00 2014-06-16 02:13:06.4 2456824.5924 ir140615.0092          [02:14:33.8
YALE-03A-0001  OBJECT XTEJ1550-564       600.0 V       14:58:24 2014-06-16 02:04:32.6 2456824.5865 ccd140615.0031         [02:15:16.4
YALE-03A-0001  OBJECT XTEJ1550-564        60.0 K       15:09:20 2014-06-16 02:15:26.7 2456824.5941 ir140615.0093          [02:16:44.0
YALE-03A-0001  OBJECT XTEJ1550-564        60.0 K       15:10:36 2014-06-16 02:16:42.6 2456824.5949 ir140615.0094          [02:17:58.9
YALE-03A-0001  OBJECT XTEJ1550-564        60.0 K       15:11:53 2014-06-16 02:17:58.9 2456824.5958 ir140615.0095          [02:19:16.2
YALE-03A-0001  OBJECT XTEJ1550-564        60.0 K       15:13:09 2014-06-16 02:19:15.0 2456824.5967 ir140615.0096          [02:20:31.3
YALE-03A-0001  OBJECT XTEJ1550-564        60.0 K       15:14:25 2014-06-16 02:20:30.9 2456824.5976 ir140615.0097          [02:21:48.1
YALE-03A-0001  OBJECT XTEJ1550-564        60.0 K       15:15:42 2014-06-16 02:21:47.0 2456824.5985 ir140615.0098          [02:23:03.3
YALE-03A-0001  OBJECT XTEJ1550-564        60.0 K       15:16:58 2014-06-16 02:23:03.2 2456824.5993 ir140615.0099          [02:24:20.4
YALE-03A-0001  OBJECT XTEJ1550-564       600.0 I       15:09:23 2014-06-16 02:15:29.3 2456824.5941 ccd140615.0032         [02:26:13.2
OSU-03A-0001   OBJECT OB140944            50.0 H       15:22:31 2014-06-16 02:28:35.6 2456824.6032 ir140615.0100          [02:29:43.0
OSU-03A-0001   OBJECT OB140944            50.0 H       15:23:38 2014-06-16 02:29:42.2 2456824.6040 ir140615.0101          [02:30:48.6
OSU-03A-0001   OBJECT OB140944            50.0 H       15:24:45 2014-06-16 02:30:48.4 2456824.6047 ir140615.0102          [02:31:55.7
OSU-03A-0001   OBJECT OB140944            50.0 H       15:25:51 2014-06-16 02:31:54.7 2456824.6055 ir140615.0103          [02:33:01.3
OSU-03A-0001   OBJECT OB140944            50.0 H       15:26:57 2014-06-16 02:33:00.7 2456824.6063 ir140615.0104          [02:34:08.0
OSU-03A-0001   OBJECT OB140944           300.0 I       15:22:34 2014-06-16 02:28:38.1 2456824.6032 ccd140615.0033         [02:34:21.9
OSU-03A-0001   OBJECT OB140805            50.0 H       15:29:23 2014-06-16 02:35:26.5 2456824.6080 ir140615.0105          [02:36:33.9
OSU-03A-0001   OBJECT OB140805            50.0 H       15:30:30 2014-06-16 02:36:32.5 2456824.6087 ir140615.0106          [02:37:38.9
OSU-03A-0001   OBJECT OB140805            50.0 H       15:31:36 2014-06-16 02:37:38.8 2456824.6095 ir140615.0107          [02:38:46.3
OSU-03A-0001   OBJECT OB140805            50.0 H       15:32:42 2014-06-16 02:38:44.9 2456824.6102 ir140615.0108          [02:39:51.3
OSU-03A-0001   OBJECT OB140805            50.0 H       15:33:48 2014-06-16 02:39:50.9 2456824.6110 ir140615.0109          [02:40:58.2
OSU-03A-0001   OBJECT OB140805           300.0 I       15:29:26 2014-06-16 02:35:29.1 2456824.6080 ccd140615.0034         [02:41:12.8
OSU-03A-0001   OBJECT OB141021            50.0 H       15:35:57 2014-06-16 02:41:58.6 2456824.6125 ir140615.0110          [02:43:06.1
OSU-03A-0001   OBJECT OB141021            50.0 H       15:37:03 2014-06-16 02:43:04.5 2456824.6132 ir140615.0111          [02:44:10.9
OSU-03A-0001   OBJECT OB141021            50.0 H       15:38:09 2014-06-16 02:44:10.7 2456824.6140 ir140615.0112          [02:45:19.1
OSU-03A-0001   OBJECT OB141021            50.0 H       15:39:16 2014-06-16 02:45:17.7 2456824.6148 ir140615.0113          [02:46:24.1
OSU-03A-0001   OBJECT OB141021            50.0 H       15:40:22 2014-06-16 02:46:23.5 2456824.6156 ir140615.0114          [02:47:30.8
OSU-03A-0001   OBJECT OB141021           300.0 I       15:35:59 2014-06-16 02:42:01.2 2456824.6125 ccd140615.0035         [02:47:45.0
OSU-03A-0001   OBJECT OB140807            50.0 H       15:43:47 2014-06-16 02:49:48.0 2456824.6179 ir140615.0115          [02:50:55.9
OSU-03A-0001   OBJECT OB140807            50.0 H       15:44:53 2014-06-16 02:50:53.8 2456824.6187 ir140615.0116          [02:52:00.2
OSU-03A-0001   OBJECT OB140807            50.0 H       15:44:53 2014-06-16 02:50:53.8 2456824.6187 ir140615.0117          [02:53:17.3
OSU-03A-0001   OBJECT OB140807            50.0 H       15:47:16 2014-06-16 02:53:16.1 2456824.6203 ir140615.0118          [02:54:22.5
OSU-03A-0001   OBJECT OB140807            50.0 H       15:48:22 2014-06-16 02:54:22.0 2456824.6211 ir140615.0119          [02:55:29.4
OSU-03A-0001   OBJECT OB140807           300.0 I       15:43:50 2014-06-16 02:49:50.6 2456824.6179 ccd140615.0036         [02:55:34.4
GSU-03A-0006   OBJECT 1622-297            35.0 H       15:51:56 2014-06-16 02:57:55.6 2456824.6236 ir140615.0120          [02:58:48.0
GSU-03A-0006   OBJECT 1622-297            35.0 H       15:52:47 2014-06-16 02:58:46.6 2456824.6242 ir140615.0121          [02:59:38.0
GSU-03A-0006   OBJECT 1622-297            35.0 H       15:53:39 2014-06-16 02:59:37.8 2456824.6247 ir140615.0122          [03:00:30.2
GSU-03A-0006   OBJECT 1622-297            35.0 H       15:54:30 2014-06-16 03:00:29.0 2456824.6253 ir140615.0123          [03:01:20.3
GSU-03A-0006   OBJECT 1622-297           180.0 R       15:51:59 2014-06-16 02:57:58.0 2456824.6236 ccd140615.0037         [03:01:42.6
YALE-03A-0001  OBJECT GX339-4             30.1 K       16:02:02 2014-06-16 03:07:59.9 2456824.6306 ir140615.0124          [03:08:46.2
YALE-03A-0001  OBJECT GX339-4             30.1 K       16:02:48 2014-06-16 03:08:45.8 2456824.6311 ir140615.0125          [03:09:33.0
YALE-03A-0001  OBJECT GX339-4             30.1 K       16:03:34 2014-06-16 03:09:32.1 2456824.6316 ir140615.0126          [03:10:18.5
YALE-03A-0001  OBJECT GX339-4             30.0 K       16:04:21 2014-06-16 03:10:18.3 2456824.6322 ir140615.0127          [03:11:05.6
YALE-03A-0001  OBJECT GX339-4            180.0 B       16:02:05 2014-06-16 03:08:02.3 2456824.6306 ccd140615.0038         [03:11:46.1
YALE-03A-0001  OBJECT GX339-4             30.1 K       16:05:07 2014-06-16 03:11:04.2 2456824.6327 ir140615.0128          [03:11:51.8
YALE-03A-0001  OBJECT GX339-4             30.1 J       16:06:00 2014-06-16 03:11:57.3 2456824.6333 ir140615.0129          [03:12:43.5
YALE-03A-0001  OBJECT GX339-4             30.0 J       16:06:46 2014-06-16 03:12:43.2 2456824.6338 ir140615.0130          [03:13:30.6
YALE-03A-0001  OBJECT GX339-4             30.1 J       16:07:33 2014-06-16 03:13:29.7 2456824.6344 ir140615.0131          [03:14:16.0
YALE-03A-0001  OBJECT GX339-4             30.0 J       16:08:19 2014-06-16 03:14:15.9 2456824.6349 ir140615.0132          [03:15:03.3
YALE-03A-0001  OBJECT GX339-4             30.0 J       16:09:05 2014-06-16 03:15:02.0 2456824.6354 ir140615.0133          [03:15:48.3
YALE-03A-0001  OBJECT GX339-4             30.1 J       16:09:52 2014-06-16 03:15:48.3 2456824.6360 ir140615.0134          [03:16:35.5
YALE-03A-0001  OBJECT GX339-4             30.0 J       16:10:38 2014-06-16 03:16:34.5 2456824.6365 ir140615.0135          [03:17:20.8
YALE-03A-0001  OBJECT GX339-4            300.0 V       16:06:03 2014-06-16 03:12:00.0 2456824.6333 ccd140615.0039         [03:17:44.5
YALE-03A-0001  OBJECT GX339-4             30.1 J       16:11:24 2014-06-16 03:17:20.6 2456824.6371 ir140615.0136          [03:18:06.9
YALE-03A-0001  OBJECT GX339-4             30.0 H       16:12:18 2014-06-16 03:18:14.2 2456824.6377 ir140615.0137          [03:19:01.4
YALE-03A-0001  OBJECT GX339-4             30.0 H       16:13:04 2014-06-16 03:19:00.2 2456824.6382 ir140615.0138          [03:19:46.5
YALE-03A-0001  OBJECT GX339-4             30.0 H       16:13:50 2014-06-16 03:19:46.3 2456824.6387 ir140615.0139          [03:20:33.6
YALE-03A-0001  OBJECT GX339-4             30.1 H       16:14:37 2014-06-16 03:20:32.6 2456824.6393 ir140615.0140          [03:21:18.9
YALE-03A-0001  OBJECT GX339-4            180.0 I       16:12:21 2014-06-16 03:18:16.7 2456824.6377 ccd140615.0040         [03:22:01.3
YALE-03A-0001  OBJECT GX339-4             30.0 H       16:15:23 2014-06-16 03:21:18.6 2456824.6398 ir140615.0141          [03:22:04.9
OSU-03A-0001   OBJECT OB140650            50.0 H       16:18:54 2014-06-16 03:24:48.6 2456824.6422 ir140615.0142          [03:25:56.4
OSU-03A-0001   OBJECT OB140650            50.0 H       16:20:00 2014-06-16 03:25:54.4 2456824.6430 ir140615.0143          [03:27:00.6
OSU-03A-0001   OBJECT OB140650            50.0 H       16:21:06 2014-06-16 03:27:00.5 2456824.6438 ir140615.0144          [03:28:07.7
OSU-03A-0001   OBJECT OB140650            50.0 H       16:22:12 2014-06-16 03:28:06.6 2456824.6445 ir140615.0145          [03:29:12.7
OSU-03A-0001   OBJECT OB140650            50.0 H       16:23:18 2014-06-16 03:29:12.3 2456824.6453 ir140615.0146          [03:30:19.4
OSU-03A-0001   OBJECT OB140650           300.0 I       16:18:56 2014-06-16 03:24:51.1 2456824.6423 ccd140615.0041         [03:30:35.0
OSU-03A-0001   OBJECT OB140670            50.0 H       16:25:43 2014-06-16 03:31:36.4 2456824.6469 ir140615.0147          [03:32:43.6
OSU-03A-0001   OBJECT OB140670            50.0 H       16:26:49 2014-06-16 03:32:43.2 2456824.6477 ir140615.0148          [03:33:49.4
OSU-03A-0001   OBJECT OB140670            50.0 H       16:27:56 2014-06-16 03:33:49.9 2456824.6485 ir140615.0149          [03:34:57.1
OSU-03A-0001   OBJECT OB140670            50.0 H       16:29:03 2014-06-16 03:34:56.0 2456824.6493 ir140615.0150          [03:36:02.3
OSU-03A-0001   OBJECT OB140670            50.0 H       16:30:09 2014-06-16 03:36:01.8 2456824.6500 ir140615.0151          [03:37:09.2
OSU-03A-0001   OBJECT OB140670           300.0 I       16:25:45 2014-06-16 03:31:38.8 2456824.6470 ccd140615.0042         [03:37:22.5
OSU-03A-0001   OBJECT OB140772            50.0 H       16:32:19 2014-06-16 03:38:11.9 2456824.6515 ir140615.0152          [03:39:19.0
OSU-03A-0001   OBJECT OB140772            50.0 H       16:33:25 2014-06-16 03:39:17.7 2456824.6523 ir140615.0153          [03:40:23.9
OSU-03A-0001   OBJECT OB140772            50.0 H       16:34:31 2014-06-16 03:40:23.8 2456824.6531 ir140615.0154          [03:41:31.1
OSU-03A-0001   OBJECT OB140772            50.0 H       16:35:38 2014-06-16 03:41:29.9 2456824.6538 ir140615.0155          [03:42:36.0
OSU-03A-0001   OBJECT OB140772            50.0 H       16:36:44 2014-06-16 03:42:35.6 2456824.6546 ir140615.0156          [03:43:42.9
OSU-03A-0001   OBJECT OB140772           300.0 I       16:32:22 2014-06-16 03:38:14.5 2456824.6516 ccd140615.0043         [03:43:58.4
OSU-03A-0001   OBJECT OB141050            50.0 H       16:38:49 2014-06-16 03:44:40.8 2456824.6560 ir140615.0157          [03:45:48.7
OSU-03A-0001   OBJECT OB141050            50.0 H       16:39:55 2014-06-16 03:45:46.8 2456824.6568 ir140615.0158          [03:46:53.0
OSU-03A-0001   OBJECT OB141050            50.0 H       16:41:02 2014-06-16 03:46:53.0 2456824.6576 ir140615.0159          [03:48:00.4
OSU-03A-0001   OBJECT OB141050            50.0 H       16:42:08 2014-06-16 03:47:59.1 2456824.6583 ir140615.0160          [03:49:05.3
OSU-03A-0001   OBJECT OB141050            50.0 H       16:43:14 2014-06-16 03:49:05.0 2456824.6591 ir140615.0161          [03:50:12.1
OSU-03A-0001   OBJECT OB141050           300.0 I       16:38:51 2014-06-16 03:44:43.2 2456824.6561 ccd140615.0044         [03:50:26.9
OSU-03A-0001   OBJECT OB140500            50.0 H       16:45:59 2014-06-16 03:51:49.9 2456824.6610 ir140615.0162          [03:52:57.1
OSU-03A-0001   OBJECT OB140500            50.0 H       16:47:05 2014-06-16 03:52:55.7 2456824.6618 ir140615.0163          [03:54:02.0
OSU-03A-0001   OBJECT OB140500            50.0 H       16:48:12 2014-06-16 03:54:01.9 2456824.6625 ir140615.0164          [03:55:09.0
OSU-03A-0001   OBJECT OB140500            50.0 H       16:49:18 2014-06-16 03:55:08.0 2456824.6633 ir140615.0165          [03:56:14.4
OSU-03A-0001   OBJECT OB140500            50.0 H       16:50:24 2014-06-16 03:56:14.0 2456824.6641 ir140615.0166          [03:57:21.3
OSU-03A-0001   OBJECT OB140500           300.0 I       16:46:02 2014-06-16 03:51:52.3 2456824.6610 ccd140615.0045         [03:57:36.2
SUNY-04A-0011  OBJECT N Sco 2014           4.0 J       16:53:45 2014-06-16 03:59:34.3 2456824.6664 ir140615.0167          [03:59:55.6
SUNY-04A-0011  OBJECT N Sco 2014           4.0 J       16:54:05 2014-06-16 03:59:54.2 2456824.6666 ir140615.0168          [04:00:14.4
SUNY-04A-0011  OBJECT N Sco 2014          10.0 I       16:53:48 2014-06-16 03:59:36.9 2456824.6664 ccd140615.0046         [04:00:31.8
SUNY-04A-0011  OBJECT N Sco 2014           4.0 J       16:54:25 2014-06-16 04:00:14.1 2456824.6668 ir140615.0169          [04:00:34.5
SUNY-04A-0011  OBJECT N Sco 2014           4.0 H       16:54:52 2014-06-16 04:00:40.9 2456824.6671 ir140615.0170          [04:01:02.3
SUNY-04A-0011  OBJECT N Sco 2014           4.0 H       16:55:12 2014-06-16 04:01:00.8 2456824.6674 ir140615.0171          [04:01:21.1
SUNY-04A-0011  OBJECT N Sco 2014           4.0 H       16:55:32 2014-06-16 04:01:20.9 2456824.6676 ir140615.0172          [04:01:42.3
SUNY-04A-0011  OBJECT N Sco 2014          30.0 B       16:54:54 2014-06-16 04:00:43.5 2456824.6672 ccd140615.0047         [04:01:57.4
SUNY-04A-0011  OBJECT N Sco 2014           4.0 K       16:56:15 2014-06-16 04:02:04.0 2456824.6681 ir140615.0173          [04:02:25.2
SUNY-04A-0011  OBJECT N Sco 2014           4.0 K       16:56:35 2014-06-16 04:02:23.8 2456824.6683 ir140615.0174          [04:02:44.1
SUNY-04A-0011  OBJECT N Sco 2014           4.0 K       16:56:55 2014-06-16 04:02:44.0 2456824.6686 ir140615.0175          [04:03:05.2
SUNY-04A-0011  OBJECT N Sco 2014          20.0 V       16:56:18 2014-06-16 04:02:06.5 2456824.6681 ccd140615.0048         [04:03:10.3
SUNY-04A-0011  OBJECT N Sco 2014           4.0 K       16:57:27 2014-06-16 04:03:16.0 2456824.6689 ir140615.0176          [04:03:37.3
SUNY-04A-0011  OBJECT N Sco 2014           4.0 K       16:57:47 2014-06-16 04:03:35.9 2456824.6692 ir140615.0177          [04:03:56.1
SUNY-04A-0011  OBJECT N Sco 2014           4.0 K       16:58:07 2014-06-16 04:03:55.9 2456824.6694 ir140615.0178          [04:04:17.5
SUNY-04A-0011  OBJECT N Sco 2014          15.0 R       16:57:30 2014-06-16 04:03:18.5 2456824.6690 ccd140615.0049         [04:04:18.3
SUNY-04A-0011  OBJECT N Oph 2009           4.0 J       17:05:39 2014-06-16 04:11:26.4 2456824.6746 ir140615.0179          [04:11:47.8
SUNY-04A-0011  OBJECT N Oph 2009           4.0 J       17:05:59 2014-06-16 04:11:46.4 2456824.6749 ir140615.0180          [04:12:07.4
SUNY-04A-0011  OBJECT N Oph 2009           5.0 I       17:05:42 2014-06-16 04:11:29.1 2456824.6746 ccd140615.0050         [04:12:18.7
SUNY-04A-0011  OBJECT N Oph 2009           4.0 J       17:06:20 2014-06-16 04:12:07.2 2456824.6751 ir140615.0181          [04:12:27.5
SUNY-04A-0011  OBJECT N Oph 2009           4.0 H       17:06:47 2014-06-16 04:12:34.3 2456824.6754 ir140615.0182          [04:12:56.1
SUNY-04A-0011  OBJECT N Oph 2009           4.0 H       17:07:07 2014-06-16 04:12:54.1 2456824.6756 ir140615.0183          [04:13:14.6
SUNY-04A-0011  OBJECT N Oph 2009           4.0 H       17:07:27 2014-06-16 04:13:14.3 2456824.6759 ir140615.0184          [04:13:35.5
SUNY-04A-0011  OBJECT N Oph 2009          30.0 B       17:06:50 2014-06-16 04:12:36.8 2456824.6754 ccd140615.0051         [04:13:50.6
SUNY-04A-0011  OBJECT N Oph 2009           4.0 K       17:08:11 2014-06-16 04:13:58.2 2456824.6764 ir140615.0185          [04:14:20.1
SUNY-04A-0011  OBJECT N Oph 2009           4.0 K       17:08:31 2014-06-16 04:14:18.0 2456824.6766 ir140615.0186          [04:14:38.5
SUNY-04A-0011  OBJECT N Oph 2009           4.0 K       17:08:52 2014-06-16 04:14:38.3 2456824.6768 ir140615.0187          [04:15:00.9
SUNY-04A-0011  OBJECT N Oph 2009          15.0 V       17:08:13 2014-06-16 04:13:59.7 2456824.6764 ccd140615.0052         [04:15:02.1
SUNY-04A-0011  OBJECT N Oph 2009           4.0 J       17:09:22 2014-06-16 04:15:08.3 2456824.6772 ir140615.0188          [04:15:30.8
SUNY-04A-0011  OBJECT N Oph 2009           4.0 J       17:09:42 2014-06-16 04:15:28.2 2456824.6774 ir140615.0189          [04:15:48.4
SUNY-04A-0011  OBJECT N Oph 2009           3.0 R       17:09:24 2014-06-16 04:15:10.7 2456824.6772 ccd140615.0053         [04:15:59.1
SUNY-04A-0011  OBJECT N Oph 2009           4.0 J       17:10:02 2014-06-16 04:15:48.1 2456824.6776 ir140615.0190          [04:16:08.5
CHILE-13B-0039 OBJECT V728 Sco           160.0 V       17:14:00 2014-06-16 04:19:46.2 2456824.6804 ccd140615.0054         [04:23:10.8
CHILE-13B-0039 OBJECT V728 Sco            80.0 V       17:17:32 2014-06-16 04:23:17.0 2456824.6828 ccd140615.0055         [04:25:20.7
OSU-03A-0001   OBJECT OB140678            50.0 H       18:15:38 2014-06-16 05:21:14.0 2456824.7231 ir140615.0191          [05:22:21.8
OSU-03A-0001   OBJECT OB140678            50.0 H       18:16:44 2014-06-16 05:22:19.8 2456824.7238 ir140615.0192          [05:23:26.1
OSU-03A-0001   OBJECT OB140678            50.0 H       18:17:51 2014-06-16 05:23:26.1 2456824.7246 ir140615.0193          [05:24:33.2
OSU-03A-0001   OBJECT OB140678            50.0 H       18:18:57 2014-06-16 05:24:32.2 2456824.7254 ir140615.0194          [05:25:38.5
OSU-03A-0001   OBJECT OB140678            50.0 H       18:20:03 2014-06-16 05:25:38.2 2456824.7261 ir140615.0195          [05:26:46.0
OSU-03A-0001   OBJECT OB140678           300.0 I       18:15:41 2014-06-16 05:21:16.6 2456824.7231 ccd140615.0056         [05:27:00.4
OSU-03A-0001   OBJECT OB140678            50.0 H       18:21:33 2014-06-16 05:27:07.5 2456824.7272 ir140615.0196          [05:28:15.3
OSU-03A-0001   OBJECT OB140678            50.0 H       18:22:38 2014-06-16 05:28:13.2 2456824.7279 ir140615.0197          [05:29:19.5
OSU-03A-0001   OBJECT OB140678            50.0 H       18:23:45 2014-06-16 05:29:19.4 2456824.7287 ir140615.0198          [05:30:26.6
OSU-03A-0001   OBJECT OB140678            50.0 H       18:24:51 2014-06-16 05:30:25.5 2456824.7295 ir140615.0199          [05:31:31.8
OSU-03A-0001   OBJECT OB140678            50.0 H       18:25:57 2014-06-16 05:31:31.4 2456824.7302 ir140615.0200          [05:32:38.7
OSU-03A-0001   OBJECT OB140678           300.0 V       18:21:35 2014-06-16 05:27:10.0 2456824.7272 ccd140615.0057         [05:32:53.7
OSU-03A-0001   OBJECT OB140866            50.0 H       18:28:26 2014-06-16 05:34:00.2 2456824.7319 ir140615.0201          [05:35:08.1
OSU-03A-0001   OBJECT OB140866            50.0 H       18:29:33 2014-06-16 05:35:06.1 2456824.7327 ir140615.0202          [05:36:12.4
OSU-03A-0001   OBJECT OB140866            50.0 H       18:30:39 2014-06-16 05:36:12.1 2456824.7335 ir140615.0203          [05:37:19.3
OSU-03A-0001   OBJECT OB140866            50.0 H       18:31:45 2014-06-16 05:37:18.4 2456824.7342 ir140615.0204          [05:38:24.5
OSU-03A-0001   OBJECT OB140866            50.0 H       18:32:52 2014-06-16 05:38:24.9 2456824.7350 ir140615.0205          [05:39:32.2
OSU-03A-0001   OBJECT OB140866           300.0 I       18:28:29 2014-06-16 05:34:02.7 2456824.7320 ccd140615.0058         [05:39:46.4
OSU-03A-0001   OBJECT OB140923            50.0 H       18:35:16 2014-06-16 05:40:48.5 2456824.7367 ir140615.0206          [05:41:55.7
OSU-03A-0001   OBJECT OB140923            50.0 H       18:36:22 2014-06-16 05:41:54.3 2456824.7374 ir140615.0207          [05:43:00.6
OSU-03A-0001   OBJECT OB140923            50.0 H       18:37:28 2014-06-16 05:43:00.4 2456824.7382 ir140615.0208          [05:44:07.7
OSU-03A-0001   OBJECT OB140923            50.0 H       18:38:34 2014-06-16 05:44:06.6 2456824.7390 ir140615.0209          [05:45:12.8
OSU-03A-0001   OBJECT OB140923            50.0 H       18:39:41 2014-06-16 05:45:12.4 2456824.7397 ir140615.0210          [05:46:19.8
OSU-03A-0001   OBJECT OB140923           300.0 I       18:35:18 2014-06-16 05:40:51.1 2456824.7367 ccd140615.0059         [05:46:34.9
OSU-03A-0001   OBJECT OB140896            50.0 H       18:42:24 2014-06-16 05:47:55.5 2456824.7416 ir140615.0211          [05:49:02.7
OSU-03A-0001   OBJECT OB140896            50.0 H       18:43:30 2014-06-16 05:49:01.4 2456824.7424 ir140615.0212          [05:50:07.7
OSU-03A-0001   OBJECT OB140896            50.0 H       18:44:36 2014-06-16 05:50:07.6 2456824.7431 ir140615.0213          [05:51:14.9
OSU-03A-0001   OBJECT OB140896            50.0 H       18:45:43 2014-06-16 05:51:13.9 2456824.7439 ir140615.0214          [05:52:20.2
OSU-03A-0001   OBJECT OB140896            50.0 H       18:46:49 2014-06-16 05:52:19.9 2456824.7447 ir140615.0215          [05:53:27.2
OSU-03A-0001   OBJECT OB140896           300.0 I       18:42:27 2014-06-16 05:47:58.0 2456824.7417 ccd140615.0060         [05:53:41.8
OSU-03A-0001   OBJECT MB14275             50.0 H       18:48:50 2014-06-16 05:54:20.2 2456824.7461 ir140615.0216          [05:55:28.1
OSU-03A-0001   OBJECT MB14275             50.0 H       18:49:56 2014-06-16 05:55:26.0 2456824.7468 ir140615.0217          [05:56:32.4
OSU-03A-0001   OBJECT MB14275             50.0 H       18:51:02 2014-06-16 05:56:32.2 2456824.7476 ir140615.0218          [05:57:39.6
OSU-03A-0001   OBJECT MB14275             50.0 H       18:52:09 2014-06-16 05:57:38.4 2456824.7484 ir140615.0219          [05:58:44.7
OSU-03A-0001   OBJECT MB14275             50.0 H       18:53:15 2014-06-16 05:58:44.3 2456824.7491 ir140615.0220          [05:59:51.6
OSU-03A-0001   OBJECT MB14275            300.0 I       18:48:52 2014-06-16 05:54:22.6 2456824.7461 ccd140615.0061         [06:00:06.4
YALE-03A-0001  OBJECT V4641               20.0 K       18:57:06 2014-06-16 06:02:35.1 2456824.7518 ir140615.0221          [06:03:12.3
YALE-03A-0001  OBJECT V4641               20.0 B       18:57:08 2014-06-16 06:02:37.5 2456824.7518 ccd140615.0062         [06:04:24.5
YALE-03A-0001  OBJECT V4641               20.0 K       18:57:06 2014-06-16 06:02:35.1 2456824.7518 ir140615.0221          [06:04:27.0
YALE-03A-0001  OBJECT V4641               20.0 K       18:57:42 2014-06-16 06:03:10.9 2456824.7522 ir140615.0223          [06:05:16.5
YALE-03A-0001  OBJECT V4641               20.0 B       18:58:15 2014-06-16 06:03:43.9 2456824.7526 ccd140615.0063         [06:05:17.7
YALE-03A-0001  OBJECT V4641               20.0 B       18:58:15 2014-06-16 06:03:43.9 2456824.7526 ccd140615.0064         [06:06:03.6
YALE-03A-0001  OBJECT V4641               15.0 I       19:00:46 2014-06-16 06:06:14.3 2456824.7543 ccd140615.0065         [06:07:14.4
YALE-03A-0001  OBJECT V4641               15.0 I       19:01:47 2014-06-16 06:07:15.7 2456824.7550 ccd140615.0066         [06:09:51.1
ALL            OBJECT test                 5.0 V       19:19:05 2014-06-16 06:24:30.4 2456824.7670 ccd140615.0069         [06:25:20.5
ALL            OBJECT test                 5.0 H       19:22:25 2014-06-16 06:27:50.3 2456824.7693 ir140615.0234          [06:28:11.7
ALL            OBJECT test                 5.0 V       19:22:28 2014-06-16 06:27:52.8 2456824.7694 ccd140615.0070         [06:28:42.5
YALE-03A-0001  OBJECT V4641               20.1 K       19:23:29 2014-06-16 06:28:54.0 2456824.7701 ir140615.0235          [06:30:13.5
YALE-03A-0001  OBJECT V4641               20.0 B       19:23:32 2014-06-16 06:28:56.5 2456824.7701 ccd140615.0071         [06:30:14.7
YALE-03A-0001  OBJECT V4641               20.1 K       19:24:06 2014-06-16 06:29:30.3 2456824.7705 ir140615.0236          [06:30:16.0
YALE-03A-0001  OBJECT V4641               20.1 K       19:24:42 2014-06-16 06:30:06.4 2456824.7709 ir140615.0237          [06:30:42.8
YALE-03A-0001  OBJECT V4641               20.0 K       19:25:18 2014-06-16 06:30:42.5 2456824.7713 ir140615.0238          [06:31:19.8
YALE-03A-0001  OBJECT V4641               20.1 K       19:25:54 2014-06-16 06:31:18.7 2456824.7717 ir140615.0239          [06:32:38.2
ALL            OBJECT test                 4.0 H       19:35:23 2014-06-16 06:40:45.7 2456824.7783 ir140615.0240          [06:41:06.9
ALL            OBJECT test                 5.0 B       19:35:26 2014-06-16 06:40:48.3 2456824.7783 ccd140615.0072         [06:41:37.1
CHILE-13B-0039 OBJECT V2572 Sgr           90.0 V       19:36:37 2014-06-16 06:41:59.7 2456824.7792 ccd140615.0073         [06:44:14.5
CHILE-13B-0039 OBJECT V2572 Sgr           45.0 V       19:38:58 2014-06-16 06:44:20.5 2456824.7808 ccd140615.0074         [06:45:49.4
LSU-14A-0001   OBJECT V1017 Sgr           60.0 J       19:41:52 2014-06-16 06:47:14.0 2456824.7828 ir140615.0241          [06:51:44.0
LSU-14A-0001   OBJECT V1017 Sgr          300.0 V       19:41:55 2014-06-16 06:47:16.4 2456824.7828 ccd140615.0075         [06:53:00.3
CHILE-13B-0039 OBJECT V373 Sct           220.0 V       19:49:53 2014-06-16 06:55:13.5 2456824.7884 ccd140615.0076         [06:59:38.1
CHILE-13B-0039 OBJECT V373 Sct           110.0 V       19:54:25 2014-06-16 06:59:44.4 2456824.7915 ccd140615.0077         [07:02:18.3
OSU-03A-0001   OBJECT OB140419            50.0 H       19:59:26 2014-06-16 07:04:45.3 2456824.7950 ir140615.0242          [07:05:53.3
OSU-03A-0001   OBJECT OB140419            50.0 H       20:00:33 2014-06-16 07:05:51.3 2456824.7957 ir140615.0243          [07:07:41.4
OSU-03A-0001   OBJECT OB140419            50.0 H       20:01:39 2014-06-16 07:06:57.5 2456824.7965 ir140615.0244          [07:08:06.0
OSU-03A-0001   OBJECT OB140419            50.0 H       20:02:46 2014-06-16 07:08:03.8 2456824.7973 ir140615.0245          [07:09:10.2
OSU-03A-0001   OBJECT OB140419            50.0 H       20:03:52 2014-06-16 07:09:09.9 2456824.7980 ir140615.0246          [07:10:18.6
OSU-03A-0001   OBJECT OB140419           300.0 I       19:59:29 2014-06-16 07:04:47.8 2456824.7950 ccd140615.0078         [07:10:31.6
OSU-03A-0001   OBJECT OB141049            50.0 H       20:06:48 2014-06-16 07:12:05.3 2456824.8001 ir140615.0247          [07:13:12.6
OSU-03A-0001   OBJECT OB141049            50.0 H       20:07:54 2014-06-16 07:13:11.3 2456824.8008 ir140615.0248          [07:15:10.1
ALL            OBJECT test                 5.0 H       20:25:59 2014-06-16 07:31:13.5 2456824.8134 ir140615.0251          [07:31:35.9
ALL            OBJECT test                 5.0 I       20:26:02 2014-06-16 07:31:16.0 2456824.8134 ccd140615.0080         [07:32:05.0
OSU-03A-0001   OBJECT OB140962            50.0 H       20:27:32 2014-06-16 07:32:46.4 2456824.8144 ir140615.0252          [07:33:53.9
OSU-03A-0001   OBJECT OB140962            50.0 H       20:28:39 2014-06-16 07:33:52.6 2456824.8152 ir140615.0253          [07:34:59.0
OSU-03A-0001   OBJECT OB140962            50.0 H       20:29:45 2014-06-16 07:34:58.9 2456824.8160 ir140615.0254          [07:36:06.2
OSU-03A-0001   OBJECT OB140962            50.0 H       20:30:51 2014-06-16 07:36:05.0 2456824.8167 ir140615.0255          [07:37:11.4
OSU-03A-0001   OBJECT OB140962            50.0 H       20:31:57 2014-06-16 07:37:10.9 2456824.8175 ir140615.0256          [07:38:18.3
OSU-03A-0001   OBJECT OB140962           300.0 I       20:27:35 2014-06-16 07:32:49.0 2456824.8145 ccd140615.0081         [07:38:32.8
OSU-03A-0001   OBJECT OB140962            50.0 H       20:33:27 2014-06-16 07:38:40.2 2456824.8185 ir140615.0257          [07:39:47.6
OSU-03A-0001   OBJECT OB140962            50.0 H       20:34:33 2014-06-16 07:39:46.3 2456824.8193 ir140615.0258          [07:40:52.7
OSU-03A-0001   OBJECT OB140962            50.0 H       20:35:40 2014-06-16 07:40:52.6 2456824.8201 ir140615.0259          [07:41:59.8
OSU-03A-0001   OBJECT OB140962            50.0 H       20:36:46 2014-06-16 07:41:58.8 2456824.8208 ir140615.0260          [07:43:05.2
OSU-03A-0001   OBJECT OB140962            50.0 H       20:37:52 2014-06-16 07:43:04.8 2456824.8216 ir140615.0261          [07:44:12.1
OSU-03A-0001   OBJECT OB140962           300.0 V       20:33:29 2014-06-16 07:38:42.6 2456824.8185 ccd140615.0082         [07:44:26.5
YALE-03A-0001  OBJECT AqlX-1              50.0 J       20:41:48 2014-06-16 07:46:59.8 2456824.8243 ir140615.0262          [07:48:07.1
YALE-03A-0001  OBJECT AqlX-1              50.0 J       20:42:54 2014-06-16 07:48:05.9 2456824.8251 ir140615.0263          [07:49:12.3
YALE-03A-0001  OBJECT AqlX-1              50.0 J       20:44:01 2014-06-16 07:49:12.0 2456824.8258 ir140615.0264          [07:50:19.3
YALE-03A-0001  OBJECT AqlX-1              50.0 J       20:45:07 2014-06-16 07:50:18.2 2456824.8266 ir140615.0265          [07:52:07.8
YALE-03A-0001  OBJECT AqlX-1              50.0 J       20:46:13 2014-06-16 07:51:24.1 2456824.8274 ir140615.0266          [07:52:31.4
YALE-03A-0001  OBJECT AqlX-1             300.0 R       20:41:50 2014-06-16 07:47:02.2 2456824.8243 ccd140615.0083         [07:53:29.1
YALE-08A-0001  OBJECT 1931+0938           30.0 J       20:49:35 2014-06-16 07:54:46.1 2456824.8297 ir140615.0267          [07:55:33.9
YALE-08A-0001  OBJECT 1931+0938           30.0 J       20:50:22 2014-06-16 07:55:32.0 2456824.8302 ir140615.0268          [07:56:18.4
YALE-08A-0001  OBJECT 1931+0938           30.0 J       20:51:08 2014-06-16 07:56:18.3 2456824.8308 ir140615.0269          [07:57:05.6
YALE-08A-0001  OBJECT 1931+0938          140.0 R       20:49:38 2014-06-16 07:54:48.5 2456824.8297 ccd140615.0084         [07:57:52.4
YALE-08A-0001  OBJECT 1931+0938           30.1 J       20:52:49 2014-06-16 07:57:59.2 2456824.8319 ir140615.0270          [07:58:46.6
YALE-08A-0001  OBJECT 1931+0938           30.0 J       20:53:35 2014-06-16 07:58:45.3 2456824.8325 ir140615.0271          [07:59:31.7
YALE-08A-0001  OBJECT 1931+0938           30.0 J       20:54:22 2014-06-16 07:59:31.5 2456824.8330 ir140615.0272          [08:00:18.8
YALE-08A-0001  OBJECT 1931+0938           30.0 J       20:55:08 2014-06-16 08:00:17.7 2456824.8335 ir140615.0273          [08:01:47.3
YALE-08A-0001  OBJECT 1931+0938          180.0 B       20:52:51 2014-06-16 07:58:01.6 2456824.8320 ccd140615.0085         [08:01:48.4
OSU-03A-0001   OBJECT OB140494            50.0 H       20:59:55 2014-06-16 08:05:03.5 2456824.8369 ir140615.0274          [08:06:09.9
OSU-03A-0001   OBJECT OB140494            50.0 H       21:01:01 2014-06-16 08:06:09.3 2456824.8376 ir140615.0275          [08:07:16.5
OSU-03A-0001   OBJECT OB140494            50.0 H       21:02:07 2014-06-16 08:07:15.3 2456824.8384 ir140615.0276          [08:09:14.6
ALL            OBJECT test                 5.0 H       21:19:02 2014-06-16 08:24:08.1 2456824.8501 ir140615.0279          [08:24:30.5
ALL            OBJECT test                 5.0 I       21:19:05 2014-06-16 08:24:10.6 2456824.8501 ccd140615.0087         [08:24:59.4
OSU-03A-0001   OBJECT OB140987            50.0 H       21:20:07 2014-06-16 08:25:13.0 2456824.8509 ir140615.0280          [08:26:20.3
OSU-03A-0001   OBJECT OB140987            50.0 H       21:21:14 2014-06-16 08:26:18.9 2456824.8516 ir140615.0281          [08:27:25.4
OSU-03A-0001   OBJECT OB140987            50.0 H       21:22:20 2014-06-16 08:27:25.2 2456824.8524 ir140615.0282          [08:28:32.4
OSU-03A-0001   OBJECT OB140987            50.0 H       21:23:26 2014-06-16 08:28:31.1 2456824.8531 ir140615.0283          [08:29:37.5
OSU-03A-0001   OBJECT OB140987            50.0 H       21:24:32 2014-06-16 08:29:36.9 2456824.8539 ir140615.0284          [08:30:44.2
OSU-03A-0001   OBJECT OB140987           300.0 I       21:20:10 2014-06-16 08:25:15.6 2456824.8509 ccd140615.0088         [08:30:59.6
OSU-03A-0001   OBJECT OB140914            50.0 H       21:26:38 2014-06-16 08:31:42.2 2456824.8554 ir140615.0285          [08:32:49.4
OSU-03A-0001   OBJECT OB140914            50.0 H       21:27:44 2014-06-16 08:32:48.3 2456824.8561 ir140615.0286          [08:33:54.7
OSU-03A-0001   OBJECT OB140914            50.0 H       21:28:51 2014-06-16 08:33:54.6 2456824.8569 ir140615.0287          [08:35:02.0
OSU-03A-0001   OBJECT OB140914            50.0 H       21:29:57 2014-06-16 08:35:00.6 2456824.8577 ir140615.0288          [08:36:07.0
OSU-03A-0001   OBJECT OB140914            50.0 H       21:31:02 2014-06-16 08:36:06.4 2456824.8584 ir140615.0289          [08:37:13.6
OSU-03A-0001   OBJECT OB140914           300.0 I       21:26:40 2014-06-16 08:31:44.8 2456824.8554 ccd140615.0089         [08:37:28.6
OSU-03A-0001   OBJECT OB140650            50.0 H       21:35:59 2014-06-16 08:41:02.2 2456824.8618 ir140615.0290          [08:42:10.1
OSU-03A-0001   OBJECT OB140650            50.0 H       21:37:05 2014-06-16 08:42:08.0 2456824.8626 ir140615.0291          [08:43:14.4
OSU-03A-0001   OBJECT OB140650            50.0 H       21:38:12 2014-06-16 08:43:14.1 2456824.8634 ir140615.0292          [08:44:21.4
OSU-03A-0001   OBJECT OB140650            50.0 H       21:39:18 2014-06-16 08:44:20.4 2456824.8641 ir140615.0293          [08:45:26.8
OSU-03A-0001   OBJECT OB140650            50.0 H       21:40:24 2014-06-16 08:45:26.3 2456824.8649 ir140615.0294          [08:46:33.6
OSU-03A-0001   OBJECT OB140650           300.0 I       21:36:02 2014-06-16 08:41:04.7 2456824.8619 ccd140615.0090         [08:46:48.5
OSU-03A-0001   OBJECT OB140650            50.0 H       21:42:36 2014-06-16 08:47:38.4 2456824.8664 ir140615.0295          [08:48:45.7
OSU-03A-0001   OBJECT OB140650            50.0 H       21:43:43 2014-06-16 08:48:44.3 2456824.8672 ir140615.0296          [08:49:50.6
OSU-03A-0001   OBJECT OB140650            50.0 H       21:44:49 2014-06-16 08:49:50.9 2456824.8679 ir140615.0297          [08:50:58.1
OSU-03A-0001   OBJECT OB140650            50.0 H       21:45:56 2014-06-16 08:50:57.1 2456824.8687 ir140615.0298          [08:52:03.5
OSU-03A-0001   OBJECT OB140650            50.0 H       21:47:02 2014-06-16 08:52:02.9 2456824.8695 ir140615.0299          [08:53:10.1
OSU-03A-0001   OBJECT OB140650           300.0 I       21:42:39 2014-06-16 08:47:41.0 2456824.8665 ccd140615.0091         [08:53:24.9
GSU-03A-0006   OBJECT pks2142-75          35.0 K       21:51:42 2014-06-16 08:56:42.1 2456824.8727 ir140615.0300          [08:57:34.4
GSU-03A-0006   OBJECT pks2142-75          35.0 K       21:52:33 2014-06-16 08:57:33.0 2456824.8733 ir140615.0301          [08:58:24.4
GSU-03A-0006   OBJECT pks2142-75          35.0 K       21:52:33 2014-06-16 08:57:33.0 2456824.8733 ir140615.0302          [08:59:26.4
GSU-03A-0006   OBJECT pks2142-75          35.0 K       21:54:25 2014-06-16 08:59:25.5 2456824.8746 ir140615.0303          [09:00:16.8
GSU-03A-0006   OBJECT pks2142-75         180.0 R       21:51:44 2014-06-16 08:56:44.6 2456824.8727 ccd140615.0092         [09:00:29.3
CHILE-06B-0288 OBJECT CT953b             250.0 R       21:59:00 2014-06-16 09:03:59.1 2456824.8778 ccd140615.0093         [09:08:52.9
CHILE-06B-0288 OBJECT CT953a             250.0 R       22:04:33 2014-06-16 09:09:31.4 2456824.8816 ccd140615.0094         [09:14:26.0
CHILE-06B-0288 OBJECT CT367              400.0 R       22:11:15 2014-06-16 09:16:12.1 2456824.8863 ccd140615.0095         [09:23:36.0
CHILE-14A-0077 OBJECT ASASSN-14az         60.0 J       22:23:14 2014-06-16 09:28:08.8 2456824.8945 ir140615.0304          [09:29:26.7
CHILE-14A-0077 OBJECT ASASSN-14az         60.0 B       22:23:16 2014-06-16 09:28:10.7 2456824.8946 ccd140615.0096         [09:29:54.6
CHILE-14A-0077 OBJECT ASASSN-14az         60.0 J       22:24:30 2014-06-16 09:29:24.7 2456824.8954 ir140615.0305          [09:30:42.4
CHILE-14A-0077 OBJECT ASASSN-14az         60.0 B       22:25:02 2014-06-16 09:29:57.3 2456824.8958 ccd140615.0097         [09:31:41.4
CHILE-14A-0077 OBJECT ASASSN-14az         60.0 J       22:25:46 2014-06-16 09:30:40.9 2456824.8963 ir140615.0306          [09:31:58.4
CHILE-14A-0077 OBJECT ASASSN-14az         60.0 H       22:27:09 2014-06-16 09:32:03.4 2456824.8973 ir140615.0307          [09:33:19.8
CHILE-14A-0077 OBJECT ASASSN-14az         60.0 V       22:27:11 2014-06-16 09:32:05.9 2456824.8973 ccd140615.0098         [09:33:50.6
CHILE-14A-0077 OBJECT ASASSN-14az         60.0 H       22:28:25 2014-06-16 09:33:19.4 2456824.8981 ir140615.0308          [09:34:35.8
CHILE-14A-0077 OBJECT ASASSN-14az         60.0 V       22:28:59 2014-06-16 09:33:52.9 2456824.8985 ccd140615.0099         [09:35:37.5
CHILE-14A-0077 OBJECT ASASSN-14az         60.0 H       22:29:42 2014-06-16 09:34:35.7 2456824.8990 ir140615.0309          [09:35:52.1
CHILE-14A-0077 OBJECT ASASSN-14az         30.0 K       22:31:06 2014-06-16 09:35:59.7 2456824.9000 ir140615.0310          [09:36:46.8
CHILE-14A-0077 OBJECT ASASSN-14az         40.0 I       22:31:08 2014-06-16 09:36:02.2 2456824.9000 ccd140615.0100         [09:37:26.1
CHILE-14A-0077 OBJECT ASASSN-14az         30.1 K       22:31:52 2014-06-16 09:36:45.6 2456824.9005 ir140615.0311          [09:37:33.1
CHILE-14A-0077 OBJECT ASASSN-14az         30.0 K       22:32:38 2014-06-16 09:37:32.1 2456824.9011 ir140615.0312          [09:38:18.5
CHILE-14A-0077 OBJECT ASASSN-14az         40.0 I       22:32:35 2014-06-16 09:37:28.7 2456824.9010 ccd140615.0101         [09:38:53.3
CHILE-14A-0077 OBJECT ASASSN-14az         30.1 K       22:33:25 2014-06-16 09:38:18.4 2456824.9016 ir140615.0313          [09:39:04.8
