Project        ImType Object           ExpTime Filter  LST      UTDate     UTC        JD           Filename               [Logged@UT]
ALL            BIAS   BIASES               0.0 V       10:37:18 2014-06-21 21:20:33.7 2456830.3893 ccd140621bias.0001     [21:21:18.7
ALL            BIAS   BIASES               0.0 V       10:38:05 2014-06-21 21:21:20.1 2456830.3898 ccd140621bias.0002     [21:22:04.0
ALL            BIAS   BIASES               0.0 V       10:38:51 2014-06-21 21:22:06.6 2456830.3904 ccd140621bias.0003     [21:22:51.3
ALL            BIAS   BIASES               0.0 V       10:39:38 2014-06-21 21:22:53.0 2456830.3909 ccd140621bias.0004     [21:23:36.8
ALL            BIAS   BIASES               0.0 V       10:40:24 2014-06-21 21:23:39.4 2456830.3914 ccd140621bias.0005     [21:24:24.2
ALL            BIAS   BIASES               0.0 V       10:41:11 2014-06-21 21:24:26.0 2456830.3920 ccd140621bias.0006     [21:25:09.9
ALL            BIAS   BIASES               0.0 V       10:41:57 2014-06-21 21:25:12.4 2456830.3925 ccd140621bias.0007     [21:25:57.2
ALL            BIAS   BIASES               0.0 V       10:42:44 2014-06-21 21:25:58.8 2456830.3930 ccd140621bias.0008     [21:26:42.6
ALL            BIAS   BIASES               0.0 V       10:43:30 2014-06-21 21:26:45.2 2456830.3936 ccd140621bias.0009     [21:27:30.3
ALL            BIAS   BIASES               0.0 V       10:44:17 2014-06-21 21:27:31.6 2456830.3941 ccd140621bias.0010     [21:28:15.9
ALL            OBJECT focus                7.0 H       12:13:26 2014-06-21 22:56:26.0 2456830.4559 irfoco.0001            [22:56:50.1
ALL            OBJECT focus               10.0 V       12:13:28 2014-06-21 22:56:28.3 2456830.4559 ccdfoco.0001           [22:57:22.3
ALL            OBJECT focus                7.0 H       12:14:49 2014-06-21 22:57:48.3 2456830.4568 irfoco.0002            [22:58:12.4
ALL            OBJECT focus               10.0 V       12:14:51 2014-06-21 22:57:50.8 2456830.4568 ccdfoco.0002           [22:58:44.8
ALL            OBJECT focus                7.0 H       12:16:25 2014-06-21 22:59:24.3 2456830.4579 irfoco.0003            [22:59:48.4
ALL            OBJECT focus               10.0 V       12:16:27 2014-06-21 22:59:26.7 2456830.4580 ccdfoco.0003           [23:00:20.7
ALL            OBJECT focus                7.0 H       12:17:34 2014-06-21 23:00:33.8 2456830.4587 irfoco.0004            [23:00:57.9
ALL            OBJECT focus               10.0 V       12:17:37 2014-06-21 23:00:36.2 2456830.4588 ccdfoco.0004           [23:01:30.1
ALL            OBJECT focus                7.0 H       12:18:49 2014-06-21 23:01:48.1 2456830.4596 irfoco.0005            [23:02:12.4
ALL            OBJECT focus               10.0 V       12:18:52 2014-06-21 23:01:50.6 2456830.4596 ccdfoco.0005           [23:02:44.6
ALL            OBJECT focus                7.0 H       12:20:24 2014-06-21 23:03:23.1 2456830.4607 irfoco.0006            [23:03:47.3
ALL            OBJECT focus               10.0 V       12:20:27 2014-06-21 23:03:25.5 2456830.4607 ccdfoco.0006           [23:04:19.4
ALL            OBJECT focus                7.0 H       12:22:24 2014-06-21 23:05:22.9 2456830.4621 irfoco.0007            [23:05:47.1
ALL            OBJECT focus               10.0 V       12:22:27 2014-06-21 23:05:25.4 2456830.4621 ccdfoco.0007           [23:06:19.3
ALL            OBJECT focus                7.0 H       12:24:04 2014-06-21 23:07:02.3 2456830.4632 irfoco.0008            [23:07:26.4
ALL            OBJECT focus               10.0 V       12:24:06 2014-06-21 23:07:04.8 2456830.4633 ccdfoco.0008           [23:07:58.7
ALL            OBJECT focus                7.0 H       12:25:13 2014-06-21 23:08:11.2 2456830.4640 irfoco.0009            [23:08:35.4
ALL            OBJECT focus               10.0 V       12:25:16 2014-06-21 23:08:13.7 2456830.4641 ccdfoco.0009           [23:09:07.7
ALL            OBJECT focus                7.0 H       12:26:37 2014-06-21 23:09:34.7 2456830.4650 irfoco.0010            [23:09:58.8
ALL            OBJECT focus               10.0 V       12:26:39 2014-06-21 23:09:37.2 2456830.4650 ccdfoco.0010           [23:10:31.1
NOAO-14A-0410  OBJECT LCAR                 4.0 H+ND4   12:31:35 2014-06-21 23:14:32.4 2456830.4684 irfoco.0011            [23:15:10.1
NOAO-14A-0410  OBJECT LCAR                 4.0 H+ND4   12:32:12 2014-06-21 23:15:08.9 2456830.4689 irfoco.0012            [23:15:45.5
NOAO-14A-0410  OBJECT LCAR                 4.0 H+ND4   12:32:49 2014-06-21 23:15:45.6 2456830.4693 irfoco.0013            [23:16:23.2
NOAO-14A-0410  OBJECT LCAR                 4.0 H+ND4   12:33:26 2014-06-21 23:16:22.4 2456830.4697 irfoco.0014            [23:16:59.0
NOAO-14A-0410  OBJECT LCAR                 4.0 H+ND4   12:34:02 2014-06-21 23:16:58.9 2456830.4701 irfoco.0015            [23:17:36.6
NOAO-14A-0410  OBJECT LCAR                 4.0 H+ND4   12:34:39 2014-06-21 23:17:35.6 2456830.4706 irfoco.0016            [23:18:12.3
NOAO-14A-0410  OBJECT LCAR                 4.0 H+ND4   12:35:16 2014-06-21 23:18:11.9 2456830.4710 irfoco.0017            [23:18:49.6
NOAO-14A-0410  OBJECT LCARRIGHT            4.0 H       12:36:37 2014-06-21 23:19:32.9 2456830.4719 irfoco.0018            [23:20:09.6
NOAO-14A-0410  OBJECT LCARRIGHT            4.0 H       12:37:13 2014-06-21 23:20:09.4 2456830.4723 irfoco.0019            [23:20:46.9
NOAO-14A-0410  OBJECT LCARLEFT            12.0 H       12:39:36 2014-06-21 23:22:31.7 2456830.4740 ir140621.0008          [23:23:32.3
NOAO-14A-0410  OBJECT LCARLEFT            12.0 H       12:40:36 2014-06-21 23:23:32.0 2456830.4747 ir140621.0009          [23:24:33.9
NOAO-14A-0410  OBJECT LCARLEFT            12.0 H       12:41:38 2014-06-21 23:24:32.9 2456830.4754 ir140621.0010          [23:25:33.3
NOAO-14A-0410  OBJECT LCARLEFT            12.0 H       12:42:38 2014-06-21 23:25:33.5 2456830.4761 ir140621.0011          [23:26:35.1
NOAO-14A-0410  OBJECT LCARLEFT            12.0 H       12:43:39 2014-06-21 23:26:33.8 2456830.4768 ir140621.0012          [23:27:34.4
NOAO-14A-0410  OBJECT LCARLEFT            12.0 H       12:44:39 2014-06-21 23:27:34.3 2456830.4775 ir140621.0013          [23:28:35.9
NOAO-14A-0410  OBJECT LCARLEFT            12.0 H       12:45:40 2014-06-21 23:28:35.0 2456830.4782 ir140621.0014          [23:29:35.8
NOAO-14A-0410  OBJECT LCARRIGHT            4.0 H       12:47:29 2014-06-21 23:30:23.0 2456830.4794 ir140621.0015          [23:31:00.6
NOAO-14A-0410  OBJECT LCARRIGHT            4.0 H       12:48:05 2014-06-21 23:30:59.3 2456830.4798 ir140621.0016          [23:31:35.9
NOAO-14A-0410  OBJECT LCARRIGHT            4.0 H       12:48:05 2014-06-21 23:30:59.3 2456830.4798 ir140621.0017          [23:32:23.2
NOAO-14A-0410  OBJECT LCARRIGHT            4.0 H       12:49:28 2014-06-21 23:32:22.1 2456830.4808 ir140621.0018          [23:32:58.7
NOAO-14A-0410  OBJECT LCARRIGHT            4.0 H       12:50:05 2014-06-21 23:32:58.5 2456830.4812 ir140621.0019          [23:33:35.9
NOAO-14A-0410  OBJECT LCARRIGHT            4.0 H       12:50:41 2014-06-21 23:33:34.9 2456830.4817 ir140621.0020          [23:34:11.5
NOAO-14A-0410  OBJECT LCARRIGHT            4.0 H       12:50:41 2014-06-21 23:33:34.9 2456830.4817 ir140621.0021          [23:34:58.9
NOAO-14A-0016  OBJECT WASP-19             30.0 V       12:55:38 2014-06-21 23:38:31.3 2456830.4851 ccd140621.0001         [23:39:45.1
NOAO-14A-0016  OBJECT WASP-19             30.0 V       12:56:55 2014-06-21 23:39:47.7 2456830.4860 ccd140621.0002         [23:41:02.5
NOAO-14A-0016  OBJECT WASP-19             30.0 V       12:58:12 2014-06-21 23:41:04.2 2456830.4869 ccd140621.0003         [23:42:18.0
NOAO-14A-0016  OBJECT WASP-19             30.0 V       12:59:28 2014-06-21 23:42:20.6 2456830.4877 ccd140621.0004         [23:43:35.3
NOAO-14A-0016  OBJECT WASP-19             30.0 V       13:00:45 2014-06-21 23:43:37.0 2456830.4886 ccd140621.0005         [23:44:50.9
NOAO-14A-0016  OBJECT WASP-19             30.0 V       13:02:01 2014-06-21 23:44:53.4 2456830.4895 ccd140621.0006         [23:46:08.1
CHILE-12B-0001 OBJECT V648 Car             5.0 B       13:05:32 2014-06-21 23:48:23.7 2456830.4919 ccd140621.0007         [23:49:12.6
CHILE-12B-0001 OBJECT V648 Car             5.0 V       13:06:29 2014-06-21 23:49:20.4 2456830.4926 ccd140621.0008         [23:50:10.2
CHILE-12B-0001 OBJECT V648 Car             3.0 R       13:07:26 2014-06-21 23:50:17.5 2456830.4933 ccd140621.0009         [23:51:04.4
CHILE-12B-0001 OBJECT V648 Car             2.0 I       13:08:24 2014-06-21 23:51:14.8 2456830.4939 ccd140621.0010         [23:52:01.6
YALE-03A-0001  OBJECT NovaMusca           70.0 J       13:14:03 2014-06-21 23:56:53.3 2456830.4978 ir140621.0022          [23:58:19.5
YALE-03A-0001  OBJECT NovaMusca           70.0 J       13:15:29 2014-06-21 23:58:19.2 2456830.4988 ir140621.0023          [23:59:46.4
YALE-03A-0001  OBJECT NovaMusca           70.0 J       13:16:56 2014-06-21 23:59:45.5 2456830.4998 ir140621.0024          [00:01:11.7
YALE-03A-0001  OBJECT NovaMusca           70.0 J       13:18:23 2014-06-22 00:01:11.9 2456830.5008 ir140621.0025          [00:02:39.1
YALE-03A-0001  OBJECT NovaMusca           70.0 J       13:19:49 2014-06-22 00:02:37.9 2456830.5018 ir140621.0026          [00:04:04.5
YALE-03A-0001  OBJECT NovaMusca           70.0 J       13:21:15 2014-06-22 00:04:04.2 2456830.5028 ir140621.0027          [00:05:31.4
YALE-03A-0001  OBJECT NovaMusca           70.0 J       13:22:42 2014-06-22 00:05:30.5 2456830.5038 ir140621.0028          [00:06:56.7
YALE-03A-0001  OBJECT NovaMusca          600.0 I       13:14:06 2014-06-21 23:56:55.9 2456830.4979 ccd140621.0011         [00:07:40.7
YALE-03A-0001  OBJECT NovaMusca           70.0 J       13:24:59 2014-06-22 00:07:47.1 2456830.5054 ir140621.0029          [00:09:13.3
YALE-03A-0001  OBJECT NovaMusca           70.0 J       13:26:25 2014-06-22 00:09:12.9 2456830.5064 ir140621.0030          [00:10:40.1
YALE-03A-0001  OBJECT NovaMusca           70.0 J       13:27:51 2014-06-22 00:10:39.1 2456830.5074 ir140621.0031          [00:12:05.3
YALE-03A-0001  OBJECT NovaMusca           70.0 J       13:29:18 2014-06-22 00:12:05.2 2456830.5084 ir140621.0032          [00:13:32.9
YALE-03A-0001  OBJECT NovaMusca           70.0 J       13:30:44 2014-06-22 00:13:31.0 2456830.5094 ir140621.0033          [00:14:57.2
YALE-03A-0001  OBJECT NovaMusca           70.0 J       13:32:10 2014-06-22 00:14:57.1 2456830.5104 ir140621.0034          [00:16:24.4
YALE-03A-0001  OBJECT NovaMusca           70.0 J       13:33:36 2014-06-22 00:16:23.2 2456830.5114 ir140621.0035          [00:17:49.4
YALE-03A-0001  OBJECT NovaMusca          600.0 V       13:25:01 2014-06-22 00:07:49.7 2456830.5054 ccd140621.0012         [00:18:34.5
CHILE-13B-0039 OBJECT RS Car             160.0 V       13:38:21 2014-06-22 00:21:07.5 2456830.5147 ccd140621.0013         [00:24:31.4
CHILE-13B-0039 OBJECT RS Car              80.0 V       13:41:53 2014-06-22 00:24:38.2 2456830.5171 ccd140621.0014         [00:26:42.9
CHILE-14A-0077 OBJECT Brutus6827_1        60.0 J       13:53:27 2014-06-22 00:36:10.5 2456830.5251 ir140621.0036          [00:37:26.6
CHILE-14A-0077 OBJECT Brutus6827_1        60.0 V       13:53:30 2014-06-22 00:36:13.0 2456830.5252 ccd140621.0015         [00:37:57.7
CHILE-14A-0077 OBJECT Brutus6827_1        60.0 J       13:54:43 2014-06-22 00:37:26.2 2456830.5260 ir140621.0037          [00:38:42.4
CHILE-14A-0077 OBJECT Brutus6827_1        60.0 V       13:55:16 2014-06-22 00:37:59.4 2456830.5264 ccd140621.0016         [00:39:44.1
CHILE-14A-0077 OBJECT Brutus6827_1        60.0 J       13:54:43 2014-06-22 00:37:26.2 2456830.5260 ir140621.0038          [00:40:08.5
CHILE-14A-0077 OBJECT Brutus6827_1        60.0 H       13:57:31 2014-06-22 00:40:14.0 2456830.5279 ir140621.0039          [00:41:31.3
CHILE-14A-0077 OBJECT Brutus6827_1        60.0 R       13:57:34 2014-06-22 00:40:16.5 2456830.5280 ccd140621.0017         [00:42:00.4
CHILE-14A-0077 OBJECT Brutus6827_1        60.0 H       13:58:47 2014-06-22 00:41:30.0 2456830.5288 ir140621.0040          [00:42:47.2
CHILE-14A-0077 OBJECT Brutus6827_1        60.0 R       13:59:20 2014-06-22 00:42:03.0 2456830.5292 ccd140621.0018         [00:43:46.9
CHILE-14A-0077 OBJECT Brutus6827_1        60.0 H       14:00:04 2014-06-22 00:42:46.3 2456830.5297 ir140621.0041          [00:44:03.7
YALE-08A-0001  OBJECT 3C279               30.0 J       14:09:08 2014-06-22 00:51:49.1 2456830.5360 ir140621.0042          [00:52:35.7
YALE-08A-0001  OBJECT 3C279               30.1 J       14:09:55 2014-06-22 00:52:36.0 2456830.5365 ir140621.0043          [00:53:23.2
YALE-08A-0001  OBJECT 3C279               70.0 R       14:09:11 2014-06-22 00:51:51.7 2456830.5360 ccd140621.0019         [00:53:45.6
YALE-08A-0001  OBJECT 3C279               30.1 J       14:10:41 2014-06-22 00:53:22.2 2456830.5371 ir140621.0044          [00:54:09.3
YALE-08A-0001  OBJECT 3C279               30.0 J       14:11:28 2014-06-22 00:54:08.4 2456830.5376 ir140621.0045          [00:54:54.5
YALE-08A-0001  OBJECT 3C279               30.0 J       14:12:14 2014-06-22 00:54:54.2 2456830.5381 ir140621.0046          [00:55:41.7
YALE-08A-0001  OBJECT 3C279               30.1 K       14:13:08 2014-06-22 00:55:48.0 2456830.5387 ir140621.0047          [00:56:34.3
YALE-08A-0001  OBJECT 3C279               30.0 K       14:13:54 2014-06-22 00:56:33.9 2456830.5393 ir140621.0048          [00:57:21.1
YALE-08A-0001  OBJECT 3C279               70.0 B       14:13:10 2014-06-22 00:55:50.6 2456830.5388 ccd140621.0020         [00:57:44.5
YALE-08A-0001  OBJECT 3C279               30.1 K       14:14:40 2014-06-22 00:57:20.0 2456830.5398 ir140621.0049          [00:58:07.2
YALE-08A-0001  OBJECT 3C279               30.0 K       14:15:26 2014-06-22 00:58:06.3 2456830.5404 ir140621.0050          [00:58:52.5
YALE-08A-0001  OBJECT 3C279               30.0 K       14:16:12 2014-06-22 00:58:52.2 2456830.5409 ir140621.0051          [00:59:40.0
YALE-08A-0001  OBJECT 3C279               30.0 K       14:17:04 2014-06-22 00:59:44.0 2456830.5415 ir140621.0052          [01:00:30.2
YALE-08A-0001  OBJECT 3C279               30.1 K       14:17:50 2014-06-22 01:00:29.8 2456830.5420 ir140621.0053          [01:01:17.1
YALE-08A-0001  OBJECT 3C279               70.0 V       14:17:07 2014-06-22 00:59:46.6 2456830.5415 ccd140621.0021         [01:01:40.4
YALE-08A-0001  OBJECT 3C279               30.0 K       14:18:36 2014-06-22 01:01:16.0 2456830.5425 ir140621.0054          [01:02:03.2
YALE-08A-0001  OBJECT 3C279               30.0 K       14:19:23 2014-06-22 01:02:02.1 2456830.5431 ir140621.0055          [01:02:48.3
YALE-08A-0001  OBJECT 3C279               30.0 K       14:20:09 2014-06-22 01:02:48.0 2456830.5436 ir140621.0056          [01:03:35.4
SUNY-04A-0011  OBJECT V1369 Cen            4.0 J       14:24:44 2014-06-22 01:07:22.6 2456830.5468 ir140621.0057          [01:07:42.8
SUNY-04A-0011  OBJECT V1369 Cen            4.0 J       14:25:04 2014-06-22 01:07:42.6 2456830.5470 ir140621.0058          [01:08:03.6
SUNY-04A-0011  OBJECT V1369 Cen            1.0 I       14:24:47 2014-06-22 01:07:25.3 2456830.5468 ccd140621.0022         [01:08:10.2
SUNY-04A-0011  OBJECT V1369 Cen            4.0 J       14:25:24 2014-06-22 01:08:02.5 2456830.5472 ir140621.0059          [01:08:23.8
SUNY-04A-0011  OBJECT V1369 Cen            4.0 H       14:25:51 2014-06-22 01:08:29.8 2456830.5476 ir140621.0060          [01:08:49.9
SUNY-04A-0011  OBJECT V1369 Cen            4.0 H       14:26:11 2014-06-22 01:08:49.4 2456830.5478 ir140621.0061          [01:09:10.5
SUNY-04A-0011  OBJECT V1369 Cen            1.0 B       14:25:54 2014-06-22 01:08:32.3 2456830.5476 ccd140621.0023         [01:09:17.1
SUNY-04A-0011  OBJECT V1369 Cen            4.0 H       14:26:31 2014-06-22 01:09:09.5 2456830.5480 ir140621.0062          [01:09:30.9
SUNY-04A-0011  OBJECT V1369 Cen            4.0 K       14:26:58 2014-06-22 01:09:35.8 2456830.5483 ir140621.0063          [01:09:56.0
SUNY-04A-0011  OBJECT V1369 Cen            4.0 K       14:27:18 2014-06-22 01:09:55.7 2456830.5486 ir140621.0064          [01:10:16.8
SUNY-04A-0011  OBJECT V1369 Cen            1.0 V       14:27:00 2014-06-22 01:09:38.4 2456830.5484 ccd140621.0024         [01:10:23.2
SUNY-04A-0011  OBJECT V1369 Cen            4.0 K       14:27:38 2014-06-22 01:10:15.6 2456830.5488 ir140621.0065          [01:10:36.8
SUNY-04A-0011  OBJECT V1369 Cen            4.0 K       14:28:03 2014-06-22 01:10:41.3 2456830.5491 ir140621.0066          [01:11:01.4
SUNY-04A-0011  OBJECT V1369 Cen            4.0 K       14:28:23 2014-06-22 01:11:00.9 2456830.5493 ir140621.0067          [01:11:22.2
SUNY-04A-0011  OBJECT V1369 Cen            0.5 R       14:28:06 2014-06-22 01:10:43.9 2456830.5491 ccd140621.0025         [01:11:28.3
SUNY-04A-0011  OBJECT V1369 Cen            4.0 K       14:28:43 2014-06-22 01:11:21.2 2456830.5496 ir140621.0068          [01:11:43.9
SUNY-04A-0011  OBJECT N Cen 2012b         27.0 J       14:31:47 2014-06-22 01:14:23.7 2456830.5517 ir140621.0069          [01:15:06.9
SUNY-04A-0011  OBJECT N Cen 2012b         27.0 J       14:32:29 2014-06-22 01:15:06.5 2456830.5522 ir140621.0070          [01:15:50.8
SUNY-04A-0011  OBJECT N Cen 2012b         27.0 J       14:33:13 2014-06-22 01:15:49.6 2456830.5527 ir140621.0071          [01:16:32.9
SUNY-04A-0011  OBJECT N Cen 2012b        100.0 I       14:31:49 2014-06-22 01:14:26.2 2456830.5517 ccd140621.0026         [01:16:51.0
SUNY-04A-0011  OBJECT N Cen 2012b         27.0 H       14:34:21 2014-06-22 01:16:57.4 2456830.5535 ir140621.0072          [01:17:40.5
SUNY-04A-0011  OBJECT N Cen 2012b         27.0 H       14:35:03 2014-06-22 01:17:40.1 2456830.5539 ir140621.0073          [01:18:24.3
SUNY-04A-0011  OBJECT N Cen 2012b         27.0 H       14:35:47 2014-06-22 01:18:23.2 2456830.5544 ir140621.0074          [01:19:06.4
SUNY-04A-0011  OBJECT N Cen 2012b        100.0 B       14:34:23 2014-06-22 01:16:59.9 2456830.5535 ccd140621.0027         [01:19:25.0
SUNY-04A-0011  OBJECT N Cen 2012b         27.0 K       14:36:54 2014-06-22 01:19:30.7 2456830.5552 ir140621.0075          [01:20:13.9
SUNY-04A-0011  OBJECT N Cen 2012b         27.0 K       14:37:37 2014-06-22 01:20:13.5 2456830.5557 ir140621.0076          [01:20:58.4
SUNY-04A-0011  OBJECT N Cen 2012b         27.0 K       14:38:21 2014-06-22 01:20:56.8 2456830.5562 ir140621.0077          [01:21:40.1
SUNY-04A-0011  OBJECT N Cen 2012b        100.0 V       14:36:57 2014-06-22 01:19:33.3 2456830.5553 ccd140621.0028         [01:21:58.1
SUNY-04A-0011  OBJECT N Cen 2012b         27.0 K       14:39:27 2014-06-22 01:22:02.8 2456830.5570 ir140621.0078          [01:22:46.0
SUNY-04A-0011  OBJECT N Cen 2012b         27.0 K       14:40:10 2014-06-22 01:22:45.6 2456830.5575 ir140621.0079          [01:23:29.9
SUNY-04A-0011  OBJECT N Cen 2012b         27.0 K       14:40:53 2014-06-22 01:23:28.8 2456830.5580 ir140621.0080          [01:24:12.4
SUNY-04A-0011  OBJECT N Cen 2012b        100.0 R       14:39:29 2014-06-22 01:22:05.3 2456830.5570 ccd140621.0029         [01:24:30.0
OSU-03A-0001   OBJECT OB140392            50.0 H       14:44:29 2014-06-22 01:27:03.9 2456830.5605 ir140621.0081          [01:28:10.1
OSU-03A-0001   OBJECT OB140392            50.0 H       14:45:35 2014-06-22 01:28:09.7 2456830.5612 ir140621.0082          [01:29:17.0
OSU-03A-0001   OBJECT OB140392            50.0 H       14:46:41 2014-06-22 01:29:15.9 2456830.5620 ir140621.0083          [01:30:22.0
OSU-03A-0001   OBJECT OB140392            50.0 H       14:47:47 2014-06-22 01:30:21.8 2456830.5628 ir140621.0084          [01:31:29.1
OSU-03A-0001   OBJECT OB140392            50.0 H       14:48:53 2014-06-22 01:31:27.7 2456830.5635 ir140621.0085          [01:32:34.0
OSU-03A-0001   OBJECT OB140392           300.0 I       14:44:31 2014-06-22 01:27:06.5 2456830.5605 ccd140621.0030         [01:32:52.5
OSU-03A-0001   OBJECT OB141132            50.0 H       14:53:27 2014-06-22 01:36:00.6 2456830.5667 ir140621.0086          [01:37:06.9
OSU-03A-0001   OBJECT OB141132            50.0 H       14:54:33 2014-06-22 01:37:06.5 2456830.5674 ir140621.0087          [01:38:14.8
OSU-03A-0001   OBJECT OB141132            50.0 H       14:55:39 2014-06-22 01:38:12.6 2456830.5682 ir140621.0088          [01:39:19.0
OSU-03A-0001   OBJECT OB141132            50.0 H       14:56:46 2014-06-22 01:39:18.7 2456830.5690 ir140621.0089          [01:40:27.3
OSU-03A-0001   OBJECT OB141132            50.0 H       14:57:52 2014-06-22 01:40:24.6 2456830.5697 ir140621.0090          [01:41:30.9
OSU-03A-0001   OBJECT OB141132           300.0 I       14:53:29 2014-06-22 01:36:03.1 2456830.5667 ccd140621.0031         [01:41:47.9
OSU-03A-0001   OBJECT OB140650            50.0 H       15:00:02 2014-06-22 01:42:34.6 2456830.5712 ir140621.0091          [01:43:40.9
OSU-03A-0001   OBJECT OB140650            50.0 H       15:01:08 2014-06-22 01:43:40.6 2456830.5720 ir140621.0092          [01:44:47.7
OSU-03A-0001   OBJECT OB140650            50.0 H       15:02:14 2014-06-22 01:44:46.7 2456830.5728 ir140621.0093          [01:45:52.9
OSU-03A-0001   OBJECT OB140650            50.0 H       15:03:21 2014-06-22 01:45:52.8 2456830.5735 ir140621.0094          [01:47:00.6
OSU-03A-0001   OBJECT OB140650            50.0 H       15:04:27 2014-06-22 01:46:58.7 2456830.5743 ir140621.0095          [01:48:04.9
OSU-03A-0001   OBJECT OB140650           300.0 I       15:00:04 2014-06-22 01:42:36.9 2456830.5713 ccd140621.0032         [01:48:21.6
OSU-03A-0001   OBJECT OB141050            50.0 H       15:09:01 2014-06-22 01:51:32.3 2456830.5775 ir140621.0096          [01:52:38.5
OSU-03A-0001   OBJECT OB141050            50.0 H       15:10:07 2014-06-22 01:52:38.2 2456830.5782 ir140621.0097          [01:53:45.5
OSU-03A-0001   OBJECT OB141050            50.0 H       15:11:14 2014-06-22 01:53:44.6 2456830.5790 ir140621.0098          [01:54:50.9
OSU-03A-0001   OBJECT OB141050            50.0 H       15:12:20 2014-06-22 01:54:50.7 2456830.5798 ir140621.0099          [01:55:58.0
OSU-03A-0001   OBJECT OB141050            50.0 H       15:13:26 2014-06-22 01:55:56.7 2456830.5805 ir140621.0100          [01:57:03.0
OSU-03A-0001   OBJECT OB141050           300.0 I       15:09:04 2014-06-22 01:51:34.8 2456830.5775 ccd140621.0033         [01:57:19.6
YALE-08A-0001  OBJECT 1424-41             30.0 J       15:18:56 2014-06-22 02:01:25.8 2456830.5843 ir140621.0101          [02:02:12.0
YALE-08A-0001  OBJECT 1424-41             30.0 J       15:19:42 2014-06-22 02:02:11.7 2456830.5849 ir140621.0102          [02:02:58.9
YALE-08A-0001  OBJECT 1424-41             70.0 R       15:18:59 2014-06-22 02:01:28.3 2456830.5844 ccd140621.0034         [02:03:22.1
YALE-08A-0001  OBJECT 1424-41             30.0 J       15:20:29 2014-06-22 02:02:57.9 2456830.5854 ir140621.0103          [02:03:45.1
YALE-08A-0001  OBJECT 1424-41             30.1 J       15:21:15 2014-06-22 02:03:44.0 2456830.5859 ir140621.0104          [02:04:30.3
YALE-08A-0001  OBJECT 1424-41             30.1 J       15:22:01 2014-06-22 02:04:29.9 2456830.5865 ir140621.0105          [02:05:17.3
YALE-08A-0001  OBJECT 1424-41             30.1 K       15:22:55 2014-06-22 02:05:23.9 2456830.5871 ir140621.0106          [02:06:10.1
YALE-08A-0001  OBJECT 1424-41             30.0 K       15:23:41 2014-06-22 02:06:09.8 2456830.5876 ir140621.0107          [02:06:57.1
YALE-08A-0001  OBJECT 1424-41             90.0 B       15:22:58 2014-06-22 02:05:26.5 2456830.5871 ccd140621.0035         [02:07:40.5
YALE-08A-0001  OBJECT 1424-41             30.1 K       15:24:27 2014-06-22 02:06:56.0 2456830.5882 ir140621.0108          [02:07:43.9
YALE-08A-0001  OBJECT 1424-41             30.0 K       15:25:14 2014-06-22 02:07:42.7 2456830.5887 ir140621.0109          [02:08:28.9
YALE-08A-0001  OBJECT 1424-41             30.0 K       15:26:06 2014-06-22 02:08:33.9 2456830.5893 ir140621.0110          [02:09:21.8
YALE-08A-0001  OBJECT 1424-41             30.1 K       15:26:52 2014-06-22 02:09:19.7 2456830.5898 ir140621.0111          [02:10:06.0
YALE-08A-0001  OBJECT 1424-41             70.0 V       15:26:08 2014-06-22 02:08:36.5 2456830.5893 ccd140621.0036         [02:10:31.2
YALE-08A-0001  OBJECT 1424-41             30.0 K       15:27:38 2014-06-22 02:10:05.9 2456830.5904 ir140621.0112          [02:10:52.2
YALE-08A-0001  OBJECT 1424-41             30.0 K       15:28:24 2014-06-22 02:10:52.2 2456830.5909 ir140621.0113          [02:11:39.6
YALE-03A-0001  OBJECT 4U1543-47           30.0 J       15:31:42 2014-06-22 02:14:09.9 2456830.5932 ir140621.0114          [02:14:56.2
YALE-03A-0001  OBJECT 4U1543-47           30.1 J       15:32:29 2014-06-22 02:14:56.0 2456830.5937 ir140621.0115          [02:15:43.7
YALE-03A-0001  OBJECT 4U1543-47           30.0 J       15:33:16 2014-06-22 02:15:42.9 2456830.5943 ir140621.0116          [02:16:29.2
YALE-03A-0001  OBJECT 4U1543-47           30.1 J       15:34:02 2014-06-22 02:16:29.5 2456830.5948 ir140621.0117          [02:17:16.7
YALE-03A-0001  OBJECT 4U1543-47          180.0 V       15:31:45 2014-06-22 02:14:12.4 2456830.5932 ccd140621.0037         [02:17:56.3
YALE-03A-0001  OBJECT 4U1543-47           30.1 J       15:34:48 2014-06-22 02:17:15.4 2456830.5953 ir140621.0118          [02:18:02.8
YALE-03A-0001  OBJECT 4U1543-47           30.0 H       15:35:43 2014-06-22 02:18:09.4 2456830.5959 ir140621.0119          [02:18:55.7
YALE-03A-0001  OBJECT 4U1543-47           30.1 H       15:36:29 2014-06-22 02:18:55.3 2456830.5965 ir140621.0120          [02:19:42.6
YALE-03A-0001  OBJECT 4U1543-47           30.1 H       15:37:15 2014-06-22 02:19:41.7 2456830.5970 ir140621.0121          [02:20:28.0
YALE-03A-0001  OBJECT 4U1543-47           30.0 H       15:38:02 2014-06-22 02:20:27.9 2456830.5976 ir140621.0122          [02:21:15.8
YALE-03A-0001  OBJECT 4U1543-47          180.0 I       15:35:45 2014-06-22 02:18:12.0 2456830.5960 ccd140621.0038         [02:21:55.8
YALE-03A-0001  OBJECT 4U1543-47           30.1 H       15:38:48 2014-06-22 02:21:14.4 2456830.5981 ir140621.0123          [02:22:02.2
OSU-03A-0001   OBJECT OB140500            50.0 H       15:41:42 2014-06-22 02:24:07.7 2456830.6001 ir140621.0124          [02:25:13.9
OSU-03A-0001   OBJECT OB140500            50.0 H       15:42:48 2014-06-22 02:25:13.5 2456830.6009 ir140621.0125          [02:26:20.8
OSU-03A-0001   OBJECT OB140500            50.0 H       15:43:54 2014-06-22 02:26:19.7 2456830.6016 ir140621.0126          [02:27:26.0
OSU-03A-0001   OBJECT OB140500            50.0 H       15:45:01 2014-06-22 02:27:25.8 2456830.6024 ir140621.0127          [02:28:33.6
OSU-03A-0001   OBJECT OB140500            50.0 H       15:46:07 2014-06-22 02:28:31.6 2456830.6031 ir140621.0128          [02:29:37.9
OSU-03A-0001   OBJECT OB140500           300.0 I       15:41:44 2014-06-22 02:24:10.2 2456830.6001 ccd140621.0039         [02:29:54.9
OSU-03A-0001   OBJECT OB140939            50.0 H       15:48:17 2014-06-22 02:30:41.7 2456830.6047 ir140621.0129          [02:31:48.0
OSU-03A-0001   OBJECT OB140939            50.0 H       15:49:23 2014-06-22 02:31:47.5 2456830.6054 ir140621.0130          [02:32:54.7
OSU-03A-0001   OBJECT OB140939            50.0 H       15:50:29 2014-06-22 02:32:53.6 2456830.6062 ir140621.0131          [02:33:59.8
OSU-03A-0001   OBJECT OB140939            50.0 H       15:51:35 2014-06-22 02:33:59.6 2456830.6069 ir140621.0132          [02:35:07.5
OSU-03A-0001   OBJECT OB140939            50.0 H       15:52:42 2014-06-22 02:35:05.5 2456830.6077 ir140621.0133          [02:36:11.7
OSU-03A-0001   OBJECT OB140939           300.0 I       15:48:20 2014-06-22 02:30:44.3 2456830.6047 ccd140621.0040         [02:36:29.0
OSU-03A-0001   OBJECT OB141132            50.0 H       15:57:25 2014-06-22 02:39:48.3 2456830.6110 ir140621.0134          [02:40:54.5
OSU-03A-0001   OBJECT OB141132            50.0 H       15:58:32 2014-06-22 02:40:54.8 2456830.6118 ir140621.0135          [02:42:02.0
OSU-03A-0001   OBJECT OB141132            50.0 H       15:59:38 2014-06-22 02:42:01.0 2456830.6125 ir140621.0136          [02:43:07.2
OSU-03A-0001   OBJECT OB141132            50.0 H       16:00:44 2014-06-22 02:43:07.0 2456830.6133 ir140621.0137          [02:44:14.3
OSU-03A-0001   OBJECT OB141132            50.0 H       16:01:50 2014-06-22 02:44:12.9 2456830.6140 ir140621.0138          [02:45:19.2
OSU-03A-0001   OBJECT OB141132           300.0 I       15:57:28 2014-06-22 02:39:50.8 2456830.6110 ccd140621.0041         [02:45:35.6
OSU-03A-0001   OBJECT OB140289            50.0 H       16:04:06 2014-06-22 02:46:28.5 2456830.6156 ir140621.0139          [02:47:34.8
OSU-03A-0001   OBJECT OB140289            50.0 H       16:05:12 2014-06-22 02:47:34.3 2456830.6164 ir140621.0140          [02:48:41.7
OSU-03A-0001   OBJECT OB140289            50.0 H       16:06:19 2014-06-22 02:48:40.4 2456830.6171 ir140621.0141          [02:49:46.7
OSU-03A-0001   OBJECT OB140289            50.0 H       16:07:25 2014-06-22 02:49:46.5 2456830.6179 ir140621.0142          [02:50:53.8
OSU-03A-0001   OBJECT OB140289            50.0 H       16:08:31 2014-06-22 02:50:52.6 2456830.6187 ir140621.0143          [02:51:58.8
OSU-03A-0001   OBJECT OB140289           300.0 I       16:04:09 2014-06-22 02:46:31.0 2456830.6156 ccd140621.0042         [02:52:15.8
OSU-03A-0001   OBJECT OB140298            50.0 H       16:11:12 2014-06-22 02:53:33.1 2456830.6205 ir140621.0144          [02:54:39.4
OSU-03A-0001   OBJECT OB140298            50.0 H       16:12:18 2014-06-22 02:54:39.1 2456830.6213 ir140621.0145          [02:55:46.4
OSU-03A-0001   OBJECT OB140298            50.0 H       16:13:24 2014-06-22 02:55:45.2 2456830.6220 ir140621.0146          [02:56:51.6
OSU-03A-0001   OBJECT OB140298            50.0 H       16:14:31 2014-06-22 02:56:51.5 2456830.6228 ir140621.0147          [02:57:59.3
OSU-03A-0001   OBJECT OB140298            50.0 H       16:15:37 2014-06-22 02:57:57.3 2456830.6236 ir140621.0148          [02:59:03.6
OSU-03A-0001   OBJECT OB140298           300.0 I       16:11:15 2014-06-22 02:53:35.7 2456830.6206 ccd140621.0043         [02:59:20.5
GSU-03A-0006   OBJECT 1510-089            35.0 H       16:20:51 2014-06-22 03:03:10.4 2456830.6272 ir140621.0149          [03:04:01.7
GSU-03A-0006   OBJECT 1510-089            35.0 H       16:21:42 2014-06-22 03:04:01.4 2456830.6278 ir140621.0150          [03:04:53.7
GSU-03A-0006   OBJECT 1510-089            35.0 H       16:22:34 2014-06-22 03:04:52.7 2456830.6284 ir140621.0151          [03:05:44.0
GSU-03A-0006   OBJECT 1510-089           120.0 R       16:20:54 2014-06-22 03:03:13.0 2456830.6272 ccd140621.0044         [03:05:57.8
GSU-03A-0006   OBJECT 1514-24             25.1 K       16:25:25 2014-06-22 03:07:43.4 2456830.6304 ir140621.0152          [03:08:24.7
GSU-03A-0006   OBJECT 1514-24             25.0 K       16:26:06 2014-06-22 03:08:24.4 2456830.6308 ir140621.0153          [03:09:06.6
GSU-03A-0006   OBJECT 1514-24             25.1 K       16:26:47 2014-06-22 03:09:05.8 2456830.6313 ir140621.0154          [03:09:47.1
GSU-03A-0006   OBJECT 1514-24             25.1 K       16:27:29 2014-06-22 03:09:47.1 2456830.6318 ir140621.0155          [03:10:29.4
GSU-03A-0006   OBJECT 1514-24            140.0 R       16:25:27 2014-06-22 03:07:45.9 2456830.6304 ccd140621.0045         [03:10:49.9
YALE-03A-0001  OBJECT GX339-4             30.1 K       16:30:56 2014-06-22 03:13:13.9 2456830.6342 ir140621.0156          [03:14:02.1
YALE-03A-0001  OBJECT GX339-4             30.1 K       16:31:43 2014-06-22 03:14:00.1 2456830.6347 ir140621.0157          [03:14:46.4
YALE-03A-0001  OBJECT GX339-4             30.0 K       16:31:43 2014-06-22 03:14:00.1 2456830.6347 ir140621.0158          [03:15:43.3
YALE-03A-0001  OBJECT GX339-4             30.0 K       16:33:25 2014-06-22 03:15:42.1 2456830.6359 ir140621.0159          [03:16:28.4
YALE-03A-0001  OBJECT GX339-4            180.0 B       16:30:59 2014-06-22 03:13:16.4 2456830.6342 ccd140621.0046         [03:17:01.1
YALE-03A-0001  OBJECT GX339-4             30.0 K       16:34:11 2014-06-22 03:16:28.1 2456830.6364 ir140621.0160          [03:17:14.5
YALE-03A-0001  OBJECT GX339-4             30.1 J       16:35:04 2014-06-22 03:17:20.9 2456830.6371 ir140621.0161          [03:18:08.2
YALE-03A-0001  OBJECT GX339-4             30.0 J       16:35:50 2014-06-22 03:18:06.9 2456830.6376 ir140621.0162          [03:18:53.3
YALE-03A-0001  OBJECT GX339-4             30.0 J       16:35:50 2014-06-22 03:18:06.9 2456830.6376 ir140621.0163          [03:19:50.3
YALE-03A-0001  OBJECT GX339-4             30.0 J       16:37:33 2014-06-22 03:19:49.5 2456830.6388 ir140621.0164          [03:20:35.8
YALE-03A-0001  OBJECT GX339-4             30.0 J       16:38:19 2014-06-22 03:20:35.3 2456830.6393 ir140621.0165          [03:21:22.5
YALE-03A-0001  OBJECT GX339-4             30.0 J       16:39:05 2014-06-22 03:21:21.6 2456830.6398 ir140621.0166          [03:22:07.9
YALE-03A-0001  OBJECT GX339-4             30.0 J       16:39:52 2014-06-22 03:22:07.9 2456830.6404 ir140621.0167          [03:22:55.1
YALE-03A-0001  OBJECT GX339-4            300.0 V       16:35:06 2014-06-22 03:17:23.4 2456830.6371 ccd140621.0047         [03:23:07.3
YALE-03A-0001  OBJECT GX339-4             30.1 J       16:40:38 2014-06-22 03:22:54.2 2456830.6409 ir140621.0168          [03:23:41.5
YALE-03A-0001  OBJECT GX339-4             30.0 H       16:41:33 2014-06-22 03:23:48.7 2456830.6415 ir140621.0169          [03:24:35.0
YALE-03A-0001  OBJECT GX339-4             30.1 H       16:42:19 2014-06-22 03:24:34.9 2456830.6421 ir140621.0170          [03:25:22.2
YALE-03A-0001  OBJECT GX339-4             30.0 H       16:43:05 2014-06-22 03:25:21.2 2456830.6426 ir140621.0171          [03:26:07.5
YALE-03A-0001  OBJECT GX339-4             30.1 H       16:43:52 2014-06-22 03:26:07.3 2456830.6431 ir140621.0172          [03:26:55.3
YALE-03A-0001  OBJECT GX339-4            180.0 I       16:41:35 2014-06-22 03:23:51.2 2456830.6416 ccd140621.0048         [03:27:35.0
YALE-03A-0001  OBJECT GX339-4             30.0 H       16:44:38 2014-06-22 03:26:53.3 2456830.6437 ir140621.0173          [03:27:40.8
GSU-03A-0006   OBJECT j1709+2348          35.0 J       16:48:35 2014-06-22 03:30:49.7 2456830.6464 ir140621.0174          [03:31:41.0
GSU-03A-0006   OBJECT j1709+2348          35.0 J       16:49:26 2014-06-22 03:31:40.7 2456830.6470 ir140621.0175          [03:32:32.9
GSU-03A-0006   OBJECT j1709+2348          35.0 J       16:50:17 2014-06-22 03:32:32.2 2456830.6476 ir140621.0176          [03:33:23.4
GSU-03A-0006   OBJECT j1709+2348          35.0 J       16:51:09 2014-06-22 03:33:23.6 2456830.6482 ir140621.0177          [03:34:15.9
GSU-03A-0006   OBJECT j1709+2348         180.0 R       16:48:37 2014-06-22 03:30:52.2 2456830.6464 ccd140621.0049         [03:34:36.1
SUNY-04A-0011  OBJECT N Sco 2014           4.0 J       16:55:38 2014-06-22 03:37:51.5 2456830.6513 ir140621.0178          [03:38:12.7
SUNY-04A-0011  OBJECT N Sco 2014           4.0 J       16:55:58 2014-06-22 03:38:11.4 2456830.6515 ir140621.0179          [03:38:31.7
SUNY-04A-0011  OBJECT N Sco 2014          10.0 I       16:55:40 2014-06-22 03:37:53.9 2456830.6513 ccd140621.0050         [03:38:48.5
SUNY-04A-0011  OBJECT N Sco 2014           4.0 J       16:56:18 2014-06-22 03:38:31.6 2456830.6518 ir140621.0180          [03:38:51.9
SUNY-04A-0011  OBJECT N Sco 2014           4.0 H       16:56:45 2014-06-22 03:38:58.7 2456830.6521 ir140621.0181          [03:39:19.8
SUNY-04A-0011  OBJECT N Sco 2014           4.0 H       16:57:05 2014-06-22 03:39:18.7 2456830.6523 ir140621.0182          [03:39:38.9
SUNY-04A-0011  OBJECT N Sco 2014           4.0 H       16:57:25 2014-06-22 03:39:38.7 2456830.6525 ir140621.0183          [03:40:00.0
SUNY-04A-0011  OBJECT N Sco 2014          30.0 B       16:56:48 2014-06-22 03:39:01.1 2456830.6521 ccd140621.0051         [03:40:15.1
SUNY-04A-0011  OBJECT N Sco 2014           4.0 K       16:58:08 2014-06-22 03:40:21.7 2456830.6530 ir140621.0184          [03:40:43.7
SUNY-04A-0011  OBJECT N Sco 2014           4.0 K       16:58:28 2014-06-22 03:40:41.6 2456830.6533 ir140621.0185          [03:41:01.9
SUNY-04A-0011  OBJECT N Sco 2014           4.0 K       16:58:49 2014-06-22 03:41:01.8 2456830.6535 ir140621.0186          [03:41:23.1
SUNY-04A-0011  OBJECT N Sco 2014          20.0 V       16:58:11 2014-06-22 03:40:24.1 2456830.6531 ccd140621.0052         [03:41:28.1
SUNY-04A-0011  OBJECT N Sco 2014           4.0 K       16:59:20 2014-06-22 03:41:33.5 2456830.6539 ir140621.0187          [03:41:55.3
SUNY-04A-0011  OBJECT N Sco 2014           4.0 K       16:59:40 2014-06-22 03:41:53.4 2456830.6541 ir140621.0188          [03:42:13.8
SUNY-04A-0011  OBJECT N Sco 2014           4.0 K       17:00:01 2014-06-22 03:42:13.7 2456830.6543 ir140621.0189          [03:42:35.0
SUNY-04A-0011  OBJECT N Sco 2014          15.0 R       16:59:23 2014-06-22 03:41:36.0 2456830.6539 ccd140621.0053         [03:42:35.8
CHILE-13B-0039 OBJECT V849 Oph           100.0 V       17:03:29 2014-06-22 03:45:41.3 2456830.6567 ccd140621.0054         [03:48:06.0
CHILE-13B-0039 OBJECT V849 Oph            50.0 V       17:06:00 2014-06-22 03:48:12.2 2456830.6585 ccd140621.0055         [03:49:46.1
YALE-03A-0001  OBJECT V4641               20.1 K       17:14:55 2014-06-22 03:57:05.9 2456830.6647 ir140621.0190          [03:57:43.2
YALE-03A-0001  OBJECT V4641               20.0 B       17:14:58 2014-06-22 03:57:08.3 2456830.6647 ccd140621.0056         [03:58:12.2
YALE-03A-0001  OBJECT V4641               20.1 K       17:15:32 2014-06-22 03:57:42.2 2456830.6651 ir140621.0191          [03:58:19.6
YALE-03A-0001  OBJECT V4641               20.1 K       17:16:08 2014-06-22 03:58:18.8 2456830.6655 ir140621.0192          [03:58:55.0
YALE-03A-0001  OBJECT V4641               20.0 B       17:16:04 2014-06-22 03:58:14.7 2456830.6655 ccd140621.0057         [03:59:19.3
YALE-03A-0001  OBJECT V4641               20.1 K       17:16:46 2014-06-22 03:58:56.1 2456830.6659 ir140621.0193          [03:59:32.4
YALE-03A-0001  OBJECT V4641               20.1 K       17:17:22 2014-06-22 03:59:32.3 2456830.6664 ir140621.0194          [04:00:09.7
YALE-03A-0001  OBJECT V4641               20.0 B       17:17:11 2014-06-22 03:59:21.1 2456830.6662 ccd140621.0058         [04:00:25.0
YALE-03A-0001  OBJECT V4641               15.0 J       17:18:23 2014-06-22 04:00:33.2 2456830.6671 ir140621.0195          [04:01:05.6
YALE-03A-0001  OBJECT V4641               15.0 I       17:18:26 2014-06-22 04:00:35.7 2456830.6671 ccd140621.0059         [04:01:34.7
YALE-03A-0001  OBJECT V4641               15.0 J       17:18:54 2014-06-22 04:01:04.3 2456830.6674 ir140621.0196          [04:01:38.6
YALE-03A-0001  OBJECT V4641               15.0 J       17:19:25 2014-06-22 04:01:35.3 2456830.6678 ir140621.0197          [04:02:06.5
YALE-03A-0001  OBJECT V4641               15.0 I       17:19:29 2014-06-22 04:01:38.3 2456830.6678 ccd140621.0060         [04:02:38.0
YALE-03A-0001  OBJECT V4641               15.1 J       17:19:57 2014-06-22 04:02:07.1 2456830.6681 ir140621.0198          [04:02:40.3
YALE-03A-0001  OBJECT V4641               15.1 J       17:19:57 2014-06-22 04:02:07.1 2456830.6681 ir140621.0199          [04:03:19.5
YALE-03A-0001  OBJECT V4641               15.0 I       17:19:29 2014-06-22 04:01:38.3 2456830.6678 ccd140621.0061         [04:03:48.9
YALE-03A-0001  OBJECT V4641               15.0 H       17:21:47 2014-06-22 04:03:56.9 2456830.6694 ir140621.0200          [04:04:29.9
YALE-03A-0001  OBJECT V4641               15.0 V       17:21:50 2014-06-22 04:03:59.5 2456830.6694 ccd140621.0062         [04:04:58.5
YALE-03A-0001  OBJECT V4641               15.0 H       17:22:19 2014-06-22 04:04:27.9 2456830.6698 ir140621.0201          [04:05:03.2
YALE-03A-0001  OBJECT V4641               15.1 H       17:22:50 2014-06-22 04:04:59.4 2456830.6701 ir140621.0202          [04:05:30.7
YALE-03A-0001  OBJECT V4641               15.0 V       17:22:53 2014-06-22 04:05:02.2 2456830.6702 ccd140621.0063         [04:06:02.0
YALE-03A-0001  OBJECT V4641               15.1 H       17:23:22 2014-06-22 04:05:31.2 2456830.6705 ir140621.0203          [04:06:04.3
YALE-03A-0001  OBJECT V4641               15.0 H       17:23:22 2014-06-22 04:05:31.2 2456830.6705 ir140621.0204          [04:06:43.8
YALE-03A-0001  OBJECT V4641               15.0 V       17:23:55 2014-06-22 04:06:03.6 2456830.6709 ccd140621.0064         [04:07:02.5
SUNY-04A-0011  OBJECT N Sgr 2014           4.0 J       17:26:54 2014-06-22 04:09:02.4 2456830.6730 ir140621.0205          [04:09:23.7
SUNY-04A-0011  OBJECT N Sgr 2014           4.0 J       17:27:14 2014-06-22 04:09:22.6 2456830.6732 ir140621.0206          [04:09:42.9
SUNY-04A-0011  OBJECT N Sgr 2014           4.0 J       17:27:34 2014-06-22 04:09:43.0 2456830.6734 ir140621.0207          [04:10:05.0
SUNY-04A-0011  OBJECT N Sgr 2014          15.0 I       17:26:56 2014-06-22 04:09:05.0 2456830.6730 ccd140621.0065         [04:10:05.8
SUNY-04A-0011  OBJECT N Sgr 2014           4.0 H       17:28:05 2014-06-22 04:10:13.1 2456830.6738 ir140621.0208          [04:10:35.6
SUNY-04A-0011  OBJECT N Sgr 2014           4.0 H       17:28:25 2014-06-22 04:10:33.4 2456830.6740 ir140621.0209          [04:10:53.8
SUNY-04A-0011  OBJECT N Sgr 2014           4.0 H       17:28:46 2014-06-22 04:10:53.8 2456830.6742 ir140621.0210          [04:11:15.2
SUNY-04A-0011  OBJECT N Sgr 2014          31.0 B       17:28:07 2014-06-22 04:10:15.4 2456830.6738 ccd140621.0066         [04:11:30.4
SUNY-04A-0011  OBJECT N Sgr 2014           4.0 K       17:29:29 2014-06-22 04:11:36.9 2456830.6747 ir140621.0211          [04:11:59.4
SUNY-04A-0011  OBJECT N Sgr 2014           4.0 K       17:29:49 2014-06-22 04:11:56.8 2456830.6750 ir140621.0212          [04:12:17.1
SUNY-04A-0011  OBJECT N Sgr 2014           4.0 K       17:30:09 2014-06-22 04:12:17.1 2456830.6752 ir140621.0213          [04:12:38.5
SUNY-04A-0011  OBJECT N Sgr 2014          20.0 V       17:29:31 2014-06-22 04:11:39.3 2456830.6748 ccd140621.0067         [04:12:43.3
SUNY-04A-0011  OBJECT N Sgr 2014           4.0 K       17:30:41 2014-06-22 04:12:48.8 2456830.6756 ir140621.0214          [04:13:11.0
SUNY-04A-0011  OBJECT N Sgr 2014           4.0 K       17:31:01 2014-06-22 04:13:09.0 2456830.6758 ir140621.0215          [04:13:29.5
SUNY-04A-0011  OBJECT N Sgr 2014           4.0 K       17:31:22 2014-06-22 04:13:29.4 2456830.6760 ir140621.0216          [04:13:51.5
SUNY-04A-0011  OBJECT N Sgr 2014          15.0 R       17:30:43 2014-06-22 04:12:51.1 2456830.6756 ccd140621.0068         [04:13:52.3
LSU-14A-0001   OBJECT V3890 Sgr           50.0 J       17:33:44 2014-06-22 04:15:51.7 2456830.6777 ir140621.0217          [04:19:42.3
LSU-14A-0001   OBJECT V3890 Sgr          200.0 R       17:33:47 2014-06-22 04:15:54.1 2456830.6777 ccd140621.0069         [04:19:58.1
NOAO-14A-0257  OBJECT Abell48            540.0 V       17:40:10 2014-06-22 04:22:16.7 2456830.6821 ccd140621.0070         [04:32:01.3
NOAO-14A-0257  OBJECT Abell48            540.0 V       17:49:58 2014-06-22 04:32:03.1 2456830.6889 ccd140621.0071         [04:41:47.0
NOAO-14A-0257  OBJECT Abell48            540.0 V       17:59:47 2014-06-22 04:41:49.6 2456830.6957 ccd140621.0072         [04:51:34.3
NOAO-14A-0257  OBJECT Abell48            540.0 V       18:09:34 2014-06-22 04:51:36.1 2456830.7025 ccd140621.0073         [05:01:19.9
NOAO-14A-0257  OBJECT Abell48            540.0 V       18:19:23 2014-06-22 05:01:22.5 2456830.7093 ccd140621.0074         [05:11:07.2
OSU-03A-0001   OBJECT OB141132            50.0 H       18:33:32 2014-06-22 05:15:29.2 2456830.7191 ir140621.0218          [05:16:35.5
OSU-03A-0001   OBJECT OB141132            50.0 H       18:34:38 2014-06-22 05:16:35.3 2456830.7199 ir140621.0219          [05:17:42.7
OSU-03A-0001   OBJECT OB141132            50.0 H       18:35:44 2014-06-22 05:17:41.6 2456830.7206 ir140621.0220          [05:18:48.0
OSU-03A-0001   OBJECT OB141132            50.0 H       18:36:51 2014-06-22 05:18:47.6 2456830.7214 ir140621.0221          [05:19:55.3
OSU-03A-0001   OBJECT OB141132            50.0 H       18:37:57 2014-06-22 05:19:54.0 2456830.7222 ir140621.0222          [05:21:00.4
OSU-03A-0001   OBJECT OB141132           300.0 I       18:33:34 2014-06-22 05:15:31.4 2456830.7191 ccd140621.0075         [05:21:16.1
OSU-03A-0001   OBJECT OB140874            50.0 H       18:40:25 2014-06-22 05:22:21.4 2456830.7239 ir140621.0223          [05:23:27.7
OSU-03A-0001   OBJECT OB140874            50.0 H       18:41:31 2014-06-22 05:23:27.6 2456830.7246 ir140621.0224          [05:24:34.9
OSU-03A-0001   OBJECT OB140874            50.0 H       18:42:38 2014-06-22 05:24:33.9 2456830.7254 ir140621.0225          [05:25:40.2
OSU-03A-0001   OBJECT OB140874            50.0 H       18:43:44 2014-06-22 05:25:40.2 2456830.7262 ir140621.0226          [05:26:47.4
OSU-03A-0001   OBJECT OB140874            50.0 H       18:44:50 2014-06-22 05:26:46.2 2456830.7269 ir140621.0227          [05:27:52.5
OSU-03A-0001   OBJECT OB140874           300.0 I       18:40:27 2014-06-22 05:22:23.7 2456830.7239 ccd140621.0076         [05:28:08.5
OSU-03A-0001   OBJECT OB140124            50.0 H       18:47:08 2014-06-22 05:29:03.1 2456830.7285 ir140621.0228          [05:30:09.4
OSU-03A-0001   OBJECT OB140124            50.0 H       18:48:14 2014-06-22 05:30:09.4 2456830.7293 ir140621.0229          [05:31:16.6
OSU-03A-0001   OBJECT OB140124            50.0 H       18:49:21 2014-06-22 05:31:16.4 2456830.7301 ir140621.0230          [05:32:22.7
OSU-03A-0001   OBJECT OB140124            50.0 H       18:50:28 2014-06-22 05:32:22.7 2456830.7308 ir140621.0231          [05:33:30.0
OSU-03A-0001   OBJECT OB140124            50.0 H       18:51:34 2014-06-22 05:33:28.9 2456830.7316 ir140621.0232          [05:34:35.3
OSU-03A-0001   OBJECT OB140124           300.0 I       18:47:10 2014-06-22 05:29:05.4 2456830.7285 ccd140621.0077         [05:34:50.1
OSU-03A-0001   OBJECT OB140667            50.0 H       18:53:53 2014-06-22 05:35:47.5 2456830.7332 ir140621.0233          [05:36:53.8
OSU-03A-0001   OBJECT OB140667            50.0 H       18:53:53 2014-06-22 05:35:47.5 2456830.7332 ir140621.0234          [05:38:10.9
OSU-03A-0001   OBJECT OB140667            50.0 H       18:56:16 2014-06-22 05:38:09.6 2456830.7348 ir140621.0235          [05:39:16.0
OSU-03A-0001   OBJECT OB140667            50.0 H       18:57:23 2014-06-22 05:39:16.4 2456830.7356 ir140621.0236          [05:40:23.7
OSU-03A-0001   OBJECT OB140667            50.0 H       18:58:29 2014-06-22 05:40:22.6 2456830.7364 ir140621.0237          [05:41:29.2
OSU-03A-0001   OBJECT OB140667           300.0 I       18:53:56 2014-06-22 05:35:49.9 2456830.7332 ccd140621.0078         [05:41:34.8
OSU-03A-0001   OBJECT OB140987            50.0 H       19:00:25 2014-06-22 05:42:18.2 2456830.7377 ir140621.0238          [05:43:24.5
OSU-03A-0001   OBJECT OB140987            50.0 H       19:01:31 2014-06-22 05:43:24.3 2456830.7385 ir140621.0239          [05:44:31.6
OSU-03A-0001   OBJECT OB140987            50.0 H       19:02:38 2014-06-22 05:44:30.5 2456830.7393 ir140621.0240          [05:45:36.8
OSU-03A-0001   OBJECT OB140987            50.0 H       19:03:44 2014-06-22 05:45:36.7 2456830.7400 ir140621.0241          [05:46:44.0
OSU-03A-0001   OBJECT OB140987            50.0 H       19:04:50 2014-06-22 05:46:43.0 2456830.7408 ir140621.0242          [05:47:49.3
OSU-03A-0001   OBJECT OB140987           300.0 I       19:00:28 2014-06-22 05:42:20.8 2456830.7377 ccd140621.0079         [05:48:05.5
CHILE-13B-0039 OBJECT V373 Sct           220.0 V       19:08:43 2014-06-22 05:50:35.1 2456830.7435 ccd140621.0080         [05:54:59.0
CHILE-13B-0039 OBJECT V373 Sct           110.0 V       19:13:14 2014-06-22 05:55:05.6 2456830.7466 ccd140621.0081         [05:57:40.3
YALE-03A-0001  OBJECT AqlX-1              50.0 J       19:17:45 2014-06-22 05:59:35.0 2456830.7497 ir140621.0243          [06:00:41.4
YALE-03A-0001  OBJECT AqlX-1              50.0 J       19:18:51 2014-06-22 06:00:41.1 2456830.7505 ir140621.0244          [06:01:48.7
YALE-03A-0001  OBJECT AqlX-1              50.0 J       19:19:58 2014-06-22 06:01:47.8 2456830.7513 ir140621.0245          [06:02:54.3
YALE-03A-0001  OBJECT AqlX-1              50.0 J       19:19:58 2014-06-22 06:01:47.8 2456830.7513 ir140621.0246          [06:04:11.1
YALE-03A-0001  OBJECT AqlX-1              50.0 J       19:22:20 2014-06-22 06:04:10.0 2456830.7529 ir140621.0247          [06:05:16.4
YALE-03A-0001  OBJECT AqlX-1             300.0 R       19:17:47 2014-06-22 05:59:37.5 2456830.7497 ccd140621.0082         [06:05:22.3
YALE-03A-0001  OBJECT GRS1915+105         40.0 K       19:27:29 2014-06-22 06:09:17.4 2456830.7565 ir140621.0248          [06:10:13.7
YALE-03A-0001  OBJECT GRS1915+105         40.0 K       19:28:25 2014-06-22 06:10:13.5 2456830.7571 ir140621.0249          [06:11:10.9
YALE-03A-0001  OBJECT GRS1915+105         40.0 K       19:29:22 2014-06-22 06:11:10.0 2456830.7578 ir140621.0250          [06:12:06.3
YALE-03A-0001  OBJECT GRS1915+105         40.0 K       19:30:18 2014-06-22 06:12:06.6 2456830.7584 ir140621.0251          [06:13:03.8
YALE-03A-0001  OBJECT GRS1915+105         40.0 K       19:31:15 2014-06-22 06:13:02.9 2456830.7591 ir140621.0252          [06:13:59.5
YALE-03A-0001  OBJECT GRS1915+105         40.0 K       19:32:22 2014-06-22 06:14:10.3 2456830.7599 ir140621.0253          [06:15:07.7
YALE-03A-0001  OBJECT GRS1915+105         40.0 K       19:33:19 2014-06-22 06:15:06.6 2456830.7605 ir140621.0254          [06:16:02.9
YALE-03A-0001  OBJECT GRS1915+105         40.0 K       19:34:15 2014-06-22 06:16:03.0 2456830.7612 ir140621.0255          [06:17:00.4
YALE-03A-0001  OBJECT GRS1915+105         40.0 K       19:35:12 2014-06-22 06:16:59.6 2456830.7618 ir140621.0256          [06:17:55.9
YALE-03A-0001  OBJECT GRS1915+105         40.0 K       19:36:08 2014-06-22 06:17:55.8 2456830.7625 ir140621.0257          [06:18:53.3
YALE-03A-0001  OBJECT GRS1915+105         40.0 K       19:37:41 2014-06-22 06:19:28.2 2456830.7635 ir140621.0258          [06:20:24.6
YALE-03A-0001  OBJECT GRS1915+105         40.0 K       19:38:37 2014-06-22 06:20:24.4 2456830.7642 ir140621.0259          [06:21:21.7
YALE-03A-0001  OBJECT GRS1915+105         40.0 K       19:39:34 2014-06-22 06:21:21.0 2456830.7648 ir140621.0260          [06:22:17.3
YALE-03A-0001  OBJECT GRS1915+105         40.0 K       19:40:31 2014-06-22 06:22:17.6 2456830.7655 ir140621.0261          [06:23:14.9
YALE-03A-0001  OBJECT GRS1915+105         40.0 K       19:41:27 2014-06-22 06:23:13.7 2456830.7661 ir140621.0262          [06:24:10.1
YALE-03A-0001  OBJECT GRS1915+105         40.0 K       19:42:54 2014-06-22 06:24:39.8 2456830.7671 ir140621.0263          [06:25:37.4
YALE-03A-0001  OBJECT GRS1915+105         40.0 K       19:43:50 2014-06-22 06:25:36.0 2456830.7678 ir140621.0264          [06:26:32.4
YALE-03A-0001  OBJECT GRS1915+105         40.0 K       19:44:46 2014-06-22 06:26:32.3 2456830.7684 ir140621.0265          [06:27:29.6
YALE-03A-0001  OBJECT GRS1915+105         40.0 K       19:45:43 2014-06-22 06:27:28.7 2456830.7691 ir140621.0266          [06:28:25.0
YALE-03A-0001  OBJECT GRS1915+105         40.0 K       19:46:39 2014-06-22 06:28:24.7 2456830.7697 ir140621.0267          [06:29:22.1
YALE-03A-0001  OBJECT GRS1915+105         40.0 K       19:47:58 2014-06-22 06:29:43.5 2456830.7706 ir140621.0268          [06:30:39.8
YALE-03A-0001  OBJECT GRS1915+105         40.0 K       19:48:54 2014-06-22 06:30:39.6 2456830.7713 ir140621.0269          [06:31:36.8
YALE-03A-0001  OBJECT GRS1915+105         40.0 K       19:49:51 2014-06-22 06:31:36.6 2456830.7720 ir140621.0270          [06:32:32.9
YALE-03A-0001  OBJECT GRS1915+105         40.0 K       19:50:48 2014-06-22 06:32:33.0 2456830.7726 ir140621.0271          [06:33:30.4
YALE-03A-0001  OBJECT GRS1915+105         40.0 K       19:51:44 2014-06-22 06:33:29.1 2456830.7733 ir140621.0272          [06:34:25.5
YALE-03A-0001  OBJECT GRS1915+105         40.0 K       19:53:04 2014-06-22 06:34:49.1 2456830.7742 ir140621.0273          [06:35:46.5
YALE-03A-0001  OBJECT GRS1915+105         40.0 K       19:54:01 2014-06-22 06:35:45.2 2456830.7748 ir140621.0274          [06:36:41.6
YALE-03A-0001  OBJECT GRS1915+105         40.0 K       19:54:57 2014-06-22 06:36:41.6 2456830.7755 ir140621.0275          [06:37:38.8
YALE-03A-0001  OBJECT GRS1915+105         40.0 K       19:55:54 2014-06-22 06:37:38.0 2456830.7761 ir140621.0276          [06:38:34.3
YALE-03A-0001  OBJECT GRS1915+105         40.0 K       19:56:50 2014-06-22 06:38:34.4 2456830.7768 ir140621.0277          [06:39:31.8
CHILE-13B-0039 OBJECT WY Sge             340.0 V       20:00:35 2014-06-22 06:42:18.2 2456830.7794 ccd140621.0083         [06:48:42.2
CHILE-13B-0039 OBJECT WY Sge             170.0 V       20:07:07 2014-06-22 06:48:48.8 2456830.7839 ccd140621.0084         [06:52:23.6
OSU-03B-0001   OBJECT WFI2033            150.0 J       20:13:02 2014-06-22 06:54:43.2 2456830.7880 ir140621.0278          [06:57:29.4
OSU-03B-0001   OBJECT WFI2033            150.0 J       20:15:48 2014-06-22 06:57:29.2 2456830.7899 ir140621.0279          [07:00:16.3
OSU-03B-0001   OBJECT WFI2033            300.0 R       20:13:04 2014-06-22 06:54:45.7 2456830.7880 ccd140621.0085         [07:00:29.6
OSU-03B-0001   OBJECT WFI2033            150.0 J       20:18:35 2014-06-22 07:00:15.5 2456830.7919 ir140621.0280          [07:03:02.7
OSU-03B-0001   OBJECT WFI2033            150.0 J       20:21:22 2014-06-22 07:03:01.6 2456830.7938 ir140621.0281          [07:05:47.9
OSU-03B-0001   OBJECT WFI2033            300.0 R       20:18:52 2014-06-22 07:00:32.2 2456830.7920 ccd140621.0086         [07:06:16.9
OSU-03B-0001   OBJECT WFI2033            150.0 J       20:24:08 2014-06-22 07:05:47.6 2456830.7957 ir140621.0282          [07:08:33.8
OSU-03B-0001   OBJECT WFI2033            150.0 J       20:26:55 2014-06-22 07:08:34.4 2456830.7976 ir140621.0283          [07:11:21.8
OSU-03B-0001   OBJECT WFI2033            300.0 R       20:24:39 2014-06-22 07:06:18.6 2456830.7961 ccd140621.0087         [07:12:02.5
OSU-03B-0001   OBJECT WFI2033            150.0 J       20:30:32 2014-06-22 07:12:10.6 2456830.8001 ir140621.0284          [07:14:58.0
OSU-03B-0001   OBJECT WFI2033            150.0 J       20:33:19 2014-06-22 07:14:56.6 2456830.8021 ir140621.0285          [07:17:42.9
OSU-03B-0001   OBJECT WFI2033            300.0 I       20:30:35 2014-06-22 07:12:13.1 2456830.8002 ccd140621.0088         [07:17:57.9
OSU-03B-0001   OBJECT WFI2033            150.0 J       20:36:05 2014-06-22 07:17:42.9 2456830.8040 ir140621.0286          [07:20:29.2
OSU-03B-0001   OBJECT WFI2033            300.0 I       20:36:22 2014-06-22 07:17:59.6 2456830.8042 ccd140621.0089         [07:23:44.2
OSU-03B-0001   OBJECT WFI2033            300.0 I       20:42:10 2014-06-22 07:23:46.0 2456830.8082 ccd140621.0090         [07:29:30.1
OSU-03B-0001   OBJECT 3C454.3            150.0 J       21:01:35 2014-06-22 07:43:08.6 2456830.8216 ir140621.0867          [07:45:56.4
OSU-03B-0001   OBJECT 3C454.3            150.0 J       21:04:21 2014-06-22 07:45:54.5 2456830.8235 ir140621.0868          [07:48:40.8
OSU-03B-0001   OBJECT WFI2033            300.0 I       21:01:38 2014-06-22 07:43:11.0 2456830.8217 ccd140621.0091         [07:48:55.7
OSU-03B-0001   OBJECT 3C454.3            150.0 J       21:04:21 2014-06-22 07:45:54.5 2456830.8235 ir140621.0869          [07:51:36.9
YALE-08A-0001  OBJECT 2142-75             30.1 J       21:13:07 2014-06-22 07:54:38.8 2456830.8296 ir140621.0290          [07:55:26.1
YALE-08A-0001  OBJECT 2142-75             30.0 J       21:13:54 2014-06-22 07:55:25.0 2456830.8302 ir140621.0291          [07:56:11.2
YALE-08A-0001  OBJECT 2142-75             70.0 R       21:13:10 2014-06-22 07:54:41.3 2456830.8297 ccd140621.0092         [07:56:36.0
YALE-08A-0001  OBJECT 2142-75             30.1 J       21:14:40 2014-06-22 07:56:11.5 2456830.8307 ir140621.0292          [07:56:57.9
YALE-08A-0001  OBJECT 2142-75             30.1 J       21:15:27 2014-06-22 07:56:57.9 2456830.8312 ir140621.0293          [07:57:47.5
YALE-08A-0001  OBJECT 2142-75             30.0 J       21:16:13 2014-06-22 07:57:44.0 2456830.8318 ir140621.0294          [07:58:30.4
YALE-08A-0001  OBJECT 2142-75             30.0 K       21:17:07 2014-06-22 07:58:37.9 2456830.8324 ir140621.0295          [07:59:25.2
YALE-08A-0001  OBJECT 2142-75             30.1 K       21:17:53 2014-06-22 07:59:24.1 2456830.8329 ir140621.0296          [08:00:10.3
YALE-08A-0001  OBJECT 2142-75             90.0 B       21:17:10 2014-06-22 07:58:40.3 2456830.8324 ccd140621.0093         [08:00:55.0
YALE-08A-0001  OBJECT 2142-75             30.0 K       21:18:40 2014-06-22 08:00:10.3 2456830.8335 ir140621.0297          [08:00:56.9
YALE-08A-0001  OBJECT 2142-75             30.1 K       21:19:27 2014-06-22 08:00:57.0 2456830.8340 ir140621.0298          [08:01:44.4
YALE-08A-0001  OBJECT 2142-75             30.0 K       21:20:19 2014-06-22 08:01:49.1 2456830.8346 ir140621.0299          [08:02:35.4
YALE-08A-0001  OBJECT 2142-75             30.0 K       21:21:05 2014-06-22 08:02:35.1 2456830.8351 ir140621.0300          [08:03:22.5
YALE-08A-0001  OBJECT 2142-75             70.0 V       21:20:21 2014-06-22 08:01:51.5 2456830.8346 ccd140621.0094         [08:03:45.4
YALE-08A-0001  OBJECT 2142-75             30.0 K       21:21:52 2014-06-22 08:03:21.6 2456830.8357 ir140621.0301          [08:04:08.8
YALE-08A-0001  OBJECT 2142-75             30.1 K       21:22:38 2014-06-22 08:04:08.0 2456830.8362 ir140621.0302          [08:04:54.4
YALE-08A-0001  OBJECT 2155-304            30.1 J       21:25:41 2014-06-22 08:07:10.7 2456830.8383 ir140621.0303          [08:07:58.8
YALE-08A-0001  OBJECT 2155-304            30.1 J       21:26:28 2014-06-22 08:07:56.7 2456830.8389 ir140621.0304          [08:08:43.1
YALE-08A-0001  OBJECT 2155-304            70.0 R       21:25:44 2014-06-22 08:07:13.2 2456830.8383 ccd140621.0095         [08:09:08.0
YALE-08A-0001  OBJECT 2155-304            30.1 J       21:27:14 2014-06-22 08:08:43.0 2456830.8394 ir140621.0305          [08:09:30.1
YALE-08A-0001  OBJECT 2155-304            30.1 J       21:28:00 2014-06-22 08:09:29.4 2456830.8399 ir140621.0306          [08:10:16.6
YALE-08A-0001  OBJECT 2155-304            30.0 J       21:28:47 2014-06-22 08:10:15.7 2456830.8405 ir140621.0307          [08:11:02.1
YALE-08A-0001  OBJECT 2155-304            30.0 K       21:29:41 2014-06-22 08:11:09.6 2456830.8411 ir140621.0308          [08:11:56.9
YALE-08A-0001  OBJECT 2155-304            30.0 K       21:30:27 2014-06-22 08:11:55.6 2456830.8416 ir140621.0309          [08:12:41.8
YALE-08A-0001  OBJECT 2155-304            90.0 B       21:29:43 2014-06-22 08:11:12.1 2456830.8411 ccd140621.0096         [08:13:26.8
YALE-08A-0001  OBJECT 2155-304            30.0 K       21:31:13 2014-06-22 08:12:41.7 2456830.8422 ir140621.0310          [08:13:28.7
YALE-08A-0001  OBJECT 2155-304            30.0 K       21:32:00 2014-06-22 08:13:28.6 2456830.8427 ir140621.0311          [08:14:16.9
YALE-08A-0001  OBJECT 2155-304            30.1 K       21:32:53 2014-06-22 08:14:20.9 2456830.8433 ir140621.0312          [08:15:07.3
YALE-08A-0001  OBJECT 2155-304            30.1 K       21:33:39 2014-06-22 08:15:07.0 2456830.8438 ir140621.0313          [08:15:54.3
YALE-08A-0001  OBJECT 2155-304            70.0 V       21:32:55 2014-06-22 08:14:22.9 2456830.8433 ccd140621.0097         [08:16:16.8
YALE-08A-0001  OBJECT 2155-304            30.0 K       21:34:26 2014-06-22 08:15:53.5 2456830.8444 ir140621.0314          [08:16:40.8
YALE-08A-0001  OBJECT 2155-304            30.1 K       21:35:12 2014-06-22 08:16:39.8 2456830.8449 ir140621.0315          [08:17:26.2
CHILE-06B-0288 OBJECT J2247a             250.0 R       21:37:29 2014-06-22 08:18:56.2 2456830.8465 ccd140621.0098         [08:23:51.0
CHILE-06B-0288 OBJECT J2247b             250.0 R       21:45:47 2014-06-22 08:27:13.1 2456830.8522 ccd140621.0099         [08:32:07.0
CHILE-06B-0288 OBJECT CT682              250.0 R       21:52:40 2014-06-22 08:34:04.8 2456830.8570 ccd140621.0100         [08:38:59.5
YALE-08A-0001  OBJECT 3C454.3             30.1 J       22:00:24 2014-06-22 08:41:48.0 2456830.8624 ir140621.0316          [08:42:34.3
YALE-08A-0001  OBJECT 3C454.3             30.1 J       22:01:10 2014-06-22 08:42:34.0 2456830.8629 ir140621.0317          [08:43:21.8
YALE-08A-0001  OBJECT 3C454.3             70.0 R       22:00:27 2014-06-22 08:41:50.5 2456830.8624 ccd140621.0101         [08:43:44.3
YALE-08A-0001  OBJECT 3C454.3             30.0 J       22:01:58 2014-06-22 08:43:21.0 2456830.8634 ir140621.0318          [08:44:08.2
YALE-08A-0001  OBJECT 3C454.3             30.1 J       22:02:44 2014-06-22 08:44:07.3 2456830.8640 ir140621.0319          [08:44:53.6
YALE-08A-0001  OBJECT 3C454.3             30.0 J       22:03:30 2014-06-22 08:44:53.4 2456830.8645 ir140621.0320          [08:45:40.7
YALE-08A-0001  OBJECT 3C454.3             30.0 K       22:04:25 2014-06-22 08:45:47.7 2456830.8651 ir140621.0321          [08:46:34.0
YALE-08A-0001  OBJECT 3C454.3             30.0 K       22:05:11 2014-06-22 08:46:33.8 2456830.8657 ir140621.0322          [08:47:21.1
YALE-08A-0001  OBJECT 3C454.3             90.0 B       22:04:27 2014-06-22 08:45:50.1 2456830.8652 ccd140621.0102         [08:48:04.0
YALE-08A-0001  OBJECT 3C454.3             30.1 K       22:05:57 2014-06-22 08:47:20.1 2456830.8662 ir140621.0323          [08:48:07.3
YALE-08A-0001  OBJECT 3C454.3             30.1 K       22:06:44 2014-06-22 08:48:06.3 2456830.8668 ir140621.0324          [08:48:52.7
YALE-08A-0001  OBJECT 3C454.3             30.1 K       22:07:36 2014-06-22 08:48:58.2 2456830.8673 ir140621.0325          [08:49:45.5
YALE-08A-0001  OBJECT 3C454.3             30.1 K       22:08:22 2014-06-22 08:49:44.2 2456830.8679 ir140621.0326          [08:50:30.5
YALE-08A-0001  OBJECT 3C454.3             70.0 V       22:07:38 2014-06-22 08:49:00.4 2456830.8674 ccd140621.0103         [08:50:55.1
YALE-08A-0001  OBJECT 3C454.3             30.0 K       22:08:22 2014-06-22 08:49:44.2 2456830.8679 ir140621.0327          [08:51:26.6
YALE-08A-0001  OBJECT 3C454.3             30.1 K       22:08:22 2014-06-22 08:49:44.2 2456830.8679 ir140621.0328          [08:52:23.6
YALE-08A-0001  OBJECT 0131-522            30.1 J       22:15:54 2014-06-22 08:57:15.5 2456830.8731 ir140621.0329          [08:58:02.0
YALE-08A-0001  OBJECT 0131-522            30.1 J       22:16:41 2014-06-22 08:58:01.9 2456830.8736 ir140621.0330          [08:58:49.9
YALE-08A-0001  OBJECT 0131-522            30.0 J       22:17:27 2014-06-22 08:58:48.2 2456830.8742 ir140621.0331          [08:59:34.4
YALE-08A-0001  OBJECT 0131-522           140.0 R       22:15:57 2014-06-22 08:57:18.0 2456830.8731 ccd140621.0104         [09:00:22.7
YALE-08A-0001  OBJECT 0131-522            30.1 J       22:19:08 2014-06-22 09:00:28.9 2456830.8753 ir140621.0332          [09:01:15.2
YALE-08A-0001  OBJECT 0131-522            30.1 J       22:19:54 2014-06-22 09:01:14.8 2456830.8759 ir140621.0333          [09:02:02.1
YALE-08A-0001  OBJECT 0131-522            30.1 J       22:20:41 2014-06-22 09:02:01.2 2456830.8764 ir140621.0334          [09:02:47.4
YALE-08A-0001  OBJECT 0131-522            30.1 J       22:21:27 2014-06-22 09:02:47.5 2456830.8769 ir140621.0335          [09:03:34.9
YALE-08A-0001  OBJECT 0131-522           180.0 B       22:19:11 2014-06-22 09:00:31.4 2456830.8754 ccd140621.0105         [09:04:15.3
