Project        ImType Object           ExpTime Filter  LST      UTDate     UTC        JD           Filename               [Logged@UT]
ALL            BIAS   BIASES               0.0 I       10:35:20 2014-06-16 21:38:15.0 2456825.4016 ccd140616bias.0001     [21:38:59.9
ALL            BIAS   BIASES               0.0 I       10:36:06 2014-06-16 21:39:01.4 2456825.4021 ccd140616bias.0002     [21:39:45.1
ALL            BIAS   BIASES               0.0 I       10:36:53 2014-06-16 21:39:48.0 2456825.4026 ccd140616bias.0003     [21:40:32.6
ALL            BIAS   BIASES               0.0 I       10:37:40 2014-06-16 21:40:34.9 2456825.4032 ccd140616bias.0004     [21:41:18.7
ALL            BIAS   BIASES               0.0 I       10:38:27 2014-06-16 21:41:21.5 2456825.4037 ccd140616bias.0005     [21:42:06.0
ALL            BIAS   BIASES               0.0 I       10:39:14 2014-06-16 21:42:08.4 2456825.4043 ccd140616bias.0006     [21:42:52.1
ALL            BIAS   BIASES               0.0 I       10:40:00 2014-06-16 21:42:54.9 2456825.4048 ccd140616bias.0007     [21:43:39.5
ALL            BIAS   BIASES               0.0 I       10:40:47 2014-06-16 21:43:41.8 2456825.4054 ccd140616bias.0008     [21:44:25.6
ALL            BIAS   BIASES               0.0 I       10:41:34 2014-06-16 21:44:28.4 2456825.4059 ccd140616bias.0009     [21:45:12.9
ALL            BIAS   BIASES               0.0 I       10:42:21 2014-06-16 21:45:15.4 2456825.4064 ccd140616bias.0010     [21:45:59.1
ALL            OBJECT test                 1.0 I       10:44:12 2014-06-16 21:47:05.7 2456825.4077 ccd140616.0001         [21:47:51.4
ALL            OBJECT focus                7.0 H       11:31:28 2014-06-16 22:34:14.6 2456825.4405 irfoco.0001            [22:36:04.1
ALL            OBJECT focus               10.0 V       11:31:31 2014-06-16 22:34:17.1 2456825.4405 ccdfoco.0001           [22:36:05.2
ALL            OBJECT focus                7.0 H       11:32:33 2014-06-16 22:35:18.6 2456825.4412 irfoco.0002            [22:36:06.4
ALL            OBJECT focus               10.0 V       11:32:35 2014-06-16 22:35:21.1 2456825.4412 ccdfoco.0002           [22:36:15.0
ALL            OBJECT focus                7.0 H       11:34:40 2014-06-16 22:37:25.3 2456825.4427 irfoco.0003            [22:37:49.3
ALL            OBJECT focus               10.0 V       11:34:42 2014-06-16 22:37:27.8 2456825.4427 ccdfoco.0003           [22:39:57.8
ALL            OBJECT focus                7.0 H       11:54:00 2014-06-16 22:56:42.8 2456825.4561 irfoco.0001            [22:57:07.1
ALL            OBJECT focus               10.0 V       11:54:03 2014-06-16 22:56:45.4 2456825.4561 ccdfoco.0001           [22:57:39.4
NOAO-14A-0410  OBJECT LCAR                 4.0 H+ND4   11:59:24 2014-06-16 23:02:06.0 2456825.4598 ir140616.0001          [23:02:43.6
NOAO-14A-0410  OBJECT LCAR                 4.0 H+ND4   12:00:01 2014-06-16 23:02:42.3 2456825.4602 ir140616.0002          [23:03:19.0
NOAO-14A-0410  OBJECT LCAR                 4.0 H+ND4   12:00:38 2014-06-16 23:03:18.9 2456825.4606 ir140616.0003          [23:03:56.6
NOAO-14A-0410  OBJECT LCAR                 4.0 H+ND4   12:01:14 2014-06-16 23:03:55.7 2456825.4611 ir140616.0004          [23:06:41.8
NOAO-14A-0410  OBJECT LCAR                 4.0 H+ND4   12:01:51 2014-06-16 23:04:31.8 2456825.4615 ir140616.0005          [23:08:49.9
NOAO-14A-0410  OBJECT LCAR                 4.0 H+ND4   12:02:27 2014-06-16 23:05:08.4 2456825.4619 ir140616.0006          [23:08:52.1
NOAO-14A-0410  OBJECT LCAR                 4.0 H+ND4   12:02:27 2014-06-16 23:05:08.4 2456825.4619 ir140616.0007          [23:08:53.3
NOAO-14A-0410  OBJECT LCARLEFT            12.0 H       12:07:19 2014-06-16 23:09:58.8 2456825.4653 ir140616.0008          [23:10:59.7
NOAO-14A-0410  OBJECT LCARLEFT            12.0 H       12:08:19 2014-06-16 23:10:59.3 2456825.4660 ir140616.0009          [23:12:00.9
NOAO-14A-0410  OBJECT LCARLEFT            12.0 H       12:09:20 2014-06-16 23:11:59.9 2456825.4667 ir140616.0010          [23:13:00.4
NOAO-14A-0410  OBJECT LCARLEFT            12.0 H       12:10:21 2014-06-16 23:13:00.9 2456825.4674 ir140616.0011          [23:14:02.3
NOAO-14A-0410  OBJECT LCARLEFT            12.0 H       12:11:21 2014-06-16 23:14:01.0 2456825.4681 ir140616.0012          [23:15:01.6
NOAO-14A-0410  OBJECT LCARLEFT            12.0 H       12:12:22 2014-06-16 23:15:01.4 2456825.4688 ir140616.0013          [23:16:03.0
NOAO-14A-0410  OBJECT LCARLEFT            12.0 H       12:13:23 2014-06-16 23:16:02.1 2456825.4695 ir140616.0014          [23:17:03.1
NOAO-14A-0410  OBJECT LCARRIGHT            4.0 H       12:15:07 2014-06-16 23:17:46.7 2456825.4707 ir140616.0015          [23:18:24.1
NOAO-14A-0410  OBJECT LCARRIGHT            4.0 H       12:15:44 2014-06-16 23:18:22.9 2456825.4711 ir140616.0016          [23:19:52.5
NOAO-14A-0016  OBJECT WASP-19             30.0 V       12:32:24 2014-06-16 23:35:00.5 2456825.4827 ccd140616.0001         [23:36:15.4
NOAO-14A-0016  OBJECT WASP-19             30.0 V       12:33:41 2014-06-16 23:36:17.4 2456825.4835 ccd140616.0002         [23:37:31.2
NOAO-14A-0016  OBJECT WASP-19             30.0 V       12:34:58 2014-06-16 23:37:33.8 2456825.4844 ccd140616.0003         [23:38:48.5
NOAO-14A-0016  OBJECT WASP-19             30.0 V       12:36:15 2014-06-16 23:38:50.3 2456825.4853 ccd140616.0004         [23:40:04.2
NOAO-14A-0016  OBJECT WASP-19             30.0 V       12:37:32 2014-06-16 23:40:06.9 2456825.4862 ccd140616.0005         [23:41:21.5
NOAO-14A-0016  OBJECT WASP-19             30.0 V       12:38:48 2014-06-16 23:41:23.3 2456825.4871 ccd140616.0006         [23:42:37.1
CHILE-12B-0001 OBJECT V648 Car             5.0 B       12:43:04 2014-06-16 23:45:38.4 2456825.4900 ccd140616.0007         [23:46:28.1
CHILE-12B-0001 OBJECT V648 Car             5.0 V       12:44:01 2014-06-16 23:46:35.3 2456825.4907 ccd140616.0008         [23:47:24.3
CHILE-12B-0001 OBJECT V648 Car             3.0 R       12:44:58 2014-06-16 23:47:32.2 2456825.4913 ccd140616.0009         [23:48:20.0
CHILE-12B-0001 OBJECT V648 Car             2.0 I       12:45:56 2014-06-16 23:48:29.8 2456825.4920 ccd140616.0010         [23:49:15.6
YALE-08A-0001  OBJECT 1038-5311           30.1 J       12:48:56 2014-06-16 23:51:29.6 2456825.4941 ir140616.0020          [23:52:17.0
YALE-08A-0001  OBJECT 1038-5311           30.0 J       12:49:42 2014-06-16 23:52:15.7 2456825.4946 ir140616.0021          [23:53:02.1
YALE-08A-0001  OBJECT 1038-5311           30.0 J       12:50:28 2014-06-16 23:53:01.9 2456825.4952 ir140616.0022          [23:53:49.8
YALE-08A-0001  OBJECT 1038-5311          140.0 R       12:48:59 2014-06-16 23:51:32.2 2456825.4941 ccd140616.0011         [23:55:19.3
YALE-08A-0001  OBJECT 1038-5311           30.0 J       12:52:09 2014-06-16 23:54:42.4 2456825.4963 ir140616.0023          [23:55:29.8
YALE-08A-0001  OBJECT 1038-5311           30.0 J       12:52:55 2014-06-16 23:55:28.4 2456825.4969 ir140616.0024          [23:56:14.6
YALE-08A-0001  OBJECT 1038-5311           30.1 J       12:53:42 2014-06-16 23:56:14.5 2456825.4974 ir140616.0025          [23:57:01.8
YALE-08A-0001  OBJECT 1038-5311           30.0 J       12:54:28 2014-06-16 23:57:00.7 2456825.4979 ir140616.0026          [23:57:47.1
YALE-08A-0001  OBJECT 1038-5311          180.0 B       12:52:12 2014-06-16 23:54:45.0 2456825.4964 ccd140616.0012         [23:58:31.3
DUBLIN-11B-000 OBJECT Luhman16            30.0 J       12:58:56 2014-06-17 00:01:28.2 2456825.5010 ir140616.0027          [00:02:48.8
DUBLIN-11B-000 OBJECT Luhman16           110.0 I       12:58:59 2014-06-17 00:01:30.8 2456825.5011 ccd140616.0013         [00:04:05.4
DUBLIN-11B-000 OBJECT Luhman16            30.0 J       13:00:17 2014-06-17 00:02:48.5 2456825.5019 ir140616.0028          [00:04:09.7
DUBLIN-11B-000 OBJECT Luhman16            30.0 J       13:01:37 2014-06-17 00:04:08.9 2456825.5029 ir140616.0029          [00:05:30.4
DUBLIN-11B-000 OBJECT Luhman16           110.0 I       13:01:36 2014-06-17 00:04:07.9 2456825.5029 ccd140616.0014         [00:06:41.7
DUBLIN-11B-000 OBJECT Luhman16            30.1 J       13:02:58 2014-06-17 00:05:29.4 2456825.5038 ir140616.0030          [00:06:51.7
DUBLIN-11B-000 OBJECT Luhman16            30.0 J       13:04:19 2014-06-17 00:06:49.7 2456825.5047 ir140616.0031          [00:08:10.3
DUBLIN-11B-000 OBJECT Luhman16           110.0 I       13:04:14 2014-06-17 00:06:44.6 2456825.5047 ccd140616.0015         [00:09:19.2
DUBLIN-11B-000 OBJECT Luhman16            30.0 K       13:06:58 2014-06-17 00:09:28.1 2456825.5066 ir140616.0032          [00:11:31.9
DUBLIN-11B-000 OBJECT Luhman16           110.0 R       13:07:00 2014-06-17 00:09:30.8 2456825.5066 ccd140616.0016         [00:12:05.5
DUBLIN-11B-000 OBJECT Luhman16            30.0 K       13:08:18 2014-06-17 00:10:48.4 2456825.5075 ir140616.0033          [00:13:01.9
YALE-08A-0001  OBJECT 1457-6027           30.1 J       13:25:22 2014-06-17 00:27:49.2 2456825.5193 ir140616.0036          [00:28:36.8
YALE-08A-0001  OBJECT 1457-6027           30.1 J       13:26:08 2014-06-17 00:28:35.2 2456825.5198 ir140616.0037          [00:29:21.6
YALE-08A-0001  OBJECT 1457-6027           30.1 J       13:26:54 2014-06-17 00:29:21.4 2456825.5204 ir140616.0038          [00:30:08.7
YALE-08A-0001  OBJECT 1457-6027          140.0 R       13:25:24 2014-06-17 00:27:51.9 2456825.5194 ccd140616.0018         [00:30:55.8
YALE-08A-0001  OBJECT 1457-6027           30.0 J       13:28:35 2014-06-17 00:31:02.1 2456825.5216 ir140616.0039          [00:31:49.5
YALE-08A-0001  OBJECT 1457-6027           30.0 J       13:29:21 2014-06-17 00:31:48.1 2456825.5221 ir140616.0040          [00:32:34.4
YALE-08A-0001  OBJECT 1457-6027           30.1 J       13:30:07 2014-06-17 00:32:34.2 2456825.5226 ir140616.0041          [00:33:21.5
YALE-08A-0001  OBJECT 1457-6027           30.1 J       13:30:54 2014-06-17 00:33:20.4 2456825.5231 ir140616.0042          [00:34:06.8
YALE-08A-0001  OBJECT 1457-6027          180.0 B       13:28:38 2014-06-17 00:31:04.7 2456825.5216 ccd140616.0019         [00:34:49.6
YALE-03A-0001  OBJECT NovaMusca           70.0 J       13:35:22 2014-06-17 00:37:47.6 2456825.5263 ir140616.0043          [00:39:14.0
YALE-03A-0001  OBJECT NovaMusca           70.0 J       13:36:48 2014-06-17 00:39:13.5 2456825.5272 ir140616.0044          [00:40:40.9
YALE-03A-0001  OBJECT NovaMusca           70.0 J       13:38:14 2014-06-17 00:40:39.6 2456825.5282 ir140616.0045          [00:42:05.9
YALE-03A-0001  OBJECT NovaMusca           70.0 J       13:39:40 2014-06-17 00:42:05.6 2456825.5292 ir140616.0046          [00:43:33.0
YALE-03A-0001  OBJECT NovaMusca           70.0 J       13:41:07 2014-06-17 00:43:31.6 2456825.5302 ir140616.0047          [00:44:58.0
YALE-03A-0001  OBJECT NovaMusca           70.0 J       13:42:33 2014-06-17 00:44:57.6 2456825.5312 ir140616.0048          [00:46:25.0
YALE-03A-0001  OBJECT NovaMusca           70.0 J       13:43:59 2014-06-17 00:46:23.6 2456825.5322 ir140616.0049          [00:47:49.9
YALE-03A-0001  OBJECT NovaMusca          600.0 I       13:35:24 2014-06-17 00:37:50.3 2456825.5263 ccd140616.0020         [00:48:34.8
YALE-03A-0001  OBJECT NovaMusca           70.0 J       13:46:18 2014-06-17 00:48:41.8 2456825.5338 ir140616.0050          [00:50:08.2
YALE-03A-0001  OBJECT NovaMusca           70.0 J       13:47:44 2014-06-17 00:50:07.7 2456825.5348 ir140616.0051          [00:51:35.3
YALE-03A-0001  OBJECT NovaMusca           70.0 J       13:49:10 2014-06-17 00:51:34.1 2456825.5358 ir140616.0052          [00:53:00.5
YALE-03A-0001  OBJECT NovaMusca           70.0 J       13:50:37 2014-06-17 00:53:00.3 2456825.5368 ir140616.0053          [00:54:28.1
YALE-03A-0001  OBJECT NovaMusca           70.0 J       13:52:03 2014-06-17 00:54:26.1 2456825.5378 ir140616.0054          [00:55:52.5
YALE-03A-0001  OBJECT NovaMusca           70.0 J       13:53:29 2014-06-17 00:55:52.2 2456825.5388 ir140616.0055          [00:57:19.5
YALE-03A-0001  OBJECT NovaMusca           70.0 J       13:54:56 2014-06-17 00:57:18.2 2456825.5398 ir140616.0056          [00:58:44.5
YALE-03A-0001  OBJECT NovaMusca          600.0 V       13:46:20 2014-06-17 00:48:44.4 2456825.5338 ccd140616.0021         [00:59:29.1
OSU-03A-0001   OBJECT OB140392            50.0 H       14:01:31 2014-06-17 01:03:52.5 2456825.5444 ir140616.0057          [01:04:58.9
OSU-03A-0001   OBJECT OB140392            50.0 H       14:02:37 2014-06-17 01:04:58.3 2456825.5451 ir140616.0058          [01:06:05.6
OSU-03A-0001   OBJECT OB140392            50.0 H       14:03:43 2014-06-17 01:06:04.7 2456825.5459 ir140616.0059          [01:07:54.2
OSU-03A-0001   OBJECT OB140392            50.0 H       14:04:50 2014-06-17 01:07:10.9 2456825.5466 ir140616.0060          [01:08:19.8
OSU-03A-0001   OBJECT OB140392            50.0 H       14:05:56 2014-06-17 01:08:16.7 2456825.5474 ir140616.0061          [01:09:23.1
OSU-03A-0001   OBJECT OB140392           300.0 I       14:01:33 2014-06-17 01:03:55.1 2456825.5444 ccd140616.0022         [01:09:39.7
OSU-03A-0001   OBJECT OB140944            50.0 H       14:08:00 2014-06-17 01:10:20.7 2456825.5488 ir140616.0062          [01:11:27.1
OSU-03A-0001   OBJECT OB140944            50.0 H       14:09:06 2014-06-17 01:11:26.6 2456825.5496 ir140616.0063          [01:12:33.8
OSU-03A-0001   OBJECT OB140944            50.0 H       14:10:13 2014-06-17 01:12:32.7 2456825.5504 ir140616.0064          [01:13:39.1
OSU-03A-0001   OBJECT OB140944            50.0 H       14:11:19 2014-06-17 01:13:38.8 2456825.5512 ir140616.0065          [01:14:46.1
OSU-03A-0001   OBJECT OB140944            50.0 H       14:12:25 2014-06-17 01:14:44.7 2456825.5519 ir140616.0066          [01:15:51.1
OSU-03A-0001   OBJECT OB140944           300.0 I       14:08:03 2014-06-17 01:10:23.2 2456825.5489 ccd140616.0023         [01:16:07.7
OSU-03A-0001   OBJECT OB140807            50.0 H       14:16:33 2014-06-17 01:18:51.8 2456825.5548 ir140616.0067          [01:19:58.2
OSU-03A-0001   OBJECT OB140807            50.0 H       14:17:39 2014-06-17 01:19:57.5 2456825.5555 ir140616.0068          [01:21:05.0
OSU-03A-0001   OBJECT OB140807            50.0 H       14:18:45 2014-06-17 01:21:03.6 2456825.5563 ir140616.0069          [01:22:10.0
OSU-03A-0001   OBJECT OB140807            50.0 H       14:19:51 2014-06-17 01:22:09.7 2456825.5571 ir140616.0070          [01:23:17.1
OSU-03A-0001   OBJECT OB140807            50.0 H       14:20:57 2014-06-17 01:23:15.8 2456825.5578 ir140616.0071          [01:24:22.2
OSU-03A-0001   OBJECT OB140807           300.0 I       14:16:35 2014-06-17 01:18:54.3 2456825.5548 ccd140616.0024         [01:24:38.9
OSU-03A-0001   OBJECT OB140650            50.0 H       14:23:08 2014-06-17 01:25:26.3 2456825.5593 ir140616.0072          [01:26:32.7
OSU-03A-0001   OBJECT OB140650            50.0 H       14:24:14 2014-06-17 01:26:32.1 2456825.5601 ir140616.0073          [01:27:39.3
OSU-03A-0001   OBJECT OB140650            50.0 H       14:25:20 2014-06-17 01:27:38.1 2456825.5609 ir140616.0074          [01:28:44.6
OSU-03A-0001   OBJECT OB140650            50.0 H       14:26:27 2014-06-17 01:28:44.4 2456825.5616 ir140616.0075          [01:29:51.7
OSU-03A-0001   OBJECT OB140650            50.0 H       14:27:33 2014-06-17 01:29:50.5 2456825.5624 ir140616.0076          [01:30:56.8
OSU-03A-0001   OBJECT OB140650           300.0 I       14:23:11 2014-06-17 01:25:28.8 2456825.5594 ccd140616.0025         [01:31:13.5
OSU-03A-0001   OBJECT OB141050            50.0 H       14:29:55 2014-06-17 01:32:12.1 2456825.5640 ir140616.0077          [01:33:18.4
OSU-03A-0001   OBJECT OB141050            50.0 H       14:31:01 2014-06-17 01:33:17.9 2456825.5648 ir140616.0078          [01:34:25.2
OSU-03A-0001   OBJECT OB141050            50.0 H       14:32:07 2014-06-17 01:34:24.0 2456825.5656 ir140616.0079          [01:36:13.6
OSU-03A-0001   OBJECT OB141050            50.0 H       14:33:14 2014-06-17 01:35:30.9 2456825.5663 ir140616.0080          [01:36:38.2
OSU-03A-0001   OBJECT OB141050            50.0 H       14:34:21 2014-06-17 01:36:37.3 2456825.5671 ir140616.0081          [01:37:43.7
OSU-03A-0001   OBJECT OB141050           300.0 I       14:29:58 2014-06-17 01:32:14.7 2456825.5641 ccd140616.0026         [01:37:59.4
OSU-03B-0001   OBJECT sdss1335           150.0 J       14:39:41 2014-06-17 01:41:56.6 2456825.5708 ir140616.0082          [01:44:43.0
OSU-03B-0001   OBJECT sdss1335           150.0 J       14:42:28 2014-06-17 01:44:42.6 2456825.5727 ir140616.0083          [01:47:29.8
OSU-03B-0001   OBJECT sdss1335           300.0 R       14:39:44 2014-06-17 01:41:59.2 2456825.5708 ccd140616.0027         [01:47:43.0
OSU-03B-0001   OBJECT sdss1335           150.0 J       14:45:14 2014-06-17 01:47:28.7 2456825.5746 ir140616.0084          [01:50:16.2
OSU-03B-0001   OBJECT sdss1335           150.0 J       14:48:01 2014-06-17 01:50:14.8 2456825.5766 ir140616.0085          [01:53:01.1
OSU-03B-0001   OBJECT sdss1335           300.0 R       14:45:31 2014-06-17 01:47:45.6 2456825.5748 ccd140616.0028         [01:53:30.2
OSU-03B-0001   OBJECT sdss1335           150.0 J       14:50:47 2014-06-17 01:53:00.6 2456825.5785 ir140616.0086          [01:55:46.9
OSU-03B-0001   OBJECT sdss1335           150.0 J       14:53:34 2014-06-17 01:55:46.7 2456825.5804 ir140616.0087          [01:58:34.0
OSU-03B-0001   OBJECT sdss1335           300.0 R       14:51:19 2014-06-17 01:53:32.5 2456825.5789 ccd140616.0029         [01:59:16.3
OSU-03B-0001   OBJECT sdss1335           150.0 J       14:57:12 2014-06-17 01:59:24.6 2456825.5829 ir140616.0088          [02:02:12.0
OSU-03B-0001   OBJECT sdss1335           150.0 J       14:59:59 2014-06-17 02:02:10.6 2456825.5849 ir140616.0089          [02:04:56.9
OSU-03B-0001   OBJECT sdss1335           300.0 I       14:57:15 2014-06-17 01:59:27.2 2456825.5830 ccd140616.0030         [02:05:11.8
OSU-03B-0001   OBJECT sdss1335           150.0 J       15:02:45 2014-06-17 02:04:56.7 2456825.5868 ir140616.0090          [02:07:43.0
OSU-03B-0001   OBJECT sdss1335           150.0 J       15:05:32 2014-06-17 02:07:43.0 2456825.5887 ir140616.0091          [02:10:30.3
OSU-03B-0001   OBJECT sdss1335           300.0 I       15:03:02 2014-06-17 02:05:13.6 2456825.5870 ccd140616.0031         [02:10:57.4
OSU-03B-0001   OBJECT sdss1335           150.0 J       15:08:18 2014-06-17 02:10:28.9 2456825.5906 ir140616.0092          [02:13:16.3
OSU-03B-0001   OBJECT sdss1335           150.0 J       15:11:05 2014-06-17 02:13:14.9 2456825.5925 ir140616.0093          [02:16:01.2
SUNY-04A-0011  OBJECT V1369 Cen            4.0 J       15:18:34 2014-06-17 02:20:42.8 2456825.5977 ir140616.0094          [02:21:04.0
SUNY-04A-0011  OBJECT V1369 Cen            4.0 J       15:18:54 2014-06-17 02:21:03.1 2456825.5980 ir140616.0095          [02:22:06.6
SUNY-04A-0011  OBJECT V1369 Cen            4.0 J       15:19:14 2014-06-17 02:21:23.4 2456825.5982 ir140616.0096          [02:23:52.4
SUNY-04A-0011  OBJECT V1369 Cen            4.0 J       15:23:21 2014-06-17 02:25:29.4 2456825.6010 ir140616.0097          [02:25:49.7
SUNY-04A-0011  OBJECT V1369 Cen            4.0 J       15:23:42 2014-06-17 02:25:50.2 2456825.6013 ir140616.0098          [02:26:11.5
SUNY-04A-0011  OBJECT V1369 Cen            1.0 I       15:23:24 2014-06-17 02:25:31.9 2456825.6011 ccd140616.0035         [02:26:16.7
SUNY-04A-0011  OBJECT V1369 Cen            4.0 J       15:24:02 2014-06-17 02:26:10.1 2456825.6015 ir140616.0099          [02:26:32.1
SUNY-04A-0011  OBJECT V1369 Cen            4.0 H       15:24:30 2014-06-17 02:26:38.0 2456825.6018 ir140616.0100          [02:26:58.3
SUNY-04A-0011  OBJECT V1369 Cen            4.0 H       15:24:50 2014-06-17 02:26:57.9 2456825.6021 ir140616.0101          [02:27:19.1
SUNY-04A-0011  OBJECT V1369 Cen            1.0 B       15:24:33 2014-06-17 02:26:40.5 2456825.6019 ccd140616.0036         [02:27:25.3
SUNY-04A-0011  OBJECT V1369 Cen            4.0 H       15:25:10 2014-06-17 02:27:18.1 2456825.6023 ir140616.0102          [02:27:39.8
SUNY-04A-0011  OBJECT V1369 Cen            4.0 K       15:25:37 2014-06-17 02:27:44.7 2456825.6026 ir140616.0103          [02:28:05.0
SUNY-04A-0011  OBJECT V1369 Cen            4.0 K       15:25:57 2014-06-17 02:28:04.5 2456825.6028 ir140616.0104          [02:28:26.0
SUNY-04A-0011  OBJECT V1369 Cen            1.0 V       15:25:39 2014-06-17 02:27:47.2 2456825.6026 ccd140616.0037         [02:28:32.0
SUNY-04A-0011  OBJECT V1369 Cen            4.0 K       15:26:17 2014-06-17 02:28:24.7 2456825.6031 ir140616.0105          [02:28:46.2
SUNY-04A-0011  OBJECT V1369 Cen            4.0 K       15:26:43 2014-06-17 02:28:50.6 2456825.6034 ir140616.0106          [02:29:10.9
SUNY-04A-0011  OBJECT V1369 Cen            4.0 K       15:27:03 2014-06-17 02:29:10.5 2456825.6036 ir140616.0107          [02:29:32.6
SUNY-04A-0011  OBJECT V1369 Cen            0.5 R       15:26:45 2014-06-17 02:28:53.0 2456825.6034 ccd140616.0038         [02:29:37.3
SUNY-04A-0011  OBJECT V1369 Cen            4.0 K       15:27:23 2014-06-17 02:29:30.5 2456825.6038 ir140616.0108          [02:29:52.5
GSU-03A-0006   OBJECT 1510-089            35.0 H       15:32:10 2014-06-17 02:34:16.8 2456825.6071 ir140616.0109          [02:35:08.1
GSU-03A-0006   OBJECT 1510-089            35.0 H       15:33:01 2014-06-17 02:35:07.7 2456825.6077 ir140616.0110          [02:36:00.3
GSU-03A-0006   OBJECT 1510-089            35.0 H       15:33:52 2014-06-17 02:35:59.0 2456825.6083 ir140616.0111          [02:36:50.3
GSU-03A-0006   OBJECT 1510-089           120.0 R       15:32:12 2014-06-17 02:34:19.1 2456825.6072 ccd140616.0039         [02:37:03.9
YALE-03A-0001  OBJECT 4U1543-47           30.1 J       15:38:16 2014-06-17 02:40:21.6 2456825.6114 ir140616.0112          [02:41:07.9
YALE-03A-0001  OBJECT 4U1543-47           30.1 J       15:39:02 2014-06-17 02:41:07.7 2456825.6119 ir140616.0113          [02:41:55.6
YALE-03A-0001  OBJECT 4U1543-47           30.0 J       15:39:49 2014-06-17 02:41:54.2 2456825.6124 ir140616.0114          [02:42:40.6
YALE-03A-0001  OBJECT 4U1543-47           30.1 J       15:39:49 2014-06-17 02:41:54.2 2456825.6124 ir140616.0115          [02:43:37.6
YALE-03A-0001  OBJECT 4U1543-47          180.0 V       15:38:18 2014-06-17 02:40:24.1 2456825.6114 ccd140616.0040         [02:44:08.1
YALE-03A-0001  OBJECT 4U1543-47           30.0 J       15:41:31 2014-06-17 02:43:36.2 2456825.6136 ir140616.0116          [02:44:23.9
YALE-03A-0001  OBJECT 4U1543-47           30.0 H       15:42:25 2014-06-17 02:44:30.6 2456825.6142 ir140616.0117          [02:45:16.9
YALE-03A-0001  OBJECT 4U1543-47           30.0 H       15:43:12 2014-06-17 02:45:16.6 2456825.6148 ir140616.0118          [02:46:04.8
YALE-03A-0001  OBJECT 4U1543-47           30.0 H       15:43:59 2014-06-17 02:46:03.5 2456825.6153 ir140616.0119          [02:46:49.8
YALE-03A-0001  OBJECT 4U1543-47           30.0 H       15:44:45 2014-06-17 02:46:49.9 2456825.6159 ir140616.0120          [02:47:37.1
YALE-03A-0001  OBJECT 4U1543-47          180.0 I       15:42:28 2014-06-17 02:44:33.1 2456825.6143 ccd140616.0041         [02:48:16.9
YALE-03A-0001  OBJECT 4U1543-47           30.1 H       15:45:31 2014-06-17 02:47:36.0 2456825.6164 ir140616.0121          [02:48:23.5
YALE-08A-0001  OBJECT 1550-242            30.1 J       15:51:04 2014-06-17 02:53:07.2 2456825.6202 ir140616.0122          [02:53:53.5
YALE-08A-0001  OBJECT 1550-242            30.1 J       15:51:50 2014-06-17 02:53:53.3 2456825.6208 ir140616.0123          [02:54:40.6
YALE-08A-0001  OBJECT 1550-242            30.0 J       15:52:36 2014-06-17 02:54:39.7 2456825.6213 ir140616.0124          [02:56:18.3
OSU-03A-0001   OBJECT OB140500            50.0 H       16:13:10 2014-06-17 03:15:10.5 2456825.6355 ir140616.0126          [03:16:18.3
OSU-03A-0001   OBJECT OB140500            50.0 H       16:14:16 2014-06-17 03:16:16.4 2456825.6363 ir140616.0127          [03:17:22.8
OSU-03A-0001   OBJECT OB140500            50.0 H       16:15:23 2014-06-17 03:17:22.7 2456825.6371 ir140616.0128          [03:18:30.2
OSU-03A-0001   OBJECT OB140500            50.0 H       16:16:29 2014-06-17 03:18:28.8 2456825.6378 ir140616.0129          [03:19:35.3
OSU-03A-0001   OBJECT OB140500            50.0 H       16:17:35 2014-06-17 03:19:34.6 2456825.6386 ir140616.0130          [03:20:42.1
OSU-03A-0001   OBJECT OB140500           300.0 I       16:13:13 2014-06-17 03:15:13.0 2456825.6356 ccd140616.0044         [03:20:57.0
OSU-03A-0001   OBJECT OB140939            50.0 H       16:20:53 2014-06-17 03:22:52.4 2456825.6409 ir140616.0131          [03:24:00.0
OSU-03A-0001   OBJECT OB140939            50.0 H       16:22:00 2014-06-17 03:23:58.4 2456825.6417 ir140616.0132          [03:25:04.9
OSU-03A-0001   OBJECT OB140939            50.0 H       16:23:06 2014-06-17 03:25:04.9 2456825.6424 ir140616.0133          [03:26:12.4
OSU-03A-0001   OBJECT OB140939            50.0 H       16:24:13 2014-06-17 03:26:10.9 2456825.6432 ir140616.0134          [03:27:17.9
OSU-03A-0001   OBJECT OB140939            50.0 H       16:25:19 2014-06-17 03:27:17.2 2456825.6439 ir140616.0135          [03:28:24.8
OSU-03A-0001   OBJECT OB140939           300.0 I       16:20:56 2014-06-17 03:22:54.9 2456825.6409 ccd140616.0045         [03:28:38.7
OSU-03A-0001   OBJECT OB140955            50.0 H       16:29:02 2014-06-17 03:30:59.8 2456825.6465 ir140616.0136          [03:32:07.1
OSU-03A-0001   OBJECT OB140955            50.0 H       16:30:09 2014-06-17 03:32:05.8 2456825.6473 ir140616.0137          [03:33:12.2
OSU-03A-0001   OBJECT OB140955            50.0 H       16:31:15 2014-06-17 03:33:11.8 2456825.6480 ir140616.0138          [03:34:19.6
OSU-03A-0001   OBJECT OB140955            50.0 H       16:32:21 2014-06-17 03:34:18.0 2456825.6488 ir140616.0139          [03:35:24.5
OSU-03A-0001   OBJECT OB140955            50.0 H       16:33:27 2014-06-17 03:35:24.0 2456825.6496 ir140616.0140          [03:36:31.4
OSU-03A-0001   OBJECT OB140955           300.0 I       16:29:05 2014-06-17 03:31:02.3 2456825.6466 ccd140616.0046         [03:36:46.1
OSU-03A-0001   OBJECT OB140289            50.0 H       16:35:26 2014-06-17 03:37:22.1 2456825.6510 ir140616.0141          [03:38:30.1
OSU-03A-0001   OBJECT OB140289            50.0 H       16:36:32 2014-06-17 03:38:28.1 2456825.6517 ir140616.0142          [03:39:34.8
OSU-03A-0001   OBJECT OB140289            50.0 H       16:37:39 2014-06-17 03:39:34.6 2456825.6525 ir140616.0143          [03:40:41.9
OSU-03A-0001   OBJECT OB140289            50.0 H       16:38:45 2014-06-17 03:40:40.7 2456825.6532 ir140616.0144          [03:41:47.1
OSU-03A-0001   OBJECT OB140289            50.0 H       16:39:51 2014-06-17 03:41:46.6 2456825.6540 ir140616.0145          [03:42:54.1
OSU-03A-0001   OBJECT OB140289           300.0 I       16:35:28 2014-06-17 03:37:24.6 2456825.6510 ccd140616.0047         [03:43:08.4
NOAO-14A-0257  OBJECT PHR1418-5144       420.0 V       17:22:15 2014-06-17 04:24:04.0 2456825.6834 ccd140616.0048         [04:31:48.6
NOAO-14A-0257  OBJECT PHR1418-5144       420.0 V       17:48:26 2014-06-17 04:50:10.4 2456825.7015 ccd140616.0051         [04:57:54.3
YALE-03A-0001  OBJECT GROJ1655-40         30.0 J       18:09:52 2014-06-17 05:11:33.5 2456825.7164 ir140616.0146          [05:12:21.0
YALE-03A-0001  OBJECT GROJ1655-40         30.0 J       18:10:39 2014-06-17 05:12:19.6 2456825.7169 ir140616.0147          [05:13:06.0
YALE-03A-0001  OBJECT GROJ1655-40         30.1 J       18:11:25 2014-06-17 05:13:05.8 2456825.7174 ir140616.0148          [05:13:53.2
YALE-03A-0001  OBJECT GROJ1655-40        120.0 V       18:09:55 2014-06-17 05:11:36.0 2456825.7164 ccd140616.0053         [05:14:19.8
YALE-03A-0001  OBJECT GROJ1655-40         30.0 J       18:12:11 2014-06-17 05:13:52.0 2456825.7180 ir140616.0149          [05:14:39.5
YALE-03A-0001  OBJECT GROJ1655-40         30.0 K       18:13:06 2014-06-17 05:14:46.6 2456825.7186 ir140616.0150          [05:15:33.0
YALE-03A-0001  OBJECT GROJ1655-40         30.1 K       18:13:52 2014-06-17 05:15:32.5 2456825.7191 ir140616.0151          [05:16:19.9
YALE-03A-0001  OBJECT GROJ1655-40         30.0 K       18:14:39 2014-06-17 05:16:18.9 2456825.7197 ir140616.0152          [05:17:05.3
YALE-03A-0001  OBJECT GROJ1655-40        120.0 I       18:13:09 2014-06-17 05:14:49.2 2456825.7186 ccd140616.0054         [05:17:33.8
YALE-03A-0001  OBJECT GROJ1655-40         30.1 K       18:15:25 2014-06-17 05:17:05.2 2456825.7202 ir140616.0153          [05:17:51.6
SUNY-04A-0011  OBJECT V1280 Sco           10.0 J       18:17:57 2014-06-17 05:19:36.4 2456825.7220 ir140616.0154          [05:20:04.1
SUNY-04A-0011  OBJECT V1280 Sco           10.0 J       18:18:23 2014-06-17 05:20:02.2 2456825.7223 ir140616.0155          [05:20:28.5
SUNY-04A-0011  OBJECT V1280 Sco           10.0 I       18:17:59 2014-06-17 05:19:39.0 2456825.7220 ccd140616.0055         [05:20:33.5
SUNY-04A-0011  OBJECT V1280 Sco           10.1 J       18:18:49 2014-06-17 05:20:28.5 2456825.7226 ir140616.0156          [05:20:54.8
SUNY-04A-0011  OBJECT V1280 Sco           10.1 H       18:19:22 2014-06-17 05:21:01.4 2456825.7229 ir140616.0157          [05:21:28.7
SUNY-04A-0011  OBJECT V1280 Sco           10.1 H       18:19:48 2014-06-17 05:21:27.2 2456825.7232 ir140616.0158          [05:21:53.5
SUNY-04A-0011  OBJECT V1280 Sco           20.0 B       18:19:24 2014-06-17 05:21:03.9 2456825.7230 ccd140616.0056         [05:22:08.7
SUNY-04A-0011  OBJECT V1280 Sco           10.1 H       18:20:14 2014-06-17 05:21:53.3 2456825.7235 ir140616.0159          [05:22:19.6
SUNY-04A-0011  OBJECT V1280 Sco           10.0 K       18:20:47 2014-06-17 05:22:26.4 2456825.7239 ir140616.0160          [05:22:53.6
SUNY-04A-0011  OBJECT V1280 Sco           10.1 K       18:21:13 2014-06-17 05:22:52.2 2456825.7242 ir140616.0161          [05:23:18.5
SUNY-04A-0011  OBJECT V1280 Sco           10.0 V       18:20:50 2014-06-17 05:22:28.9 2456825.7240 ccd140616.0057         [05:23:23.5
SUNY-04A-0011  OBJECT V1280 Sco           10.0 K       18:21:39 2014-06-17 05:23:18.5 2456825.7245 ir140616.0162          [05:23:44.7
SUNY-04A-0011  OBJECT V1280 Sco           10.0 K       18:22:11 2014-06-17 05:23:49.5 2456825.7249 ir140616.0163          [05:24:16.8
SUNY-04A-0011  OBJECT V1280 Sco           10.0 K       18:22:36 2014-06-17 05:24:15.3 2456825.7252 ir140616.0164          [05:24:41.5
SUNY-04A-0011  OBJECT V1280 Sco           10.0 R       18:22:13 2014-06-17 05:23:51.9 2456825.7249 ccd140616.0058         [05:24:46.6
SUNY-04A-0011  OBJECT V1280 Sco           10.0 K       18:23:03 2014-06-17 05:24:41.4 2456825.7255 ir140616.0165          [05:25:07.6
YALE-08A-0001  OBJECT 1730-130            30.0 J       18:25:19 2014-06-17 05:26:57.5 2456825.7271 ir140616.0166          [05:27:45.3
YALE-08A-0001  OBJECT 1730-130            30.1 J       18:26:05 2014-06-17 05:27:43.3 2456825.7276 ir140616.0167          [05:28:29.7
YALE-08A-0001  OBJECT 1730-130            30.0 J       18:26:51 2014-06-17 05:28:29.6 2456825.7281 ir140616.0168          [05:29:16.8
YALE-08A-0001  OBJECT 1730-130           140.0 R       18:25:21 2014-06-17 05:26:59.9 2456825.7271 ccd140616.0059         [05:30:03.7
YALE-08A-0001  OBJECT 1730-130            30.1 J       18:28:33 2014-06-17 05:30:10.4 2456825.7293 ir140616.0169          [05:30:58.9
YALE-08A-0001  OBJECT 1730-130            30.1 J       18:29:19 2014-06-17 05:30:56.4 2456825.7298 ir140616.0170          [05:31:42.7
YALE-08A-0001  OBJECT 1730-130            30.1 J       18:30:05 2014-06-17 05:31:42.4 2456825.7303 ir140616.0171          [05:32:30.1
YALE-08A-0001  OBJECT 1730-130            30.0 J       18:30:51 2014-06-17 05:32:28.8 2456825.7309 ir140616.0172          [05:33:15.2
YALE-08A-0001  OBJECT 1730-130           180.0 B       18:28:35 2014-06-17 05:30:13.0 2456825.7293 ccd140616.0060         [05:33:57.7
YALE-03A-0001  OBJECT GX339-4             30.0 K       18:35:06 2014-06-17 05:36:43.0 2456825.7338 ir140616.0173          [05:37:29.2
YALE-03A-0001  OBJECT GX339-4             30.1 K       18:35:53 2014-06-17 05:37:29.3 2456825.7344 ir140616.0174          [05:38:16.6
YALE-03A-0001  OBJECT GX339-4             30.0 K       18:36:39 2014-06-17 05:38:15.3 2456825.7349 ir140616.0175          [05:39:01.6
YALE-03A-0001  OBJECT GX339-4             30.1 K       18:37:25 2014-06-17 05:39:01.6 2456825.7354 ir140616.0176          [05:39:49.6
YALE-03A-0001  OBJECT GX339-4            180.0 B       18:35:09 2014-06-17 05:36:45.4 2456825.7339 ccd140616.0061         [05:40:29.2
YALE-03A-0001  OBJECT GX339-4             30.0 K       18:38:11 2014-06-17 05:39:47.6 2456825.7360 ir140616.0177          [05:40:37.0
YALE-03A-0001  OBJECT GX339-4             30.1 J       18:39:05 2014-06-17 05:40:40.8 2456825.7366 ir140616.0178          [05:41:27.1
YALE-03A-0001  OBJECT GX339-4             30.0 J       18:39:51 2014-06-17 05:41:27.0 2456825.7371 ir140616.0179          [05:42:14.2
YALE-03A-0001  OBJECT GX339-4             30.0 J       18:40:37 2014-06-17 05:42:13.3 2456825.7377 ir140616.0180          [05:42:59.5
YALE-03A-0001  OBJECT GX339-4             30.1 J       18:41:24 2014-06-17 05:42:59.6 2456825.7382 ir140616.0181          [05:43:47.1
YALE-03A-0001  OBJECT GX339-4             30.0 J       18:42:10 2014-06-17 05:43:45.8 2456825.7387 ir140616.0182          [05:45:15.2
YALE-03A-0001  OBJECT GX339-4             30.0 J       18:42:56 2014-06-17 05:44:31.7 2456825.7393 ir140616.0183          [05:45:18.9
YALE-03A-0001  OBJECT GX339-4             30.0 J       18:43:43 2014-06-17 05:45:18.0 2456825.7398 ir140616.0184          [05:46:47.4
YALE-03A-0001  OBJECT GX339-4            300.0 V       18:39:07 2014-06-17 05:40:43.2 2456825.7366 ccd140616.0062         [05:46:48.6
YALE-03A-0001  OBJECT GX339-4            180.0 I       18:45:24 2014-06-17 05:46:59.4 2456825.7410 ccd140616.0063         [05:50:43.3
CHILE-13B-0039 OBJECT V849 Oph           100.0 V       18:52:03 2014-06-17 05:53:36.8 2456825.7456 ccd140616.0064         [05:56:01.4
CHILE-13B-0039 OBJECT V849 Oph            50.0 V       18:54:34 2014-06-17 05:56:07.7 2456825.7473 ccd140616.0065         [05:57:41.5
ALL            OBJECT test                 1.0 V       18:58:45 2014-06-17 06:00:17.8 2456825.7502 ccd140616.0066         [06:01:03.5
OSU-03A-0001   OBJECT OB140099            50.0 H       19:01:24 2014-06-17 06:02:56.1 2456825.7520 ir140616.0192          [06:04:45.5
OSU-03A-0001   OBJECT OB140099            50.0 H       19:02:29 2014-06-17 06:04:01.8 2456825.7528 ir140616.0193          [06:05:09.1
OSU-03A-0001   OBJECT OB140099            50.0 H       19:03:36 2014-06-17 06:05:07.9 2456825.7536 ir140616.0194          [06:07:06.4
OSU-03A-0001   OBJECT OB140124            50.0 H       19:23:15 2014-06-17 06:24:43.9 2456825.7672 ir140616.0197          [06:25:52.2
OSU-03A-0001   OBJECT OB140124            50.0 H       19:24:21 2014-06-17 06:25:49.8 2456825.7679 ir140616.0198          [06:26:56.2
OSU-03A-0001   OBJECT OB140124            50.0 H       19:25:27 2014-06-17 06:26:56.0 2456825.7687 ir140616.0199          [06:28:03.9
OSU-03A-0001   OBJECT OB140124            50.0 H       19:26:34 2014-06-17 06:28:02.2 2456825.7695 ir140616.0200          [06:29:08.4
OSU-03A-0001   OBJECT OB140124            50.0 H       19:27:41 2014-06-17 06:29:08.9 2456825.7702 ir140616.0201          [06:30:16.2
OSU-03A-0001   OBJECT OB140124           300.0 I       19:23:17 2014-06-17 06:24:46.4 2456825.7672 ccd140616.0068         [06:30:30.3
OSU-03A-0001   OBJECT OB140667            50.0 H       19:29:41 2014-06-17 06:31:09.0 2456825.7716 ir140616.0202          [06:32:16.5
OSU-03A-0001   OBJECT OB140667            50.0 H       19:30:47 2014-06-17 06:32:15.0 2456825.7724 ir140616.0203          [06:33:21.3
OSU-03A-0001   OBJECT OB140667            50.0 H       19:31:54 2014-06-17 06:33:21.7 2456825.7732 ir140616.0204          [06:34:29.1
OSU-03A-0001   OBJECT OB140667            50.0 H       19:33:01 2014-06-17 06:34:27.8 2456825.7739 ir140616.0205          [06:35:34.2
OSU-03A-0001   OBJECT OB140667            50.0 H       19:34:06 2014-06-17 06:35:33.6 2456825.7747 ir140616.0206          [06:36:41.0
OSU-03A-0001   OBJECT OB140667           300.0 I       19:29:44 2014-06-17 06:31:11.6 2456825.7717 ccd140616.0069         [06:36:55.4
OSU-03A-0001   OBJECT OB141090            50.0 H       19:37:52 2014-06-17 06:39:19.0 2456825.7773 ir140616.0207          [06:40:26.4
OSU-03A-0001   OBJECT OB141090            50.0 H       19:38:59 2014-06-17 06:40:25.0 2456825.7781 ir140616.0208          [06:41:31.3
OSU-03A-0001   OBJECT OB141090            50.0 H       19:40:05 2014-06-17 06:41:31.0 2456825.7788 ir140616.0209          [06:42:38.2
OSU-03A-0001   OBJECT OB141090            50.0 H       19:41:11 2014-06-17 06:42:37.1 2456825.7796 ir140616.0210          [06:43:43.5
OSU-03A-0001   OBJECT OB141090            50.0 H       19:42:17 2014-06-17 06:43:43.0 2456825.7804 ir140616.0211          [06:44:50.3
OSU-03A-0001   OBJECT OB141090           300.0 I       19:37:55 2014-06-17 06:39:21.5 2456825.7773 ccd140616.0070         [06:45:05.3
YALE-03A-0001  OBJECT V4641               20.0 K       19:45:10 2014-06-17 06:46:34.9 2456825.7823 ir140616.0212          [06:47:12.2
YALE-03A-0001  OBJECT V4641               20.0 B       19:45:12 2014-06-17 06:46:37.4 2456825.7824 ccd140616.0071         [06:47:41.3
YALE-03A-0001  OBJECT V4641               20.1 K       19:45:46 2014-06-17 06:47:10.9 2456825.7828 ir140616.0213          [06:47:48.3
YALE-03A-0001  OBJECT V4641               20.1 K       19:46:22 2014-06-17 06:47:47.4 2456825.7832 ir140616.0214          [06:48:23.8
YALE-03A-0001  OBJECT V4641               20.0 B       19:46:19 2014-06-17 06:47:43.8 2456825.7832 ccd140616.0072         [06:48:48.5
YALE-03A-0001  OBJECT V4641               20.0 K       19:46:59 2014-06-17 06:48:23.7 2456825.7836 ir140616.0215          [06:49:00.0
YALE-03A-0001  OBJECT V4641               20.0 K       19:47:35 2014-06-17 06:48:59.9 2456825.7840 ir140616.0216          [06:49:37.2
YALE-03A-0001  OBJECT V4641               20.0 B       19:47:25 2014-06-17 06:48:50.3 2456825.7839 ccd140616.0073         [06:49:54.1
YALE-03A-0001  OBJECT V4641               15.0 J       19:48:37 2014-06-17 06:50:02.0 2456825.7848 ir140616.0217          [06:50:34.4
YALE-03A-0001  OBJECT V4641               15.0 I       19:48:40 2014-06-17 06:50:04.6 2456825.7848 ccd140616.0074         [06:51:03.5
YALE-03A-0001  OBJECT V4641               15.1 J       19:49:08 2014-06-17 06:50:33.0 2456825.7851 ir140616.0218          [06:51:07.2
YALE-03A-0001  OBJECT V4641               15.1 J       19:49:40 2014-06-17 06:51:04.1 2456825.7855 ir140616.0219          [06:51:35.6
YALE-03A-0001  OBJECT V4641               15.0 I       19:49:43 2014-06-17 06:51:07.1 2456825.7855 ccd140616.0075         [06:52:06.8
YALE-03A-0001  OBJECT V4641               15.1 J       19:50:11 2014-06-17 06:51:35.4 2456825.7858 ir140616.0220          [06:52:09.1
YALE-03A-0001  OBJECT V4641               15.1 J       19:50:11 2014-06-17 06:51:35.4 2456825.7858 ir140616.0221          [06:52:48.7
YALE-03A-0001  OBJECT V4641               15.0 I       19:50:45 2014-06-17 06:52:09.4 2456825.7862 ccd140616.0076         [06:53:08.2
YALE-03A-0001  OBJECT V4641               15.1 H       19:51:52 2014-06-17 06:53:16.5 2456825.7870 ir140616.0222          [06:53:48.6
YALE-03A-0001  OBJECT V4641               15.0 V       19:51:55 2014-06-17 06:53:19.1 2456825.7870 ccd140616.0077         [06:54:18.0
YALE-03A-0001  OBJECT V4641               15.1 H       19:52:24 2014-06-17 06:53:47.9 2456825.7874 ir140616.0223          [06:54:21.7
YALE-03A-0001  OBJECT V4641               15.1 H       19:52:56 2014-06-17 06:54:19.7 2456825.7877 ir140616.0224          [06:54:51.0
YALE-03A-0001  OBJECT V4641               15.0 V       19:52:58 2014-06-17 06:54:21.6 2456825.7878 ccd140616.0078         [06:55:21.3
YALE-03A-0001  OBJECT V4641               15.1 H       19:53:27 2014-06-17 06:54:50.9 2456825.7881 ir140616.0225          [06:55:23.1
YALE-03A-0001  OBJECT V4641               15.1 H       19:53:59 2014-06-17 06:55:22.6 2456825.7885 ir140616.0226          [06:55:55.0
YALE-03A-0001  OBJECT V4641               15.0 V       19:52:58 2014-06-17 06:54:21.6 2456825.7878 ccd140616.0079         [06:56:31.4
ALL            OBJECT test                 4.0 H       19:56:47 2014-06-17 06:58:10.5 2456825.7904 ir140616.0227          [06:58:31.9
SUNY-04A-0011  OBJECT N Sgr 2014           4.0 J       19:58:29 2014-06-17 06:59:51.8 2456825.7916 ir140616.0228          [07:00:12.2
SUNY-04A-0011  OBJECT N Sgr 2014           4.0 J       19:58:49 2014-06-17 07:00:11.7 2456825.7918 ir140616.0229          [07:00:56.8
SUNY-04A-0011  OBJECT N Sgr 2014          15.0 I       19:58:31 2014-06-17 06:59:54.5 2456825.7916 ccd140616.0080         [07:00:57.6
SUNY-04A-0011  OBJECT N Sgr 2014           4.0 J       19:58:49 2014-06-17 07:00:11.7 2456825.7918 ir140616.0230          [07:01:45.1
SUNY-04A-0011  OBJECT N Sgr 2014           4.0 H       19:59:45 2014-06-17 07:01:08.3 2456825.7925 ir140616.0231          [07:01:46.8
SUNY-04A-0011  OBJECT N Sgr 2014           4.0 H       19:59:45 2014-06-17 07:01:08.3 2456825.7925 ir140616.0232          [07:01:58.7
SUNY-04A-0011  OBJECT N Sgr 2014           4.0 H       20:00:36 2014-06-17 07:01:58.4 2456825.7930 ir140616.0233          [07:02:19.8
SUNY-04A-0011  OBJECT N Sgr 2014          31.0 B       19:59:48 2014-06-17 07:01:10.9 2456825.7925 ccd140616.0081         [07:02:25.7
SUNY-04A-0011  OBJECT N Sgr 2014           4.0 K       20:01:09 2014-06-17 07:02:32.0 2456825.7934 ir140616.0234          [07:02:53.3
SUNY-04A-0011  OBJECT N Sgr 2014           4.0 K       20:01:29 2014-06-17 07:02:51.9 2456825.7937 ir140616.0235          [07:03:55.4
SUNY-04A-0011  OBJECT N Sgr 2014           4.0 K       20:01:49 2014-06-17 07:03:11.8 2456825.7939 ir140616.0236          [07:06:59.0
SUNY-04A-0011  OBJECT N Sgr 2014          20.0 V       20:01:12 2014-06-17 07:02:34.6 2456825.7935 ccd140616.0082         [07:06:59.8
LSU-14A-0001   OBJECT V3890 Sgr           50.0 J       20:07:33 2014-06-17 07:08:54.7 2456825.7979 ir140616.0237          [07:12:43.8
LSU-14A-0001   OBJECT V3890 Sgr          200.0 R       20:07:36 2014-06-17 07:08:57.3 2456825.7979 ccd140616.0083         [07:13:02.0
CHILE-13B-0039 OBJECT WY Sge             340.0 V       20:34:39 2014-06-17 07:35:56.6 2456825.8166 ccd140616.0085         [07:42:21.9
CHILE-13B-0039 OBJECT WY Sge             170.0 V       20:41:11 2014-06-17 07:42:27.4 2456825.8212 ccd140616.0086         [07:46:01.5
OSU-03B-0001   OBJECT WFI2033            150.0 J       20:47:23 2014-06-17 07:48:37.9 2456825.8254 ir140616.0239          [07:51:25.2
OSU-03B-0001   OBJECT WFI2033            150.0 J       20:50:09 2014-06-17 07:51:23.7 2456825.8274 ir140616.0240          [07:54:10.1
OSU-03B-0001   OBJECT WFI2033            300.0 R       20:47:26 2014-06-17 07:48:40.5 2456825.8255 ccd140616.0087         [07:54:25.2
OSU-03B-0001   OBJECT WFI2033            150.0 J       20:52:56 2014-06-17 07:54:09.9 2456825.8293 ir140616.0241          [07:56:56.3
OSU-03B-0001   OBJECT WFI2033            150.0 J       20:55:42 2014-06-17 07:56:55.8 2456825.8312 ir140616.0242          [07:59:43.1
OSU-03B-0001   OBJECT WFI2033            300.0 R       20:53:13 2014-06-17 07:54:27.0 2456825.8295 ccd140616.0088         [08:00:10.8
OSU-03B-0001   OBJECT WFI2033            150.0 J       20:58:28 2014-06-17 07:59:41.7 2456825.8331 ir140616.0243          [08:02:29.0
OSU-03B-0001   OBJECT WFI2033            150.0 J       21:01:15 2014-06-17 08:02:27.6 2456825.8350 ir140616.0244          [08:05:14.5
OSU-03B-0001   OBJECT WFI2033            300.0 R       20:59:00 2014-06-17 08:00:13.4 2456825.8335 ccd140616.0089         [08:05:58.0
OSU-03B-0001   OBJECT WFI2033            150.0 J       21:04:53 2014-06-17 08:06:05.7 2456825.8376 ir140616.0245          [08:08:52.0
OSU-03B-0001   OBJECT WFI2033            150.0 J       21:07:40 2014-06-17 08:08:51.4 2456825.8395 ir140616.0246          [08:11:38.7
OSU-03B-0001   OBJECT WFI2033            300.0 I       21:04:56 2014-06-17 08:06:08.2 2456825.8376 ccd140616.0090         [08:11:52.0
OSU-03B-0001   OBJECT WFI2033            150.0 J       21:10:26 2014-06-17 08:11:37.5 2456825.8414 ir140616.0247          [08:14:24.8
OSU-03B-0001   OBJECT WFI2033            150.0 J       21:13:13 2014-06-17 08:14:23.5 2456825.8433 ir140616.0248          [08:17:09.8
OSU-03B-0001   OBJECT WFI2033            300.0 I       21:10:43 2014-06-17 08:11:54.6 2456825.8416 ccd140616.0091         [08:17:39.1
OSU-03B-0001   OBJECT WFI2033            150.0 J       21:15:59 2014-06-17 08:17:09.2 2456825.8452 ir140616.0249          [08:19:55.6
OSU-03B-0001   OBJECT WFI2033            150.0 J       21:18:45 2014-06-17 08:19:55.3 2456825.8472 ir140616.0250          [08:22:42.6
OSU-03B-0001   OBJECT WFI2033            300.0 I       21:16:31 2014-06-17 08:17:41.5 2456825.8456 ccd140616.0092         [08:23:25.3
YALE-08A-0001  OBJECT 2155-304            30.1 J       21:25:00 2014-06-17 08:26:08.5 2456825.8515 ir140616.0251          [08:26:56.4
YALE-08A-0001  OBJECT 2155-304            30.0 J       21:25:46 2014-06-17 08:26:54.4 2456825.8520 ir140616.0252          [08:27:40.8
YALE-08A-0001  OBJECT 2155-304            70.0 R       21:25:02 2014-06-17 08:26:11.0 2456825.8515 ccd140616.0093         [08:28:05.7
YALE-08A-0001  OBJECT 2155-304            30.1 J       21:26:32 2014-06-17 08:27:40.6 2456825.8526 ir140616.0253          [08:28:27.0
YALE-08A-0001  OBJECT 2155-304            30.0 J       21:27:18 2014-06-17 08:28:26.8 2456825.8531 ir140616.0254          [08:29:14.1
YALE-08A-0001  OBJECT 2155-304            30.0 J       21:28:04 2014-06-17 08:29:12.8 2456825.8536 ir140616.0255          [08:29:59.3
YALE-08A-0001  OBJECT 2155-304            30.0 K       21:28:58 2014-06-17 08:30:06.4 2456825.8542 ir140616.0256          [08:30:53.8
YALE-08A-0001  OBJECT 2155-304            30.0 K       21:29:44 2014-06-17 08:30:52.5 2456825.8548 ir140616.0257          [08:32:22.0
YALE-08A-0001  OBJECT 2155-304            90.0 B       21:29:01 2014-06-17 08:30:09.0 2456825.8543 ccd140616.0094         [08:32:23.7
YALE-08A-0001  OBJECT 2155-304            30.1 K       21:30:32 2014-06-17 08:31:39.7 2456825.8553 ir140616.0258          [08:33:09.3
YALE-08A-0001  OBJECT 2155-304            30.0 K       21:31:18 2014-06-17 08:32:25.9 2456825.8559 ir140616.0259          [08:33:13.7
YALE-08A-0001  OBJECT 2155-304            30.0 K       21:32:10 2014-06-17 08:33:18.1 2456825.8565 ir140616.0260          [08:34:47.7
YALE-08A-0001  OBJECT 2155-304            30.0 K       21:32:56 2014-06-17 08:34:04.0 2456825.8570 ir140616.0261          [08:34:51.4
YALE-08A-0001  OBJECT 2155-304            70.0 V       21:32:13 2014-06-17 08:33:20.6 2456825.8565 ccd140616.0095         [08:35:14.4
YALE-08A-0001  OBJECT 2155-304            30.1 K       21:33:43 2014-06-17 08:34:50.1 2456825.8575 ir140616.0262          [08:35:37.4
YALE-08A-0001  OBJECT 2155-304            30.1 K       21:34:29 2014-06-17 08:35:36.3 2456825.8581 ir140616.0263          [08:37:15.2
YALE-08A-0001  OBJECT 0131-522            30.0 J       21:53:54 2014-06-17 08:54:58.3 2456825.8715 ir140616.0265          [08:55:46.0
YALE-08A-0001  OBJECT 0131-522            30.0 J       21:54:40 2014-06-17 08:55:44.4 2456825.8720 ir140616.0266          [08:57:14.0
YALE-08A-0001  OBJECT 0131-522            30.0 J       21:55:27 2014-06-17 08:56:30.6 2456825.8726 ir140616.0267          [08:57:18.0
YALE-08A-0001  OBJECT 0131-522           140.0 R       21:53:57 2014-06-17 08:55:00.8 2456825.8715 ccd140616.0096         [08:58:04.7
YALE-08A-0001  OBJECT 0131-522            30.1 J       21:57:07 2014-06-17 08:58:11.1 2456825.8737 ir140616.0268          [08:58:58.6
YALE-08A-0001  OBJECT 0131-522            30.0 J       21:57:53 2014-06-17 08:58:57.0 2456825.8743 ir140616.0269          [08:59:43.6
YALE-08A-0001  OBJECT 0131-522            30.0 J       21:58:39 2014-06-17 08:59:43.0 2456825.8748 ir140616.0270          [09:00:30.5
YALE-08A-0001  OBJECT 0131-522            30.1 J       21:59:26 2014-06-17 09:00:29.4 2456825.8753 ir140616.0271          [09:01:15.8
YALE-08A-0001  OBJECT 0131-522           180.0 B       21:57:10 2014-06-17 08:58:13.8 2456825.8738 ccd140616.0097         [09:01:59.3
YALE-08A-0001  OBJECT 3C454.3             30.0 J       22:04:06 2014-06-17 09:05:08.3 2456825.8786 ir140616.0272          [09:05:54.7
YALE-08A-0001  OBJECT 3C454.3             30.1 J       22:04:52 2014-06-17 09:05:54.2 2456825.8791 ir140616.0273          [09:06:41.6
YALE-08A-0001  OBJECT 3C454.3             70.0 R       22:04:08 2014-06-17 09:05:10.7 2456825.8786 ccd140616.0098         [09:07:04.6
YALE-08A-0001  OBJECT 3C454.3             30.0 J       22:05:38 2014-06-17 09:06:40.4 2456825.8796 ir140616.0274          [09:07:28.3
YALE-08A-0001  OBJECT 3C454.3             30.1 J       22:06:24 2014-06-17 09:07:26.6 2456825.8802 ir140616.0275          [09:08:13.0
YALE-08A-0001  OBJECT 3C454.3             30.0 J       22:07:10 2014-06-17 09:08:12.5 2456825.8807 ir140616.0276          [09:09:00.1
YALE-08A-0001  OBJECT 3C454.3             30.0 K       22:08:04 2014-06-17 09:09:06.4 2456825.8813 ir140616.0277          [09:09:52.7
YALE-08A-0001  OBJECT 3C454.3             30.0 K       22:08:51 2014-06-17 09:09:52.4 2456825.8819 ir140616.0278          [09:10:39.9
YALE-08A-0001  OBJECT 3C454.3             90.0 B       22:08:07 2014-06-17 09:09:09.0 2456825.8814 ccd140616.0099         [09:11:22.8
YALE-08A-0001  OBJECT 3C454.3             30.0 K       22:09:37 2014-06-17 09:10:38.7 2456825.8824 ir140616.0279          [09:11:26.2
YALE-08A-0001  OBJECT 3C454.3             30.0 K       22:10:24 2014-06-17 09:11:25.1 2456825.8829 ir140616.0280          [09:12:11.5
YALE-08A-0001  OBJECT 3C454.3             30.0 K       22:11:15 2014-06-17 09:12:16.8 2456825.8835 ir140616.0281          [09:13:04.2
YALE-08A-0001  OBJECT 3C454.3             30.0 K       22:12:02 2014-06-17 09:13:02.7 2456825.8841 ir140616.0282          [09:13:49.2
YALE-08A-0001  OBJECT 3C454.3             70.0 V       22:11:18 2014-06-17 09:12:19.3 2456825.8836 ccd140616.0100         [09:14:14.1
YALE-08A-0001  OBJECT 3C454.3             30.0 K       22:12:48 2014-06-17 09:13:49.0 2456825.8846 ir140616.0283          [09:14:35.5
YALE-08A-0001  OBJECT 3C454.3             30.1 K       22:13:34 2014-06-17 09:14:35.2 2456825.8851 ir140616.0284          [09:15:22.8
