Project        ImType Object           ExpTime Filter  LST      UTDate     UTC        JD           Filename               [Logged@UT]
ALL            BIAS   BIASES               0.0 I       11:01:42 2014-06-13 22:16:19.6 2456822.4280 ccd140613.0001         [22:17:04.7
ALL            BIAS   BIASES               0.0 I       11:03:51 2014-06-13 22:18:28.7 2456822.4295 ccd140613bias.0001     [22:19:12.5
ALL            OBJECT focus                7.0 H       11:19:29 2014-06-13 22:34:04.5 2456822.4403 irfoco.0001            [22:34:28.6
ALL            OBJECT focus                7.0 H       11:20:31 2014-06-13 22:35:07.3 2456822.4411 irfoco.0002            [22:35:30.4
ALL            OBJECT focus                7.0 H       11:22:58 2014-06-13 22:37:33.0 2456822.4427 irfoco.0001            [22:37:57.1
ALL            OBJECT focus               10.0 V       11:23:00 2014-06-13 22:37:35.6 2456822.4428 ccdfoco.0001           [22:39:55.7
ALL            OBJECT focus                7.0 H       11:25:59 2014-06-13 22:40:33.8 2456822.4448 irfoco.0001            [22:40:57.8
ALL            OBJECT focus                7.0 H       11:48:17 2014-06-13 23:02:48.4 2456822.4603 irfoco.0001            [23:03:13.0
ALL            OBJECT focus               10.0 V       11:48:20 2014-06-13 23:02:51.0 2456822.4603 ccdfoco.0001           [23:03:44.9
ALL            OBJECT focus                7.0 H       11:50:22 2014-06-13 23:04:53.1 2456822.4617 irfoco.0002            [23:05:17.3
ALL            OBJECT focus               10.0 V       11:50:25 2014-06-13 23:04:55.6 2456822.4617 ccdfoco.0002           [23:08:52.2
ALL            OBJECT focus                7.0 H       12:19:02 2014-06-13 23:33:28.6 2456822.4816 irfoco.0001            [23:33:53.6
ALL            OBJECT focus               10.0 V       12:19:05 2014-06-13 23:33:31.2 2456822.4816 ccdfoco.0001           [23:34:25.1
ALL            OBJECT focus                7.0 H       12:21:42 2014-06-13 23:36:07.9 2456822.4834 irfoco.0002            [23:36:32.1
ALL            OBJECT focus               10.0 V       12:21:45 2014-06-13 23:36:10.3 2456822.4835 ccdfoco.0002           [23:37:04.1
OSU-03B-0001   OBJECT HE1104             150.0 J       12:28:21 2014-06-13 23:42:45.6 2456822.4880 ir140613.0001          [23:45:32.8
OSU-03B-0001   OBJECT HE1104             150.0 J       12:31:07 2014-06-13 23:45:31.6 2456822.4899 ir140613.0002          [23:48:17.9
OSU-03B-0001   OBJECT HE1104             300.0 R       12:28:23 2014-06-13 23:42:48.1 2456822.4881 ccd140613.0001         [23:48:32.7
OSU-03B-0001   OBJECT HE1104             150.0 J       12:33:54 2014-06-13 23:48:17.9 2456822.4919 ir140613.0003          [23:51:04.2
OSU-03B-0001   OBJECT HE1104             150.0 J       12:36:41 2014-06-13 23:51:04.1 2456822.4938 ir140613.0004          [23:53:52.1
OSU-03B-0001   OBJECT HE1104             300.0 R       12:34:11 2014-06-13 23:48:34.5 2456822.4921 ccd140613.0002         [23:54:18.4
OSU-03B-0001   OBJECT HE1104             150.0 J       12:39:27 2014-06-13 23:53:50.1 2456822.4957 ir140613.0005          [23:56:37.3
OSU-03B-0001   OBJECT HE1104             150.0 J       12:42:14 2014-06-13 23:56:36.2 2456822.4976 ir140613.0006          [23:59:22.6
OSU-03B-0001   OBJECT HE1104             300.0 R       12:39:58 2014-06-13 23:54:20.9 2456822.4961 ccd140613.0003         [00:00:05.5
OSU-03B-0001   OBJECT HE1104             150.0 J       12:45:52 2014-06-14 00:00:13.3 2456822.5002 ir140613.0007          [00:02:59.7
OSU-03B-0001   OBJECT HE1104             150.0 J       12:48:38 2014-06-14 00:02:59.2 2456822.5021 ir140613.0008          [00:05:46.6
OSU-03B-0001   OBJECT HE1104             300.0 I       12:45:54 2014-06-14 00:00:15.8 2456822.5002 ccd140613.0004         [00:05:59.6
OSU-03B-0001   OBJECT HE1104             150.0 J       12:51:25 2014-06-14 00:05:45.4 2456822.5040 ir140613.0009          [00:08:32.9
OSU-03B-0001   OBJECT HE1104             150.0 J       12:54:11 2014-06-14 00:08:31.7 2456822.5059 ir140613.0010          [00:11:18.1
OSU-03B-0001   OBJECT HE1104             300.0 I       12:51:41 2014-06-14 00:06:02.2 2456822.5042 ccd140613.0005         [00:11:46.8
OSU-03B-0001   OBJECT HE1104             150.0 J       12:56:58 2014-06-14 00:11:17.6 2456822.5078 ir140613.0011          [00:14:04.0
OSU-03B-0001   OBJECT HE1104             150.0 J       12:59:44 2014-06-14 00:14:03.8 2456822.5098 ir140613.0012          [00:16:51.1
OSU-03B-0001   OBJECT HE1104             300.0 I       12:57:29 2014-06-14 00:11:49.1 2456822.5082 ccd140613.0006         [00:17:33.0
YALE-03A-0001  OBJECT NovaMusca           70.0 J       13:07:44 2014-06-14 00:22:02.1 2456822.5153 ir140613.0013          [00:23:29.5
YALE-03A-0001  OBJECT NovaMusca           70.0 J       13:09:10 2014-06-14 00:23:28.1 2456822.5163 ir140613.0014          [00:24:54.4
YALE-03A-0001  OBJECT NovaMusca           70.0 J       13:10:37 2014-06-14 00:24:55.0 2456822.5173 ir140613.0015          [00:26:22.9
YALE-03A-0001  OBJECT NovaMusca           70.0 J       13:12:04 2014-06-14 00:26:21.2 2456822.5183 ir140613.0016          [00:27:48.1
YALE-03A-0001  OBJECT NovaMusca           70.0 J       13:13:30 2014-06-14 00:27:47.4 2456822.5193 ir140613.0017          [00:29:16.5
YALE-03A-0001  OBJECT NovaMusca           70.0 J       13:14:56 2014-06-14 00:29:13.5 2456822.5203 ir140613.0018          [00:30:40.3
YALE-03A-0001  OBJECT NovaMusca           70.0 J       13:16:23 2014-06-14 00:30:39.7 2456822.5213 ir140613.0019          [00:32:07.7
YALE-03A-0001  OBJECT NovaMusca          600.0 I       13:07:46 2014-06-14 00:22:04.5 2456822.5153 ccd140613.0007         [00:32:48.5
YALE-03A-0001  OBJECT NovaMusca           70.0 J       13:18:39 2014-06-14 00:32:55.6 2456822.5229 ir140613.0020          [00:34:22.9
YALE-03A-0001  OBJECT NovaMusca           70.0 J       13:20:06 2014-06-14 00:34:21.6 2456822.5239 ir140613.0021          [00:35:48.0
YALE-03A-0001  OBJECT NovaMusca           70.0 J       13:21:32 2014-06-14 00:35:47.7 2456822.5249 ir140613.0022          [00:37:15.1
YALE-03A-0001  OBJECT NovaMusca           70.0 J       13:22:58 2014-06-14 00:37:13.9 2456822.5259 ir140613.0023          [00:38:40.4
YALE-03A-0001  OBJECT NovaMusca           70.0 J       13:24:24 2014-06-14 00:38:39.8 2456822.5269 ir140613.0024          [00:40:07.1
YALE-03A-0001  OBJECT NovaMusca           70.0 J       13:25:51 2014-06-14 00:40:05.8 2456822.5279 ir140613.0025          [00:41:32.2
YALE-03A-0001  OBJECT NovaMusca           70.0 J       13:27:17 2014-06-14 00:41:32.1 2456822.5288 ir140613.0026          [00:42:59.5
YALE-03A-0001  OBJECT NovaMusca          600.0 V       13:18:42 2014-06-14 00:32:58.1 2456822.5229 ccd140613.0008         [00:43:41.9
OSU-03B-0001   OBJECT RXJ1131            150.0 J       13:32:18 2014-06-14 00:46:32.3 2456822.5323 ir140613.0027          [00:49:19.5
OSU-03B-0001   OBJECT RXJ1131            150.0 J       13:35:05 2014-06-14 00:49:18.3 2456822.5342 ir140613.0028          [00:52:04.7
OSU-03B-0001   OBJECT RXJ1131            300.0 R       13:32:21 2014-06-14 00:46:34.9 2456822.5323 ccd140613.0009         [00:52:19.6
OSU-03B-0001   OBJECT RXJ1131            150.0 J       13:37:51 2014-06-14 00:52:04.5 2456822.5362 ir140613.0029          [00:54:50.9
OSU-03B-0001   OBJECT RXJ1131            150.0 J       13:40:38 2014-06-14 00:54:50.7 2456822.5381 ir140613.0030          [00:57:37.9
OSU-03B-0001   OBJECT RXJ1131            300.0 R       13:38:08 2014-06-14 00:52:21.3 2456822.5364 ccd140613.0010         [00:58:05.1
OSU-03B-0001   OBJECT RXJ1131            150.0 J       13:43:24 2014-06-14 00:57:36.7 2456822.5400 ir140613.0031          [01:00:24.0
OSU-03B-0001   OBJECT RXJ1131            150.0 J       13:46:11 2014-06-14 01:00:22.9 2456822.5419 ir140613.0032          [01:03:09.3
OSU-03B-0001   OBJECT RXJ1131            300.0 R       13:43:56 2014-06-14 00:58:08.0 2456822.5404 ccd140613.0011         [01:03:52.7
OSU-03B-0001   OBJECT RXJ1131            150.0 J       13:49:49 2014-06-14 01:04:00.5 2456822.5444 ir140613.0033          [01:06:46.8
OSU-03B-0001   OBJECT RXJ1131            150.0 J       13:52:36 2014-06-14 01:06:46.4 2456822.5464 ir140613.0034          [01:09:33.7
OSU-03B-0001   OBJECT RXJ1131            300.0 I       13:49:52 2014-06-14 01:04:03.0 2456822.5445 ccd140613.0012         [01:09:46.9
OSU-03B-0001   OBJECT RXJ1131            150.0 J       13:55:23 2014-06-14 01:09:32.9 2456822.5483 ir140613.0035          [01:12:20.1
OSU-03B-0001   OBJECT RXJ1131            150.0 J       13:58:09 2014-06-14 01:12:19.1 2456822.5502 ir140613.0036          [01:15:05.4
OSU-03B-0001   OBJECT RXJ1131            300.0 I       13:55:39 2014-06-14 01:09:49.6 2456822.5485 ccd140613.0013         [01:15:35.4
OSU-03B-0001   OBJECT RXJ1131            150.0 J       14:00:56 2014-06-14 01:15:05.0 2456822.5521 ir140613.0037          [01:17:51.4
OSU-03B-0001   OBJECT RXJ1131            150.0 J       14:03:42 2014-06-14 01:17:51.2 2456822.5541 ir140613.0038          [01:20:40.7
OSU-03B-0001   OBJECT RXJ1131            300.0 I       14:01:27 2014-06-14 01:15:36.6 2456822.5525 ccd140613.0014         [01:21:20.4
SUNY-04A-0011  OBJECT N Cen 2012          27.0 J       14:12:13 2014-06-14 01:26:20.3 2456822.5600 ir140613.0039          [01:27:05.3
SUNY-04A-0011  OBJECT N Cen 2012          27.0 J       14:12:56 2014-06-14 01:27:03.3 2456822.5605 ir140613.0040          [01:27:46.6
SUNY-04A-0011  OBJECT N Cen 2012          27.0 J       14:13:39 2014-06-14 01:27:46.6 2456822.5610 ir140613.0041          [01:28:30.9
SUNY-04A-0011  OBJECT N Cen 2012         100.0 I       14:12:15 2014-06-14 01:26:22.9 2456822.5600 ccd140613.0015         [01:28:46.6
SUNY-04A-0011  OBJECT N Cen 2012          27.0 H       14:14:47 2014-06-14 01:28:54.1 2456822.5617 ir140613.0042          [01:29:38.3
SUNY-04A-0011  OBJECT N Cen 2012          27.0 H       14:15:30 2014-06-14 01:29:37.1 2456822.5622 ir140613.0043          [01:30:20.4
SUNY-04A-0011  OBJECT N Cen 2012          27.0 H       14:16:13 2014-06-14 01:30:20.1 2456822.5627 ir140613.0044          [01:31:04.4
SUNY-04A-0011  OBJECT N Cen 2012         100.0 B       14:14:49 2014-06-14 01:28:56.4 2456822.5618 ccd140613.0016         [01:31:20.2
SUNY-04A-0011  OBJECT N Cen 2012          27.0 K       14:17:20 2014-06-14 01:31:26.5 2456822.5635 ir140613.0045          [01:32:10.7
SUNY-04A-0011  OBJECT N Cen 2012          27.0 K       14:18:03 2014-06-14 01:32:09.7 2456822.5640 ir140613.0046          [01:32:52.9
SUNY-04A-0011  OBJECT N Cen 2012          27.0 K       14:18:46 2014-06-14 01:32:52.6 2456822.5645 ir140613.0047          [01:33:37.0
SUNY-04A-0011  OBJECT N Cen 2012         100.0 V       14:17:22 2014-06-14 01:31:29.1 2456822.5635 ccd140613.0017         [01:33:52.9
SUNY-04A-0011  OBJECT N Cen 2012          27.0 K       14:19:52 2014-06-14 01:33:58.4 2456822.5653 ir140613.0048          [01:34:43.5
SUNY-04A-0011  OBJECT N Cen 2012          27.0 K       14:20:35 2014-06-14 01:34:41.3 2456822.5658 ir140613.0049          [01:35:24.6
SUNY-04A-0011  OBJECT N Cen 2012          27.0 K       14:21:18 2014-06-14 01:35:24.3 2456822.5663 ir140613.0050          [01:36:08.6
SUNY-04A-0011  OBJECT N Cen 2012         100.0 R       14:19:54 2014-06-14 01:34:00.9 2456822.5653 ccd140613.0018         [01:36:24.7
SUNY-04A-0011  OBJECT V1369 Cen            4.0 J       14:24:56 2014-06-14 01:39:01.1 2456822.5688 ir140613.0051          [01:39:22.3
SUNY-04A-0011  OBJECT V1369 Cen            4.0 J       14:25:16 2014-06-14 01:39:21.2 2456822.5690 ir140613.0052          [01:39:41.4
SUNY-04A-0011  OBJECT V1369 Cen            1.0 I       14:24:58 2014-06-14 01:39:03.7 2456822.5688 ccd140613.0019         [01:39:49.2
SUNY-04A-0011  OBJECT V1369 Cen            4.0 J       14:25:36 2014-06-14 01:39:41.1 2456822.5692 ir140613.0053          [01:40:01.6
SUNY-04A-0011  OBJECT V1369 Cen            4.0 H       14:26:03 2014-06-14 01:40:08.5 2456822.5695 ir140613.0054          [01:40:30.3
SUNY-04A-0011  OBJECT V1369 Cen            4.0 H       14:26:23 2014-06-14 01:40:28.4 2456822.5698 ir140613.0055          [01:40:48.7
SUNY-04A-0011  OBJECT V1369 Cen            1.0 B       14:26:06 2014-06-14 01:40:11.0 2456822.5696 ccd140613.0020         [01:40:56.4
SUNY-04A-0011  OBJECT V1369 Cen            4.0 H       14:26:43 2014-06-14 01:40:48.5 2456822.5700 ir140613.0056          [01:41:08.9
SUNY-04A-0011  OBJECT V1369 Cen            4.0 K       14:27:09 2014-06-14 01:41:14.6 2456822.5703 ir140613.0057          [01:41:37.7
SUNY-04A-0011  OBJECT V1369 Cen            4.0 K       14:27:29 2014-06-14 01:41:34.4 2456822.5705 ir140613.0058          [01:41:54.7
SUNY-04A-0011  OBJECT V1369 Cen            1.0 V       14:27:12 2014-06-14 01:41:17.0 2456822.5703 ccd140613.0021         [01:42:02.6
SUNY-04A-0011  OBJECT V1369 Cen            4.0 K       14:27:29 2014-06-14 01:41:34.4 2456822.5705 ir140613.0059          [01:43:51.1
SUNY-04A-0011  OBJECT V1369 Cen            4.0 K       14:28:25 2014-06-14 01:42:29.6 2456822.5712 ir140613.0060          [01:43:53.8
ALL            OBJECT focus               10.0 V       11:51:30 2014-06-13 23:06:01.1 2456822.4625 ccdfoco.0003           [01:43:54.5
SUNY-04A-0011  OBJECT V1369 Cen            4.0 K       14:28:25 2014-06-14 01:42:29.6 2456822.5712 ir140613.0061          [01:43:56.3
SUNY-04A-0011  OBJECT V1369 Cen            4.0 K       14:28:25 2014-06-14 01:42:29.6 2456822.5712 ir140613.0062          [01:44:25.0
YALE-08A-0001  OBJECT 1424-41             30.1 J       14:35:21 2014-06-14 01:49:25.1 2456822.5760 ir140613.0063          [01:50:11.4
YALE-08A-0001  OBJECT 1424-41             30.1 J       14:36:07 2014-06-14 01:50:11.0 2456822.5765 ir140613.0064          [01:50:58.4
YALE-08A-0001  OBJECT 1424-41             70.0 R       14:35:24 2014-06-14 01:49:27.6 2456822.5760 ccd140613.0023         [01:51:21.3
YALE-08A-0001  OBJECT 1424-41             30.0 J       14:36:54 2014-06-14 01:50:57.5 2456822.5771 ir140613.0065          [01:51:44.7
YALE-08A-0001  OBJECT 1424-41             30.1 J       14:37:40 2014-06-14 01:51:43.8 2456822.5776 ir140613.0066          [01:52:30.1
YALE-08A-0001  OBJECT 1424-41             30.1 J       14:38:26 2014-06-14 01:52:29.7 2456822.5781 ir140613.0067          [01:53:17.2
YALE-08A-0001  OBJECT 1424-41             30.1 K       14:39:21 2014-06-14 01:53:24.0 2456822.5787 ir140613.0068          [01:54:53.4
YALE-08A-0001  OBJECT 1424-41             30.0 K       14:40:07 2014-06-14 01:54:10.0 2456822.5793 ir140613.0069          [01:54:57.2
YALE-08A-0001  OBJECT 1424-41             90.0 B       14:39:23 2014-06-14 01:53:26.5 2456822.5788 ccd140613.0024         [01:55:40.3
YALE-08A-0001  OBJECT 1424-41             30.1 K       14:40:54 2014-06-14 01:54:56.3 2456822.5798 ir140613.0070          [01:55:43.6
YALE-08A-0001  OBJECT 1424-41             30.0 K       14:41:40 2014-06-14 01:55:42.5 2456822.5803 ir140613.0071          [01:57:21.7
OSU-03A-0001   OBJECT OB140805            50.0 H       15:10:15 2014-06-14 02:24:12.6 2456822.6001 ir140613.0074          [02:25:20.4
OSU-03A-0001   OBJECT OB140805            50.0 H       15:11:21 2014-06-14 02:25:18.6 2456822.6009 ir140613.0075          [02:26:24.9
OSU-03A-0001   OBJECT OB140805            50.0 H       15:12:27 2014-06-14 02:26:24.5 2456822.6017 ir140613.0076          [02:27:31.9
OSU-03A-0001   OBJECT OB140805            50.0 H       15:13:33 2014-06-14 02:27:30.6 2456822.6024 ir140613.0077          [02:28:37.0
OSU-03A-0001   OBJECT OB140805            50.0 H       15:14:39 2014-06-14 02:28:36.3 2456822.6032 ir140613.0078          [02:29:44.3
OSU-03A-0001   OBJECT OB140805           300.0 I       15:10:17 2014-06-14 02:24:15.2 2456822.6002 ccd140613.0026         [02:29:59.0
OSU-03A-0001   OBJECT OB141021            50.0 H       15:18:48 2014-06-14 02:32:44.4 2456822.6061 ir140613.0079          [02:33:52.1
OSU-03A-0001   OBJECT OB141021            50.0 H       15:19:54 2014-06-14 02:33:50.4 2456822.6068 ir140613.0080          [02:34:56.8
OSU-03A-0001   OBJECT OB141021            50.0 H       15:21:00 2014-06-14 02:34:56.6 2456822.6076 ir140613.0081          [02:36:03.9
OSU-03A-0001   OBJECT OB141021            50.0 H       15:22:06 2014-06-14 02:36:02.6 2456822.6084 ir140613.0082          [02:37:09.0
OSU-03A-0001   OBJECT OB141021            50.0 H       15:23:13 2014-06-14 02:37:08.6 2456822.6091 ir140613.0083          [02:38:15.9
OSU-03A-0001   OBJECT OB141021           300.0 I       15:18:50 2014-06-14 02:32:47.0 2456822.6061 ccd140613.0027         [02:38:30.9
OSU-03A-0001   OBJECT OB140807            50.0 H       15:25:53 2014-06-14 02:39:48.7 2456822.6110 ir140613.0084          [02:40:56.0
OSU-03A-0001   OBJECT OB140807            50.0 H       15:26:59 2014-06-14 02:40:54.6 2456822.6117 ir140613.0085          [02:42:01.0
OSU-03A-0001   OBJECT OB140807            50.0 H       15:28:05 2014-06-14 02:42:00.7 2456822.6125 ir140613.0086          [02:43:08.1
OSU-03A-0001   OBJECT OB140807            50.0 H       15:29:12 2014-06-14 02:43:07.0 2456822.6133 ir140613.0087          [02:44:13.7
OSU-03A-0001   OBJECT OB140807            50.0 H       15:30:19 2014-06-14 02:44:13.3 2456822.6140 ir140613.0088          [02:45:20.6
OSU-03A-0001   OBJECT OB140807           300.0 I       15:25:56 2014-06-14 02:39:51.2 2456822.6110 ccd140613.0028         [02:45:35.0
SUNY-04A-0011  OBJECT N Cen 2012b         27.0 J       15:34:10 2014-06-14 02:48:04.4 2456822.6167 ir140613.0089          [02:48:48.6
SUNY-04A-0011  OBJECT N Cen 2012b         27.0 J       15:34:53 2014-06-14 02:48:47.3 2456822.6172 ir140613.0090          [02:49:30.6
SUNY-04A-0011  OBJECT N Cen 2012b         27.0 J       15:35:37 2014-06-14 02:49:30.4 2456822.6177 ir140613.0091          [02:50:15.1
SUNY-04A-0011  OBJECT N Cen 2012b        100.0 I       15:34:13 2014-06-14 02:48:06.9 2456822.6168 ccd140613.0029         [02:50:30.7
SUNY-04A-0011  OBJECT N Cen 2012b         27.0 H       15:36:44 2014-06-14 02:50:38.0 2456822.6185 ir140613.0092          [02:51:22.3
SUNY-04A-0011  OBJECT N Cen 2012b         27.0 H       15:37:27 2014-06-14 02:51:20.8 2456822.6190 ir140613.0093          [02:52:04.6
SUNY-04A-0011  OBJECT N Cen 2012b         27.0 H       15:38:11 2014-06-14 02:52:04.4 2456822.6195 ir140613.0094          [02:52:48.7
SUNY-04A-0011  OBJECT N Cen 2012b        100.0 B       15:36:47 2014-06-14 02:50:40.5 2456822.6185 ccd140613.0030         [02:53:04.6
SUNY-04A-0011  OBJECT N Cen 2012b         27.0 K       15:39:18 2014-06-14 02:53:10.8 2456822.6203 ir140613.0095          [02:53:55.7
SUNY-04A-0011  OBJECT N Cen 2012b         27.0 K       15:40:00 2014-06-14 02:53:53.6 2456822.6208 ir140613.0096          [02:54:37.0
SUNY-04A-0011  OBJECT N Cen 2012b         27.0 K       15:40:44 2014-06-14 02:54:36.9 2456822.6213 ir140613.0097          [02:55:21.3
SUNY-04A-0011  OBJECT N Cen 2012b        100.0 V       15:39:20 2014-06-14 02:53:13.4 2456822.6203 ccd140613.0031         [02:55:37.2
SUNY-04A-0011  OBJECT N Cen 2012b         27.0 K       15:41:50 2014-06-14 02:55:42.7 2456822.6220 ir140613.0098          [02:56:27.6
SUNY-04A-0011  OBJECT N Cen 2012b         27.0 K       15:42:33 2014-06-14 02:56:25.6 2456822.6225 ir140613.0099          [02:57:08.9
SUNY-04A-0011  OBJECT N Cen 2012b         27.0 K       15:43:16 2014-06-14 02:57:08.5 2456822.6230 ir140613.0100          [02:57:52.9
SUNY-04A-0011  OBJECT N Cen 2012b        100.0 R       15:41:52 2014-06-14 02:55:45.3 2456822.6220 ccd140613.0032         [02:58:09.1
OSU-03A-0001   OBJECT OB140650            50.0 H       15:46:43 2014-06-14 03:00:35.2 2456822.6254 ir140613.0101          [03:01:43.5
OSU-03A-0001   OBJECT OB140650            50.0 H       15:47:49 2014-06-14 03:01:41.2 2456822.6262 ir140613.0102          [03:02:47.6
OSU-03A-0001   OBJECT OB140650            50.0 H       15:48:56 2014-06-14 03:02:47.4 2456822.6269 ir140613.0103          [03:03:54.7
OSU-03A-0001   OBJECT OB140650            50.0 H       15:50:02 2014-06-14 03:03:53.5 2456822.6277 ir140613.0104          [03:04:59.8
OSU-03A-0001   OBJECT OB140650            50.0 H       15:51:08 2014-06-14 03:04:59.3 2456822.6285 ir140613.0105          [03:06:06.7
OSU-03A-0001   OBJECT OB140650           300.0 I       15:46:46 2014-06-14 03:00:37.7 2456822.6254 ccd140613.0033         [03:06:21.5
OSU-03A-0001   OBJECT OB140670            50.0 H       15:54:34 2014-06-14 03:08:25.1 2456822.6308 ir140613.0106          [03:09:33.1
OSU-03A-0001   OBJECT OB140670            50.0 H       15:55:40 2014-06-14 03:09:31.1 2456822.6316 ir140613.0107          [03:10:37.4
OSU-03A-0001   OBJECT OB140670            50.0 H       15:56:47 2014-06-14 03:10:37.1 2456822.6324 ir140613.0108          [03:11:44.6
OSU-03A-0001   OBJECT OB140670            50.0 H       15:57:53 2014-06-14 03:11:43.2 2456822.6331 ir140613.0109          [03:12:49.5
OSU-03A-0001   OBJECT OB140670            50.0 H       15:58:59 2014-06-14 03:12:49.0 2456822.6339 ir140613.0110          [03:13:56.3
OSU-03A-0001   OBJECT OB140670           300.0 I       15:54:37 2014-06-14 03:08:27.7 2456822.6309 ccd140613.0034         [03:14:11.8
OSU-03A-0001   OBJECT OB140772            50.0 H       16:05:22 2014-06-14 03:19:10.6 2456822.6383 ir140613.0111          [03:20:18.5
OSU-03A-0001   OBJECT OB140772            50.0 H       16:06:28 2014-06-14 03:20:16.4 2456822.6391 ir140613.0112          [03:21:22.8
OSU-03A-0001   OBJECT OB140772            50.0 H       16:07:34 2014-06-14 03:21:22.4 2456822.6398 ir140613.0113          [03:22:30.1
OSU-03A-0001   OBJECT OB140772            50.0 H       16:08:40 2014-06-14 03:22:28.6 2456822.6406 ir140613.0114          [03:23:34.9
OSU-03A-0001   OBJECT OB140772            50.0 H       16:09:46 2014-06-14 03:23:34.4 2456822.6414 ir140613.0115          [03:24:41.7
OSU-03A-0001   OBJECT OB140772           300.0 I       16:05:24 2014-06-14 03:19:13.1 2456822.6384 ccd140613.0035         [03:24:56.9
OSU-03A-0001   OBJECT OB141050            50.0 H       16:11:55 2014-06-14 03:25:42.9 2456822.6429 ir140613.0116          [03:26:50.3
OSU-03A-0001   OBJECT OB141050            50.0 H       16:13:01 2014-06-14 03:26:48.9 2456822.6436 ir140613.0117          [03:27:55.3
OSU-03A-0001   OBJECT OB141050            50.0 H       16:14:08 2014-06-14 03:27:55.2 2456822.6444 ir140613.0118          [03:29:03.1
OSU-03A-0001   OBJECT OB141050            50.0 H       16:15:14 2014-06-14 03:29:01.1 2456822.6452 ir140613.0119          [03:30:07.5
OSU-03A-0001   OBJECT OB141050            50.0 H       16:16:20 2014-06-14 03:30:06.8 2456822.6459 ir140613.0120          [03:31:14.1
OSU-03A-0001   OBJECT OB141050           300.0 I       16:11:57 2014-06-14 03:25:45.4 2456822.6429 ccd140613.0036         [03:31:29.2
OSU-03A-0001   OBJECT OB140500            50.0 H       16:18:43 2014-06-14 03:32:30.1 2456822.6476 ir140613.0121          [03:33:37.4
OSU-03A-0001   OBJECT OB140500            50.0 H       16:19:50 2014-06-14 03:33:36.2 2456822.6483 ir140613.0122          [03:34:42.5
OSU-03A-0001   OBJECT OB140500            50.0 H       16:20:56 2014-06-14 03:34:42.3 2456822.6491 ir140613.0123          [03:35:49.6
OSU-03A-0001   OBJECT OB140500            50.0 H       16:22:03 2014-06-14 03:35:48.8 2456822.6499 ir140613.0124          [03:36:55.5
OSU-03A-0001   OBJECT OB140500            50.0 H       16:23:09 2014-06-14 03:36:55.1 2456822.6506 ir140613.0125          [03:38:02.3
OSU-03A-0001   OBJECT OB140500           300.0 I       16:18:46 2014-06-14 03:32:32.5 2456822.6476 ccd140613.0037         [03:38:16.3
DUBLIN-11B-000 OBJECT Glimpse77-8         30.0 J       16:26:34 2014-06-14 03:40:19.2 2456822.6530 ir140613.0126          [03:41:40.6
DUBLIN-11B-000 OBJECT Glimpse77-8        110.0 I       16:26:36 2014-06-14 03:40:21.8 2456822.6530 ccd140613.0038         [03:42:55.6
DUBLIN-11B-000 OBJECT Glimpse77-8         30.1 J       16:27:54 2014-06-14 03:41:39.4 2456822.6539 ir140613.0127          [03:43:02.1
DUBLIN-11B-000 OBJECT Glimpse77-8        110.0 J       16:26:36 2014-06-14 03:40:21.8 2456822.6530 ccd140613.0038         [03:43:03.0
DUBLIN-11B-000 OBJECT Glimpse77-8         30.1 J       16:29:15 2014-06-14 03:43:00.2 2456822.6549 ir140613.0128          [03:44:21.6
DUBLIN-11B-000 OBJECT Glimpse77-8        110.0 I       16:29:13 2014-06-14 03:42:58.3 2456822.6548 ccd140613.0039         [03:45:32.1
DUBLIN-11B-000 OBJECT Glimpse77-8         30.0 J       16:30:36 2014-06-14 03:44:20.6 2456822.6558 ir140613.0129          [03:45:42.7
DUBLIN-11B-000 OBJECT Glimpse77-8         30.0 J       16:31:56 2014-06-14 03:45:40.8 2456822.6567 ir140613.0130          [03:47:01.3
DUBLIN-11B-000 OBJECT Glimpse77-8        110.0 I       16:31:50 2014-06-14 03:45:35.0 2456822.6567 ccd140613.0040         [03:48:11.7
DUBLIN-11B-000 OBJECT Glimpse77-8         30.1 K       16:34:34 2014-06-14 03:48:18.6 2456822.6585 ir140613.0131          [03:49:39.1
DUBLIN-11B-000 OBJECT Glimpse77-8        110.0 R       16:34:37 2014-06-14 03:48:21.2 2456822.6586 ccd140613.0041         [03:50:56.9
DUBLIN-11B-000 OBJECT Glimpse77-8         30.0 K       16:35:55 2014-06-14 03:49:38.9 2456822.6595 ir140613.0132          [03:51:00.0
DUBLIN-11B-000 OBJECT Glimpse77-8         30.1 K       16:37:16 2014-06-14 03:50:59.6 2456822.6604 ir140613.0133          [03:52:22.9
DUBLIN-11B-000 OBJECT Glimpse77-8        110.0 R       16:37:14 2014-06-14 03:50:57.8 2456822.6604 ccd140613.0042         [03:53:31.5
DUBLIN-11B-000 OBJECT Glimpse77-8         30.0 K       16:38:37 2014-06-14 03:52:20.2 2456822.6614 ir140613.0134          [03:53:41.9
DUBLIN-11B-000 OBJECT Glimpse77-8         30.0 K       16:39:57 2014-06-14 03:53:40.4 2456822.6623 ir140613.0135          [03:55:01.1
DUBLIN-11B-000 OBJECT Glimpse77-8        110.0 R       16:39:51 2014-06-14 03:53:34.4 2456822.6622 ccd140613.0043         [03:56:09.2
NOAO-14A-0257  OBJECT PHR1418-5144       420.0 V       16:45:38 2014-06-14 03:59:21.0 2456822.6662 ccd140613.0044         [04:07:04.7
NOAO-14A-0257  OBJECT PHR1418-5144       420.0 V       16:53:26 2014-06-14 04:07:07.5 2456822.6716 ccd140613.0045         [04:14:52.1
NOAO-14A-0257  OBJECT PHR1418-5144       420.0 V       17:01:15 2014-06-14 04:14:54.5 2456822.6770 ccd140613.0046         [04:22:38.3
NOAO-14A-0257  OBJECT PHR1418-5144       420.0 V       17:09:03 2014-06-14 04:22:41.2 2456822.6824 ccd140613.0047         [04:30:25.7
NOAO-14A-0257  OBJECT PHR1418-5144       420.0 V       17:16:50 2014-06-14 04:30:27.6 2456822.6878 ccd140613.0048         [04:38:11.3
NOAO-14A-0257  OBJECT PHR1418-5144       420.0 V       17:24:38 2014-06-14 04:38:14.2 2456822.6932 ccd140613.0049         [04:45:58.8
OSU-03A-0001   OBJECT OB140678           300.0 I       17:41:40 2014-06-14 04:55:13.8 2456822.7050 ccd140613.0050         [05:00:57.6
OSU-03A-0001   OBJECT OB140678            50.0 H       17:55:53 2014-06-14 05:09:24.3 2456822.7149 ir140613.0136          [05:10:32.1
OSU-03A-0001   OBJECT OB140678            50.0 H       17:57:00 2014-06-14 05:10:30.3 2456822.7156 ir140613.0137          [05:11:36.6
OSU-03A-0001   OBJECT OB140678            50.0 H       17:58:06 2014-06-14 05:11:36.4 2456822.7164 ir140613.0138          [05:12:45.4
OSU-03A-0001   OBJECT OB140678            50.0 H       17:59:12 2014-06-14 05:12:42.5 2456822.7172 ir140613.0139          [05:13:48.5
OSU-03A-0001   OBJECT OB140678            50.0 H       18:00:19 2014-06-14 05:13:48.8 2456822.7179 ir140613.0140          [05:14:56.9
OSU-03A-0001   OBJECT OB140678           300.0 I       17:55:56 2014-06-14 05:09:26.8 2456822.7149 ccd140613.0051         [05:15:10.7
OSU-03A-0001   OBJECT OB140866            50.0 H       18:03:32 2014-06-14 05:17:01.6 2456822.7202 ir140613.0141          [05:18:09.2
OSU-03A-0001   OBJECT OB140866            50.0 H       18:04:38 2014-06-14 05:18:07.2 2456822.7209 ir140613.0142          [05:19:13.5
OSU-03A-0001   OBJECT OB140866            50.0 H       18:05:44 2014-06-14 05:19:13.4 2456822.7217 ir140613.0143          [05:20:20.7
OSU-03A-0001   OBJECT OB140866            50.0 H       18:06:50 2014-06-14 05:20:19.5 2456822.7224 ir140613.0144          [05:21:25.8
OSU-03A-0001   OBJECT OB140866            50.0 H       18:07:56 2014-06-14 05:21:25.3 2456822.7232 ir140613.0145          [05:22:32.7
OSU-03A-0001   OBJECT OB140866           300.0 I       18:03:35 2014-06-14 05:17:04.2 2456822.7202 ccd140613.0052         [05:22:48.0
OSU-03A-0001   OBJECT OB140923            50.0 H       18:12:48 2014-06-14 05:26:16.3 2456822.7266 ir140613.0146          [05:27:24.6
OSU-03A-0001   OBJECT OB140923            50.0 H       18:13:54 2014-06-14 05:27:22.4 2456822.7273 ir140613.0147          [05:28:28.7
OSU-03A-0001   OBJECT OB140923            50.0 H       18:15:01 2014-06-14 05:28:28.5 2456822.7281 ir140613.0148          [05:29:37.2
OSU-03A-0001   OBJECT OB140923            50.0 H       18:16:07 2014-06-14 05:29:34.7 2456822.7289 ir140613.0149          [05:30:41.0
OSU-03A-0001   OBJECT OB140923            50.0 H       18:17:13 2014-06-14 05:30:40.6 2456822.7296 ir140613.0150          [05:31:47.9
OSU-03A-0001   OBJECT OB140923           300.0 I       18:12:51 2014-06-14 05:26:19.0 2456822.7266 ccd140613.0053         [05:32:02.8
GSU-03A-0006   OBJECT 1553+113            25.0 K       18:21:02 2014-06-14 05:34:29.1 2456822.7323 ir140613.0151          [05:35:11.3
GSU-03A-0006   OBJECT 1553+113            25.1 K       18:21:43 2014-06-14 05:35:10.0 2456822.7328 ir140613.0152          [05:35:51.3
GSU-03A-0006   OBJECT 1553+113            25.1 K       18:22:25 2014-06-14 05:35:51.1 2456822.7332 ir140613.0153          [05:36:34.3
GSU-03A-0006   OBJECT 1553+113            25.1 K       18:23:06 2014-06-14 05:36:32.2 2456822.7337 ir140613.0154          [05:37:13.5
GSU-03A-0006   OBJECT 1553+113           140.0 R       18:21:05 2014-06-14 05:34:31.8 2456822.7323 ccd140613.0054         [05:37:36.3
OSU-03A-0001   OBJECT OB140896            50.0 H       18:28:43 2014-06-14 05:42:08.4 2456822.7376 ir140613.0155          [05:43:14.7
OSU-03A-0001   OBJECT OB140896            50.0 H       18:29:49 2014-06-14 05:43:14.2 2456822.7384 ir140613.0156          [05:44:21.4
OSU-03A-0001   OBJECT OB140896            50.0 H       18:30:56 2014-06-14 05:44:20.7 2456822.7391 ir140613.0157          [05:45:27.0
OSU-03A-0001   OBJECT OB140896            50.0 H       18:32:02 2014-06-14 05:45:26.7 2456822.7399 ir140613.0158          [05:46:34.0
OSU-03A-0001   OBJECT OB140896            50.0 H       18:33:08 2014-06-14 05:46:32.6 2456822.7407 ir140613.0159          [05:47:38.8
OSU-03A-0001   OBJECT OB140896           300.0 I       18:28:45 2014-06-14 05:42:10.9 2456822.7376 ccd140613.0055         [05:47:55.5
OSU-03A-0001   OBJECT MB14275             50.0 H       18:38:43 2014-06-14 05:52:06.5 2456822.7445 ir140613.0160          [05:53:12.8
OSU-03A-0001   OBJECT MB14275             50.0 H       18:39:49 2014-06-14 05:53:12.4 2456822.7453 ir140613.0161          [05:54:19.7
OSU-03A-0001   OBJECT MB14275             50.0 H       18:40:55 2014-06-14 05:54:18.6 2456822.7461 ir140613.0162          [05:55:24.8
OSU-03A-0001   OBJECT MB14275             50.0 H       18:42:01 2014-06-14 05:55:24.6 2456822.7468 ir140613.0163          [05:56:33.1
OSU-03A-0001   OBJECT MB14275             50.0 H       18:43:07 2014-06-14 05:56:30.5 2456822.7476 ir140613.0164          [05:57:36.8
OSU-03A-0001   OBJECT MB14275            300.0 I       18:38:45 2014-06-14 05:52:09.1 2456822.7445 ccd140613.0056         [05:57:54.5
YALE-03A-0001  OBJECT 4U1543-47           30.1 J       18:47:47 2014-06-14 06:01:09.3 2456822.7508 ir140613.0165          [06:01:55.6
YALE-03A-0001  OBJECT 4U1543-47           30.0 J       18:48:33 2014-06-14 06:01:55.1 2456822.7513 ir140613.0166          [06:02:42.4
YALE-03A-0001  OBJECT 4U1543-47           30.1 J       18:49:19 2014-06-14 06:02:41.4 2456822.7519 ir140613.0167          [06:03:27.7
YALE-03A-0001  OBJECT 4U1543-47           30.0 J       18:50:06 2014-06-14 06:03:27.8 2456822.7524 ir140613.0168          [06:04:15.1
YALE-03A-0001  OBJECT 4U1543-47          180.0 V       18:47:49 2014-06-14 06:01:11.9 2456822.7508 ccd140613.0057         [06:04:55.6
YALE-03A-0001  OBJECT 4U1543-47           30.1 J       18:50:52 2014-06-14 06:04:14.0 2456822.7529 ir140613.0169          [06:05:01.3
YALE-03A-0001  OBJECT 4U1543-47           30.0 H       18:51:46 2014-06-14 06:05:07.9 2456822.7536 ir140613.0170          [06:05:54.2
YALE-03A-0001  OBJECT 4U1543-47           30.0 H       18:52:32 2014-06-14 06:05:53.8 2456822.7541 ir140613.0171          [06:06:41.0
YALE-03A-0001  OBJECT 4U1543-47           30.0 H       18:53:19 2014-06-14 06:06:40.1 2456822.7546 ir140613.0172          [06:07:26.5
YALE-03A-0001  OBJECT 4U1543-47           30.1 H       18:54:05 2014-06-14 06:07:26.7 2456822.7552 ir140613.0173          [06:08:14.7
YALE-03A-0001  OBJECT 4U1543-47          180.0 I       18:51:49 2014-06-14 06:05:10.6 2456822.7536 ccd140613.0058         [06:08:54.3
YALE-03A-0001  OBJECT 4U1543-47           30.1 H       18:54:51 2014-06-14 06:08:12.4 2456822.7557 ir140613.0174          [06:08:59.8
GSU-03A-0006   OBJECT j1709+2348          35.0 J       18:58:43 2014-06-14 06:12:03.8 2456822.7584 ir140613.0175          [06:12:55.1
GSU-03A-0006   OBJECT j1709+2348          35.0 J       18:59:34 2014-06-14 06:12:54.7 2456822.7590 ir140613.0176          [06:13:47.1
GSU-03A-0006   OBJECT j1709+2348          35.0 J       19:00:26 2014-06-14 06:13:46.0 2456822.7596 ir140613.0177          [06:15:20.5
GSU-03A-0006   OBJECT j1709+2348          35.0 J       19:01:17 2014-06-14 06:14:37.2 2456822.7602 ir140613.0178          [06:15:29.7
GSU-03A-0006   OBJECT j1709+2348         180.0 R       18:58:45 2014-06-14 06:12:05.6 2456822.7584 ccd140613.0059         [06:16:32.6
GSU-03A-0006   OBJECT 1510-089            35.0 H       19:04:08 2014-06-14 06:17:27.9 2456822.7621 ir140613.0179          [06:18:21.0
GSU-03A-0006   OBJECT 1510-089            35.0 H       19:04:59 2014-06-14 06:18:18.7 2456822.7627 ir140613.0180          [06:19:10.1
GSU-03A-0006   OBJECT 1510-089            35.0 H       19:05:51 2014-06-14 06:19:10.0 2456822.7633 ir140613.0181          [06:20:02.2
GSU-03A-0006   OBJECT 1510-089           120.0 R       19:04:11 2014-06-14 06:17:30.4 2456822.7622 ccd140613.0060         [06:20:14.1
OSU-03A-0001   OBJECT OB140419            50.0 H       19:10:30 2014-06-14 06:23:48.4 2456822.7665 ir140613.0182          [06:24:56.2
OSU-03A-0001   OBJECT OB140419            50.0 H       19:11:36 2014-06-14 06:24:54.2 2456822.7673 ir140613.0183          [06:26:00.4
OSU-03A-0001   OBJECT OB140419            50.0 H       19:12:42 2014-06-14 06:26:00.0 2456822.7681 ir140613.0184          [06:27:07.2
OSU-03A-0001   OBJECT OB140419            50.0 H       19:13:48 2014-06-14 06:27:06.0 2456822.7688 ir140613.0185          [06:28:12.2
OSU-03A-0001   OBJECT OB140419            50.0 H       19:14:54 2014-06-14 06:28:11.7 2456822.7696 ir140613.0186          [06:29:19.0
OSU-03A-0001   OBJECT OB140419           300.0 I       19:10:32 2014-06-14 06:23:50.9 2456822.7666 ccd140613.0061         [06:29:34.7
OSU-03A-0001   OBJECT OB140471            50.0 H       19:17:03 2014-06-14 06:30:21.0 2456822.7711 ir140613.0187          [06:31:29.4
OSU-03A-0001   OBJECT OB140471            50.0 H       19:18:09 2014-06-14 06:31:26.8 2456822.7718 ir140613.0188          [06:32:33.4
OSU-03A-0001   OBJECT OB140471            50.0 H       19:19:16 2014-06-14 06:32:33.2 2456822.7726 ir140613.0189          [06:33:40.6
OSU-03A-0001   OBJECT OB140471            50.0 H       19:20:22 2014-06-14 06:33:39.2 2456822.7734 ir140613.0190          [06:34:45.5
OSU-03A-0001   OBJECT OB140471            50.0 H       19:21:29 2014-06-14 06:34:45.2 2456822.7741 ir140613.0191          [06:35:52.9
OSU-03A-0001   OBJECT OB140471           300.0 I       19:17:06 2014-06-14 06:30:23.6 2456822.7711 ccd140613.0062         [06:36:07.4
OSU-03A-0001   OBJECT OB140962            50.0 H       19:24:04 2014-06-14 06:37:20.2 2456822.7759 ir140613.0192          [06:38:29.0
OSU-03A-0001   OBJECT OB140962            50.0 H       19:25:10 2014-06-14 06:38:25.9 2456822.7767 ir140613.0193          [06:40:15.4
OSU-03A-0001   OBJECT OB140962            50.0 H       19:26:16 2014-06-14 06:39:32.0 2456822.7775 ir140613.0194          [06:40:39.3
OSU-03A-0001   OBJECT OB140962            50.0 H       19:27:22 2014-06-14 06:40:38.2 2456822.7782 ir140613.0195          [06:42:37.5
OSU-03A-0001   OBJECT OB140494            50.0 H       19:49:20 2014-06-14 07:02:32.7 2456822.7934 ir140613.0197          [07:03:40.0
OSU-03A-0001   OBJECT OB140494            50.0 H       19:50:26 2014-06-14 07:03:38.6 2456822.7942 ir140613.0198          [07:04:45.0
OSU-03A-0001   OBJECT OB140494            50.0 H       19:51:33 2014-06-14 07:04:44.8 2456822.7950 ir140613.0199          [07:05:52.2
OSU-03A-0001   OBJECT OB140494            50.0 H       19:52:39 2014-06-14 07:05:51.0 2456822.7957 ir140613.0200          [07:06:57.4
OSU-03A-0001   OBJECT OB140494            50.0 H       19:53:46 2014-06-14 07:06:57.3 2456822.7965 ir140613.0201          [07:08:04.6
OSU-03A-0001   OBJECT OB140494           300.0 I       19:49:23 2014-06-14 07:02:35.3 2456822.7935 ccd140613.0064         [07:08:19.2
OSU-03A-0001   OBJECT OB141049            50.0 H       19:55:42 2014-06-14 07:08:53.7 2456822.7979 ir140613.0202          [07:10:01.5
OSU-03A-0001   OBJECT OB141049            50.0 H       19:56:49 2014-06-14 07:09:59.5 2456822.7986 ir140613.0203          [07:11:05.9
OSU-03A-0001   OBJECT OB141049            50.0 H       19:57:55 2014-06-14 07:11:05.6 2456822.7994 ir140613.0204          [07:12:12.9
OSU-03A-0001   OBJECT OB141049            50.0 H       19:59:01 2014-06-14 07:12:11.7 2456822.8001 ir140613.0205          [07:13:18.2
OSU-03A-0001   OBJECT OB141049            50.0 H       20:00:07 2014-06-14 07:13:17.7 2456822.8009 ir140613.0206          [07:14:25.0
OSU-03A-0001   OBJECT OB141049           300.0 I       19:55:45 2014-06-14 07:08:56.2 2456822.7979 ccd140613.0065         [07:14:40.0
OSU-03A-0001   OBJECT OB140987            50.0 H       20:02:11 2014-06-14 07:15:21.0 2456822.8023 ir140613.0207          [07:16:30.2
OSU-03A-0001   OBJECT OB140987            50.0 H       20:03:17 2014-06-14 07:16:26.7 2456822.8031 ir140613.0208          [07:17:33.1
OSU-03A-0001   OBJECT OB140987            50.0 H       20:04:23 2014-06-14 07:17:32.7 2456822.8039 ir140613.0209          [07:18:40.0
OSU-03A-0001   OBJECT OB140987            50.0 H       20:05:29 2014-06-14 07:18:38.8 2456822.8046 ir140613.0210          [07:19:45.1
OSU-03A-0001   OBJECT OB140987            50.0 H       20:06:35 2014-06-14 07:19:44.5 2456822.8054 ir140613.0211          [07:20:51.8
OSU-03A-0001   OBJECT OB140987           300.0 I       20:02:13 2014-06-14 07:15:23.5 2456822.8024 ccd140613.0066         [07:21:07.3
OSU-03A-0001   OBJECT OB140419            50.0 H       20:08:37 2014-06-14 07:21:46.5 2456822.8068 ir140613.0212          [07:22:53.9
OSU-03A-0001   OBJECT OB140419            50.0 H       20:09:44 2014-06-14 07:22:52.9 2456822.8076 ir140613.0213          [07:23:59.4
OSU-03A-0001   OBJECT OB140419            50.0 H       20:10:50 2014-06-14 07:23:59.0 2456822.8083 ir140613.0214          [07:25:06.3
OSU-03A-0001   OBJECT OB140419            50.0 H       20:11:57 2014-06-14 07:25:05.1 2456822.8091 ir140613.0215          [07:26:11.4
OSU-03A-0001   OBJECT OB140419            50.0 H       20:13:02 2014-06-14 07:26:10.8 2456822.8098 ir140613.0216          [07:27:18.1
OSU-03A-0001   OBJECT OB140419           300.0 I       20:08:40 2014-06-14 07:21:49.1 2456822.8068 ccd140613.0067         [07:27:32.9
CHILE-13B-0039 OBJECT WY Sge             340.0 V       20:16:39 2014-06-14 07:29:46.9 2456822.8123 ccd140613.0068         [07:36:11.6
CHILE-13B-0039 OBJECT WY Sge             170.0 V       20:23:11 2014-06-14 07:36:17.8 2456822.8169 ccd140613.0069         [07:39:51.7
YALE-03A-0001  OBJECT GRS1915+105         40.0 K       20:28:28 2014-06-14 07:41:33.6 2456822.8205 ir140613.0217          [07:42:31.8
YALE-03A-0001  OBJECT GRS1915+105         40.0 K       20:29:24 2014-06-14 07:42:29.6 2456822.8212 ir140613.0218          [07:43:26.0
YALE-03A-0001  OBJECT GRS1915+105         40.0 K       20:30:20 2014-06-14 07:43:25.7 2456822.8218 ir140613.0219          [07:44:23.1
YALE-03A-0001  OBJECT GRS1915+105         40.0 K       20:31:17 2014-06-14 07:44:21.9 2456822.8225 ir140613.0220          [07:45:18.3
YALE-03A-0001  OBJECT GRS1915+105         40.0 K       20:32:12 2014-06-14 07:45:17.7 2456822.8231 ir140613.0221          [07:46:15.3
YALE-03A-0001  OBJECT GRS1915+105         40.0 K       20:33:20 2014-06-14 07:46:25.2 2456822.8239 ir140613.0222          [07:47:21.6
YALE-03A-0001  OBJECT GRS1915+105         40.0 K       20:34:16 2014-06-14 07:47:21.2 2456822.8246 ir140613.0223          [07:48:18.4
YALE-03A-0001  OBJECT GRS1915+105         40.0 K       20:35:13 2014-06-14 07:48:17.4 2456822.8252 ir140613.0224          [07:49:13.7
YALE-03A-0001  OBJECT GRS1915+105         40.0 K       20:36:09 2014-06-14 07:49:13.5 2456822.8259 ir140613.0225          [07:50:10.9
YALE-03A-0001  OBJECT GRS1915+105         40.0 K       20:37:05 2014-06-14 07:50:09.4 2456822.8265 ir140613.0226          [07:51:05.9
YALE-03A-0001  OBJECT GRS1915+105         40.0 K       20:38:48 2014-06-14 07:51:53.1 2456822.8277 ir140613.0227          [07:52:50.4
YALE-03A-0001  OBJECT GRS1915+105         40.0 K       20:39:44 2014-06-14 07:52:49.1 2456822.8283 ir140613.0228          [07:53:45.5
YALE-03A-0001  OBJECT GRS1915+105         40.0 K       20:40:41 2014-06-14 07:53:45.2 2456822.8290 ir140613.0229          [07:54:42.6
YALE-03A-0001  OBJECT GRS1915+105         40.0 K       20:41:37 2014-06-14 07:54:41.5 2456822.8296 ir140613.0230          [07:55:38.0
YALE-03A-0001  OBJECT GRS1915+105         40.0 K       20:42:34 2014-06-14 07:55:37.6 2456822.8303 ir140613.0231          [07:56:35.1
YALE-03A-0001  OBJECT GRS1915+105         40.0 K       20:44:20 2014-06-14 07:57:23.9 2456822.8315 ir140613.0232          [07:58:20.3
YALE-03A-0001  OBJECT GRS1915+105         40.0 K       20:45:16 2014-06-14 07:58:20.0 2456822.8322 ir140613.0233          [07:59:17.6
YALE-03A-0001  OBJECT GRS1915+105         40.0 K       20:46:13 2014-06-14 07:59:16.6 2456822.8328 ir140613.0234          [08:00:13.3
YALE-03A-0001  OBJECT GRS1915+105         40.0 K       20:47:10 2014-06-14 08:00:12.9 2456822.8335 ir140613.0235          [08:01:10.9
YALE-03A-0001  OBJECT GRS1915+105         40.0 K       20:48:06 2014-06-14 08:01:08.7 2456822.8341 ir140613.0236          [08:02:05.8
YALE-03A-0001  OBJECT GRS1915+105         40.0 K       20:49:24 2014-06-14 08:02:26.9 2456822.8350 ir140613.0237          [08:03:25.8
YALE-03A-0001  OBJECT GRS1915+105         40.0 K       20:50:20 2014-06-14 08:03:22.8 2456822.8357 ir140613.0238          [08:04:19.4
YALE-03A-0001  OBJECT GRS1915+105         40.0 K       20:51:17 2014-06-14 08:04:19.1 2456822.8363 ir140613.0239          [08:05:16.5
YALE-03A-0001  OBJECT GRS1915+105         40.0 K       20:52:13 2014-06-14 08:05:15.5 2456822.8370 ir140613.0240          [08:06:11.9
YALE-03A-0001  OBJECT GRS1915+105         40.0 K       20:53:09 2014-06-14 08:06:11.3 2456822.8376 ir140613.0241          [08:07:09.5
YALE-03A-0001  OBJECT GRS1915+105         40.0 K       20:54:32 2014-06-14 08:07:34.1 2456822.8386 ir140613.0242          [08:08:30.6
YALE-03A-0001  OBJECT GRS1915+105         40.0 K       20:55:28 2014-06-14 08:08:30.1 2456822.8392 ir140613.0243          [08:09:27.6
YALE-03A-0001  OBJECT GRS1915+105         40.0 K       20:56:25 2014-06-14 08:09:26.4 2456822.8399 ir140613.0244          [08:10:22.7
YALE-03A-0001  OBJECT GRS1915+105         40.0 K       20:57:21 2014-06-14 08:10:22.5 2456822.8405 ir140613.0245          [08:11:19.8
YALE-03A-0001  OBJECT GRS1915+105         40.0 K       20:58:17 2014-06-14 08:11:18.5 2456822.8412 ir140613.0246          [08:12:14.9
YALE-08A-0001  OBJECT 1931+0938           30.0 J       21:01:02 2014-06-14 08:14:03.5 2456822.8431 ir140613.0247          [08:14:50.7
YALE-08A-0001  OBJECT 1931+0938           30.1 J       21:01:48 2014-06-14 08:14:49.5 2456822.8436 ir140613.0248          [08:15:35.9
YALE-08A-0001  OBJECT 1931+0938           30.0 J       21:02:35 2014-06-14 08:15:35.7 2456822.8442 ir140613.0249          [08:16:23.0
YALE-08A-0001  OBJECT 1931+0938          140.0 R       21:01:05 2014-06-14 08:14:06.0 2456822.8431 ccd140613.0070         [08:17:53.0
YALE-08A-0001  OBJECT 1931+0938           30.1 J       21:04:16 2014-06-14 08:17:16.3 2456822.8453 ir140613.0250          [08:18:03.5
YALE-08A-0001  OBJECT 1931+0938           30.0 J       21:05:02 2014-06-14 08:18:02.3 2456822.8459 ir140613.0251          [08:19:31.8
YALE-08A-0001  OBJECT 1931+0938           30.0 J       21:05:48 2014-06-14 08:18:48.4 2456822.8464 ir140613.0252          [08:19:35.7
YALE-08A-0001  OBJECT 1931+0938           30.0 J       21:06:35 2014-06-14 08:19:35.2 2456822.8469 ir140613.0253          [08:21:04.7
YALE-08A-0001  OBJECT 1931+0938          180.0 B       21:04:18 2014-06-14 08:17:18.9 2456822.8454 ccd140613.0071         [08:21:05.8
SUNY-04A-0011  OBJECT N Del 2013           8.0 J       21:12:45 2014-06-14 08:25:44.4 2456822.8512 ir140613.0254          [08:26:08.6
SUNY-04A-0011  OBJECT N Del 2013           8.0 J       21:13:09 2014-06-14 08:26:08.1 2456822.8515 ir140613.0255          [08:26:33.4
SUNY-04A-0011  OBJECT N Del 2013           2.0 I       21:12:48 2014-06-14 08:25:46.9 2456822.8512 ccd140613.0072         [08:26:34.6
SUNY-04A-0011  OBJECT N Del 2013           8.0 J       21:13:34 2014-06-14 08:26:33.1 2456822.8518 ir140613.0256          [08:27:00.3
SUNY-04A-0011  OBJECT N Del 2013           4.0 H       21:14:06 2014-06-14 08:27:05.0 2456822.8521 ir140613.0257          [08:28:17.6
SUNY-04A-0011  OBJECT N Del 2013           8.0 J       21:39:54 2014-06-14 08:52:48.7 2456822.8700 ir140613.0258          [08:53:14.1
SUNY-04A-0011  OBJECT N Del 2013           8.0 J       21:40:18 2014-06-14 08:53:12.6 2456822.8703 ir140613.0259          [08:53:37.0
SUNY-04A-0011  OBJECT N Del 2013           2.0 I       21:39:57 2014-06-14 08:52:51.2 2456822.8700 ccd140613.0073         [08:53:39.3
SUNY-04A-0011  OBJECT N Del 2013           8.0 J       21:40:42 2014-06-14 08:53:36.9 2456822.8706 ir140613.0260          [08:54:01.3
SUNY-04A-0011  OBJECT N Del 2013           4.0 H       21:41:14 2014-06-14 08:54:08.5 2456822.8709 ir140613.0261          [08:54:30.8
SUNY-04A-0011  OBJECT N Del 2013           4.0 H       21:41:34 2014-06-14 08:54:28.3 2456822.8712 ir140613.0262          [08:54:48.9
SUNY-04A-0011  OBJECT N Del 2013           8.0 B       21:41:16 2014-06-14 08:54:10.8 2456822.8709 ccd140613.0074         [08:55:03.5
SUNY-04A-0011  OBJECT N Del 2013           4.0 H       21:41:55 2014-06-14 08:54:48.8 2456822.8714 ir140613.0263          [08:55:09.2
SUNY-04A-0011  OBJECT N Del 2013           4.0 K       21:42:21 2014-06-14 08:55:14.9 2456822.8717 ir140613.0264          [08:55:36.8
SUNY-04A-0011  OBJECT N Del 2013           4.0 K       21:42:41 2014-06-14 08:55:34.8 2456822.8719 ir140613.0265          [08:55:55.3
SUNY-04A-0011  OBJECT N Del 2013           4.0 V       21:42:23 2014-06-14 08:55:17.5 2456822.8717 ccd140613.0075         [08:56:06.0
SUNY-04A-0011  OBJECT N Del 2013           4.0 K       21:43:01 2014-06-14 08:55:55.1 2456822.8722 ir140613.0266          [08:56:58.6
SUNY-04A-0011  OBJECT N Del 2013           4.0 K       21:43:26 2014-06-14 08:56:20.1 2456822.8725 ir140613.0267          [08:57:00.2
SUNY-04A-0011  OBJECT N Del 2013           2.0 R       21:43:29 2014-06-14 08:56:22.7 2456822.8725 ccd140613.0076         [08:57:08.6
SUNY-04A-0011  OBJECT N Del 2013           4.0 K       21:43:26 2014-06-14 08:56:20.1 2456822.8725 ir140613.0268          [08:57:12.5
SUNY-04A-0011  OBJECT N Del 2013           4.0 K       21:44:15 2014-06-14 08:57:09.3 2456822.8730 ir140613.0269          [08:58:13.1
YALE-08A-0001  OBJECT 2155-304            30.0 J       21:47:17 2014-06-14 09:00:10.9 2456822.8751 ir140613.0270          [09:00:59.0
YALE-08A-0001  OBJECT 2155-304            30.0 J       21:48:03 2014-06-14 09:00:56.9 2456822.8756 ir140613.0271          [09:01:43.4
YALE-08A-0001  OBJECT 2155-304            70.0 R       21:47:20 2014-06-14 09:00:13.3 2456822.8752 ccd140613.0077         [09:02:07.9
YALE-08A-0001  OBJECT 2155-304            30.0 J       21:48:50 2014-06-14 09:01:43.0 2456822.8762 ir140613.0272          [09:02:29.4
YALE-08A-0001  OBJECT 2155-304            30.1 J       21:49:36 2014-06-14 09:02:29.2 2456822.8767 ir140613.0273          [09:03:16.4
YALE-08A-0001  OBJECT 2155-304            30.1 J       21:50:22 2014-06-14 09:03:15.2 2456822.8772 ir140613.0274          [09:04:01.7
YALE-08A-0001  OBJECT 2155-304            30.0 K       21:51:16 2014-06-14 09:04:08.9 2456822.8779 ir140613.0275          [09:04:56.2
YALE-08A-0001  OBJECT 2155-304            30.1 K       21:52:02 2014-06-14 09:04:54.9 2456822.8784 ir140613.0276          [09:06:24.4
YALE-08A-0001  OBJECT 2155-304            90.0 B       21:51:19 2014-06-14 09:04:11.4 2456822.8779 ccd140613.0078         [09:06:25.9
YALE-08A-0001  OBJECT 2155-304            30.1 K       21:52:48 2014-06-14 09:05:41.0 2456822.8789 ir140613.0277          [09:06:27.9
YALE-08A-0001  OBJECT 2155-304            30.0 K       21:53:35 2014-06-14 09:06:27.8 2456822.8795 ir140613.0278          [09:07:15.3
YALE-08A-0001  OBJECT 2155-304            30.0 K       21:54:27 2014-06-14 09:07:19.8 2456822.8801 ir140613.0279          [09:08:06.2
YALE-08A-0001  OBJECT 2155-304            30.1 K       21:55:14 2014-06-14 09:08:05.7 2456822.8806 ir140613.0280          [09:08:53.1
YALE-08A-0001  OBJECT 2155-304            70.0 V       21:54:30 2014-06-14 09:07:22.2 2456822.8801 ccd140613.0079         [09:09:16.0
YALE-08A-0001  OBJECT 2155-304            30.0 K       21:56:00 2014-06-14 09:08:52.1 2456822.8811 ir140613.0281          [09:09:39.4
YALE-08A-0001  OBJECT 2155-304            30.0 K       21:56:46 2014-06-14 09:09:38.3 2456822.8817 ir140613.0282          [09:10:24.8
CHILE-14A-0077 OBJECT ASASSN-14az         60.0 J       21:59:24 2014-06-14 09:12:15.9 2456822.8835 ir140613.0283          [09:13:33.3
CHILE-14A-0077 OBJECT ASASSN-14az         60.0 B       21:59:27 2014-06-14 09:12:18.5 2456822.8835 ccd140613.0080         [09:14:02.4
CHILE-14A-0077 OBJECT ASASSN-14az         60.0 J       22:00:41 2014-06-14 09:13:31.9 2456822.8844 ir140613.0284          [09:14:49.1
CHILE-14A-0077 OBJECT ASASSN-14az         60.0 B       22:01:14 2014-06-14 09:14:05.0 2456822.8848 ccd140613.0081         [09:15:48.8
CHILE-14A-0077 OBJECT ASASSN-14az         60.0 J       22:01:57 2014-06-14 09:14:48.1 2456822.8853 ir140613.0285          [09:16:05.7
CHILE-14A-0077 OBJECT ASASSN-14az         60.0 H       22:03:19 2014-06-14 09:16:10.3 2456822.8862 ir140613.0286          [09:18:19.0
CHILE-14A-0077 OBJECT ASASSN-14az         60.0 J       22:25:53 2014-06-14 09:38:40.5 2456822.9019 ir140613.0289          [09:39:58.6
CHILE-14A-0077 OBJECT ASASSN-14az         60.0 B       22:25:56 2014-06-14 09:38:43.1 2456822.9019 ccd140613.0083         [09:40:26.9
CHILE-14A-0077 OBJECT ASASSN-14az         60.0 J       22:27:10 2014-06-14 09:39:56.4 2456822.9027 ir140613.0290          [09:41:13.7
CHILE-14A-0077 OBJECT ASASSN-14az         60.0 B       22:27:43 2014-06-14 09:40:29.7 2456822.9031 ccd140613.0084         [09:42:13.5
CHILE-14A-0077 OBJECT ASASSN-14az         60.0 J       22:28:26 2014-06-14 09:41:13.0 2456822.9036 ir140613.0291          [09:42:31.0
CHILE-14A-0077 OBJECT ASASSN-14az         60.0 H       22:29:49 2014-06-14 09:42:35.4 2456822.9046 ir140613.0292          [09:43:52.6
CHILE-14A-0077 OBJECT ASASSN-14az         60.0 V       22:29:51 2014-06-14 09:42:38.0 2456822.9046 ccd140613.0085         [09:44:24.2
CHILE-14A-0077 OBJECT ASASSN-14az         60.0 H       22:31:05 2014-06-14 09:43:51.3 2456822.9054 ir140613.0293          [09:45:09.0
CHILE-14A-0077 OBJECT ASASSN-14az         60.0 V       22:31:39 2014-06-14 09:44:25.0 2456822.9058 ccd140613.0086         [09:46:09.5
CHILE-14A-0077 OBJECT ASASSN-14az         60.0 H       22:32:22 2014-06-14 09:45:08.2 2456822.9063 ir140613.0294          [09:46:24.7
CHILE-14A-0077 OBJECT ASASSN-14az         30.0 K       22:33:47 2014-06-14 09:46:32.4 2456822.9073 ir140613.0295          [09:47:19.8
CHILE-14A-0077 OBJECT ASASSN-14az         40.0 I       22:33:49 2014-06-14 09:46:35.0 2456822.9073 ccd140613.0087         [09:47:58.9
CHILE-14A-0077 OBJECT ASASSN-14az         30.1 K       22:34:33 2014-06-14 09:47:18.4 2456822.9079 ir140613.0296          [09:48:06.9
CHILE-14A-0077 OBJECT ASASSN-14az         30.0 K       22:35:19 2014-06-14 09:48:05.0 2456822.9084 ir140613.0297          [09:48:51.2
CHILE-14A-0077 OBJECT ASASSN-14az         40.0 I       22:35:16 2014-06-14 09:48:01.5 2456822.9084 ccd140613.0088         [09:49:26.1
CHILE-14A-0077 OBJECT ASASSN-14az         30.0 K       22:35:19 2014-06-14 09:48:05.0 2456822.9084 ir140613.0298          [09:49:47.3
ALL            BIAS   BIASES               0.0 I       22:39:50 2014-06-14 09:52:34.5 2456822.9115 ccd140613bias.0001     [09:53:19.2
ALL            BIAS   BIASES               0.0 I       22:40:36 2014-06-14 09:53:20.9 2456822.9120 ccd140613bias.0002     [09:54:04.7
ALL            BIAS   BIASES               0.0 I       22:41:23 2014-06-14 09:54:07.5 2456822.9126 ccd140613bias.0003     [09:54:52.0
ALL            BIAS   BIASES               0.0 I       22:42:10 2014-06-14 09:54:54.5 2456822.9131 ccd140613bias.0004     [09:55:38.2
ALL            BIAS   BIASES               0.0 I       22:42:57 2014-06-14 09:55:41.0 2456822.9137 ccd140613bias.0005     [09:56:25.7
ALL            BIAS   BIASES               0.0 I       22:43:43 2014-06-14 09:56:27.5 2456822.9142 ccd140613bias.0006     [09:57:11.2
ALL            BIAS   BIASES               0.0 I       22:44:30 2014-06-14 09:57:13.8 2456822.9147 ccd140613bias.0007     [09:57:58.6
ALL            BIAS   BIASES               0.0 I       22:45:16 2014-06-14 09:58:00.2 2456822.9153 ccd140613bias.0008     [09:58:43.9
ALL            BIAS   BIASES               0.0 I       22:46:03 2014-06-14 09:58:46.8 2456822.9158 ccd140613bias.0009     [09:59:31.3
ALL            BIAS   BIASES               0.0 I       22:46:50 2014-06-14 09:59:33.8 2456822.9164 ccd140613bias.0010     [10:00:17.6
